[21:13:55.356] [INFO] ═══ LogService 已启动 ═══
[21:13:55.357] [INFO] 自动清理: 无过期日志文件
[21:13:55.357] [INFO] 日志文件: e:\StarDebate\docs/log\debug_20260626_211355.log
[21:13:55.359] [INFO] [SYS] 系统健康监视已启动 (监控 PID: 4624)
[21:13:55.359] [INFO] [SYS] 日志服务进入主循环，等待指令...
[21:13:56.838] [INFO] 开发者模式: 开启 (禁用: 无)
[21:13:56.865] [INFO] ═══ StarDebate 启动 ═══
[21:13:56.866] [INFO] 版本: 6.2.11
[21:13:56.866] [INFO] 主题: notion_light
[21:13:56.866] [INFO] 日志文件: e:\StarDebate\docs/log\debug_20260626_211355.log
[21:13:56.867] [INFO] 日志服务: 独立进程 (LogService)
[21:13:56.868] [INFO] [CRON] 起居注自动追踪已启用 (v2.0.0)
[21:13:56.869] [INFO] [CRON] 追踪范围: 插件/API/AI/Qt错误/Worker线程  + traceback + 守护日志环 + 崩溃分析
[21:13:56.875] [INFO] [NATIVE] 底层事件记录系统已启用 (v1.2.0 M3)
[21:13:56.875] [INFO] [NATIVE] 钩子: Qt/excepthook/unraisable/audit/gc/c_exception
[21:13:56.876] [INFO] [NATIVE] 监视: 线程健康/资源跟踪/起居注桥接
[21:13:56.876] [INFO] [NATIVE] SQLite: e:\StarDebate\docs/log/native.db
[21:13:56.876] [INFO] 调试监视已开启: 变量, 函数, 插件, API, AI
[21:13:56.876] [INFO] [CFG] 已加载 log_settings.json，开始同步运行时配置
[21:13:56.877] [ERROR] [NATIVE] [uncaught] <frozen os>:L225: [C_EXCEPTION] builtin_function_or_method
[21:13:56.878] [WARN] [NATIVE] [audit] e:\StarDebate\config\debug_monitor.json: open (e:\StarDebate\config\debug_monitor.json, w, 33665)
[21:13:56.879] [ERROR] [NATIVE] [uncaught] <frozen os>:L225: [C_EXCEPTION] builtin_function_or_method
[21:13:56.879] [WARN] [NATIVE] [audit] e:\StarDebate\config\debug_monitor.json: open (e:\StarDebate\config\debug_monitor.json, w, 33665)
[21:13:56.879] [ERROR] [NATIVE] [uncaught] <frozen os>:L225: [C_EXCEPTION] builtin_function_or_method
[21:13:56.880] [WARN] [NATIVE] [audit] e:\StarDebate\config\debug_monitor.json: open (e:\StarDebate\config\debug_monitor.json, w, 33665)
[21:13:56.880] [ERROR] [NATIVE] [uncaught] <frozen os>:L225: [C_EXCEPTION] builtin_function_or_method
[21:13:56.880] [WARN] [NATIVE] [audit] e:\StarDebate\config\debug_monitor.json: open (e:\StarDebate\config\debug_monitor.json, w, 33665)
[21:13:56.881] [ERROR] [NATIVE] [uncaught] <frozen os>:L225: [C_EXCEPTION] builtin_function_or_method
[21:13:56.881] [WARN] [NATIVE] [audit] e:\StarDebate\config\debug_monitor.json: open (e:\StarDebate\config\debug_monitor.json, w, 33665)
[21:13:56.882] [WARN] [NATIVE] [audit] e:\StarDebate\config\debug_monitor.json: open (e:\StarDebate\config\debug_monitor.json, w, 33665)
[21:13:56.882] [WARN] [NATIVE] [audit] e:\StarDebate\config\debug_monitor.json: open (e:\StarDebate\config\debug_monitor.json, w, 33665)
[21:13:56.882] [INFO] [CFG] 调试监视: 已开启 → 变量, 函数, 插件, API, AI
[21:13:56.883] [WARN] [NATIVE] [audit] e:\StarDebate\config/chronicle_config.json: open (e:\StarDebate\config/chronicle_config.json, w, 33665)
[21:13:56.883] [INFO] [CFG] 起居注: 已开启
[21:13:56.885] [INFO] [CFG] log_settings.json 同步完成
[21:13:56.885] [ERROR] [NATIVE] [uncaught] spawn.py:L175: [C_EXCEPTION] builtin_function_or_method
[21:13:56.885] [WARN] [NATIVE] [audit] 3: open (3, w, 33665)
[21:13:56.892] [INFO] 崩溃监控已启动 (PID: 4624)
[21:13:56.892] [WARN] [NATIVE] [audit] e:\StarDebate\config/keyboard_shortcuts.json: open (e:\StarDebate\config/keyboard_shortcuts.json, r, 32896)
[21:13:56.895] [INFO] [WELCOME] WelcomeGuideManager 初始化
[21:13:56.895] [WARN] [NATIVE] [audit] e:\StarDebate\config/config.json: open (e:\StarDebate\config/config.json, r, 32896)
[21:13:56.896] [WARN] [NATIVE] [audit] e:\StarDebate\config/config.json: open (e:\StarDebate\config/config.json, r, 32896)
[21:13:56.896] [INFO] [WELCOME] 当前版本: 6.2.11, 上次查看引导版本: '6.2.11'
[21:13:56.897] [WARN] [NATIVE] [audit] import components.shadow_container: import (components.shadow_container, None, ['e:\\StarDebate\\components', 'e:\\StarDebate', 'C:\\Users\\Oblivion\\Python\\p)
[21:13:56.898] [ERROR] [NATIVE] [uncaught] <frozen importlib._bootstrap_external>:L147: [C_EXCEPTION] builtin_function_or_method
[21:13:56.898] [ERROR] [NATIVE] [uncaught] <frozen importlib._bootstrap_external>:L147: [C_EXCEPTION] builtin_function_or_method
[21:13:56.898] [WARN] [NATIVE] [audit] e:\StarDebate\components\shadow_container\__pycache__\__init__.cpython-312.pyc: open (e:\StarDebate\components\shadow_container\__pycache__\__init__.cpython-312.pyc, r, 32896)
[21:13:56.899] [WARN] [NATIVE] [audit] import components.shadow_container.shadow_container: import (components.shadow_container.shadow_container, None, ['e:\\StarDebate\\components', 'e:\\StarDebate', 'C:\\Users\\Oblivion\\Python\\p)
[21:13:56.899] [WARN] [NATIVE] [audit] e:\StarDebate\components\shadow_container\__pycache__\shadow_container.cpython-312.pyc: open (e:\StarDebate\components\shadow_container\__pycache__\shadow_container.cpython-3, r, 32896)
[21:13:56.901] [WARN] [NATIVE] [audit] e:\StarDebate\config/config.json: open (e:\StarDebate\config/config.json, r, 32896)
[21:13:56.902] [WARN] [NATIVE] [audit] e:\StarDebate\style\themes\notion_light\theme.json: open (e:\StarDebate\style\themes\notion_light\theme.json, r, 32896)
[21:13:56.903] [WARN] [NATIVE] [audit] import components.side_message: import (components.side_message, None, ['e:\\StarDebate\\components', 'e:\\StarDebate', 'C:\\Users\\Oblivion\\Python\\p)
[21:13:56.904] [WARN] [NATIVE] [audit] e:\StarDebate\StarDebate.py: open (e:\StarDebate\StarDebate.py, r, 32896)
[21:13:56.905] [WARN] [NATIVE] [audit] e:\StarDebate\StarDebate_app.py: open (e:\StarDebate\StarDebate_app.py, r, 32896)
[21:13:56.906] [WARN] [NATIVE] [audit] e:\StarDebate\workers\star_debate\ui_assembly.py: open (e:\StarDebate\workers\star_debate\ui_assembly.py, r, 32896)
[21:13:56.908] [ERROR] [NATIVE] [uncaught]: ModuleNotFoundError: No module named 'components.side_message'
[21:13:56.908] [ERROR] Traceback (most recent call last):
[21:13:56.908] [WARN] [NATIVE] [audit] e:\StarDebate\docs/log\debug_20260626_211355.log: open (e:\StarDebate\docs/log\debug_20260626_211355.log, a, 33161)
[21:13:56.909] [WARN] [NATIVE] [audit] e:\StarDebate\docs/log\debug_20260626_211355.log: open (e:\StarDebate\docs/log\debug_20260626_211355.log, a, 33161)
[21:13:56.909] [WARN] [NATIVE] [audit] e:\StarDebate\StarDebate.py: open (e:\StarDebate\StarDebate.py, r, 32896)
[21:13:56.910] [ERROR]     main_loop()
:\StarDebate\docs/log\debug_20260626_211355.log: open (e:\StarDebate\docs/log\debug_20260626_211355.log, a, 33161)
[21:13:56.911] [ERROR]   File "e:\StarDebate\StarDebate.py", line 485, in main_loop
[21:13:56.911] [WARN] [NATIVE] [audit] e:\StarDebate\docs/log\debug_20260626_211355.log: open (e:\StarDebate\docs/log\debug_20260626_211355.log, a, 33161)
[21:13:56.911] [WARN] [NATIVE] [audit] e:\StarDebate\StarDebate.py: open (e:\StarDebate\StarDebate.py, r, 32896)
[21:13:56.912] [ERROR]     exit_code = _start_window(app, log_queue, log_path, log_settings,
[21:13:56.912] [WARN] [NATIVE] [audit] e:\StarDebate\docs/log\debug_20260626_211355.log: open (e:\StarDebate\docs/log\debug_20260626_211355.log, a, 33161)
[21:13:56.914] [ERROR]                 ^^^^^^^^^^^^^^^^^^^^^^^^^^^^^^^^^^^^^^^^^^^^^^^^^^^^^
[21:13:56.914] [WARN] [NATIVE] [audit] e:\StarDebate\docs/log\debug_20260626_211355.log: open (e:\StarDebate\docs/log\debug_20260626_211355.log, a, 33161)
[21:13:56.915] [ERROR]   File "e:\StarDebate\StarDebate.py", line 232, in _start_window
open (e:\StarDebate\docs/log\debug_20260626_211355.log, a, 33161)
[21:13:56.915] [WARN] [NATIVE] [audit] e:\StarDebate\StarDebate.py: open (e:\StarDebate\StarDebate.py, r, 32896)
[21:13:56.917] [ERROR]     window = StarDebateApp(log_queue, log_path, log_settings,
[21:13:56.917] [WARN] [NATIVE] [audit] e:\StarDebate\docs/log\debug_20260626_211355.log: open (e:\StarDebate\docs/log\debug_20260626_211355.log, a, 33161)
[21:13:56.919] [ERROR]              ^^^^^^^^^^^^^^^^^^^^^^^^^^^^^^^^^^^^^^^^^^^^^^^^
[21:13:56.919] [WARN] [NATIVE] [audit] e:\StarDebate\docs/log\debug_20260626_211355.log: open (e:\StarDebate\docs/log\debug_20260626_211355.log, a, 33161)
[21:13:56.920] [ERROR]   File "e:\StarDebate\StarDebate_app.py", line 305, in __init__
[21:13:56.920] [WARN] [NATIVE] [audit] e:\StarDebate\docs/log\debug_20260626_211355.log: open (e:\StarDebate\docs/log\debug_20260626_211355.log, a, 33161)
[21:13:56.921] [WARN] [NATIVE] [audit] e:\StarDebate\StarDebate_app.py: open (e:\StarDebate\StarDebate_app.py, r, 32896)
[21:13:56.921] [ERROR]     self._setup_ui()
[21:13:56.921] [WARN] [NATIVE] [audit] e:\StarDebate\docs/log\debug_20260626_211355.log: open (e:\StarDebate\docs/log\debug_20260626_211355.log, a, 33161)
[21:13:56.921] [ERROR]   File "e:\StarDebate\workers\star_debate\ui_assembly.py", line 63, in _setup_ui
[21:13:56.922] [WARN] [NATIVE] [audit] e:\StarDebate\docs/log\debug_20260626_211355.log: open (e:\StarDebate\docs/log\debug_20260626_211355.log, a, 33161)
[21:13:56.922] [ERROR]     from components.side_message import SideMessageBox
[21:13:56.922] [WARN] [NATIVE] [audit] e:\StarDebate\workers\star_debate\ui_assembly.py: open (e:\StarDebate\workers\star_debate\ui_assembly.py, r, 32896)
[21:13:56.923] [WARN] [NATIVE] [audit] e:\StarDebate\docs/log\debug_20260626_211355.log: open (e:\StarDebate\docs/log\debug_20260626_211355.log, a, 33161)
[21:13:56.923] [ERROR] ModuleNotFoundError: No module named 'components.side_message'
[21:13:56.924] [WARN] [NATIVE] [audit] e:\StarDebate\docs/log\debug_20260626_211355.log: open (e:\StarDebate\docs/log\debug_20260626_211355.log, a, 33161)
[21:13:56.926] [ERROR] [UNCAUGHT] ModuleNotFoundError: No module named 'components.side_message'
[21:13:56.926] [ERROR] [NATIVE] [uncaught] contextlib.py:L144: [C_EXCEPTION] builtin_function_or_method
[21:14:12.363] [WARN] [SYS] 监视心跳超时: 17秒无新数据 (最后心跳: 21:13:55)
[21:14:15.371] [ERROR] ════════════════════════════════════════════════════════════
[21:14:15.371] [ERROR] ═══ [SYS] 主进程异常退出 ═══
[21:14:15.371] [ERROR] ════════════════════════════════════════════════════════════
[21:14:15.372] [ERROR]   PID: 4624
[21:14:15.372] [ERROR]   退出时间: 2026-06-26 21:14:15
[21:14:15.373] [ERROR]   队列残留条目（已排空）: 0 条
[21:14:15.373] [ERROR]   应急写入次数: 0
[21:14:15.374] [ERROR]   最后监视心跳: 21:14:12 (3秒前)
[21:14:15.374] [ERROR] ────────────────────────────────────────
[21:14:15.374] [ERROR] ═══ 💡 崩溃自动分析 ═══
[21:14:15.377] [ERROR]     [ERROR] ModuleNotFoundError: No module named 'components.side_message'
[21:14:15.379] [ERROR]     [ERROR] [UNCAUGHT] ModuleNotFoundError: No module named 'components.side_message'
[21:14:15.379] [ERROR]     [ERROR] [NATIVE] [uncaught] contextlib.py:L144: [C_EXCEPTION] builtin_function_or_method
[21:14:15.383] [ERROR]   1. ⚪ 起居注未活跃（无 [CRON] 条目）
[21:14:15.385] [ERROR]   2. 🔴 崩溃前 10.0秒内 ERROR: 24 条
[21:14:15.385] [ERROR]   3. 🟡 崩溃前 10.0秒内 WARN: 40 条
[21:14:15.386] [ERROR]   4. 🟡 重复错误模式 (3 类): 
[21:14:15.386] [ERROR]   5.     ↻ 出现 35 次: [NATIVE] [audit] e
[21:14:15.386] [ERROR]   6.     ↻ 出现 5 次: [NATIVE] [uncaught] <frozen os>
[21:14:15.387] [ERROR]   7.     ↻ 出现 2 次: [NATIVE] [uncaught] <frozen importlib._bootstrap_external>
[21:14:15.387] [ERROR]   8. 📊 错误类型分布: Python 异常:3, 超时:1
[21:14:15.388] [ERROR]   9.     ► Python 异常未捕获：检查 Worker 线程的 try/except
[21:14:15.389] [ERROR]   10. 📁 错误热点文件: StarDebate.py:2, StarDebate_app.py:1, ui_assembly.py:1
[21:14:15.389] [ERROR]   11. 📊 底层事件分布: [NATIVE]:53
[21:14:15.389] [ERROR]   12. 📁 SQLite native.db 最近 5 条:
[21:14:15.390] [ERROR]   13.     [21:13:56] [uncaught] sys.setprofile: [C_EXCEPTION] builtin_function_or_method
[21:14:15.390] [ERROR]   14.     [21:13:56] [audit] sys.addaudithook: open (e:\StarDebate\docs/log\debug_20260626_211355.log, a, 33161)
[21:14:15.390] [ERROR]   15.     [21:13:56] [audit] sys.addaudithook: open (e:\StarDebate\docs/log\debug_20260626_211355.log, a, 33161)
[21:14:15.391] [ERROR]   16.     [21:13:56] [audit] sys.addaudithook: open (e:\StarDebate\workers\star_debate\ui_assembly.py, r, 32896)
[21:14:15.391] [ERROR]   17.     [21:13:56] [audit] sys.addaudithook: open (e:\StarDebate\docs/log\debug_20260626_211355.log, a, 33161)
[21:14:15.391] [ERROR]   ─── 建议 ───
[21:14:15.392] [ERROR]   → 同一错误反复出现，应在日志中查找最早出现点并追溯根因
[21:14:15.392] [ERROR]   → 多线程状态异常，检查 Worker 生命周期/线程泄露
[21:14:15.394] [ERROR] ════════════════════════════════════════════════════════════
[21:14:16.096] [INFO] [SYS] LogService 进程退出
