[16:16:29.123] [INFO] ═══ LogService 已启动 ═══
[16:16:29.124] [INFO] 自动清理: 无过期日志文件
[16:16:29.125] [INFO] 日志文件: e:\StarDebate\docs/log\debug_20260622_161629.log
[16:16:29.126] [INFO] [SYS] 系统健康监视已启动 (监控 PID: 67760)
[16:16:29.127] [INFO] [SYS] 日志服务进入主循环，等待指令...
[16:16:46.139] [WARN] [SYS] 监视心跳超时: 17秒无新数据 (最后心跳: 16:16:29)
[16:16:49.150] [ERROR] ════════════════════════════════════════════════════════════
[16:16:49.151] [ERROR] ═══ [SYS] 主进程异常退出 ═══
[16:16:49.152] [ERROR] ════════════════════════════════════════════════════════════
[16:16:49.153] [ERROR]   PID: 67760
[16:16:49.153] [ERROR]   退出时间: 2026-06-22 16:16:49
[16:16:49.153] [ERROR]   队列残留条目（已排空）: 0 条
[16:16:49.154] [ERROR]   应急写入次数: 0
[16:16:49.154] [ERROR]   最后监视心跳: 16:16:46 (3秒前)
[16:16:49.155] [ERROR] ────────────────────────────────────────
[16:16:49.155] [ERROR] ═══ 💡 崩溃自动分析 ═══
[16:16:49.173] [ERROR]   1. ⚪ 起居注未活跃（无 [CRON] 条目）
[16:16:49.174] [ERROR]   2. 🟢 崩溃前无 ERROR 级别日志
[16:16:49.175] [ERROR]   3. 🟡 崩溃前 10.0秒内 WARN: 1 条
[16:16:49.175] [ERROR]   4. 📊 错误类型分布: 超时:1
[16:16:49.176] [ERROR]   5. 📁 SQLite native.db 最近 5 条:
[16:16:49.176] [ERROR]   6.     [16:07:26] [audit] sys.addaudithook: open (e:\StarDebate\icon\top_nav_bar\full_screen.svg, r, 32896)
[16:16:49.177] [ERROR]   7.     [16:07:26] [audit] sys.addaudithook: open (e:\StarDebate\icon\top_nav_bar\close.svg, r, 32896)
[16:16:49.177] [ERROR]   8.     [16:07:26] [audit] sys.addaudithook: open (e:\StarDebate\docs/log\debug_20260622_160723.log, a, 33161)
[16:16:49.177] [ERROR]   9.     [16:07:26] [audit] sys.addaudithook: open (e:\StarDebate\update_v5.0.0_to_v5.5.0.zip, r, 32896)
[16:16:49.177] [ERROR]   10.     [16:07:26] [audit] sys.addaudithook: open (e:\StarDebate\_update_staging\update_state.json, r, 32896)
[16:16:49.178] [ERROR]   ─── 建议 ───
[16:16:49.178] [ERROR]   → 无声崩溃（无日志前兆）：可能为 kill/硬件/系统级终止
[16:16:49.179] [ERROR] ════════════════════════════════════════════════════════════
[16:16:49.482] [INFO] [SYS] LogService 进程退出
