[09:01:17.679] [INFO] ═══ LogService 已启动 ═══
[09:01:17.680] [INFO] 自动清理: 无过期日志文件
[09:01:17.680] [INFO] 日志文件: e:\StarDebate\docs/log\debug_20260625_090117.log
[09:01:17.680] [INFO] [SYS] 系统健康监视已启动 (监控 PID: 44040)
[09:01:17.680] [INFO] [SYS] 日志服务进入主循环，等待指令...
[09:01:19.273] [INFO] 开发者模式: 关闭 (禁用: ['debug_console'])
[09:01:19.289] [INFO] ═══ StarDebate 启动 ═══
[09:01:19.289] [INFO] 版本: 6.2.7
[09:01:19.291] [INFO] 主题: notion_light
[09:01:19.291] [INFO] 日志文件: e:\StarDebate\docs/log\debug_20260625_090117.log
[09:01:19.291] [INFO] 日志服务: 独立进程 (LogService)
[09:01:19.293] [INFO] [CRON] 起居注自动追踪已启用 (v2.0.0)
[09:01:19.294] [INFO] [CRON] 追踪范围: 插件/API/AI/Qt错误/Worker线程  + traceback + 守护日志环 + 崩溃分析
[09:01:19.298] [INFO] [NATIVE] 底层事件记录系统已启用 (v1.2.0 M3)
[09:01:19.299] [INFO] [NATIVE] 钩子: Qt/excepthook/unraisable/audit/gc/c_exception
[09:01:19.299] [INFO] [NATIVE] 监视: 线程健康/资源跟踪/起居注桥接
[09:01:19.299] [INFO] [NATIVE] SQLite: e:\StarDebate\docs/log/native.db
[09:01:19.300] [INFO] 调试监视已开启: 变量, 函数, 插件, API, AI
[09:01:19.300] [INFO] [CFG] 已加载 log_settings.json，开始同步运行时配置
[09:01:19.301] [ERROR] [NATIVE] [uncaught] <frozen os>:L225: [C_EXCEPTION] builtin_function_or_method
[09:01:19.301] [WARN] [NATIVE] [audit] e:\StarDebate\config\debug_monitor.json: open (e:\StarDebate\config\debug_monitor.json, w, 33665)
[09:01:19.301] [ERROR] [NATIVE] [uncaught] <frozen os>:L225: [C_EXCEPTION] builtin_function_or_method
[09:01:19.301] [WARN] [NATIVE] [audit] e:\StarDebate\config\debug_monitor.json: open (e:\StarDebate\config\debug_monitor.json, w, 33665)
[09:01:19.301] [ERROR] [NATIVE] [uncaught] <frozen os>:L225: [C_EXCEPTION] builtin_function_or_method
[09:01:19.301] [WARN] [NATIVE] [audit] e:\StarDebate\config\debug_monitor.json: open (e:\StarDebate\config\debug_monitor.json, w, 33665)
[09:01:19.301] [ERROR] [NATIVE] [uncaught] <frozen os>:L225: [C_EXCEPTION] builtin_function_or_method
[09:01:19.301] [WARN] [NATIVE] [audit] e:\StarDebate\config\debug_monitor.json: open (e:\StarDebate\config\debug_monitor.json, w, 33665)
[09:01:19.301] [ERROR] [NATIVE] [uncaught] <frozen os>:L225: [C_EXCEPTION] builtin_function_or_method
[09:01:19.301] [WARN] [NATIVE] [audit] e:\StarDebate\config\debug_monitor.json: open (e:\StarDebate\config\debug_monitor.json, w, 33665)
[09:01:19.301] [WARN] [NATIVE] [audit] e:\StarDebate\config\debug_monitor.json: open (e:\StarDebate\config\debug_monitor.json, w, 33665)
[09:01:19.301] [WARN] [NATIVE] [audit] e:\StarDebate\config\debug_monitor.json: open (e:\StarDebate\config\debug_monitor.json, w, 33665)
[09:01:19.306] [INFO] [CFG] 调试监视: 已开启 → 变量, 函数, 插件, API, AI
[09:01:19.306] [WARN] [NATIVE] [audit] e:\StarDebate\config/chronicle_config.json: open (e:\StarDebate\config/chronicle_config.json, w, 33665)
[09:01:19.306] [INFO] [CFG] 起居注: 已开启
[09:01:19.308] [INFO] [CFG] log_settings.json 同步完成
[09:01:19.308] [ERROR] [NATIVE] [uncaught] spawn.py:L175: [C_EXCEPTION] builtin_function_or_method
[09:01:19.309] [WARN] [NATIVE] [audit] 3: open (3, w, 33665)
[09:01:19.317] [INFO] 崩溃监控已启动 (PID: 44040)
[09:01:19.319] [WARN] [NATIVE] [audit] e:\StarDebate\config/keyboard_shortcuts.json: open (e:\StarDebate\config/keyboard_shortcuts.json, r, 32896)
[09:01:19.319] [INFO] [WELCOME] WelcomeGuideManager 初始化
[09:01:19.322] [WARN] [NATIVE] [audit] e:\StarDebate\config/config.json: open (e:\StarDebate\config/config.json, r, 32896)
[09:01:19.322] [WARN] [NATIVE] [audit] e:\StarDebate\config/config.json: open (e:\StarDebate\config/config.json, r, 32896)
[09:01:19.322] [INFO] [WELCOME] 当前版本: 6.2.7, 上次查看引导版本: '6.2.7'
[09:01:19.322] [WARN] [NATIVE] [audit] import components.shadow_container: import (components.shadow_container, None, ['e:\\StarDebate', 'C:\\Users\\Oblivion\\Python\\python312.zip', 'C:\\Users\\Obl)
[09:01:19.322] [ERROR] [NATIVE] [uncaught] <frozen importlib._bootstrap_external>:L147: [C_EXCEPTION] builtin_function_or_method
[09:01:19.322] [ERROR] [NATIVE] [uncaught] <frozen importlib._bootstrap_external>:L147: [C_EXCEPTION] builtin_function_or_method
[09:01:19.322] [WARN] [NATIVE] [audit] e:\StarDebate\components\shadow_container\__pycache__\__init__.cpython-312.pyc: open (e:\StarDebate\components\shadow_container\__pycache__\__init__.cpython-312.pyc, r, 32896)
[09:01:19.322] [WARN] [NATIVE] [audit] import components.shadow_container.shadow_container: import (components.shadow_container.shadow_container, None, ['e:\\StarDebate', 'C:\\Users\\Oblivion\\Python\\python312.zip', 'C:\\Users\\Obl)
[09:01:19.322] [WARN] [NATIVE] [audit] e:\StarDebate\components\shadow_container\__pycache__\shadow_container.cpython-312.pyc: open (e:\StarDebate\components\shadow_container\__pycache__\shadow_container.cpython-3, r, 32896)
[09:01:19.328] [WARN] [NATIVE] [audit] e:\StarDebate\config/config.json: open (e:\StarDebate\config/config.json, r, 32896)
[09:01:19.329] [WARN] [NATIVE] [audit] e:\StarDebate\style\themes\notion_light\theme.json: open (e:\StarDebate\style\themes\notion_light\theme.json, r, 32896)
[09:01:19.370] [WARN] [NATIVE] [audit] e:\StarDebate\config/config.json: open (e:\StarDebate\config/config.json, r, 32896)
[09:01:19.381] [WARN] [NATIVE] [audit] e:\StarDebate\workers\speech_editor\..\..\icon\index\has_material.svg: open (e:\StarDebate\workers\speech_editor\..\..\icon\index\has_material.svg, r, 32896)
[09:01:19.409] [INFO] [WELCOME] WelcomeGuideStepPanel 创建完成
[09:01:19.440] [WARN] [NATIVE] [audit] e:\StarDebate\config/changelog.html: open (e:\StarDebate\config/changelog.html, r, 32896)
[09:01:19.451] [INFO] [WELCOME] 引导面板已注入 centre_stack (索引 10)
[09:01:19.461] [WARN] [NATIVE] [audit] e:\StarDebate\style\themes\notion_light\theme.json: open (e:\StarDebate\style\themes\notion_light\theme.json, r, 32896)
[09:01:19.465] [WARN] [NATIVE] [audit] e:\StarDebate\style\themes\notion_light\theme.json: open (e:\StarDebate\style\themes\notion_light\theme.json, r, 32896)
[09:01:19.476] [ERROR] [NATIVE] [uncaught] <frozen importlib._bootstrap_external>:L147: [C_EXCEPTION] builtin_function_or_method
[09:01:19.476] [ERROR] [NATIVE] [uncaught] <frozen importlib._bootstrap_external>:L147: [C_EXCEPTION] builtin_function_or_method
[09:01:19.478] [WARN] [NATIVE] [audit] e:\StarDebate\workers\training\quick_quiz\__pycache__\__init__.cpython-312.pyc: open (e:\StarDebate\workers\training\quick_quiz\__pycache__\__init__.cpython-312.pyc, r, 32896)
[09:01:19.486] [WARN] [NATIVE] [audit] import workers.training.quick_quiz.quick_quiz_manager: import (workers.training.quick_quiz.quick_quiz_manager, None, ['e:\\StarDebate', 'C:\\Users\\Oblivion\\Python\\python312.zip', 'C:\\Users\\Obl)
[09:01:19.488] [WARN] [NATIVE] [audit] e:\StarDebate\workers\training\quick_quiz\__pycache__\quick_quiz_manager.cpython-312.pyc: open (e:\StarDebate\workers\training\quick_quiz\__pycache__\quick_quiz_manager.cpython, r, 32896)
[09:01:19.502] [WARN] [NATIVE] [audit] import workers.training.exercise.exercise_manager: import (workers.training.exercise.exercise_manager, None, ['e:\\StarDebate', 'C:\\Users\\Oblivion\\Python\\python312.zip', 'C:\\Users\\Obl)
[09:01:19.502] [WARN] [NATIVE] [audit] e:\StarDebate\workers\training\exercise\__pycache__\exercise_manager.cpython-312.pyc: open (e:\StarDebate\workers\training\exercise\__pycache__\exercise_manager.cpython-312, r, 32896)
[09:01:19.596] [INFO] [FUNC] material_pool:build_panel → ✅ 返回(0ms): ''
[09:01:19.609] [WARN] [NATIVE] [audit] e:\StarDebate\style\themes\notion_light\theme.json: open (e:\StarDebate\style\themes\notion_light\theme.json, r, 32896)
[09:01:19.779] [WARN] [NATIVE] [audit] e:\StarDebate\config/config.json: open (e:\StarDebate\config/config.json, r, 32896)
[09:01:19.833] [WARN] [NATIVE] [audit] e:\StarDebate\config/config.json: open (e:\StarDebate\config/config.json, r, 32896)
[09:01:19.834] [WARN] [NATIVE] [audit] e:\StarDebate\style\themes\notion_light\theme.json: open (e:\StarDebate\style\themes\notion_light\theme.json, r, 32896)
[09:01:19.835] [WARN] [NATIVE] [audit] e:\StarDebate\style\qss_templates\ai_analysis.qss: open (e:\StarDebate\style\qss_templates\ai_analysis.qss, r, 32896)
[09:01:19.835] [WARN] [NATIVE] [audit] e:\StarDebate\style\qss_templates\ai_expand.qss: open (e:\StarDebate\style\qss_templates\ai_expand.qss, r, 32896)
[09:01:19.836] [WARN] [NATIVE] [audit] e:\StarDebate\style\qss_templates\bind_source_dialog.qss: open (e:\StarDebate\style\qss_templates\bind_source_dialog.qss, r, 32896)
[09:01:19.836] [WARN] [NATIVE] [audit] e:\StarDebate\style\qss_templates\crash_monitor.qss: open (e:\StarDebate\style\qss_templates\crash_monitor.qss, r, 32896)
[09:01:19.837] [WARN] [NATIVE] [audit] e:\StarDebate\style\qss_templates\cross_examination.qss: open (e:\StarDebate\style\qss_templates\cross_examination.qss, r, 32896)
[09:01:19.837] [WARN] [NATIVE] [audit] e:\StarDebate\style\qss_templates\debug_console.qss: open (e:\StarDebate\style\qss_templates\debug_console.qss, r, 32896)
[09:01:19.838] [WARN] [NATIVE] [audit] e:\StarDebate\style\qss_templates\export_preview.qss: open (e:\StarDebate\style\qss_templates\export_preview.qss, r, 32896)
[09:01:19.838] [WARN] [NATIVE] [audit] e:\StarDebate\style\qss_templates\framework.qss: open (e:\StarDebate\style\qss_templates\framework.qss, r, 32896)
[09:01:19.839] [WARN] [NATIVE] [audit] e:\StarDebate\style\qss_templates\log_settings.qss: open (e:\StarDebate\style\qss_templates\log_settings.qss, r, 32896)
[09:01:19.839] [WARN] [NATIVE] [audit] e:\StarDebate\style\qss_templates\main.qss: open (e:\StarDebate\style\qss_templates\main.qss, r, 32896)
[09:01:19.839] [WARN] [NATIVE] [audit] e:\StarDebate\style\qss_templates\material_pool.qss: open (e:\StarDebate\style\qss_templates\material_pool.qss, r, 32896)
[09:01:19.840] [WARN] [NATIVE] [audit] e:\StarDebate\style\qss_templates\native_log_widget.qss: open (e:\StarDebate\style\qss_templates\native_log_widget.qss, r, 32896)
[09:01:19.840] [WARN] [NATIVE] [audit] e:\StarDebate\style\qss_templates\nav_bar.qss: open (e:\StarDebate\style\qss_templates\nav_bar.qss, r, 32896)
[09:01:19.841] [WARN] [NATIVE] [audit] e:\StarDebate\style\qss_templates\new_debate.qss: open (e:\StarDebate\style\qss_templates\new_debate.qss, r, 32896)
[09:01:19.841] [WARN] [NATIVE] [audit] e:\StarDebate\style\qss_templates\notes.qss: open (e:\StarDebate\style\qss_templates\notes.qss, r, 32896)
[09:01:19.842] [WARN] [NATIVE] [audit] e:\StarDebate\style\qss_templates\plugins.qss: open (e:\StarDebate\style\qss_templates\plugins.qss, r, 32896)
[09:01:19.842] [WARN] [NATIVE] [audit] e:\StarDebate\style\qss_templates\popup_dialog.qss: open (e:\StarDebate\style\qss_templates\popup_dialog.qss, r, 32896)
[09:01:19.843] [WARN] [NATIVE] [audit] e:\StarDebate\style\qss_templates\ref_doc.qss: open (e:\StarDebate\style\qss_templates\ref_doc.qss, r, 32896)
[09:01:19.846] [ERROR] QSS 模板中存在未定义的 @key@ 占位符: @key@
[09:01:19.985] [INFO] [FUNC] dpapi: load_index
[09:01:19.985] [INFO] [SHORTCUT] 快捷键系统已初始化
[09:01:19.986] [INFO] [VAR] dpapi: load_index → 3 files loaded
[09:01:19.986] [INFO] [FUNC] auto_load_saved_files: 3 files in index
[09:01:19.988] [INFO] [API] auto_load: 跳过不存在的文件 C:/Users/Oblivion/Desktop/1vs2_20260606.stardebate
[09:01:19.988] [INFO] [FUNC] open_file_with_stored_password: 1vs2_20260606.stardebate
[09:01:19.989] [INFO] [FUNC] dpapi: get_password_for_file → 1vs2_20260606.stardebate
[09:01:19.989] [INFO] [FUNC] dpapi: load_index
[09:01:19.990] [INFO] [VAR] dpapi: load_index → 3 files loaded
[09:01:19.990] [INFO] [VAR] dpapi: get_password_for_file → no password set
[09:01:19.991] [INFO] [FUNC] open_file: path=1vs2_20260606.stardebate
[09:01:19.997] [INFO] [FUNC] StardebateCompiler.unpack(file_size=10049, has_pwd_input=False)
[09:01:20.029] [WARN] [NATIVE] [audit] e:\StarDebate\docs/log\debug_20260625_090117.log: open (e:\StarDebate\docs/log\debug_20260625_090117.log, a, 33161)
[09:01:20.030] [INFO] [FUNC] StardebateCompiler.unpack: 解密成功, modules=6, app_version=2.3.0
[09:01:20.030] [WARN] [NATIVE] [audit] e:\StarDebate\docs/log\debug_20260625_090117.log: open (e:\StarDebate\docs/log\debug_20260625_090117.log, a, 33161)
[09:01:20.031] [INFO] [FUNC] dpapi: add_file_to_index → 1vs2_20260606.stardebate
[09:01:20.031] [INFO] [FUNC] dpapi: load_index
bate\docs/log\debug_20260625_090117.log: open (e:\StarDebate\docs/log\debug_20260625_090117.log, a, 33161)
[09:01:20.032] [WARN] [NATIVE] [audit] e:\StarDebate\docs/log\debug_20260625_090117.log: open (e:\StarDebate\docs/log\debug_20260625_090117.log, a, 33161)
[09:01:20.032] [INFO] [VAR] dpapi: load_index → 3 files loaded
bate_index.json: open (e:\StarDebate\config/stardebate_index.json, r, 32896)
[09:01:20.033] [WARN] [NATIVE] [audit] e:\StarDebate\docs/log\debug_20260625_090117.log: open (e:\StarDebate\docs/log\debug_20260625_090117.log, a, 33161)
[09:01:20.033] [INFO] [VAR] dpapi: save_index → 3 files
[09:01:20.034] [WARN] [NATIVE] [audit] e:\StarDebate\docs/log\debug_20260625_090117.log: open (e:\StarDebate\docs/log\debug_20260625_090117.log, a, 33161)
[09:01:20.034] [ERROR] [NATIVE] [uncaught] <frozen os>:L225: [C_EXCEPTION] builtin_function_or_method
[09:01:20.036] [WARN] [NATIVE] [audit] e:\StarDebate\config/stardebate_index.json: open (e:\StarDebate\config/stardebate_index.json, w, 33665)
[09:01:20.036] [INFO] [VAR] _add_to_project_tree: 1vs2_20260606.stardebate
[09:01:20.036] [WARN] [NATIVE] [audit] e:\StarDebate\docs/log\debug_20260625_090117.log: open (e:\StarDebate\docs/log\debug_20260625_090117.log, a, 33161)
[09:01:20.039] [INFO] [VAR] open_file: 解密成功, modules=6, file=1vs2_20260606.stardebate
[09:01:20.039] [WARN] [NATIVE] [audit] e:\StarDebate\docs/log\debug_20260625_090117.log: open (e:\StarDebate\docs/log\debug_20260625_090117.log, a, 33161)
[09:01:20.040] [INFO] [API] auto_load: 成功加载 1vs2_20260606.stardebate
[09:01:20.040] [WARN] [NATIVE] [audit] e:\StarDebate\docs/log\debug_20260625_090117.log: open (e:\StarDebate\docs/log\debug_20260625_090117.log, a, 33161)
[09:01:20.040] [INFO] [FUNC] open_file_with_stored_password: 1vs2_20260606_01.stardebate
[09:01:20.040] [WARN] [NATIVE] [audit] e:\StarDebate\docs/log\debug_20260625_090117.log: open (e:\StarDebate\docs/log\debug_20260625_090117.log, a, 33161)
[09:01:20.041] [WARN] [NATIVE] [audit] e:\StarDebate\docs/log\debug_20260625_090117.log: open (e:\StarDebate\docs/log\debug_20260625_090117.log, a, 33161)
[09:01:20.041] [INFO] [FUNC] dpapi: get_password_for_file → 1vs2_20260606_01.stardebate
[09:01:20.042] [INFO] [FUNC] dpapi: load_index
bate\docs/log\debug_20260625_090117.log: open (e:\StarDebate\docs/log\debug_20260625_090117.log, a, 33161)
[09:01:20.043] [WARN] [NATIVE] [audit] e:\StarDebate\config/stardebate_index.json: open (e:\StarDebate\config/stardebate_index.json, r, 32896)
[09:01:20.050] [INFO] [VAR] dpapi: load_index → 3 files loaded
[09:01:20.050] [WARN] [NATIVE] [audit] e:\StarDebate\docs/log\debug_20260625_090117.log: open (e:\StarDebate\docs/log\debug_20260625_090117.log, a, 33161)
[09:01:20.051] [WARN] [NATIVE] [audit] e:\StarDebate\docs/log\debug_20260625_090117.log: open (e:\StarDebate\docs/log\debug_20260625_090117.log, a, 33161)
[09:01:20.053] [WARN] [NATIVE] [audit] e:\StarDebate\docs/log\debug_20260625_090117.log: open (e:\StarDebate\docs/log\debug_20260625_090117.log, a, 33161)
[09:01:20.054] [INFO] [API] dpapi: get_password_for_file → ok
[09:01:20.054] [WARN] [NATIVE] [audit] e:\StarDebate\docs/log\debug_20260625_090117.log: open (e:\StarDebate\docs/log\debug_20260625_090117.log, a, 33161)
[09:01:20.055] [WARN] [NATIVE] [audit] e:\StarDebate\docs/log\debug_20260625_090117.log: open (e:\StarDebate\docs/log\debug_20260625_090117.log, a, 33161)
[09:01:20.055] [WARN] [NATIVE] [audit] C:/Users/Oblivion/Desktop/辩论赛/1vs2_20260606_01.stardebate: open (C:/Users/Oblivion/Desktop/辩论赛/1vs2_20260606_01.stardebate, r, 32896)
[09:01:20.061] [INFO] [FUNC] StardebateCompiler.unpack(file_size=12226, has_pwd_input=True)
 (e:\StarDebate\docs/log\debug_20260625_090117.log, a, 33161)
[09:01:20.063] [INFO] [FUNC] StardebateCompiler: 第1层内置密钥解密成功
[09:01:20.063] [WARN] [NATIVE] [audit] e:\StarDebate\docs/log\debug_20260625_090117.log: open (e:\StarDebate\docs/log\debug_20260625_090117.log, a, 33161)
[09:01:20.093] [INFO] [FUNC] StardebateCompiler: 第2层密码解密成功
[09:01:20.094] [WARN] [NATIVE] [audit] e:\StarDebate\docs/log\debug_20260625_090117.log: open (e:\StarDebate\docs/log\debug_20260625_090117.log, a, 33161)
[09:01:20.094] [INFO] [FUNC] StardebateCompiler.unpack: 解密成功, modules=8, app_version=2.3.0
arDebate\docs/log\debug_20260625_090117.log, a, 33161)
[09:01:20.095] [INFO] [FUNC] dpapi: add_file_to_index → 1vs2_20260606_01.stardebate
[09:01:20.096] [WARN] [NATIVE] [audit] e:\StarDebate\docs/log\debug_20260625_090117.log: open (e:\StarDebate\docs/log\debug_20260625_090117.log, a, 33161)
[09:01:20.096] [INFO] [FUNC] dpapi: load_index
[09:01:20.096] [WARN] [NATIVE] [audit] e:\StarDebate\docs/log\debug_20260625_090117.log: open (e:\StarDebate\docs/log\debug_20260625_090117.log, a, 33161)
[09:01:20.097] [WARN] [NATIVE] [audit] e:\StarDebate\config/stardebate_index.json: open (e:\StarDebate\config/stardebate_index.json, r, 32896)
[09:01:20.098] [INFO] [VAR] dpapi: load_index → 3 files loaded
[09:01:20.098] [WARN] [NATIVE] [audit] e:\StarDebate\docs/log\debug_20260625_090117.log: open (e:\StarDebate\docs/log\debug_20260625_090117.log, a, 33161)
[09:01:20.098] [INFO] [FUNC] dpapi: encrypt_password
[09:01:20.099] [WARN] [NATIVE] [audit] e:\StarDebate\docs/log\debug_20260625_090117.log: open (e:\StarDebate\docs/log\debug_20260625_090117.log, a, 33161)
[09:01:20.099] [INFO] [API] dpapi: encrypt_password → ok
[09:01:20.099] [WARN] [NATIVE] [audit] e:\StarDebate\docs/log\debug_20260625_090117.log: open (e:\StarDebate\docs/log\debug_20260625_090117.log, a, 33161)
[09:01:20.101] [INFO] [VAR] dpapi: save_index → 3 files
[09:01:20.101] [WARN] [NATIVE] [audit] e:\StarDebate\docs/log\debug_20260625_090117.log: open (e:\StarDebate\docs/log\debug_20260625_090117.log, a, 33161)
[09:01:20.102] [ERROR] [NATIVE] [uncaught] <frozen os>:L225: [C_EXCEPTION] builtin_function_or_method
[09:01:20.103] [INFO] [VAR] _add_to_project_tree: 1vs2_20260606_01.stardebate
on: open (e:\StarDebate\config/stardebate_index.json, w, 33665)
[09:01:20.103] [WARN] [NATIVE] [audit] e:\StarDebate\docs/log\debug_20260625_090117.log: open (e:\StarDebate\docs/log\debug_20260625_090117.log, a, 33161)
[09:01:20.107] [INFO] [VAR] open_file: 解密成功, modules=8, file=1vs2_20260606_01.stardebate
[09:01:20.107] [WARN] [NATIVE] [audit] e:\StarDebate\docs/log\debug_20260625_090117.log: open (e:\StarDebate\docs/log\debug_20260625_090117.log, a, 33161)
[09:01:20.107] [INFO] [API] auto_load: 成功加载 1vs2_20260606_01.stardebate
[09:01:20.108] [WARN] [NATIVE] [audit] e:\StarDebate\docs/log\debug_20260625_090117.log: open (e:\StarDebate\docs/log\debug_20260625_090117.log, a, 33161)
[09:01:20.109] [INFO] 自动加载 .stardebate: 2 个文件
[09:01:20.110] [WARN] [NATIVE] [audit] e:\StarDebate\config/config.json: open (e:\StarDebate\config/config.json, r, 32896)
[09:01:21.112] [WARN] [NATIVE] [audit] e:\StarDebate\icon\top_nav_bar\minimise.svg: open (e:\StarDebate\icon\top_nav_bar\minimise.svg, r, 32896)
[09:01:21.112] [WARN] [NATIVE] [audit] e:\StarDebate\icon\top_nav_bar\full_screen.svg: open (e:\StarDebate\icon\top_nav_bar\full_screen.svg, r, 32896)
[09:01:21.113] [WARN] [NATIVE] [audit] e:\StarDebate\icon\top_nav_bar\close.svg: open (e:\StarDebate\icon\top_nav_bar\close.svg, r, 32896)
[09:01:21.196] [INFO] [WELCOME] 启动检测结果: mode=None, last=6.2.7, current=6.2.7
[09:01:21.203] [WARN] [NATIVE] [audit] e:\StarDebate\update_v6.1.7_to_v6.1.8.zip: open (e:\StarDebate\update_v6.1.7_to_v6.1.8.zip, r, 32896)
[09:01:21.205] [WARN] [NATIVE] [audit] e:\StarDebate\docs/log\debug_20260625_090117.log: open (e:\StarDebate\docs/log\debug_20260625_090117.log, a, 33161)
[09:01:21.205] [WARN] [NATIVE] [audit] e:\StarDebate\update_v6.1.8_to_v6.1.9.zip: open (e:\StarDebate\update_v6.1.8_to_v6.1.9.zip, r, 32896)
[09:01:21.206] [ERROR] 补丁不兼容 (update_v6.1.8_to_v6.1.9.zip): 版本不匹配：当前版本为 v6.2.7，此补丁要求基础版本为 v6.1.8
[09:01:21.206] [WARN] [NATIVE] [audit] e:\StarDebate\docs/log\debug_20260625_090117.log: open (e:\StarDebate\docs/log\debug_20260625_090117.log, a, 33161)
[09:01:21.208] [WARN] [NATIVE] [audit] e:\StarDebate\update_v6.1.9_to_v6.2.0.zip: open (e:\StarDebate\update_v6.1.9_to_v6.2.0.zip, r, 32896)
[09:01:21.208] [ERROR] 补丁不兼容 (update_v6.1.9_to_v6.2.0.zip): 版本不匹配：当前版本为 v6.2.7，此补丁要求基础版本为 v6.1.9
[09:01:21.208] [WARN] [NATIVE] [audit] e:\StarDebate\docs/log\debug_20260625_090117.log: open (e:\StarDebate\docs/log\debug_20260625_090117.log, a, 33161)
[09:01:21.209] [WARN] [NATIVE] [audit] e:\StarDebate\update_v6.2.0_to_v6.2.1.zip: open (e:\StarDebate\update_v6.2.0_to_v6.2.1.zip, r, 32896)
[09:01:21.210] [ERROR] 补丁不兼容 (update_v6.2.0_to_v6.2.1.zip): 版本不匹配：当前版本为 v6.2.7，此补丁要求基础版本为 v6.2.0
1)
[09:01:21.210] [WARN] [NATIVE] [audit] e:\StarDebate\update_v6.2.1_to_v6.2.2.zip: open (e:\StarDebate\update_v6.2.1_to_v6.2.2.zip, r, 32896)
[09:01:21.211] [ERROR] 补丁不兼容 (update_v6.2.1_to_v6.2.2.zip): 版本不匹配：当前版本为 v6.2.7，此补丁要求基础版本为 v6.2.1
1)
[09:01:21.211] [WARN] [NATIVE] [audit] e:\StarDebate\update_v6.2.2_to_v6.2.3.zip: open (e:\StarDebate\update_v6.2.2_to_v6.2.3.zip, r, 32896)
[09:01:21.213] [WARN] [NATIVE] [audit] e:\StarDebate\docs/log\debug_20260625_090117.log: open (e:\StarDebate\docs/log\debug_20260625_090117.log, a, 33161)
[09:01:21.213] [WARN] [NATIVE] [audit] e:\StarDebate\update_v6.2.3_to_v6.2.4.zip: open (e:\StarDebate\update_v6.2.3_to_v6.2.4.zip, r, 32896)
[09:01:21.214] [ERROR] 补丁不兼容 (update_v6.2.3_to_v6.2.4.zip): 版本不匹配：当前版本为 v6.2.7，此补丁要求基础版本为 v6.2.3
[09:01:21.214] [WARN] [NATIVE] [audit] e:\StarDebate\docs/log\debug_20260625_090117.log: open (e:\StarDebate\docs/log\debug_20260625_090117.log, a, 33161)
[09:01:21.215] [ERROR] 补丁不兼容 (update_v6.2.4_to_v6.2.5.zip): 版本不匹配：当前版本为 v6.2.7，此补丁要求基础版本为 v6.2.4
[09:01:21.215] [WARN] [NATIVE] [audit] e:\StarDebate\docs/log\debug_20260625_090117.log: open (e:\StarDebate\docs/log\debug_20260625_090117.log, a, 33161)
[09:01:21.216] [WARN] [NATIVE] [audit] e:\StarDebate\update_v6.2.5_to_v6.2.6.zip: open (e:\StarDebate\update_v6.2.5_to_v6.2.6.zip, r, 32896)
[09:01:21.216] [WARN] [NATIVE] [audit] e:\StarDebate\docs/log\debug_20260625_090117.log: open (e:\StarDebate\docs/log\debug_20260625_090117.log, a, 33161)
[09:01:21.217] [WARN] [NATIVE] [audit] e:\StarDebate\update_v6.2.6_to_v6.2.7.zip: open (e:\StarDebate\update_v6.2.6_to_v6.2.7.zip, r, 32896)
[09:01:21.218] [ERROR] 补丁不兼容 (update_v6.2.6_to_v6.2.7.zip): 版本不匹配：当前版本为 v6.2.7，此补丁要求基础版本为 v6.2.6
[09:01:21.218] [WARN] [NATIVE] [audit] e:\StarDebate\docs/log\debug_20260625_090117.log: open (e:\StarDebate\docs/log\debug_20260625_090117.log, a, 33161)
[09:01:23.474] [WARN] [NATIVE] [audit] C:/Users/Oblivion/Desktop/辩论赛/MyProject\debate_20260526_131232.json: open (C:/Users/Oblivion/Desktop/辩论赛/MyProject\debate_20260526_131232.json, r, 32896)
[09:01:23.952] [WARN] [NATIVE] [audit] C:/Users/Oblivion/Desktop/辩论赛/MyProject\debate_20260526_131232_反方一辩稿.json: open (C:/Users/Oblivion/Desktop/辩论赛/MyProject\debate_20260526_131232_反方一辩稿.json, r, 32896)
[09:01:23.957] [WARN] [NATIVE] [audit] C:/Users/Oblivion/Desktop/辩论赛/MyProject\debate_20260526_131232_反方一辩稿.json: open (C:/Users/Oblivion/Desktop/辩论赛/MyProject\debate_20260526_131232_反方一辩稿.json, r, 32896)
[09:01:23.957] [WARN] [NATIVE] [audit] C:/Users/Oblivion/Desktop/辩论赛/MyProject\debate_20260526_131232_反方一辩稿.json: open (C:/Users/Oblivion/Desktop/辩论赛/MyProject\debate_20260526_131232_反方一辩稿.json, r, 32896)
[09:01:25.619] [WARN] [NATIVE] [audit] e:\StarDebate\style/qss_templates/export_preview.qss: open (e:\StarDebate\style/qss_templates/export_preview.qss, r, 32896)
[09:01:30.138] [WARN] [NATIVE] [audit] e:\StarDebate\icon\top_nav_bar\close.svg: open (e:\StarDebate\icon\top_nav_bar\close.svg, r, 32896)
[09:01:30.947] [WARN] [NATIVE] [audit] e:\StarDebate\icon\top_nav_bar\full_screen.svg: open (e:\StarDebate\icon\top_nav_bar\full_screen.svg, r, 32896)
[09:01:31.003] [WARN] [NATIVE] [audit] e:\StarDebate\icon\top_nav_bar\minimise.svg: open (e:\StarDebate\icon\top_nav_bar\minimise.svg, r, 32896)
[09:01:34.688] [WARN] [SYS] 监视心跳超时: 15秒无新数据 (最后心跳: 09:01:19)
[09:01:46.705] [ERROR] ════════════════════════════════════════════════════════════
[09:01:46.706] [ERROR] ═══ [SYS] 主进程异常退出 ═══
[09:01:46.707] [ERROR] ════════════════════════════════════════════════════════════
[09:01:46.707] [ERROR]   PID: 44040
[09:01:46.708] [ERROR]   退出时间: 2026-06-25 09:01:46
[09:01:46.708] [ERROR]   队列残留条目（已排空）: 0 条
[09:01:46.708] [ERROR]   应急写入次数: 0
[09:01:46.709] [ERROR]   最后监视心跳: 09:01:34 (12秒前)
[09:01:46.709] [ERROR] ────────────────────────────────────────
[09:01:46.709] [ERROR] ═══ 💡 崩溃自动分析 ═══
[09:01:46.715] [ERROR]     [ERROR] 补丁不兼容 (update_v6.2.3_to_v6.2.4.zip): 版本不匹配：当前版本为 v6.2.7，此补丁要求基础版本为 v6.2.3
[09:01:46.715] [ERROR]     [ERROR] 补丁不兼容 (update_v6.2.4_to_v6.2.5.zip): 版本不匹配：当前版本为 v6.2.7，此补丁要求基础版本为 v6.2.4
[09:01:46.715] [ERROR]     [ERROR] 补丁不兼容 (update_v6.2.6_to_v6.2.7.zip): 版本不匹配：当前版本为 v6.2.7，此补丁要求基础版本为 v6.2.6
[09:01:46.720] [ERROR]   1. ⚪ 起居注未活跃（无 [CRON] 条目）
[09:01:46.721] [ERROR]   2. 🔴 崩溃前 10.0秒内 ERROR: 9 条
[09:01:46.721] [ERROR]   3. 🟡 崩溃前 10.0秒内 WARN: 58 条
[09:01:46.721] [ERROR]   4. 🟡 重复错误模式 (3 类): 
[09:01:46.721] [ERROR]   5.     ↻ 出现 52 次: [NATIVE] [audit] e
[09:01:46.721] [ERROR]   6.     ↻ 出现 5 次: [NATIVE] [audit] C
[09:01:46.724] [ERROR]   7.     ↻ 出现 2 次: [NATIVE] [uncaught] <frozen os>
[09:01:46.724] [ERROR]   8. 📊 错误类型分布: 超时:1
[09:01:46.724] [ERROR]   9. 📊 底层事件分布: [NATIVE]:59
[09:01:46.725] [ERROR]   10. 📁 SQLite native.db 最近 5 条:
[09:01:46.725] [ERROR]   11.     [09:01:31] [audit] sys.addaudithook: open (e:\StarDebate\icon\top_nav_bar\minimise.svg, r, 32896)
[09:01:46.727] [ERROR]   12.     [09:01:30] [audit] sys.addaudithook: open (e:\StarDebate\icon\top_nav_bar\full_screen.svg, r, 32896)
[09:01:46.727] [ERROR]   13.     [09:01:30] [audit] sys.addaudithook: open (e:\StarDebate\icon\top_nav_bar\close.svg, r, 32896)
[09:01:46.727] [ERROR]   14.     [09:01:25] [audit] sys.addaudithook: open (e:\StarDebate\style/qss_templates/export_preview.qss, r, 32896)
[09:01:46.727] [ERROR]   15.     [09:01:23] [audit] sys.addaudithook: open (C:/Users/Oblivion/Desktop/辩论赛/MyProject\debate_20260526_131232_反方一辩稿.json,
[09:01:46.727] [ERROR]   ─── 建议 ───
[09:01:46.727] [ERROR]   → 同一错误反复出现，应在日志中查找最早出现点并追溯根因
[09:01:46.729] [ERROR] ════════════════════════════════════════════════════════════
[09:01:47.128] [INFO] [SYS] LogService 进程退出
