[20:33:58.914] [INFO] ═══ LogService 已启动 ═══
[20:33:58.915] [INFO] 自动清理: 无过期日志文件
[20:33:58.915] [INFO] 日志文件: e:\StarDebate\docs/log\debug_20260626_203358.log
[20:33:58.916] [INFO] [SYS] 系统健康监视已启动 (监控 PID: 6536)
[20:33:58.917] [INFO] [SYS] 日志服务进入主循环，等待指令...
[20:34:00.270] [INFO] 开发者模式: 开启 (禁用: 无)
[20:34:00.439] [INFO] ═══ StarDebate 启动 ═══
[20:34:00.440] [INFO] 版本: 6.2.11
[20:34:00.440] [INFO] 主题: notion_dark
[20:34:00.441] [INFO] 日志文件: e:\StarDebate\docs/log\debug_20260626_203358.log
[20:34:00.441] [INFO] 日志服务: 独立进程 (LogService)
[20:34:00.442] [INFO] [CRON] 起居注自动追踪已启用 (v2.0.0)
[20:34:00.443] [INFO] [CRON] 追踪范围: 插件/API/AI/Qt错误/Worker线程  + traceback + 守护日志环 + 崩溃分析
[20:34:00.449] [INFO] [NATIVE] 底层事件记录系统已启用 (v1.2.0 M3)
[20:34:00.450] [INFO] [NATIVE] 钩子: Qt/excepthook/unraisable/audit/gc/c_exception
[20:34:00.450] [INFO] [NATIVE] 监视: 线程健康/资源跟踪/起居注桥接
[20:34:00.450] [INFO] [NATIVE] SQLite: e:\StarDebate\docs/log/native.db
[20:34:00.451] [INFO] 调试监视已开启: 变量, 函数, 插件, API, AI
[20:34:00.451] [INFO] [CFG] 已加载 log_settings.json，开始同步运行时配置
[20:34:00.452] [ERROR] [NATIVE] [uncaught] <frozen os>:L225: [C_EXCEPTION] builtin_function_or_method
[20:34:00.452] [WARN] [NATIVE] [audit] e:\StarDebate\config\debug_monitor.json: open (e:\StarDebate\config\debug_monitor.json, w, 33665)
[20:34:00.453] [ERROR] [NATIVE] [uncaught] <frozen os>:L225: [C_EXCEPTION] builtin_function_or_method
[20:34:00.453] [WARN] [NATIVE] [audit] e:\StarDebate\config\debug_monitor.json: open (e:\StarDebate\config\debug_monitor.json, w, 33665)
[20:34:00.453] [ERROR] [NATIVE] [uncaught] <frozen os>:L225: [C_EXCEPTION] builtin_function_or_method
[20:34:00.454] [WARN] [NATIVE] [audit] e:\StarDebate\config\debug_monitor.json: open (e:\StarDebate\config\debug_monitor.json, w, 33665)
[20:34:00.454] [ERROR] [NATIVE] [uncaught] <frozen os>:L225: [C_EXCEPTION] builtin_function_or_method
[20:34:00.455] [WARN] [NATIVE] [audit] e:\StarDebate\config\debug_monitor.json: open (e:\StarDebate\config\debug_monitor.json, w, 33665)
[20:34:00.455] [ERROR] [NATIVE] [uncaught] <frozen os>:L225: [C_EXCEPTION] builtin_function_or_method
[20:34:00.456] [WARN] [NATIVE] [audit] e:\StarDebate\config\debug_monitor.json: open (e:\StarDebate\config\debug_monitor.json, w, 33665)
[20:34:00.456] [WARN] [NATIVE] [audit] e:\StarDebate\config\debug_monitor.json: open (e:\StarDebate\config\debug_monitor.json, w, 33665)
[20:34:00.456] [WARN] [NATIVE] [audit] e:\StarDebate\config\debug_monitor.json: open (e:\StarDebate\config\debug_monitor.json, w, 33665)
[20:34:00.457] [INFO] [CFG] 调试监视: 已开启 → 变量, 函数, 插件, API, AI
[20:34:00.457] [WARN] [NATIVE] [audit] e:\StarDebate\config/chronicle_config.json: open (e:\StarDebate\config/chronicle_config.json, w, 33665)
[20:34:00.458] [INFO] [CFG] 起居注: 已开启
[20:34:00.459] [INFO] [CFG] log_settings.json 同步完成
[20:34:00.459] [ERROR] [NATIVE] [uncaught] spawn.py:L175: [C_EXCEPTION] builtin_function_or_method
[20:34:00.459] [WARN] [NATIVE] [audit] 3: open (3, w, 33665)
[20:34:00.466] [INFO] 崩溃监控已启动 (PID: 6536)
[20:34:00.467] [WARN] [NATIVE] [audit] e:\StarDebate\config/keyboard_shortcuts.json: open (e:\StarDebate\config/keyboard_shortcuts.json, r, 32896)
[20:34:00.470] [INFO] [WELCOME] WelcomeGuideManager 初始化
[20:34:00.471] [WARN] [NATIVE] [audit] e:\StarDebate\config/config.json: open (e:\StarDebate\config/config.json, r, 32896)
[20:34:00.471] [WARN] [NATIVE] [audit] e:\StarDebate\config/config.json: open (e:\StarDebate\config/config.json, r, 32896)
[20:34:00.472] [INFO] [WELCOME] 当前版本: 6.2.11, 上次查看引导版本: '6.2.11'
[20:34:00.472] [WARN] [NATIVE] [audit] import components.shadow_container: import (components.shadow_container, None, ['e:\\StarDebate\\components', 'e:\\StarDebate', 'C:\\Users\\Oblivion\\Python\\p)
[20:34:00.473] [ERROR] [NATIVE] [uncaught] <frozen importlib._bootstrap_external>:L147: [C_EXCEPTION] builtin_function_or_method
[20:34:00.473] [ERROR] [NATIVE] [uncaught] <frozen importlib._bootstrap_external>:L147: [C_EXCEPTION] builtin_function_or_method
[20:34:00.474] [WARN] [NATIVE] [audit] e:\StarDebate\components\shadow_container\__pycache__\__init__.cpython-312.pyc: open (e:\StarDebate\components\shadow_container\__pycache__\__init__.cpython-312.pyc, r, 32896)
[20:34:00.474] [WARN] [NATIVE] [audit] import components.shadow_container.shadow_container: import (components.shadow_container.shadow_container, None, ['e:\\StarDebate\\components', 'e:\\StarDebate', 'C:\\Users\\Oblivion\\Python\\p)
[20:34:00.474] [WARN] [NATIVE] [audit] e:\StarDebate\components\shadow_container\__pycache__\shadow_container.cpython-312.pyc: open (e:\StarDebate\components\shadow_container\__pycache__\shadow_container.cpython-3, r, 32896)
[20:34:00.476] [WARN] [NATIVE] [audit] e:\StarDebate\config/config.json: open (e:\StarDebate\config/config.json, r, 32896)
[20:34:00.477] [WARN] [NATIVE] [audit] e:\StarDebate\style\themes\notion_dark\theme.json: open (e:\StarDebate\style\themes\notion_dark\theme.json, r, 32896)
[20:34:00.519] [WARN] [NATIVE] [audit] e:\StarDebate\config/config.json: open (e:\StarDebate\config/config.json, r, 32896)
[20:34:00.525] [WARN] [NATIVE] [audit] e:\StarDebate\workers\speech_editor\..\..\icon\index\has_material.svg: open (e:\StarDebate\workers\speech_editor\..\..\icon\index\has_material.svg, r, 32896)
[20:34:00.554] [INFO] [WELCOME] WelcomeGuideStepPanel 创建完成
[20:34:00.582] [WARN] [NATIVE] [audit] e:\StarDebate\config/changelog.html: open (e:\StarDebate\config/changelog.html, r, 32896)
[20:34:00.592] [INFO] [WELCOME] 引导面板已注入 centre_stack (索引 10)
[20:34:00.606] [WARN] [NATIVE] [audit] e:\StarDebate\style\themes\notion_dark\theme.json: open (e:\StarDebate\style\themes\notion_dark\theme.json, r, 32896)
[20:34:00.606] [WARN] [NATIVE] [audit] e:\StarDebate\style\themes\notion_dark\theme.json: open (e:\StarDebate\style\themes\notion_dark\theme.json, r, 32896)
[20:34:00.616] [ERROR] [NATIVE] [uncaught] <frozen importlib._bootstrap_external>:L147: [C_EXCEPTION] builtin_function_or_method
[20:34:00.617] [ERROR] [NATIVE] [uncaught] <frozen importlib._bootstrap_external>:L147: [C_EXCEPTION] builtin_function_or_method
[20:34:00.618] [WARN] [NATIVE] [audit] e:\StarDebate\workers\training\quick_quiz\__pycache__\__init__.cpython-312.pyc: open (e:\StarDebate\workers\training\quick_quiz\__pycache__\__init__.cpython-312.pyc, r, 32896)
[20:34:00.626] [WARN] [NATIVE] [audit] import workers.training.quick_quiz.quick_quiz_manager: import (workers.training.quick_quiz.quick_quiz_manager, None, ['e:\\StarDebate\\components', 'e:\\StarDebate', 'C:\\Users\\Oblivion\\Python\\p)
[20:34:00.627] [WARN] [NATIVE] [audit] e:\StarDebate\workers\training\quick_quiz\__pycache__\quick_quiz_manager.cpython-312.pyc: open (e:\StarDebate\workers\training\quick_quiz\__pycache__\quick_quiz_manager.cpython, r, 32896)
[20:34:00.643] [WARN] [NATIVE] [audit] import workers.training.exercise.exercise_manager: import (workers.training.exercise.exercise_manager, None, ['e:\\StarDebate\\components', 'e:\\StarDebate', 'C:\\Users\\Oblivion\\Python\\p)
[20:34:00.643] [WARN] [NATIVE] [audit] e:\StarDebate\workers\training\exercise\__pycache__\exercise_manager.cpython-312.pyc: open (e:\StarDebate\workers\training\exercise\__pycache__\exercise_manager.cpython-312, r, 32896)
[20:34:00.703] [INFO] [FUNC] material_pool:build_panel → ✅ 返回(0ms): ''
[20:34:00.707] [WARN] [NATIVE] [audit] e:\StarDebate\style\themes\notion_dark\theme.json: open (e:\StarDebate\style\themes\notion_dark\theme.json, r, 32896)
[20:34:00.834] [WARN] [NATIVE] [audit] e:\StarDebate\config/config.json: open (e:\StarDebate\config/config.json, r, 32896)
[20:34:00.885] [WARN] [NATIVE] [audit] e:\StarDebate\config/config.json: open (e:\StarDebate\config/config.json, r, 32896)
[20:34:00.885] [WARN] [NATIVE] [audit] e:\StarDebate\style\themes\notion_dark\theme.json: open (e:\StarDebate\style\themes\notion_dark\theme.json, r, 32896)
[20:34:00.886] [WARN] [NATIVE] [audit] e:\StarDebate\style\qss_templates\ai_analysis.qss: open (e:\StarDebate\style\qss_templates\ai_analysis.qss, r, 32896)
[20:34:00.886] [WARN] [NATIVE] [audit] e:\StarDebate\style\qss_templates\ai_expand.qss: open (e:\StarDebate\style\qss_templates\ai_expand.qss, r, 32896)
[20:34:00.887] [WARN] [NATIVE] [audit] e:\StarDebate\style\qss_templates\bind_source_dialog.qss: open (e:\StarDebate\style\qss_templates\bind_source_dialog.qss, r, 32896)
[20:34:00.888] [WARN] [NATIVE] [audit] e:\StarDebate\style\qss_templates\crash_monitor.qss: open (e:\StarDebate\style\qss_templates\crash_monitor.qss, r, 32896)
[20:34:00.888] [WARN] [NATIVE] [audit] e:\StarDebate\style\qss_templates\cross_examination.qss: open (e:\StarDebate\style\qss_templates\cross_examination.qss, r, 32896)
[20:34:00.889] [WARN] [NATIVE] [audit] e:\StarDebate\style\qss_templates\debug_console.qss: open (e:\StarDebate\style\qss_templates\debug_console.qss, r, 32896)
[20:34:00.889] [WARN] [NATIVE] [audit] e:\StarDebate\style\qss_templates\export_preview.qss: open (e:\StarDebate\style\qss_templates\export_preview.qss, r, 32896)
[20:34:00.890] [WARN] [NATIVE] [audit] e:\StarDebate\style\qss_templates\framework.qss: open (e:\StarDebate\style\qss_templates\framework.qss, r, 32896)
[20:34:00.890] [WARN] [NATIVE] [audit] e:\StarDebate\style\qss_templates\log_settings.qss: open (e:\StarDebate\style\qss_templates\log_settings.qss, r, 32896)
[20:34:00.891] [WARN] [NATIVE] [audit] e:\StarDebate\style\qss_templates\main.qss: open (e:\StarDebate\style\qss_templates\main.qss, r, 32896)
[20:34:00.891] [WARN] [NATIVE] [audit] e:\StarDebate\style\qss_templates\material_pool.qss: open (e:\StarDebate\style\qss_templates\material_pool.qss, r, 32896)
[20:34:00.892] [WARN] [NATIVE] [audit] e:\StarDebate\style\qss_templates\native_log_widget.qss: open (e:\StarDebate\style\qss_templates\native_log_widget.qss, r, 32896)
[20:34:00.892] [WARN] [NATIVE] [audit] e:\StarDebate\style\qss_templates\nav_bar.qss: open (e:\StarDebate\style\qss_templates\nav_bar.qss, r, 32896)
[20:34:00.892] [WARN] [NATIVE] [audit] e:\StarDebate\style\qss_templates\new_debate.qss: open (e:\StarDebate\style\qss_templates\new_debate.qss, r, 32896)
[20:34:00.893] [WARN] [NATIVE] [audit] e:\StarDebate\style\qss_templates\notes.qss: open (e:\StarDebate\style\qss_templates\notes.qss, r, 32896)
[20:34:00.893] [WARN] [NATIVE] [audit] e:\StarDebate\style\qss_templates\plugins.qss: open (e:\StarDebate\style\qss_templates\plugins.qss, r, 32896)
[20:34:00.894] [WARN] [NATIVE] [audit] e:\StarDebate\style\qss_templates\popup_dialog.qss: open (e:\StarDebate\style\qss_templates\popup_dialog.qss, r, 32896)
[20:34:00.894] [WARN] [NATIVE] [audit] e:\StarDebate\style\qss_templates\ref_doc.qss: open (e:\StarDebate\style\qss_templates\ref_doc.qss, r, 32896)
[20:34:01.003] [WARN] [NATIVE] [audit] e:\StarDebate\config/config.json: open (e:\StarDebate\config/config.json, r, 32896)
[20:34:01.004] [WARN] [NATIVE] [audit] e:\StarDebate\config/config.json: open (e:\StarDebate\config/config.json, r, 32896)
[20:34:01.024] [WARN] [NATIVE] [audit] e:\StarDebate\custom_formats\123.json: open (e:\StarDebate\custom_formats\123.json, r, 32896)
[20:34:01.025] [WARN] [NATIVE] [audit] e:\StarDebate\custom_formats\新校赛.json: open (e:\StarDebate\custom_formats\新校赛.json, r, 32896)
[20:34:01.025] [WARN] [NATIVE] [audit] e:\StarDebate\custom_formats\校赛.json: open (e:\StarDebate\custom_formats\校赛.json, r, 32896)
[20:34:01.026] [INFO] [SHORTCUT] 快捷键系统已初始化
[20:34:01.026] [INFO] [FUNC] dpapi: load_index
[20:34:01.026] [WARN] [NATIVE] [audit] e:\StarDebate\docs/log\debug_20260626_203358.log: open (e:\StarDebate\docs/log\debug_20260626_203358.log, a, 33161)
[20:34:01.027] [WARN] [NATIVE] [audit] e:\StarDebate\config/stardebate_index.json: open (e:\StarDebate\config/stardebate_index.json, r, 32896)
[20:34:01.033] [INFO] [VAR] dpapi: load_index → 3 files loaded
g_20260626_203358.log: open (e:\StarDebate\docs/log\debug_20260626_203358.log, a, 33161)
[20:34:01.034] [INFO] [FUNC] auto_load_saved_files: 3 files in index
[20:34:01.034] [WARN] [NATIVE] [audit] e:\StarDebate\docs/log\debug_20260626_203358.log: open (e:\StarDebate\docs/log\debug_20260626_203358.log, a, 33161)
[20:34:01.035] [WARN] [NATIVE] [audit] e:\StarDebate\docs/log\debug_20260626_203358.log: open (e:\StarDebate\docs/log\debug_20260626_203358.log, a, 33161)
[20:34:01.036] [WARN] [NATIVE] [audit] e:\StarDebate\docs/log\debug_20260626_203358.log: open (e:\StarDebate\docs/log\debug_20260626_203358.log, a, 33161)
[20:34:01.036] [INFO] [FUNC] dpapi: get_password_for_file → 1vs2_20260606.stardebate
[20:34:01.036] [WARN] [NATIVE] [audit] e:\StarDebate\docs/log\debug_20260626_203358.log: open (e:\StarDebate\docs/log\debug_20260626_203358.log, a, 33161)
[20:34:01.037] [INFO] [FUNC] dpapi: load_index
[20:34:01.037] [WARN] [NATIVE] [audit] e:\StarDebate\docs/log\debug_20260626_203358.log: open (e:\StarDebate\docs/log\debug_20260626_203358.log, a, 33161)
[20:34:01.038] [WARN] [NATIVE] [audit] e:\StarDebate\config/stardebate_index.json: open (e:\StarDebate\config/stardebate_index.json, r, 32896)
[20:34:01.039] [WARN] [NATIVE] [audit] e:\StarDebate\docs/log\debug_20260626_203358.log: open (e:\StarDebate\docs/log\debug_20260626_203358.log, a, 33161)
[20:34:01.040] [WARN] [NATIVE] [audit] e:\StarDebate\docs/log\debug_20260626_203358.log: open (e:\StarDebate\docs/log\debug_20260626_203358.log, a, 33161)
[20:34:01.040] [INFO] [FUNC] open_file: path=1vs2_20260606.stardebate
[20:34:01.040] [WARN] [NATIVE] [audit] e:\StarDebate\docs/log\debug_20260626_203358.log: open (e:\StarDebate\docs/log\debug_20260626_203358.log, a, 33161)
[20:34:01.041] [WARN] [NATIVE] [audit] C:/Users/Oblivion/Desktop/辩论赛/1vs2_20260606.stardebate: open (C:/Users/Oblivion/Desktop/辩论赛/1vs2_20260606.stardebate, r, 32896)
[20:34:01.046] [INFO] [FUNC] StardebateCompiler.unpack(file_size=10049, has_pwd_input=False)
[20:34:01.046] [WARN] [NATIVE] [audit] e:\StarDebate\docs/log\debug_20260626_203358.log: open (e:\StarDebate\docs/log\debug_20260626_203358.log, a, 33161)
[20:34:01.074] [INFO] [FUNC] StardebateCompiler: 第1层内置密钥解密成功
[20:34:01.074] [WARN] [NATIVE] [audit] e:\StarDebate\docs/log\debug_20260626_203358.log: open (e:\StarDebate\docs/log\debug_20260626_203358.log, a, 33161)
[20:34:01.075] [INFO] [FUNC] StardebateCompiler.unpack: 解密成功, modules=6, app_version=2.3.0
[20:34:01.075] [WARN] [NATIVE] [audit] e:\StarDebate\docs/log\debug_20260626_203358.log: open (e:\StarDebate\docs/log\debug_20260626_203358.log, a, 33161)
[20:34:01.076] [INFO] [FUNC] dpapi: add_file_to_index → 1vs2_20260606.stardebate
[20:34:01.076] [WARN] [NATIVE] [audit] e:\StarDebate\docs/log\debug_20260626_203358.log: open (e:\StarDebate\docs/log\debug_20260626_203358.log, a, 33161)
[20:34:01.076] [INFO] [FUNC] dpapi: load_index
[20:34:01.077] [WARN] [NATIVE] [audit] e:\StarDebate\docs/log\debug_20260626_203358.log: open (e:\StarDebate\docs/log\debug_20260626_203358.log, a, 33161)
[20:34:01.078] [WARN] [NATIVE] [audit] e:\StarDebate\config/stardebate_index.json: open (e:\StarDebate\config/stardebate_index.json, r, 32896)
[20:34:01.078] [INFO] [VAR] dpapi: load_index → 3 files loaded
[20:34:01.078] [WARN] [NATIVE] [audit] e:\StarDebate\docs/log\debug_20260626_203358.log: open (e:\StarDebate\docs/log\debug_20260626_203358.log, a, 33161)
[20:34:01.078] [INFO] [VAR] dpapi: save_index → 3 files
[20:34:01.079] [WARN] [NATIVE] [audit] e:\StarDebate\docs/log\debug_20260626_203358.log: open (e:\StarDebate\docs/log\debug_20260626_203358.log, a, 33161)
[20:34:01.079] [ERROR] [NATIVE] [uncaught] <frozen os>:L225: [C_EXCEPTION] builtin_function_or_method
[20:34:01.080] [WARN] [NATIVE] [audit] e:\StarDebate\config/stardebate_index.json: open (e:\StarDebate\config/stardebate_index.json, w, 33665)
[20:34:01.081] [INFO] [VAR] _add_to_project_tree: 1vs2_20260606.stardebate
[20:34:01.081] [WARN] [NATIVE] [audit] e:\StarDebate\docs/log\debug_20260626_203358.log: open (e:\StarDebate\docs/log\debug_20260626_203358.log, a, 33161)
[20:34:01.085] [INFO] [VAR] open_file: 解密成功, modules=6, file=1vs2_20260606.stardebate
[20:34:01.085] [WARN] [NATIVE] [audit] e:\StarDebate\docs/log\debug_20260626_203358.log: open (e:\StarDebate\docs/log\debug_20260626_203358.log, a, 33161)
[20:34:01.086] [INFO] [API] auto_load: 成功加载 1vs2_20260606.stardebate
[20:34:01.086] [WARN] [NATIVE] [audit] e:\StarDebate\docs/log\debug_20260626_203358.log: open (e:\StarDebate\docs/log\debug_20260626_203358.log, a, 33161)
[20:34:01.086] [INFO] [FUNC] open_file_with_stored_password: 1vs2_20260606_01.stardebate
[20:34:01.086] [WARN] [NATIVE] [audit] e:\StarDebate\docs/log\debug_20260626_203358.log: open (e:\StarDebate\docs/log\debug_20260626_203358.log, a, 33161)
[20:34:01.086] [INFO] [FUNC] dpapi: get_password_for_file → 1vs2_20260606_01.stardebate
[20:34:01.087] [WARN] [NATIVE] [audit] e:\StarDebate\docs/log\debug_20260626_203358.log: open (e:\StarDebate\docs/log\debug_20260626_203358.log, a, 33161)
[20:34:01.087] [INFO] [FUNC] dpapi: load_index
[20:34:01.088] [WARN] [NATIVE] [audit] e:\StarDebate\docs/log\debug_20260626_203358.log: open (e:\StarDebate\docs/log\debug_20260626_203358.log, a, 33161)
[20:34:01.089] [WARN] [NATIVE] [audit] e:\StarDebate\config/stardebate_index.json: open (e:\StarDebate\config/stardebate_index.json, r, 32896)
[20:34:01.094] [INFO] [VAR] dpapi: load_index → 3 files loaded
[20:34:01.094] [WARN] [NATIVE] [audit] e:\StarDebate\docs/log\debug_20260626_203358.log: open (e:\StarDebate\docs/log\debug_20260626_203358.log, a, 33161)
[20:34:01.095] [INFO] [FUNC] dpapi: decrypt_password
[20:34:01.095] [WARN] [NATIVE] [audit] e:\StarDebate\docs/log\debug_20260626_203358.log: open (e:\StarDebate\docs/log\debug_20260626_203358.log, a, 33161)
[20:34:01.096] [INFO] [API] dpapi: decrypt_password → ok
[20:34:01.096] [WARN] [NATIVE] [audit] e:\StarDebate\docs/log\debug_20260626_203358.log: open (e:\StarDebate\docs/log\debug_20260626_203358.log, a, 33161)
[20:34:01.097] [INFO] [API] dpapi: get_password_for_file → ok
[20:34:01.097] [WARN] [NATIVE] [audit] e:\StarDebate\docs/log\debug_20260626_203358.log: open (e:\StarDebate\docs/log\debug_20260626_203358.log, a, 33161)
[20:34:01.099] [WARN] [NATIVE] [audit] e:\StarDebate\docs/log\debug_20260626_203358.log: open (e:\StarDebate\docs/log\debug_20260626_203358.log, a, 33161)
[20:34:01.099] [WARN] [NATIVE] [audit] C:/Users/Oblivion/Desktop/辩论赛/1vs2_20260606_01.stardebate: open (C:/Users/Oblivion/Desktop/辩论赛/1vs2_20260606_01.stardebate, r, 32896)
[20:34:01.105] [INFO] [FUNC] StardebateCompiler.unpack(file_size=12226, has_pwd_input=True)
 (e:\StarDebate\docs/log\debug_20260626_203358.log, a, 33161)
[20:34:01.106] [INFO] [FUNC] StardebateCompiler: 第1层内置密钥解密成功
[20:34:01.106] [WARN] [NATIVE] [audit] e:\StarDebate\docs/log\debug_20260626_203358.log: open (e:\StarDebate\docs/log\debug_20260626_203358.log, a, 33161)
[20:34:01.135] [INFO] [FUNC] StardebateCompiler: 第2层密码解密成功
[20:34:01.135] [WARN] [NATIVE] [audit] e:\StarDebate\docs/log\debug_20260626_203358.log: open (e:\StarDebate\docs/log\debug_20260626_203358.log, a, 33161)
[20:34:01.136] [WARN] [NATIVE] [audit] e:\StarDebate\docs/log\debug_20260626_203358.log: open (e:\StarDebate\docs/log\debug_20260626_203358.log, a, 33161)
[20:34:01.138] [WARN] [NATIVE] [audit] e:\StarDebate\docs/log\debug_20260626_203358.log: open (e:\StarDebate\docs/log\debug_20260626_203358.log, a, 33161)
[20:34:01.138] [WARN] [NATIVE] [audit] e:\StarDebate\docs/log\debug_20260626_203358.log: open (e:\StarDebate\docs/log\debug_20260626_203358.log, a, 33161)
[20:34:01.139] [WARN] [NATIVE] [audit] e:\StarDebate\config/stardebate_index.json: open (e:\StarDebate\config/stardebate_index.json, r, 32896)
[20:34:01.139] [INFO] [VAR] dpapi: load_index → 3 files loaded
[20:34:01.139] [WARN] [NATIVE] [audit] e:\StarDebate\docs/log\debug_20260626_203358.log: open (e:\StarDebate\docs/log\debug_20260626_203358.log, a, 33161)
[20:34:01.139] [INFO] [FUNC] dpapi: encrypt_password
[20:34:01.140] [WARN] [NATIVE] [audit] e:\StarDebate\docs/log\debug_20260626_203358.log: open (e:\StarDebate\docs/log\debug_20260626_203358.log, a, 33161)
[20:34:01.141] [INFO] [API] dpapi: encrypt_password → ok
[20:34:01.141] [WARN] [NATIVE] [audit] e:\StarDebate\docs/log\debug_20260626_203358.log: open (e:\StarDebate\docs/log\debug_20260626_203358.log, a, 33161)
[20:34:01.142] [INFO] [VAR] dpapi: save_index → 3 files
[20:34:01.142] [ERROR] [NATIVE] [uncaught] <frozen os>:L225: [C_EXCEPTION] builtin_function_or_method
[20:34:01.143] [INFO] [VAR] _add_to_project_tree: 1vs2_20260606_01.stardebate
[20:34:01.148] [INFO] [VAR] open_file: 解密成功, modules=8, file=1vs2_20260606_01.stardebate
[20:34:01.148] [INFO] [API] auto_load: 成功加载 1vs2_20260606_01.stardebate
[20:34:01.149] [INFO] 自动加载 .stardebate: 2 个文件
[20:34:02.013] [WARN] [NATIVE] [audit] e:\StarDebate\icon\top_nav_bar\minimise.svg: open (e:\StarDebate\icon\top_nav_bar\minimise.svg, r, 32896)
[20:34:02.014] [WARN] [NATIVE] [audit] e:\StarDebate\icon\top_nav_bar\full_screen.svg: open (e:\StarDebate\icon\top_nav_bar\full_screen.svg, r, 32896)
[20:34:02.014] [WARN] [NATIVE] [audit] e:\StarDebate\icon\top_nav_bar\close.svg: open (e:\StarDebate\icon\top_nav_bar\close.svg, r, 32896)
[20:34:02.085] [INFO] [WELCOME] 启动检测结果: mode=None, last=6.2.11, current=6.2.11
[20:34:02.151] [WARN] [NATIVE] [audit] e:\StarDebate\update_v6.2.8_to_v6.2.10.zip: open (e:\StarDebate\update_v6.2.8_to_v6.2.10.zip, r, 32896)
[20:34:02.152] [ERROR] 补丁不兼容 (update_v6.2.8_to_v6.2.10.zip): 版本不匹配：当前版本为 v6.2.11，此补丁要求基础版本为 v6.2.8
[20:34:02.152] [WARN] [NATIVE] [audit] e:\StarDebate\docs/log\debug_20260626_203358.log: open (e:\StarDebate\docs/log\debug_20260626_203358.log, a, 33161)
[20:34:03.185] [WARN] [NATIVE] [audit] e:\StarDebate\config/config.json: open (e:\StarDebate\config/config.json, r, 32896)
[20:34:03.190] [WARN] [NATIVE] [audit] e:\StarDebate\config/config.json: open (e:\StarDebate\config/config.json, r, 32896)
[20:34:03.191] [WARN] [NATIVE] [audit] e:\StarDebate\workers\settings\pages\__pycache__\about_page.cpython-312.pyc: open (e:\StarDebate\workers\settings\pages\__pycache__\about_page.cpython-312.pyc, r, 32896)
[20:34:03.191] [WARN] [NATIVE] [audit] e:\StarDebate\workers\settings\pages\__pycache__\api_config.cpython-312.pyc: open (e:\StarDebate\workers\settings\pages\__pycache__\api_config.cpython-312.pyc, r, 32896)
[20:34:03.192] [WARN] [NATIVE] [audit] e:\StarDebate\workers\settings\pages\api_config.py: open (e:\StarDebate\workers\settings\pages\api_config.py, r, 32896)
[20:34:03.200] [WARN] [NATIVE] [audit] e:\StarDebate\workers\settings\pages\__pycache__\api_config.cpython-312.pyc.2569426341808: open (e:\StarDebate\workers\settings\pages\__pycache__\api_config.cpython-312.pyc.2569, None, 1409)
[20:34:03.201] [WARN] [NATIVE] [audit] 3: open (3, wb, 33665)
[20:34:03.202] [WARN] [NATIVE] [audit] import siui.components.editbox: import (siui.components.editbox, None, ['e:\\StarDebate\\components', 'e:\\StarDebate', 'C:\\Users\\Oblivion\\Python\\p)
[20:34:03.202] [WARN] [NATIVE] [audit] e:\StarDebate\components\siui\components\__pycache__\editbox.cpython-312.pyc: open (e:\StarDebate\components\siui\components\__pycache__\editbox.cpython-312.pyc, r, 32896)
[20:34:03.203] [WARN] [NATIVE] [audit] import difflib: import (difflib, None, ['e:\\StarDebate\\components', 'e:\\StarDebate', 'C:\\Users\\Oblivion\\Python\\p)
[20:34:03.204] [WARN] [NATIVE] [audit] C:\Users\Oblivion\Python\Lib\__pycache__\difflib.cpython-312.pyc: open (C:\Users\Oblivion\Python\Lib\__pycache__\difflib.cpython-312.pyc, r, 32896)
[20:34:03.204] [WARN] [NATIVE] [audit] import siui.components.menu_: import (siui.components.menu_, None, ['e:\\StarDebate\\components', 'e:\\StarDebate', 'C:\\Users\\Oblivion\\Python\\p)
[20:34:03.205] [WARN] [NATIVE] [audit] e:\StarDebate\components\siui\components\__pycache__\menu_.cpython-312.pyc: open (e:\StarDebate\components\siui\components\__pycache__\menu_.cpython-312.pyc, r, 32896)
[20:34:03.206] [WARN] [NATIVE] [audit] e:\StarDebate\workers\settings\pages\__pycache__\appearance_page.cpython-312.pyc: open (e:\StarDebate\workers\settings\pages\__pycache__\appearance_page.cpython-312.pyc, r, 32896)
[20:34:03.206] [WARN] [NATIVE] [audit] e:\StarDebate\workers\settings\pages\__pycache__\editor_page.cpython-312.pyc: open (e:\StarDebate\workers\settings\pages\__pycache__\editor_page.cpython-312.pyc, r, 32896)
[20:34:03.206] [WARN] [NATIVE] [audit] e:\StarDebate\workers\settings\pages\__pycache__\keyboard_shortcuts_page.cpython-312.pyc: open (e:\StarDebate\workers\settings\pages\__pycache__\keyboard_shortcuts_page.cpython, r, 32896)
[20:34:03.208] [WARN] [NATIVE] [audit] e:\StarDebate\workers\settings\pages\__pycache__\log_settings_page.cpython-312.pyc: open (e:\StarDebate\workers\settings\pages\__pycache__\log_settings_page.cpython-312.p, r, 32896)
[20:34:03.208] [WARN] [NATIVE] [audit] e:\StarDebate\workers\settings\pages\log_settings_page.py: open (e:\StarDebate\workers\settings\pages\log_settings_page.py, r, 32896)
[20:34:03.214] [WARN] [NATIVE] [audit] e:\StarDebate\workers\settings\pages\__pycache__\log_settings_page.cpython-312.pyc.2569426350896: open (e:\StarDebate\workers\settings\pages\__pycache__\log_settings_page.cpython-312.p, None, 1409)
[20:34:03.215] [WARN] [NATIVE] [audit] 3: open (3, wb, 33665)
[20:34:03.216] [WARN] [NATIVE] [audit] e:\StarDebate\workers\settings\pages\__pycache__\native_log_settings_ui.cpython-312.pyc: open (e:\StarDebate\workers\settings\pages\__pycache__\native_log_settings_ui.cpython-, r, 32896)
[20:34:03.216] [WARN] [NATIVE] [audit] e:\StarDebate\workers\settings\pages\native_log_settings_ui.py: open (e:\StarDebate\workers\settings\pages\native_log_settings_ui.py, r, 32896)
[20:34:03.221] [WARN] [NATIVE] [audit] e:\StarDebate\workers\settings\pages\__pycache__\native_log_settings_ui.cpython-312.pyc.2569426351792: open (e:\StarDebate\workers\settings\pages\__pycache__\native_log_settings_ui.cpython-, None, 1409)
[20:34:03.221] [WARN] [NATIVE] [audit] 3: open (3, wb, 33665)
[20:34:03.222] [WARN] [NATIVE] [audit] e:\StarDebate\workers\settings\pages\__pycache__\svg_settings_page.cpython-312.pyc: open (e:\StarDebate\workers\settings\pages\__pycache__\svg_settings_page.cpython-312.p, r, 32896)
[20:34:03.222] [WARN] [NATIVE] [audit] import components.star_spinbox: import (components.star_spinbox, None, ['e:\\StarDebate\\components', 'e:\\StarDebate', 'C:\\Users\\Oblivion\\Python\\p)
[20:34:03.223] [ERROR] [NATIVE] [uncaught] <frozen importlib._bootstrap_external>:L147: [C_EXCEPTION] builtin_function_or_method
[20:34:03.224] [ERROR] [NATIVE] [uncaught] <frozen importlib._bootstrap_external>:L147: [C_EXCEPTION] builtin_function_or_method
[20:34:03.224] [WARN] [NATIVE] [audit] e:\StarDebate\components\star_spinbox\__pycache__\__init__.cpython-312.pyc: open (e:\StarDebate\components\star_spinbox\__pycache__\__init__.cpython-312.pyc, r, 32896)
[20:34:03.225] [WARN] [NATIVE] [audit] import components.star_spinbox.star_spinbox: import (components.star_spinbox.star_spinbox, None, ['e:\\StarDebate\\components', 'e:\\StarDebate', 'C:\\Users\\Oblivion\\Python\\p)
[20:34:03.226] [WARN] [NATIVE] [audit] e:\StarDebate\components\star_spinbox\__pycache__\star_spinbox.cpython-312.pyc: open (e:\StarDebate\components\star_spinbox\__pycache__\star_spinbox.cpython-312.pyc, r, 32896)
[20:34:03.226] [WARN] [NATIVE] [audit] e:\StarDebate\plugins\debate_claw\__pycache__\settings.cpython-312.pyc: open (e:\StarDebate\plugins\debate_claw\__pycache__\settings.cpython-312.pyc, r, 32896)
[20:34:03.229] [WARN] [NATIVE] [audit] e:\StarDebate\workers\settings\pages\__pycache__\api_config.cpython-312.pyc: open (e:\StarDebate\workers\settings\pages\__pycache__\api_config.cpython-312.pyc, r, 32896)
[20:34:03.241] [WARN] [NATIVE] [audit] e:\StarDebate\config/api_config.json: open (e:\StarDebate\config/api_config.json, r, 32896)
[20:34:03.337] [ERROR] [NATIVE] [uncaught] contextlib.py:L144: [C_EXCEPTION] builtin_function_or_method
[20:34:03.346] [ERROR] [NATIVE] [uncaught] contextlib.py:L144: [C_EXCEPTION] builtin_function_or_method
[20:34:03.346] [ERROR] [NATIVE] [uncaught] contextlib.py:L144: [C_EXCEPTION] builtin_function_or_method
[20:34:03.349] [ERROR] [NATIVE] [uncaught] contextlib.py:L144: [C_EXCEPTION] builtin_function_or_method
[20:34:03.355] [ERROR] [NATIVE] [uncaught] contextlib.py:L144: [C_EXCEPTION] builtin_function_or_method
[20:34:04.030] [ERROR] [NATIVE] [uncaught] contextlib.py:L144: [C_EXCEPTION] builtin_function_or_method
[20:34:04.030] [ERROR] [NATIVE] [uncaught] contextlib.py:L144: [C_EXCEPTION] builtin_function_or_method
[20:34:04.438] [ERROR] [NATIVE] [uncaught] contextlib.py:L144: [C_EXCEPTION] builtin_function_or_method
[20:34:04.439] [ERROR] [NATIVE] [uncaught] contextlib.py:L144: [C_EXCEPTION] builtin_function_or_method
[20:34:04.943] [WARN] [NATIVE] [audit] e:\StarDebate\workers\settings\pages\__pycache__\appearance_page.cpython-312.pyc: open (e:\StarDebate\workers\settings\pages\__pycache__\appearance_page.cpython-312.pyc, r, 32896)
[20:34:04.944] [WARN] [NATIVE] [audit] e:\StarDebate\config/config.json: open (e:\StarDebate\config/config.json, r, 32896)
[20:34:04.946] [WARN] [NATIVE] [audit] e:\StarDebate\style\themes\notion_dark\theme.json: open (e:\StarDebate\style\themes\notion_dark\theme.json, r, 32896)
[20:34:04.946] [WARN] [NATIVE] [audit] e:\StarDebate\style\themes\notion_light\theme.json: open (e:\StarDebate\style\themes\notion_light\theme.json, r, 32896)
[20:34:04.963] [WARN] [NATIVE] [audit] e:\StarDebate\config/config.json: open (e:\StarDebate\config/config.json, r, 32896)
[20:34:04.963] [WARN] [NATIVE] [audit] e:\StarDebate\style\themes\notion_dark\theme.json: open (e:\StarDebate\style\themes\notion_dark\theme.json, r, 32896)
[20:34:04.965] [WARN] [NATIVE] [audit] e:\StarDebate\config/config.json: open (e:\StarDebate\config/config.json, r, 32896)
[20:34:04.965] [WARN] [NATIVE] [audit] e:\StarDebate\style\themes\notion_dark\theme.json: open (e:\StarDebate\style\themes\notion_dark\theme.json, r, 32896)
[20:34:04.968] [WARN] [NATIVE] [audit] e:\StarDebate\config/config.json: open (e:\StarDebate\config/config.json, r, 32896)
[20:34:04.969] [WARN] [NATIVE] [audit] e:\StarDebate\style\themes\notion_dark\theme.json: open (e:\StarDebate\style\themes\notion_dark\theme.json, r, 32896)
[20:34:06.806] [ERROR] [NATIVE] [uncaught] contextlib.py:L144: [C_EXCEPTION] builtin_function_or_method
[20:34:06.822] [ERROR] [NATIVE] [uncaught] contextlib.py:L144: [C_EXCEPTION] builtin_function_or_method
[20:34:06.839] [ERROR] [NATIVE] [uncaught] contextlib.py:L144: [C_EXCEPTION] builtin_function_or_method
[20:34:06.855] [ERROR] [NATIVE] [uncaught] contextlib.py:L144: [C_EXCEPTION] builtin_function_or_method
[20:34:06.871] [ERROR] [NATIVE] [uncaught] contextlib.py:L144: [C_EXCEPTION] builtin_function_or_method
[20:34:07.014] [ERROR] [NATIVE] [uncaught] contextlib.py:L144: [C_EXCEPTION] builtin_function_or_method
[20:34:07.030] [ERROR] [NATIVE] [uncaught] contextlib.py:L144: [C_EXCEPTION] builtin_function_or_method
[20:34:07.048] [ERROR] [NATIVE] [uncaught] contextlib.py:L144: [C_EXCEPTION] builtin_function_or_method
[20:34:07.056] [ERROR] [NATIVE] [uncaught] contextlib.py:L144: [C_EXCEPTION] builtin_function_or_method
[20:34:07.056] [ERROR] [NATIVE] [uncaught] contextlib.py:L144: [C_EXCEPTION] builtin_function_or_method
[20:34:07.159] [ERROR] [NATIVE] [uncaught] <frozen os>:L225: [C_EXCEPTION] builtin_function_or_method
[20:34:07.159] [WARN] [NATIVE] [audit] e:\StarDebate\config/api_config.json: open (e:\StarDebate\config/api_config.json, w, 33665)
[20:34:07.160] [WARN] [NATIVE] [audit] e:\StarDebate\icon\message_box\exclamationmark_circle.svg: open (e:\StarDebate\icon\message_box\exclamationmark_circle.svg, r, 32896)
[20:34:07.160] [WARN] [NATIVE] [audit] e:\StarDebate\icon\message_box\exclamationmark_circle.svg: open (e:\StarDebate\icon\message_box\exclamationmark_circle.svg, r, 32896)
[20:34:07.162] [WARN] [NATIVE] [audit] e:\StarDebate\config/config.json: open (e:\StarDebate\config/config.json, r, 32896)
[20:34:07.179] [WARN] [NATIVE] [qt_warning]: QWindowsWindow::setGeometry: Unable to set geometry 420x346+1093+586 (frame: 420x346+1093+586) on QWidgetWindow/"popupDialogWindow" on "\\.\DISPLAY1". Resulting geometry: 420x348+1093+586 (frame: 420x348+1093+586) margins: 0, 0, 0, 0 minimum size: 420x346 maximum size: 420x346 MINMAXINFO maxSize=0,0
[20:34:07.179] [WARN] [Qt WARN#1] QWindowsWindow::setGeometry: Unable to set geometry 420x346+1093+586 (frame: 420x346+1093+586) on QWidgetWindow/"popupDialogWindow" on "\\.\DISPLAY1". Resulting geometry: 420x348+1093+586 (frame: 420x
[20:34:08.006] [ERROR] [NATIVE] [uncaught] contextlib.py:L144: [C_EXCEPTION] builtin_function_or_method
[20:34:08.022] [ERROR] [NATIVE] [uncaught] contextlib.py:L144: [C_EXCEPTION] builtin_function_or_method
[20:34:08.043] [WARN] [NATIVE] [audit] e:\StarDebate\config/config.json: open (e:\StarDebate\config/config.json, r, 32896)
[20:34:08.044] [WARN] [NATIVE] [audit] e:\StarDebate\config/config.json: open (e:\StarDebate\config/config.json, w, 33665)
[20:34:08.047] [WARN] [NATIVE] [audit] e:\StarDebate\style\themes\notion_light\theme.json: open (e:\StarDebate\style\themes\notion_light\theme.json, r, 32896)
[20:34:08.047] [WARN] [NATIVE] [audit] e:\StarDebate\style\themes\notion_light\theme.json: open (e:\StarDebate\style\themes\notion_light\theme.json, r, 32896)
[20:34:08.048] [WARN] [NATIVE] [audit] e:\StarDebate\style\qss_templates\ai_analysis.qss: open (e:\StarDebate\style\qss_templates\ai_analysis.qss, r, 32896)
[20:34:08.048] [WARN] [NATIVE] [audit] e:\StarDebate\style\qss_templates\ai_expand.qss: open (e:\StarDebate\style\qss_templates\ai_expand.qss, r, 32896)
[20:34:08.048] [WARN] [NATIVE] [audit] e:\StarDebate\style\qss_templates\bind_source_dialog.qss: open (e:\StarDebate\style\qss_templates\bind_source_dialog.qss, r, 32896)
[20:34:08.049] [WARN] [NATIVE] [audit] e:\StarDebate\style\qss_templates\crash_monitor.qss: open (e:\StarDebate\style\qss_templates\crash_monitor.qss, r, 32896)
[20:34:08.049] [WARN] [NATIVE] [audit] e:\StarDebate\style\qss_templates\cross_examination.qss: open (e:\StarDebate\style\qss_templates\cross_examination.qss, r, 32896)
[20:34:08.049] [WARN] [NATIVE] [audit] e:\StarDebate\style\qss_templates\debug_console.qss: open (e:\StarDebate\style\qss_templates\debug_console.qss, r, 32896)
[20:34:08.050] [WARN] [NATIVE] [audit] e:\StarDebate\style\qss_templates\export_preview.qss: open (e:\StarDebate\style\qss_templates\export_preview.qss, r, 32896)
[20:34:08.050] [WARN] [NATIVE] [audit] e:\StarDebate\style\qss_templates\framework.qss: open (e:\StarDebate\style\qss_templates\framework.qss, r, 32896)
[20:34:08.050] [WARN] [NATIVE] [audit] e:\StarDebate\style\qss_templates\log_settings.qss: open (e:\StarDebate\style\qss_templates\log_settings.qss, r, 32896)
[20:34:08.051] [WARN] [NATIVE] [audit] e:\StarDebate\style\qss_templates\main.qss: open (e:\StarDebate\style\qss_templates\main.qss, r, 32896)
[20:34:08.051] [WARN] [NATIVE] [audit] e:\StarDebate\style\qss_templates\material_pool.qss: open (e:\StarDebate\style\qss_templates\material_pool.qss, r, 32896)
[20:34:08.051] [WARN] [NATIVE] [audit] e:\StarDebate\style\qss_templates\native_log_widget.qss: open (e:\StarDebate\style\qss_templates\native_log_widget.qss, r, 32896)
[20:34:08.052] [WARN] [NATIVE] [audit] e:\StarDebate\style\qss_templates\nav_bar.qss: open (e:\StarDebate\style\qss_templates\nav_bar.qss, r, 32896)
[20:34:08.052] [WARN] [NATIVE] [audit] e:\StarDebate\style\qss_templates\new_debate.qss: open (e:\StarDebate\style\qss_templates\new_debate.qss, r, 32896)
[20:34:08.053] [WARN] [NATIVE] [audit] e:\StarDebate\style\qss_templates\notes.qss: open (e:\StarDebate\style\qss_templates\notes.qss, r, 32896)
[20:34:08.053] [WARN] [NATIVE] [audit] e:\StarDebate\style\qss_templates\plugins.qss: open (e:\StarDebate\style\qss_templates\plugins.qss, r, 32896)
[20:34:08.053] [WARN] [NATIVE] [audit] e:\StarDebate\style\qss_templates\popup_dialog.qss: open (e:\StarDebate\style\qss_templates\popup_dialog.qss, r, 32896)
[20:34:08.055] [WARN] [NATIVE] [audit] e:\StarDebate\style\qss_templates\ref_doc.qss: open (e:\StarDebate\style\qss_templates\ref_doc.qss, r, 32896)
[20:34:08.055] [WARN] [NATIVE] [audit] e:\StarDebate\style\qss_templates\settings.qss: open (e:\StarDebate\style\qss_templates\settings.qss, r, 32896)
[20:34:08.055] [WARN] [NATIVE] [audit] e:\StarDebate\style\qss_templates\shadow_container.qss: open (e:\StarDebate\style\qss_templates\shadow_container.qss, r, 32896)
[20:34:08.056] [WARN] [NATIVE] [audit] e:\StarDebate\style\qss_templates\speech_editor.qss: open (e:\StarDebate\style\qss_templates\speech_editor.qss, r, 32896)
[20:34:08.056] [WARN] [NATIVE] [audit] e:\StarDebate\style\qss_templates\speech_writer.qss: open (e:\StarDebate\style\qss_templates\speech_writer.qss, r, 32896)
[20:34:08.056] [WARN] [NATIVE] [audit] e:\StarDebate\style\qss_templates\star_checkbox.qss: open (e:\StarDebate\style\qss_templates\star_checkbox.qss, r, 32896)
[20:34:08.056] [WARN] [NATIVE] [audit] e:\StarDebate\style\qss_templates\star_spinbox.qss: open (e:\StarDebate\style\qss_templates\star_spinbox.qss, r, 32896)
[20:34:08.057] [WARN] [NATIVE] [audit] e:\StarDebate\style\qss_templates\stardebate_editor.qss: open (e:\StarDebate\style\qss_templates\stardebate_editor.qss, r, 32896)
[20:34:08.057] [WARN] [NATIVE] [audit] e:\StarDebate\style\qss_templates\stardebate_format.qss: open (e:\StarDebate\style\qss_templates\stardebate_format.qss, r, 32896)
[20:34:08.057] [WARN] [NATIVE] [audit] e:\StarDebate\style\qss_templates\structure.qss: open (e:\StarDebate\style\qss_templates\structure.qss, r, 32896)
[20:34:08.058] [WARN] [NATIVE] [audit] e:\StarDebate\style\qss_templates\suggest_popup.qss: open (e:\StarDebate\style\qss_templates\suggest_popup.qss, r, 32896)
[20:34:08.058] [WARN] [NATIVE] [audit] e:\StarDebate\style\qss_templates\svg_renderer.qss: open (e:\StarDebate\style\qss_templates\svg_renderer.qss, r, 32896)
[20:34:08.059] [WARN] [NATIVE] [audit] e:\StarDebate\style\qss_templates\title_bar.qss: open (e:\StarDebate\style\qss_templates\title_bar.qss, r, 32896)
[20:34:08.059] [WARN] [NATIVE] [audit] e:\StarDebate\style\qss_templates\tournament.qss: open (e:\StarDebate\style\qss_templates\tournament.qss, r, 32896)
[20:34:08.060] [WARN] [NATIVE] [audit] e:\StarDebate\style\qss_templates\training.qss: open (e:\StarDebate\style\qss_templates\training.qss, r, 32896)
[20:34:08.060] [WARN] [NATIVE] [audit] e:\StarDebate\style\qss_templates\updater.qss: open (e:\StarDebate\style\qss_templates\updater.qss, r, 32896)
[20:34:08.060] [WARN] [NATIVE] [audit] e:\StarDebate\style\qss_templates\welcome_guide.qss: open (e:\StarDebate\style\qss_templates\welcome_guide.qss, r, 32896)
[20:34:08.108] [WARN] [NATIVE] [audit] e:\StarDebate\config/config.json: open (e:\StarDebate\config/config.json, r, 32896)
[20:34:08.115] [WARN] [NATIVE] [audit] e:\StarDebate\style\themes\notion_light\theme.json: open (e:\StarDebate\style\themes\notion_light\theme.json, r, 32896)
[20:34:08.189] [WARN] [NATIVE] [audit] e:\StarDebate\config/config.json: open (e:\StarDebate\config/config.json, r, 32896)
[20:34:08.190] [WARN] [NATIVE] [audit] e:\StarDebate\style\themes\notion_light\theme.json: open (e:\StarDebate\style\themes\notion_light\theme.json, r, 32896)
[20:34:15.921] [WARN] [SYS] 监视心跳超时: 15秒无新数据 (最后心跳: 20:34:00)
[20:34:21.930] [ERROR] ════════════════════════════════════════════════════════════
[20:34:21.930] [ERROR] ═══ [SYS] 主进程异常退出 ═══
[20:34:21.931] [ERROR] ════════════════════════════════════════════════════════════
[20:34:21.931] [ERROR]   PID: 6536
[20:34:21.932] [ERROR]   退出时间: 2026-06-26 20:34:21
[20:34:21.932] [ERROR]   队列残留条目（已排空）: 0 条
[20:34:21.932] [ERROR]   应急写入次数: 0
[20:34:21.933] [ERROR]   最后监视心跳: 20:34:15 (6秒前)
[20:34:21.933] [ERROR] ────────────────────────────────────────
[20:34:21.934] [ERROR] ═══ 💡 崩溃自动分析 ═══
[20:34:21.949] [ERROR]     [ERROR] [NATIVE] [uncaught] <frozen os>:L225: [C_EXCEPTION] builtin_function_or_method
[20:34:21.949] [ERROR]     [ERROR] [NATIVE] [uncaught] contextlib.py:L144: [C_EXCEPTION] builtin_function_or_method
[20:34:21.949] [ERROR]     [ERROR] [NATIVE] [uncaught] contextlib.py:L144: [C_EXCEPTION] builtin_function_or_method
[20:34:21.966] [ERROR]   1. ⚪ 起居注未活跃（无 [CRON] 条目）
[20:34:21.967] [ERROR]   2. 🔴 崩溃前 10.0秒内 ERROR: 24 条
[20:34:21.967] [ERROR]   3. 🟡 崩溃前 10.0秒内 WARN: 76 条
[20:34:21.968] [ERROR]   4. 🟡 重复错误模式 (4 类): 
[20:34:21.968] [ERROR]   5.     ↻ 出现 69 次: [NATIVE] [audit] e
[20:34:21.970] [ERROR]   6.     ↻ 出现 21 次: [NATIVE] [uncaught] contextlib.py
[20:34:21.970] [ERROR]   7.     ↻ 出现 2 次: [NATIVE] [audit] 3
[20:34:21.970] [ERROR]   8. 📊 错误类型分布: Qt 内部错误:2, 超时:1
[20:34:21.971] [ERROR]   9. 📊 底层事件分布: [NATIVE]:98
[20:34:21.971] [ERROR]   10. 📁 SQLite native.db 最近 5 条:
[20:34:21.972] [ERROR]   11.     [20:34:08] [audit] sys.addaudithook: open (e:\StarDebate\style\themes\notion_light\theme.json, r, 32896)
[20:34:21.972] [ERROR]   12.     [20:34:08] [audit] sys.addaudithook: open (e:\StarDebate\config/config.json, r, 32896)
[20:34:21.973] [ERROR]   13.     [20:34:08] [audit] sys.addaudithook: open (e:\StarDebate\style\qss_templates\welcome_guide.qss, r, 32896)
[20:34:21.973] [ERROR]   14.     [20:34:08] [audit] sys.addaudithook: open (e:\StarDebate\style\qss_templates\updater.qss, r, 32896)
[20:34:21.974] [ERROR]   15.     [20:34:08] [audit] sys.addaudithook: open (e:\StarDebate\style\qss_templates\training.qss, r, 32896)
[20:34:21.974] [ERROR]   ─── 建议 ───
[20:34:21.975] [ERROR]   → Qt 层错误频繁：检查控件生命周期/布局冲突
[20:34:21.976] [ERROR]   → 同一错误反复出现，应在日志中查找最早出现点并追溯根因
[20:34:21.976] [ERROR] ════════════════════════════════════════════════════════════
[20:34:22.314] [INFO] [SYS] LogService 进程退出
