[16:17:11.816] [INFO] ═══ LogService 已启动 ═══
[16:17:11.816] [INFO] 自动清理: 无过期日志文件
[16:17:11.817] [INFO] 日志文件: e:\StarDebate\docs/log\debug_20260622_161711.log
[16:17:11.818] [INFO] [SYS] 系统健康监视已启动 (监控 PID: 33840)
[16:17:11.819] [INFO] [SYS] 日志服务进入主循环，等待指令...
[16:17:13.166] [ERROR] [INIT] 赛程 初始化失败: name 'base_dir' is not defined
[16:17:13.191] [INFO] ═══ StarDebate 启动 ═══
[16:17:13.192] [INFO] 版本: 5.5.0
[16:17:13.193] [INFO] 主题: notion_light
[16:17:13.193] [INFO] 日志文件: e:\StarDebate\docs/log\debug_20260622_161711.log
[16:17:13.193] [INFO] 日志服务: 独立进程 (LogService)
[16:17:13.194] [INFO] [CRON] 起居注自动追踪已启用 (v2.0.0)
[16:17:13.194] [INFO] [CRON] 追踪范围: 插件/API/AI/Qt错误/Worker线程  + traceback + 守护日志环 + 崩溃分析
[16:17:13.199] [INFO] [NATIVE] 底层事件记录系统已启用 (v1.2.0 M3)
[16:17:13.200] [INFO] [NATIVE] 钩子: Qt/excepthook/unraisable/audit/gc/c_exception
[16:17:13.200] [INFO] [NATIVE] 监视: 线程健康/资源跟踪/起居注桥接
[16:17:13.201] [INFO] [NATIVE] SQLite: e:\StarDebate\docs/log/native.db
[16:17:13.201] [INFO] 调试监视已开启: 变量, 函数, 插件, API, AI
[16:17:13.202] [INFO] [CFG] 已加载 log_settings.json，开始同步运行时配置
[16:17:13.202] [ERROR] [NATIVE] [uncaught] <frozen os>:L225: [C_EXCEPTION] builtin_function_or_method
[16:17:13.202] [WARN] [NATIVE] [audit] e:\StarDebate\workers\config\debug_monitor.json: open (e:\StarDebate\workers\config\debug_monitor.json, w, 33665)
[16:17:13.203] [ERROR] [NATIVE] [uncaught] <frozen os>:L225: [C_EXCEPTION] builtin_function_or_method
[16:17:13.203] [WARN] [NATIVE] [audit] e:\StarDebate\workers\config\debug_monitor.json: open (e:\StarDebate\workers\config\debug_monitor.json, w, 33665)
[16:17:13.204] [ERROR] [NATIVE] [uncaught] <frozen os>:L225: [C_EXCEPTION] builtin_function_or_method
[16:17:13.204] [WARN] [NATIVE] [audit] e:\StarDebate\workers\config\debug_monitor.json: open (e:\StarDebate\workers\config\debug_monitor.json, w, 33665)
[16:17:13.204] [ERROR] [NATIVE] [uncaught] <frozen os>:L225: [C_EXCEPTION] builtin_function_or_method
[16:17:13.205] [WARN] [NATIVE] [audit] e:\StarDebate\workers\config\debug_monitor.json: open (e:\StarDebate\workers\config\debug_monitor.json, w, 33665)
[16:17:13.205] [ERROR] [NATIVE] [uncaught] <frozen os>:L225: [C_EXCEPTION] builtin_function_or_method
[16:17:13.205] [WARN] [NATIVE] [audit] e:\StarDebate\workers\config\debug_monitor.json: open (e:\StarDebate\workers\config\debug_monitor.json, w, 33665)
[16:17:13.205] [WARN] [NATIVE] [audit] e:\StarDebate\workers\config\debug_monitor.json: open (e:\StarDebate\workers\config\debug_monitor.json, w, 33665)
[16:17:13.207] [WARN] [NATIVE] [audit] e:\StarDebate\workers\config\debug_monitor.json: open (e:\StarDebate\workers\config\debug_monitor.json, w, 33665)
[16:17:13.207] [INFO] [CFG] 调试监视: 已开启 → 变量, 函数, 插件, API, AI
[16:17:13.208] [WARN] [NATIVE] [audit] e:\StarDebate\config/chronicle_config.json: open (e:\StarDebate\config/chronicle_config.json, w, 33665)
[16:17:13.208] [INFO] [CFG] 起居注: 已开启
[16:17:13.210] [INFO] [CFG] log_settings.json 同步完成
[16:17:13.210] [ERROR] [NATIVE] [uncaught] spawn.py:L175: [C_EXCEPTION] builtin_function_or_method
[16:17:13.211] [WARN] [NATIVE] [audit] 3: open (3, w, 33665)
[16:17:13.225] [INFO] 崩溃监控已启动 (PID: 33840)
[16:17:13.226] [WARN] [NATIVE] [audit] e:\StarDebate\config/keyboard_shortcuts.json: open (e:\StarDebate\config/keyboard_shortcuts.json, r, 32896)
[16:17:13.228] [WARN] [NATIVE] [audit] import components.shadow_container: import (components.shadow_container, None, ['e:\\StarDebate', 'C:\\Users\\Oblivion\\Python\\python312.zip', 'C:\\Users\\Obl)
[16:17:13.229] [ERROR] [NATIVE] [uncaught] <frozen importlib._bootstrap_external>:L147: [C_EXCEPTION] builtin_function_or_method
[16:17:13.229] [ERROR] [NATIVE] [uncaught] <frozen importlib._bootstrap_external>:L147: [C_EXCEPTION] builtin_function_or_method
[16:17:13.230] [WARN] [NATIVE] [audit] e:\StarDebate\components\shadow_container\__pycache__\__init__.cpython-312.pyc: open (e:\StarDebate\components\shadow_container\__pycache__\__init__.cpython-312.pyc, r, 32896)
[16:17:13.230] [WARN] [NATIVE] [audit] import components.shadow_container.shadow_container: import (components.shadow_container.shadow_container, None, ['e:\\StarDebate', 'C:\\Users\\Oblivion\\Python\\python312.zip', 'C:\\Users\\Obl)
[16:17:13.231] [WARN] [NATIVE] [audit] e:\StarDebate\components\shadow_container\__pycache__\shadow_container.cpython-312.pyc: open (e:\StarDebate\components\shadow_container\__pycache__\shadow_container.cpython-3, r, 32896)
[16:17:13.231] [WARN] [NATIVE] [audit] e:\StarDebate\config/config.json: open (e:\StarDebate\config/config.json, r, 32896)
[16:17:13.232] [WARN] [NATIVE] [audit] e:\StarDebate\style\themes\notion_light\theme.json: open (e:\StarDebate\style\themes\notion_light\theme.json, r, 32896)
[16:17:13.254] [WARN] [NATIVE] [audit] e:\StarDebate\config/config.json: open (e:\StarDebate\config/config.json, r, 32896)
[16:17:13.262] [WARN] [NATIVE] [audit] e:\StarDebate\workers\speech_editor\..\..\icon\index\has_material.svg: open (e:\StarDebate\workers\speech_editor\..\..\icon\index\has_material.svg, r, 32896)
[16:17:13.322] [WARN] [NATIVE] [audit] e:\StarDebate\style\themes\notion_light\theme.json: open (e:\StarDebate\style\themes\notion_light\theme.json, r, 32896)
[16:17:13.323] [WARN] [NATIVE] [audit] e:\StarDebate\style\themes\notion_light\theme.json: open (e:\StarDebate\style\themes\notion_light\theme.json, r, 32896)
[16:17:13.334] [ERROR] [NATIVE] [uncaught] <frozen importlib._bootstrap_external>:L147: [C_EXCEPTION] builtin_function_or_method
[16:17:13.334] [ERROR] [NATIVE] [uncaught] <frozen importlib._bootstrap_external>:L147: [C_EXCEPTION] builtin_function_or_method
[16:17:13.336] [WARN] [NATIVE] [audit] e:\StarDebate\workers\training\quick_quiz\__pycache__\__init__.cpython-312.pyc: open (e:\StarDebate\workers\training\quick_quiz\__pycache__\__init__.cpython-312.pyc, r, 32896)
[16:17:13.348] [WARN] [NATIVE] [audit] import workers.training.quick_quiz.quick_quiz_manager: import (workers.training.quick_quiz.quick_quiz_manager, None, ['e:\\StarDebate', 'C:\\Users\\Oblivion\\Python\\python312.zip', 'C:\\Users\\Obl)
[16:17:13.349] [WARN] [NATIVE] [audit] e:\StarDebate\workers\training\quick_quiz\__pycache__\quick_quiz_manager.cpython-312.pyc: open (e:\StarDebate\workers\training\quick_quiz\__pycache__\quick_quiz_manager.cpython, r, 32896)
[16:17:13.356] [WARN] [NATIVE] [audit] import workers.training.exercise.exercise_manager: import (workers.training.exercise.exercise_manager, None, ['e:\\StarDebate', 'C:\\Users\\Oblivion\\Python\\python312.zip', 'C:\\Users\\Obl)
[16:17:13.357] [WARN] [NATIVE] [audit] e:\StarDebate\workers\training\exercise\__pycache__\exercise_manager.cpython-312.pyc: open (e:\StarDebate\workers\training\exercise\__pycache__\exercise_manager.cpython-312, r, 32896)
[16:17:13.421] [INFO] [FUNC] material_pool:build_panel → ✅ 返回(0ms): ''
[16:17:13.428] [WARN] [NATIVE] [audit] e:\StarDebate\style\themes\notion_light\theme.json: open (e:\StarDebate\style\themes\notion_light\theme.json, r, 32896)
[16:17:13.524] [WARN] [NATIVE] [audit] e:\StarDebate\config/config.json: open (e:\StarDebate\config/config.json, r, 32896)
[16:17:13.571] [WARN] [NATIVE] [audit] e:\StarDebate\config/config.json: open (e:\StarDebate\config/config.json, r, 32896)
[16:17:13.571] [WARN] [NATIVE] [audit] e:\StarDebate\style\themes\notion_light\theme.json: open (e:\StarDebate\style\themes\notion_light\theme.json, r, 32896)
[16:17:13.571] [WARN] [NATIVE] [audit] e:\StarDebate\style\themes\notion_light\main.qss: open (e:\StarDebate\style\themes\notion_light\main.qss, r, 32896)
[16:17:13.573] [WARN] [NATIVE] [audit] e:\StarDebate\style\themes\notion_light\title_bar.qss: open (e:\StarDebate\style\themes\notion_light\title_bar.qss, r, 32896)
[16:17:13.573] [WARN] [NATIVE] [audit] e:\StarDebate\style\themes\notion_light\nav_bar.qss: open (e:\StarDebate\style\themes\notion_light\nav_bar.qss, r, 32896)
[16:17:13.574] [WARN] [NATIVE] [audit] e:\StarDebate\style\themes\notion_light\structure.qss: open (e:\StarDebate\style\themes\notion_light\structure.qss, r, 32896)
[16:17:13.574] [WARN] [NATIVE] [audit] e:\StarDebate\style\themes\notion_light\settings.qss: open (e:\StarDebate\style\themes\notion_light\settings.qss, r, 32896)
[16:17:13.575] [WARN] [NATIVE] [audit] e:\StarDebate\style\themes\notion_light\ref_doc.qss: open (e:\StarDebate\style\themes\notion_light\ref_doc.qss, r, 32896)
[16:17:13.575] [WARN] [NATIVE] [audit] e:\StarDebate\style\themes\notion_light\speech_editor.qss: open (e:\StarDebate\style\themes\notion_light\speech_editor.qss, r, 32896)
[16:17:13.576] [WARN] [NATIVE] [audit] e:\StarDebate\style\themes\notion_light\tournament.qss: open (e:\StarDebate\style\themes\notion_light\tournament.qss, r, 32896)
[16:17:13.576] [WARN] [NATIVE] [audit] e:\StarDebate\style\themes\notion_light\framework.qss: open (e:\StarDebate\style\themes\notion_light\framework.qss, r, 32896)
[16:17:13.576] [WARN] [NATIVE] [audit] e:\StarDebate\style\themes\notion_light\speech_writer.qss: open (e:\StarDebate\style\themes\notion_light\speech_writer.qss, r, 32896)
[16:17:13.577] [WARN] [NATIVE] [audit] e:\StarDebate\style\themes\notion_light\ai_expand.qss: open (e:\StarDebate\style\themes\notion_light\ai_expand.qss, r, 32896)
[16:17:13.577] [WARN] [NATIVE] [audit] e:\StarDebate\style\themes\notion_light\notes.qss: open (e:\StarDebate\style\themes\notion_light\notes.qss, r, 32896)
[16:17:13.577] [WARN] [NATIVE] [audit] e:\StarDebate\style\themes\notion_light\training.qss: open (e:\StarDebate\style\themes\notion_light\training.qss, r, 32896)
[16:17:13.578] [WARN] [NATIVE] [audit] e:\StarDebate\style\themes\notion_light\ai_analysis.qss: open (e:\StarDebate\style\themes\notion_light\ai_analysis.qss, r, 32896)
[16:17:13.579] [WARN] [NATIVE] [audit] e:\StarDebate\style\themes\notion_light\cross_examination.qss: open (e:\StarDebate\style\themes\notion_light\cross_examination.qss, r, 32896)
[16:17:13.579] [WARN] [NATIVE] [audit] e:\StarDebate\style\themes\notion_light\new_debate.qss: open (e:\StarDebate\style\themes\notion_light\new_debate.qss, r, 32896)
[16:17:13.579] [WARN] [NATIVE] [audit] e:\StarDebate\style\themes\notion_light\debug_console.qss: open (e:\StarDebate\style\themes\notion_light\debug_console.qss, r, 32896)
[16:17:13.580] [WARN] [NATIVE] [audit] e:\StarDebate\style\themes\notion_light\suggest_popup.qss: open (e:\StarDebate\style\themes\notion_light\suggest_popup.qss, r, 32896)
[16:17:13.580] [WARN] [NATIVE] [audit] e:\StarDebate\style\themes\notion_light\crash_monitor.qss: open (e:\StarDebate\style\themes\notion_light\crash_monitor.qss, r, 32896)
[16:17:13.581] [WARN] [NATIVE] [audit] e:\StarDebate\style\themes\notion_light\popup_dialog.qss: open (e:\StarDebate\style\themes\notion_light\popup_dialog.qss, r, 32896)
[16:17:13.581] [WARN] [NATIVE] [audit] e:\StarDebate\style\themes\notion_light\stardebate_format.qss: open (e:\StarDebate\style\themes\notion_light\stardebate_format.qss, r, 32896)
[16:17:13.665] [INFO] [FUNC] dpapi: load_index
已初始化
[16:17:13.668] [INFO] [VAR] dpapi: load_index → 3 files loaded
[16:17:13.669] [INFO] [FUNC] auto_load_saved_files: 3 files in index
[16:17:13.669] [INFO] [API] auto_load: 跳过不存在的文件 C:/Users/Oblivion/Desktop/1vs2_20260606.stardebate
[16:17:13.670] [INFO] [FUNC] open_file_with_stored_password: 1vs2_20260606.stardebate
[16:17:13.670] [INFO] [FUNC] dpapi: get_password_for_file → 1vs2_20260606.stardebate
[16:17:13.671] [INFO] [FUNC] dpapi: load_index
[16:17:13.672] [INFO] [VAR] dpapi: load_index → 3 files loaded
[16:17:13.673] [INFO] [VAR] dpapi: get_password_for_file → no password set
[16:17:13.673] [INFO] [FUNC] open_file: path=1vs2_20260606.stardebate
[16:17:13.680] [INFO] [FUNC] StardebateCompiler.unpack(file_size=8593, has_pwd_input=False)
[16:17:13.709] [INFO] [FUNC] StardebateCompiler: 第1层内置密钥解密成功
[16:17:13.710] [INFO] [FUNC] StardebateCompiler.unpack: 解密成功, modules=6, app_version=2.3.0
[16:17:13.711] [INFO] [FUNC] dpapi: add_file_to_index → 1vs2_20260606.stardebate
[16:17:13.711] [INFO] [FUNC] dpapi: load_index
[16:17:13.713] [INFO] [VAR] dpapi: load_index → 3 files loaded
[16:17:13.714] [INFO] [VAR] dpapi: save_index → 3 files
[16:17:13.716] [INFO] [VAR] _add_to_project_tree: 1vs2_20260606.stardebate
[16:17:13.719] [INFO] [VAR] open_file: 解密成功, modules=6, file=1vs2_20260606.stardebate
[16:17:13.720] [INFO] [API] auto_load: 成功加载 1vs2_20260606.stardebate
[16:17:13.720] [INFO] [FUNC] open_file_with_stored_password: 1vs2_20260606_01.stardebate
[16:17:13.721] [INFO] [FUNC] dpapi: get_password_for_file → 1vs2_20260606_01.stardebate
[16:17:13.721] [INFO] [FUNC] dpapi: load_index
[16:17:13.727] [INFO] [VAR] dpapi: load_index → 3 files loaded
[16:17:13.728] [INFO] [FUNC] dpapi: decrypt_password
[16:17:13.729] [INFO] [API] dpapi: decrypt_password → ok
[16:17:13.731] [INFO] [API] dpapi: get_password_for_file → ok
[16:17:13.731] [INFO] [FUNC] open_file: path=1vs2_20260606_01.stardebate
[16:17:13.737] [INFO] [FUNC] StardebateCompiler.unpack(file_size=10782, has_pwd_input=True)
[16:17:13.738] [INFO] [FUNC] StardebateCompiler: 第1层内置密钥解密成功
[16:17:13.765] [INFO] [FUNC] StardebateCompiler: 第2层密码解密成功
[16:17:13.766] [INFO] [FUNC] StardebateCompiler.unpack: 解密成功, modules=8, app_version=2.3.0
[16:17:13.766] [INFO] [FUNC] dpapi: add_file_to_index → 1vs2_20260606_01.stardebate
[16:17:13.768] [INFO] [FUNC] dpapi: load_index
[16:17:13.768] [INFO] [VAR] dpapi: load_index → 3 files loaded
[16:17:13.768] [INFO] [FUNC] dpapi: encrypt_password
[16:17:13.769] [INFO] [API] dpapi: encrypt_password → ok
[16:17:13.770] [INFO] [VAR] dpapi: save_index → 3 files
[16:17:13.771] [INFO] [VAR] _add_to_project_tree: 1vs2_20260606_01.stardebate
[16:17:13.775] [INFO] [VAR] open_file: 解密成功, modules=8, file=1vs2_20260606_01.stardebate
[16:17:13.777] [INFO] [API] auto_load: 成功加载 1vs2_20260606_01.stardebate
[16:17:13.778] [INFO] 自动加载 .stardebate: 2 个文件
[16:17:13.780] [INFO] [INIT] 已自动标记日志保留（检测到加载错误）
[16:17:13.780] [WARN] 部分功能加载失败: 赛程: name 'base_dir' is not defined
[16:17:13.784] [ERROR] Traceback (most recent call last):
[16:17:13.784] [ERROR] [NATIVE] [uncaught]: TypeError: MultiProgressLoader._TaskData.__init__() takes 6 positional arguments but 7 were given
[16:17:13.784] [ERROR]   File "e:\StarDebate\StarDebate.py", line 523, in <module>
[16:17:13.785] [ERROR]     main_loop()
[16:17:13.785] [ERROR]   File "e:\StarDebate\StarDebate.py", line 477, in main_loop
[16:17:13.787] [ERROR]     exit_code = _start_window(app, log_queue, log_path, log_settings,
[16:17:13.790] [ERROR]                 ^^^^^^^^^^^^^^^^^^^^^^^^^^^^^^^^^^^^^^^^^^^^^^^^^^^^^
[16:17:13.790] [ERROR]   File "e:\StarDebate\StarDebate.py", line 227, in _start_window
[16:17:13.791] [ERROR]     window = StarDebateApp(log_queue, log_path, log_settings,
[16:17:13.792] [ERROR]              ^^^^^^^^^^^^^^^^^^^^^^^^^^^^^^^^^^^^^^^^^^^^^^^^
[16:17:13.792] [ERROR]   File "e:\StarDebate\StarDebate_app.py", line 373, in __init__
[16:17:13.793] [ERROR]     self._populate_error_card()
[16:17:13.794] [ERROR]   File "e:\StarDebate\StarDebate_app.py", line 421, in _populate_error_card
[16:17:13.794] [ERROR]     error_card.add_error(name, desc, tb_str)
[16:17:13.795] [ERROR]   File "e:\StarDebate\components\error_card.py", line 181, in add_error
[16:17:13.795] [ERROR]     self._progress_loader.add_task(task_id, module_name)
[16:17:13.795] [ERROR]   File "e:\StarDebate\components\timeout_progress_loader.py", line 309, in add_task
[16:17:13.797] [ERROR]     data = MultiProgressLoader._TaskData(name, loader, label, status_label, row, False)
[16:17:13.799] [ERROR]            ^^^^^^^^^^^^^^^^^^^^^^^^^^^^^^^^^^^^^^^^^^^^^^^^^^^^^^^^^^^^^^^^^^^^^^^^^^^^
[16:17:13.799] [ERROR] TypeError: MultiProgressLoader._TaskData.__init__() takes 6 positional arguments but 7 were given
[16:17:13.801] [ERROR] [UNCAUGHT] TypeError: MultiProgressLoader._TaskData.__init__() takes 6 positional arguments but 7 were given
[16:17:13.801] [ERROR] [NATIVE] [uncaught] contextlib.py:L144: [C_EXCEPTION] builtin_function_or_method
[16:17:28.830] [WARN] [SYS] 监视心跳超时: 15秒无新数据 (最后心跳: 16:17:13)
[16:17:31.841] [ERROR] ════════════════════════════════════════════════════════════
[16:17:31.841] [ERROR] ═══ [SYS] 主进程异常退出 ═══
[16:17:31.842] [ERROR] ════════════════════════════════════════════════════════════
[16:17:31.842] [ERROR]   PID: 33840
[16:17:31.842] [ERROR]   退出时间: 2026-06-22 16:17:31
[16:17:31.843] [ERROR]   队列残留条目（已排空）: 0 条
[16:17:31.843] [ERROR]   应急写入次数: 0
[16:17:31.843] [ERROR]   最后监视心跳: 16:17:28 (3秒前)
[16:17:31.845] [ERROR] ────────────────────────────────────────
[16:17:31.845] [ERROR] ═══ 💡 崩溃自动分析 ═══
[16:17:31.849] [ERROR]     [ERROR] TypeError: MultiProgressLoader._TaskData.__init__() takes 6 positional arguments but 7 were given
[16:17:31.849] [ERROR]     [ERROR] [UNCAUGHT] TypeError: MultiProgressLoader._TaskData.__init__() takes 6 positional arguments but 7 were given
[16:17:31.850] [ERROR]     [ERROR] [NATIVE] [uncaught] contextlib.py:L144: [C_EXCEPTION] builtin_function_or_method
[16:17:31.858] [ERROR]   1. ⚪ 起居注未活跃（无 [CRON] 条目）
[16:17:31.858] [ERROR]   2. 🔴 崩溃前 10.0秒内 ERROR: 23 条
[16:17:31.858] [ERROR]   3. 🟡 崩溃前 10.0秒内 WARN: 32 条
[16:17:31.858] [ERROR]   4. 🟡 重复错误模式 (1 类): 
[16:17:31.859] [ERROR]   5.     ↻ 出现 28 次: [NATIVE] [audit] e
[16:17:31.860] [ERROR]   6. 📊 错误类型分布: Python 异常:3, 超时:2
[16:17:31.860] [ERROR]   7.     ► Python 异常未捕获：检查 Worker 线程的 try/except
[16:17:31.860] [ERROR]   8. 📁 错误热点文件: StarDebate.py:3, StarDebate_app.py:2, error_card.py:1
[16:17:31.861] [ERROR]   9. 📊 底层事件分布: [NATIVE]:33
[16:17:31.861] [ERROR]   10. 📁 SQLite native.db 最近 5 条:
[16:17:31.861] [ERROR]   11.     [16:17:13] [uncaught] sys.setprofile: [C_EXCEPTION] builtin_function_or_method
[16:17:31.862] [ERROR]   12.     [16:17:13] [uncaught] sys.excepthook: TypeError: MultiProgressLoader._TaskData.__init__() takes 6 positional arguments
[16:17:31.862] [ERROR]   13.     [16:17:13] [audit] sys.addaudithook: open (e:\StarDebate\style\themes\notion_light\stardebate_format.qss, r, 32896)
[16:17:31.863] [ERROR]   14.     [16:17:13] [audit] sys.addaudithook: open (e:\StarDebate\style\themes\notion_light\popup_dialog.qss, r, 32896)
[16:17:31.863] [ERROR]   15.     [16:17:13] [audit] sys.addaudithook: open (e:\StarDebate\style\themes\notion_light\crash_monitor.qss, r, 32896)
[16:17:31.864] [ERROR]   ─── 建议 ───
[16:17:31.864] [ERROR]   → 同一错误反复出现，应在日志中查找最早出现点并追溯根因
[16:17:31.864] [ERROR]   → 多线程状态异常，检查 Worker 生命周期/线程泄露
[16:17:31.866] [ERROR] ════════════════════════════════════════════════════════════
[16:17:31.927] [INFO] [SYS] LogService 进程退出
