[20:56:32.896] [INFO] ═══ LogService 已启动 ═══
[20:56:32.898] [INFO] 自动清理: 无过期日志文件
[20:56:32.898] [INFO] 日志文件: e:\StarDebate\docs/log\debug_20260623_205632.log
[20:56:32.900] [INFO] [SYS] 系统健康监视已启动 (监控 PID: 42952)
[20:56:32.901] [INFO] [SYS] 日志服务进入主循环，等待指令...
[20:56:34.215] [INFO] ═══ StarDebate 启动 ═══
[20:56:34.215] [INFO] 版本: 6.0.8
[20:56:34.215] [INFO] 主题: notion_light
[20:56:34.215] [INFO] 日志文件: e:\StarDebate\docs/log\debug_20260623_205632.log
[20:56:34.218] [INFO] 日志服务: 独立进程 (LogService)
[20:56:34.219] [INFO] [CRON] 起居注自动追踪已启用 (v2.0.0)
[20:56:34.219] [INFO] [CRON] 追踪范围: 插件/API/AI/Qt错误/Worker线程  + traceback + 守护日志环 + 崩溃分析
[20:56:34.225] [INFO] [NATIVE] 底层事件记录系统已启用 (v1.2.0 M3)
[20:56:34.226] [INFO] [NATIVE] 钩子: Qt/excepthook/unraisable/audit/gc/c_exception
[20:56:34.226] [INFO] [NATIVE] 监视: 线程健康/资源跟踪/起居注桥接
[20:56:34.227] [INFO] [NATIVE] SQLite: e:\StarDebate\docs/log/native.db
[20:56:34.227] [INFO] 调试监视已开启: 变量, 函数, 插件, API, AI
[20:56:34.227] [INFO] [CFG] 已加载 log_settings.json，开始同步运行时配置
[20:56:34.228] [ERROR] [NATIVE] [uncaught] <frozen os>:L225: [C_EXCEPTION] builtin_function_or_method
[20:56:34.228] [WARN] [NATIVE] [audit] e:\StarDebate\config\debug_monitor.json: open (e:\StarDebate\config\debug_monitor.json, w, 33665)
[20:56:34.228] [ERROR] [NATIVE] [uncaught] <frozen os>:L225: [C_EXCEPTION] builtin_function_or_method
[20:56:34.229] [WARN] [NATIVE] [audit] e:\StarDebate\config\debug_monitor.json: open (e:\StarDebate\config\debug_monitor.json, w, 33665)
[20:56:34.229] [ERROR] [NATIVE] [uncaught] <frozen os>:L225: [C_EXCEPTION] builtin_function_or_method
[20:56:34.229] [WARN] [NATIVE] [audit] e:\StarDebate\config\debug_monitor.json: open (e:\StarDebate\config\debug_monitor.json, w, 33665)
[20:56:34.230] [ERROR] [NATIVE] [uncaught] <frozen os>:L225: [C_EXCEPTION] builtin_function_or_method
[20:56:34.230] [WARN] [NATIVE] [audit] e:\StarDebate\config\debug_monitor.json: open (e:\StarDebate\config\debug_monitor.json, w, 33665)
[20:56:34.230] [ERROR] [NATIVE] [uncaught] <frozen os>:L225: [C_EXCEPTION] builtin_function_or_method
[20:56:34.231] [WARN] [NATIVE] [audit] e:\StarDebate\config\debug_monitor.json: open (e:\StarDebate\config\debug_monitor.json, w, 33665)
[20:56:34.231] [WARN] [NATIVE] [audit] e:\StarDebate\config\debug_monitor.json: open (e:\StarDebate\config\debug_monitor.json, w, 33665)
[20:56:34.232] [WARN] [NATIVE] [audit] e:\StarDebate\config\debug_monitor.json: open (e:\StarDebate\config\debug_monitor.json, w, 33665)
[20:56:34.232] [INFO] [CFG] 调试监视: 已开启 → 变量, 函数, 插件, API, AI
[20:56:34.232] [WARN] [NATIVE] [audit] e:\StarDebate\config/chronicle_config.json: open (e:\StarDebate\config/chronicle_config.json, w, 33665)
[20:56:34.232] [INFO] [CFG] 起居注: 已开启
[20:56:34.232] [INFO] [CFG] log_settings.json 同步完成
[20:56:34.232] [ERROR] [NATIVE] [uncaught] spawn.py:L175: [C_EXCEPTION] builtin_function_or_method
[20:56:34.234] [WARN] [NATIVE] [audit] 3: open (3, w, 33665)
[20:56:34.242] [INFO] 崩溃监控已启动 (PID: 42952)
[20:56:34.242] [WARN] [NATIVE] [audit] e:\StarDebate\config/keyboard_shortcuts.json: open (e:\StarDebate\config/keyboard_shortcuts.json, r, 32896)
[20:56:34.246] [INFO] [WELCOME] WelcomeGuideManager 初始化
[20:56:34.247] [WARN] [NATIVE] [audit] e:\StarDebate\config/config.json: open (e:\StarDebate\config/config.json, r, 32896)
[20:56:34.247] [WARN] [NATIVE] [audit] e:\StarDebate\config/config.json: open (e:\StarDebate\config/config.json, r, 32896)
[20:56:34.248] [INFO] [WELCOME] 当前版本: 6.0.8, 上次查看引导版本: ''
[20:56:34.248] [WARN] [NATIVE] [audit] import components.shadow_container: import (components.shadow_container, None, ['e:\\StarDebate', 'C:\\Users\\Oblivion\\Python\\python312.zip', 'C:\\Users\\Obl)
[20:56:34.249] [ERROR] [NATIVE] [uncaught] <frozen importlib._bootstrap_external>:L147: [C_EXCEPTION] builtin_function_or_method
[20:56:34.249] [ERROR] [NATIVE] [uncaught] <frozen importlib._bootstrap_external>:L147: [C_EXCEPTION] builtin_function_or_method
[20:56:34.249] [WARN] [NATIVE] [audit] e:\StarDebate\components\shadow_container\__pycache__\__init__.cpython-312.pyc: open (e:\StarDebate\components\shadow_container\__pycache__\__init__.cpython-312.pyc, r, 32896)
[20:56:34.249] [WARN] [NATIVE] [audit] import components.shadow_container.shadow_container: import (components.shadow_container.shadow_container, None, ['e:\\StarDebate', 'C:\\Users\\Oblivion\\Python\\python312.zip', 'C:\\Users\\Obl)
[20:56:34.249] [WARN] [NATIVE] [audit] e:\StarDebate\components\shadow_container\__pycache__\shadow_container.cpython-312.pyc: open (e:\StarDebate\components\shadow_container\__pycache__\shadow_container.cpython-3, r, 32896)
[20:56:34.249] [WARN] [NATIVE] [audit] e:\StarDebate\config/config.json: open (e:\StarDebate\config/config.json, r, 32896)
[20:56:34.249] [WARN] [NATIVE] [audit] e:\StarDebate\style\themes\notion_light\theme.json: open (e:\StarDebate\style\themes\notion_light\theme.json, r, 32896)
[20:56:34.291] [WARN] [NATIVE] [audit] e:\StarDebate\config/config.json: open (e:\StarDebate\config/config.json, r, 32896)
[20:56:34.294] [INFO] [WELCOME] WelcomeGuideStepPanel 创建完成
[20:56:34.305] [WARN] [NATIVE] [audit] e:\StarDebate\StarDebate.py: open (e:\StarDebate\StarDebate.py, r, 32896)
[20:56:34.307] [WARN] [NATIVE] [audit] e:\StarDebate\StarDebate_app.py: open (e:\StarDebate\StarDebate_app.py, r, 32896)
[20:56:34.307] [WARN] [NATIVE] [audit] e:\StarDebate\workers\star_debate\ui_assembly.py: open (e:\StarDebate\workers\star_debate\ui_assembly.py, r, 32896)
[20:56:34.307] [WARN] [NATIVE] [audit] e:\StarDebate\workers\welcome_guide\welcome_guide_manager.py: open (e:\StarDebate\workers\welcome_guide\welcome_guide_manager.py, r, 32896)
[20:56:34.307] [WARN] [NATIVE] [audit] e:\StarDebate\workers\welcome_guide\welcome_guide_step_panel.py: open (e:\StarDebate\workers\welcome_guide\welcome_guide_step_panel.py, r, 32896)
[20:56:34.309] [WARN] [NATIVE] [audit] e:\StarDebate\workers\welcome_guide\welcome_guide_components.py: open (e:\StarDebate\workers\welcome_guide\welcome_guide_components.py, r, 32896)
[20:56:34.312] [ERROR] [NATIVE] [uncaught]: NameError: name 'QPixmap' is not defined
[20:56:34.312] [ERROR] Traceback (most recent call last):
[20:56:34.314] [ERROR]   File "e:\StarDebate\StarDebate.py", line 529, in <module>
log: open (e:\StarDebate\docs/log\debug_20260623_205632.log, a, 33161)
[20:56:34.314] [WARN] [NATIVE] [audit] e:\StarDebate\docs/log\debug_20260623_205632.log: open (e:\StarDebate\docs/log\debug_20260623_205632.log, a, 33161)
[20:56:34.314] [WARN] [NATIVE] [audit] e:\StarDebate\StarDebate.py: open (e:\StarDebate\StarDebate.py, r, 32896)
[20:56:34.314] [ERROR]     main_loop()
[20:56:34.314] [WARN] [NATIVE] [audit] e:\StarDebate\docs/log\debug_20260623_205632.log: open (e:\StarDebate\docs/log\debug_20260623_205632.log, a, 33161)
[20:56:34.314] [ERROR]   File "e:\StarDebate\StarDebate.py", line 483, in main_loop
[20:56:34.316] [WARN] [NATIVE] [audit] e:\StarDebate\docs/log\debug_20260623_205632.log: open (e:\StarDebate\docs/log\debug_20260623_205632.log, a, 33161)
[20:56:34.316] [WARN] [NATIVE] [audit] e:\StarDebate\StarDebate.py: open (e:\StarDebate\StarDebate.py, r, 32896)
[20:56:34.316] [ERROR]     exit_code = _start_window(app, log_queue, log_path, log_settings,
[20:56:34.316] [WARN] [NATIVE] [audit] e:\StarDebate\docs/log\debug_20260623_205632.log: open (e:\StarDebate\docs/log\debug_20260623_205632.log, a, 33161)
[20:56:34.318] [ERROR]                 ^^^^^^^^^^^^^^^^^^^^^^^^^^^^^^^^^^^^^^^^^^^^^^^^^^^^^
(e:\StarDebate\docs/log\debug_20260623_205632.log, a, 33161)
[20:56:34.320] [ERROR]   File "e:\StarDebate\StarDebate.py", line 232, in _start_window
[20:56:34.320] [WARN] [NATIVE] [audit] e:\StarDebate\docs/log\debug_20260623_205632.log: open (e:\StarDebate\docs/log\debug_20260623_205632.log, a, 33161)
[20:56:34.321] [WARN] [NATIVE] [audit] e:\StarDebate\StarDebate.py: open (e:\StarDebate\StarDebate.py, r, 32896)
[20:56:34.321] [ERROR]     window = StarDebateApp(log_queue, log_path, log_settings,
[20:56:34.321] [WARN] [NATIVE] [audit] e:\StarDebate\docs/log\debug_20260623_205632.log: open (e:\StarDebate\docs/log\debug_20260623_205632.log, a, 33161)
[20:56:34.324] [ERROR]              ^^^^^^^^^^^^^^^^^^^^^^^^^^^^^^^^^^^^^^^^^^^^^^^^
[20:56:34.324] [WARN] [NATIVE] [audit] e:\StarDebate\docs/log\debug_20260623_205632.log: open (e:\StarDebate\docs/log\debug_20260623_205632.log, a, 33161)
[20:56:34.325] [WARN] [NATIVE] [audit] e:\StarDebate\docs/log\debug_20260623_205632.log: open (e:\StarDebate\docs/log\debug_20260623_205632.log, a, 33161)
[20:56:34.325] [ERROR]   File "e:\StarDebate\StarDebate_app.py", line 301, in __init__
[20:56:34.326] [WARN] [NATIVE] [audit] e:\StarDebate\StarDebate_app.py: open (e:\StarDebate\StarDebate_app.py, r, 32896)
[20:56:34.326] [ERROR]     self._setup_ui()
[20:56:34.326] [WARN] [NATIVE] [audit] e:\StarDebate\docs/log\debug_20260623_205632.log: open (e:\StarDebate\docs/log\debug_20260623_205632.log, a, 33161)
[20:56:34.327] [ERROR]   File "e:\StarDebate\workers\star_debate\ui_assembly.py", line 131, in _setup_ui
[20:56:34.327] [WARN] [NATIVE] [audit] e:\StarDebate\docs/log\debug_20260623_205632.log: open (e:\StarDebate\docs/log\debug_20260623_205632.log, a, 33161)
[20:56:34.328] [ERROR]     welcome_mgr.inject_into_centre_stack(self.centre_stack)
[20:56:34.328] [WARN] [NATIVE] [audit] e:\StarDebate\workers\star_debate\ui_assembly.py: open (e:\StarDebate\workers\star_debate\ui_assembly.py, r, 32896)
[20:56:34.328] [WARN] [NATIVE] [audit] e:\StarDebate\docs/log\debug_20260623_205632.log: open (e:\StarDebate\docs/log\debug_20260623_205632.log, a, 33161)
[20:56:34.329] [WARN] [NATIVE] [audit] e:\StarDebate\docs/log\debug_20260623_205632.log: open (e:\StarDebate\docs/log\debug_20260623_205632.log, a, 33161)
[20:56:34.329] [ERROR]     self._panel = self._build_panel()
[20:56:34.330] [WARN] [NATIVE] [audit] e:\StarDebate\workers\welcome_guide\welcome_guide_manager.py: open (e:\StarDebate\workers\welcome_guide\welcome_guide_manager.py, r, 32896)
[20:56:34.330] [WARN] [NATIVE] [audit] e:\StarDebate\docs/log\debug_20260623_205632.log: open (e:\StarDebate\docs/log\debug_20260623_205632.log, a, 33161)
[20:56:34.331] [ERROR]                   ^^^^^^^^^^^^^^^^^^^
debug_20260623_205632.log: open (e:\StarDebate\docs/log\debug_20260623_205632.log, a, 33161)
[20:56:34.332] [ERROR]   File "e:\StarDebate\workers\welcome_guide\welcome_guide_manager.py", line 137, in _build_panel
ug_20260623_205632.log, a, 33161)
[20:56:34.332] [WARN] [NATIVE] [audit] e:\StarDebate\workers\welcome_guide\welcome_guide_manager.py: open (e:\StarDebate\workers\welcome_guide\welcome_guide_manager.py, r, 32896)
[20:56:34.332] [ERROR]     panel = WelcomeGuideStepPanel(self._mw, self)
[20:56:34.332] [WARN] [NATIVE] [audit] e:\StarDebate\docs/log\debug_20260623_205632.log: open (e:\StarDebate\docs/log\debug_20260623_205632.log, a, 33161)
[20:56:34.332] [ERROR]             ^^^^^^^^^^^^^^^^^^^^^^^^^^^^^^^^^^^^^
[20:56:34.332] [ERROR]   File "e:\StarDebate\workers\welcome_guide\welcome_guide_step_panel.py", line 80, in __init__
[20:56:34.337] [ERROR]     self._build_ui()
[20:56:34.337] [ERROR]   File "e:\StarDebate\workers\welcome_guide\welcome_guide_step_panel.py", line 117, in _build_ui
[20:56:34.337] [ERROR]     self._stack.addWidget(self._build_step_cards())
[20:56:34.340] [ERROR]                           ^^^^^^^^^^^^^^^^^^^^^^^^
[20:56:34.341] [ERROR]   File "e:\StarDebate\workers\welcome_guide\welcome_guide_step_panel.py", line 199, in _build_step_cards
[20:56:34.341] [ERROR]     card = ClickableCard(sn, title, desc, act)
[20:56:34.344] [ERROR]            ^^^^^^^^^^^^^^^^^^^^^^^^^^^^^^^^^^^
[20:56:34.344] [ERROR]   File "e:\StarDebate\workers\welcome_guide\welcome_guide_components.py", line 58, in __init__
[20:56:34.345] [ERROR]     icon_lbl.setPixmap(render_svg_themed(svg_path, 26))
[20:56:34.347] [ERROR]                        ^^^^^^^^^^^^^^^^^^^^^^^^^^^^^^^
[20:56:34.347] [ERROR]   File "e:\StarDebate\workers\welcome_guide\welcome_guide_components.py", line 15, in render_svg_themed
[20:56:34.348] [ERROR]     pix = QPixmap(size, size)
[20:56:34.349] [ERROR]           ^^^^^^^
[20:56:34.349] [ERROR] NameError: name 'QPixmap' is not defined
[20:56:34.355] [ERROR] [UNCAUGHT] NameError: name 'QPixmap' is not defined
[20:56:34.357] [ERROR] [NATIVE] [uncaught] contextlib.py:L144: [C_EXCEPTION] builtin_function_or_method
[20:56:49.904] [WARN] [SYS] 监视心跳超时: 17秒无新数据 (最后心跳: 20:56:32)
[20:56:52.914] [ERROR] ════════════════════════════════════════════════════════════
[20:56:52.914] [ERROR] ═══ [SYS] 主进程异常退出 ═══
[20:56:52.915] [ERROR] ════════════════════════════════════════════════════════════
[20:56:52.915] [ERROR]   PID: 42952
[20:56:52.915] [ERROR]   退出时间: 2026-06-23 20:56:52
[20:56:52.916] [ERROR]   队列残留条目（已排空）: 0 条
[20:56:52.916] [ERROR]   应急写入次数: 0
[20:56:52.916] [ERROR]   最后监视心跳: 20:56:49 (3秒前)
[20:56:52.917] [ERROR] ────────────────────────────────────────
[20:56:52.917] [ERROR] ═══ 💡 崩溃自动分析 ═══
[20:56:52.920] [ERROR]     [ERROR] NameError: name 'QPixmap' is not defined
[20:56:52.920] [ERROR]     [ERROR] [UNCAUGHT] NameError: name 'QPixmap' is not defined
[20:56:52.920] [ERROR]     [ERROR] [NATIVE] [uncaught] contextlib.py:L144: [C_EXCEPTION] builtin_function_or_method
[20:56:52.927] [ERROR]   1. ⚪ 起居注未活跃（无 [CRON] 条目）
[20:56:52.927] [ERROR]   2. 🔴 崩溃前 10.0秒内 ERROR: 43 条
[20:56:52.927] [ERROR]   3. 🟡 崩溃前 10.0秒内 WARN: 46 条
[20:56:52.928] [ERROR]   4. 🟡 重复错误模式 (3 类): 
[20:56:52.928] [ERROR]   5.     ↻ 出现 42 次: [NATIVE] [audit] e
[20:56:52.928] [ERROR]   6.     ↻ 出现 4 次: [NATIVE] [uncaught] <frozen os>
[20:56:52.928] [ERROR]   7.     ↻ 出现 2 次: [NATIVE] [uncaught] <frozen importlib._bootstrap_external>
[20:56:52.930] [ERROR]   8. 📊 错误类型分布: Python 异常:3, 超时:1
[20:56:52.930] [ERROR]   9.     ► Python 异常未捕获：检查 Worker 线程的 try/except
[20:56:52.930] [ERROR]   10. 📁 错误热点文件: StarDebate.py:3, welcome_guide_step_panel.py:3, welcome_guide_components.py:2
[20:56:52.930] [ERROR]   11. 📊 底层事件分布: [NATIVE]:54
[20:56:52.930] [ERROR]   12. 📁 SQLite native.db 最近 5 条:
[20:56:52.930] [ERROR]   13.     [20:56:34] [uncaught] sys.setprofile: [C_EXCEPTION] builtin_function_or_method
[20:56:52.930] [ERROR]   14.     [20:56:34] [audit] sys.addaudithook: open (e:\StarDebate\docs/log\debug_20260623_205632.log, a, 33161)
[20:56:52.930] [ERROR]   15.     [20:56:34] [audit] sys.addaudithook: open (e:\StarDebate\workers\welcome_guide\welcome_guide_manager.py, r, 32896)
[20:56:52.933] [ERROR]   16.     [20:56:34] [audit] sys.addaudithook: open (e:\StarDebate\docs/log\debug_20260623_205632.log, a, 33161)
[20:56:52.933] [ERROR]   17.     [20:56:34] [audit] sys.addaudithook: open (e:\StarDebate\docs/log\debug_20260623_205632.log, a, 33161)
[20:56:52.933] [ERROR]   ─── 建议 ───
[20:56:52.933] [ERROR]   → 同一错误反复出现，应在日志中查找最早出现点并追溯根因
[20:56:52.933] [ERROR]   → 多线程状态异常，检查 Worker 生命周期/线程泄露
[20:56:52.933] [ERROR] ════════════════════════════════════════════════════════════
[20:56:53.470] [INFO] [SYS] LogService 进程退出
