[00:09:07.975] [INFO] ═══ LogService 已启动 ═══
[00:09:07.977] [INFO] 自动清理: 已删除 1 个过期日志文件（>7天）
[00:09:07.977] [INFO] 日志文件: e:\StarDebate\docs/log\debug_20260625_000907.log
[00:09:07.978] [INFO] [SYS] 系统健康监视已启动 (监控 PID: 38580)
[00:09:07.978] [INFO] [SYS] 日志服务进入主循环，等待指令...
[00:09:10.719] [INFO] 开发者模式: 关闭 (禁用: ['debug_console'])
[00:09:10.754] [INFO] ═══ StarDebate 启动 ═══
[00:09:10.755] [INFO] 版本: 6.2.7
[00:09:10.755] [INFO] 主题: notion_light
[00:09:10.756] [INFO] 日志文件: e:\StarDebate\docs/log\debug_20260625_000907.log
[00:09:10.756] [INFO] 日志服务: 独立进程 (LogService)
[00:09:10.757] [INFO] [CRON] 起居注自动追踪已启用 (v2.0.0)
[00:09:10.757] [INFO] [CRON] 追踪范围: 插件/API/AI/Qt错误/Worker线程  + traceback + 守护日志环 + 崩溃分析
[00:09:10.771] [INFO] [NATIVE] 底层事件记录系统已启用 (v1.2.0 M3)
[00:09:10.772] [INFO] [NATIVE] 钩子: Qt/excepthook/unraisable/audit/gc/c_exception
[00:09:10.772] [INFO] [NATIVE] 监视: 线程健康/资源跟踪/起居注桥接
[00:09:10.773] [INFO] [NATIVE] SQLite: e:\StarDebate\docs/log/native.db
[00:09:10.773] [INFO] 调试监视已开启: 变量, 函数, 插件, API, AI
[00:09:10.773] [INFO] [CFG] 已加载 log_settings.json，开始同步运行时配置
[00:09:10.775] [ERROR] [NATIVE] [uncaught] <frozen os>:L225: [C_EXCEPTION] builtin_function_or_method
[00:09:10.775] [WARN] [NATIVE] [audit] e:\StarDebate\config\debug_monitor.json: open (e:\StarDebate\config\debug_monitor.json, w, 33665)
[00:09:10.775] [ERROR] [NATIVE] [uncaught] <frozen os>:L225: [C_EXCEPTION] builtin_function_or_method
[00:09:10.775] [WARN] [NATIVE] [audit] e:\StarDebate\config\debug_monitor.json: open (e:\StarDebate\config\debug_monitor.json, w, 33665)
[00:09:10.775] [ERROR] [NATIVE] [uncaught] <frozen os>:L225: [C_EXCEPTION] builtin_function_or_method
[00:09:10.777] [WARN] [NATIVE] [audit] e:\StarDebate\config\debug_monitor.json: open (e:\StarDebate\config\debug_monitor.json, w, 33665)
[00:09:10.777] [ERROR] [NATIVE] [uncaught] <frozen os>:L225: [C_EXCEPTION] builtin_function_or_method
[00:09:10.777] [WARN] [NATIVE] [audit] e:\StarDebate\config\debug_monitor.json: open (e:\StarDebate\config\debug_monitor.json, w, 33665)
[00:09:10.777] [ERROR] [NATIVE] [uncaught] <frozen os>:L225: [C_EXCEPTION] builtin_function_or_method
[00:09:10.778] [WARN] [NATIVE] [audit] e:\StarDebate\config\debug_monitor.json: open (e:\StarDebate\config\debug_monitor.json, w, 33665)
[00:09:10.778] [WARN] [NATIVE] [audit] e:\StarDebate\config\debug_monitor.json: open (e:\StarDebate\config\debug_monitor.json, w, 33665)
[00:09:10.779] [WARN] [NATIVE] [audit] e:\StarDebate\config\debug_monitor.json: open (e:\StarDebate\config\debug_monitor.json, w, 33665)
[00:09:10.779] [INFO] [CFG] 调试监视: 已开启 → 变量, 函数, 插件, API, AI
[00:09:10.779] [WARN] [NATIVE] [audit] e:\StarDebate\config/chronicle_config.json: open (e:\StarDebate\config/chronicle_config.json, w, 33665)
[00:09:10.779] [INFO] [CFG] 起居注: 已开启
[00:09:10.780] [INFO] [CFG] log_settings.json 同步完成
[00:09:10.780] [ERROR] [NATIVE] [uncaught] spawn.py:L175: [C_EXCEPTION] builtin_function_or_method
[00:09:10.781] [WARN] [NATIVE] [audit] 3: open (3, w, 33665)
[00:09:10.791] [INFO] 崩溃监控已启动 (PID: 38580)
[00:09:10.791] [WARN] [NATIVE] [audit] e:\StarDebate\config/keyboard_shortcuts.json: open (e:\StarDebate\config/keyboard_shortcuts.json, r, 32896)
[00:09:10.794] [INFO] [WELCOME] WelcomeGuideManager 初始化
[00:09:10.794] [WARN] [NATIVE] [audit] e:\StarDebate\config/config.json: open (e:\StarDebate\config/config.json, r, 32896)
[00:09:10.795] [WARN] [NATIVE] [audit] e:\StarDebate\config/config.json: open (e:\StarDebate\config/config.json, r, 32896)
[00:09:10.795] [INFO] [WELCOME] 当前版本: 6.2.7, 上次查看引导版本: '6.2.3'
[00:09:10.796] [WARN] [NATIVE] [audit] import components.shadow_container: import (components.shadow_container, None, ['e:\\StarDebate', 'C:\\Users\\Oblivion\\Python\\python312.zip', 'C:\\Users\\Obl)
[00:09:10.796] [ERROR] [NATIVE] [uncaught] <frozen importlib._bootstrap_external>:L147: [C_EXCEPTION] builtin_function_or_method
[00:09:10.796] [ERROR] [NATIVE] [uncaught] <frozen importlib._bootstrap_external>:L147: [C_EXCEPTION] builtin_function_or_method
[00:09:10.797] [WARN] [NATIVE] [audit] e:\StarDebate\components\shadow_container\__pycache__\__init__.cpython-312.pyc: open (e:\StarDebate\components\shadow_container\__pycache__\__init__.cpython-312.pyc, r, 32896)
[00:09:10.797] [WARN] [NATIVE] [audit] import components.shadow_container.shadow_container: import (components.shadow_container.shadow_container, None, ['e:\\StarDebate', 'C:\\Users\\Oblivion\\Python\\python312.zip', 'C:\\Users\\Obl)
[00:09:10.798] [WARN] [NATIVE] [audit] e:\StarDebate\components\shadow_container\__pycache__\shadow_container.cpython-312.pyc: open (e:\StarDebate\components\shadow_container\__pycache__\shadow_container.cpython-3, r, 32896)
[00:09:10.802] [WARN] [NATIVE] [audit] e:\StarDebate\config/config.json: open (e:\StarDebate\config/config.json, r, 32896)
[00:09:10.804] [WARN] [NATIVE] [audit] e:\StarDebate\style\themes\notion_light\theme.json: open (e:\StarDebate\style\themes\notion_light\theme.json, r, 32896)
[00:09:10.867] [WARN] [NATIVE] [audit] e:\StarDebate\config/config.json: open (e:\StarDebate\config/config.json, r, 32896)
[00:09:10.876] [WARN] [NATIVE] [audit] e:\StarDebate\workers\speech_editor\..\..\icon\index\has_material.svg: open (e:\StarDebate\workers\speech_editor\..\..\icon\index\has_material.svg, r, 32896)
[00:09:10.881] [WARN] [NATIVE] [audit] e:\StarDebate\StarDebate.py: open (e:\StarDebate\StarDebate.py, r, 32896)
[00:09:10.881] [WARN] [NATIVE] [audit] e:\StarDebate\StarDebate_app.py: open (e:\StarDebate\StarDebate_app.py, r, 32896)
[00:09:10.883] [WARN] [NATIVE] [audit] e:\StarDebate\workers\star_debate\ui_assembly.py: open (e:\StarDebate\workers\star_debate\ui_assembly.py, r, 32896)
[00:09:10.885] [WARN] [NATIVE] [audit] e:\StarDebate\workers\speech_editor\speech_editor_manager.py: open (e:\StarDebate\workers\speech_editor\speech_editor_manager.py, r, 32896)
[00:09:10.899] [ERROR] Traceback (most recent call last):
 'get_module_svg_icon' is not defined
[00:09:10.900] [WARN] [NATIVE] [audit] e:\StarDebate\docs/log\debug_20260625_000907.log: open (e:\StarDebate\docs/log\debug_20260625_000907.log, a, 33161)
[00:09:10.900] [ERROR]   File "e:\StarDebate\StarDebate.py", line 529, in <module>
[00:09:10.900] [WARN] [NATIVE] [audit] e:\StarDebate\docs/log\debug_20260625_000907.log: open (e:\StarDebate\docs/log\debug_20260625_000907.log, a, 33161)
[00:09:10.901] [ERROR]     main_loop()
:\StarDebate\StarDebate.py: open (e:\StarDebate\StarDebate.py, r, 32896)
[00:09:10.902] [WARN] [NATIVE] [audit] e:\StarDebate\docs/log\debug_20260625_000907.log: open (e:\StarDebate\docs/log\debug_20260625_000907.log, a, 33161)
[00:09:10.902] [ERROR]   File "e:\StarDebate\StarDebate.py", line 483, in main_loop
[00:09:10.902] [WARN] [NATIVE] [audit] e:\StarDebate\docs/log\debug_20260625_000907.log: open (e:\StarDebate\docs/log\debug_20260625_000907.log, a, 33161)
[00:09:10.903] [WARN] [NATIVE] [audit] e:\StarDebate\StarDebate.py: open (e:\StarDebate\StarDebate.py, r, 32896)
[00:09:10.903] [WARN] [NATIVE] [audit] e:\StarDebate\docs/log\debug_20260625_000907.log: open (e:\StarDebate\docs/log\debug_20260625_000907.log, a, 33161)
[00:09:10.905] [ERROR]                 ^^^^^^^^^^^^^^^^^^^^^^^^^^^^^^^^^^^^^^^^^^^^^^^^^^^^^
(e:\StarDebate\docs/log\debug_20260625_000907.log, a, 33161)
[00:09:10.906] [ERROR]   File "e:\StarDebate\StarDebate.py", line 232, in _start_window
open (e:\StarDebate\docs/log\debug_20260625_000907.log, a, 33161)
[00:09:10.907] [WARN] [NATIVE] [audit] e:\StarDebate\StarDebate.py: open (e:\StarDebate\StarDebate.py, r, 32896)
[00:09:10.907] [ERROR]     window = StarDebateApp(log_queue, log_path, log_settings,
[00:09:10.907] [WARN] [NATIVE] [audit] e:\StarDebate\docs/log\debug_20260625_000907.log: open (e:\StarDebate\docs/log\debug_20260625_000907.log, a, 33161)
[00:09:10.909] [ERROR]              ^^^^^^^^^^^^^^^^^^^^^^^^^^^^^^^^^^^^^^^^^^^^^^^^
[00:09:10.910] [WARN] [NATIVE] [audit] e:\StarDebate\docs/log\debug_20260625_000907.log: open (e:\StarDebate\docs/log\debug_20260625_000907.log, a, 33161)
[00:09:10.910] [ERROR]   File "e:\StarDebate\StarDebate_app.py", line 305, in __init__
[00:09:10.911] [WARN] [NATIVE] [audit] e:\StarDebate\docs/log\debug_20260625_000907.log: open (e:\StarDebate\docs/log\debug_20260625_000907.log, a, 33161)
[00:09:10.911] [ERROR]     self._setup_ui()
[00:09:10.911] [WARN] [NATIVE] [audit] e:\StarDebate\StarDebate_app.py: open (e:\StarDebate\StarDebate_app.py, r, 32896)
[00:09:10.912] [WARN] [NATIVE] [audit] e:\StarDebate\docs/log\debug_20260625_000907.log: open (e:\StarDebate\docs/log\debug_20260625_000907.log, a, 33161)
[00:09:10.912] [WARN] [NATIVE] [audit] e:\StarDebate\docs/log\debug_20260625_000907.log: open (e:\StarDebate\docs/log\debug_20260625_000907.log, a, 33161)
[00:09:10.913] [ERROR]     self._speech_mgr.build_ui()
[00:09:10.913] [WARN] [NATIVE] [audit] e:\StarDebate\workers\star_debate\ui_assembly.py: open (e:\StarDebate\workers\star_debate\ui_assembly.py, r, 32896)
[00:09:10.914] [WARN] [NATIVE] [audit] e:\StarDebate\docs/log\debug_20260625_000907.log: open (e:\StarDebate\docs/log\debug_20260625_000907.log, a, 33161)
[00:09:10.913] [ERROR]   File "e:\StarDebate\workers\speech_editor\speech_editor_manager.py", line 614, in build_ui
[00:09:10.914] [WARN] [NATIVE] [audit] e:\StarDebate\docs/log\debug_20260625_000907.log: open (e:\StarDebate\docs/log\debug_20260625_000907.log, a, 33161)
[00:09:10.915] [WARN] [NATIVE] [audit] e:\StarDebate\workers\speech_editor\speech_editor_manager.py: open (e:\StarDebate\workers\speech_editor\speech_editor_manager.py, r, 32896)
[00:09:10.915] [WARN] [NATIVE] [audit] e:\StarDebate\docs/log\debug_20260625_000907.log: open (e:\StarDebate\docs/log\debug_20260625_000907.log, a, 33161)
[00:09:10.916] [ERROR]          ^^^^^^^^^^^^^^^^^^^
[00:09:10.916] [WARN] [NATIVE] [audit] e:\StarDebate\docs/log\debug_20260625_000907.log: open (e:\StarDebate\docs/log\debug_20260625_000907.log, a, 33161)
[00:09:10.917] [ERROR] NameError: name 'get_module_svg_icon' is not defined
[00:09:10.917] [WARN] [NATIVE] [audit] e:\StarDebate\docs/log\debug_20260625_000907.log: open (e:\StarDebate\docs/log\debug_20260625_000907.log, a, 33161)
[00:09:10.934] [ERROR] [UNCAUGHT] NameError: name 'get_module_svg_icon' is not defined
[00:09:10.934] [ERROR] [NATIVE] [uncaught] contextlib.py:L144: [C_EXCEPTION] builtin_function_or_method
[00:09:24.983] [WARN] [SYS] 监视心跳超时: 17秒无新数据 (最后心跳: 00:09:07)
[00:09:34.447] [ERROR] ════════════════════════════════════════════════════════════
[00:09:34.449] [ERROR] ═══ [SYS] 主进程异常退出 ═══
[00:09:34.449] [ERROR] ════════════════════════════════════════════════════════════
[00:09:34.449] [ERROR]   PID: 38580
[00:09:34.449] [ERROR]   退出时间: 2026-06-25 00:09:34
[00:09:34.451] [ERROR]   队列残留条目（已排空）: 0 条
[00:09:34.452] [ERROR]   应急写入次数: 0
[00:09:34.452] [ERROR]   最后监视心跳: 00:09:24 (9秒前)
[00:09:34.453] [ERROR] ────────────────────────────────────────
[00:09:34.453] [ERROR] ═══ 💡 崩溃自动分析 ═══
[00:09:34.465] [ERROR]   1. ⚪ 起居注未活跃（无 [CRON] 条目）
[00:09:34.466] [ERROR]   2. 🟢 崩溃前无 ERROR 级别日志
[00:09:34.467] [ERROR]   3. 🟡 重复错误模式 (3 类): 
[00:09:34.467] [ERROR]   4.     ↻ 出现 41 次: [NATIVE] [audit] e
[00:09:34.468] [ERROR]   5.     ↻ 出现 5 次: [NATIVE] [uncaught] <frozen os>
[00:09:34.468] [ERROR]   6.     ↻ 出现 2 次: [NATIVE] [uncaught] <frozen importlib._bootstrap_external>
[00:09:34.468] [ERROR]   7. 📊 错误类型分布: Python 异常:2, 超时:1
[00:09:34.469] [ERROR]   8.     ► Python 异常未捕获：检查 Worker 线程的 try/except
[00:09:34.470] [ERROR]   9. 📁 错误热点文件: StarDebate.py:3, StarDebate_app.py:1, speech_editor_manager.py:1
[00:09:34.471] [ERROR]   10. 🟡 最后日志距崩溃 57610秒，可能为静默卡死
[00:09:34.472] [ERROR]   11. 📊 底层事件分布: [NATIVE]:57
[00:09:34.472] [ERROR]   12. 📁 SQLite native.db 最近 5 条:
[00:09:34.472] [ERROR]   13.     [00:09:10] [uncaught] sys.setprofile: [C_EXCEPTION] builtin_function_or_method
[00:09:34.473] [ERROR]   14.     [00:09:10] [audit] sys.addaudithook: open (e:\StarDebate\docs/log\debug_20260625_000907.log, a, 33161)
[00:09:34.473] [ERROR]   15.     [00:09:10] [audit] sys.addaudithook: open (e:\StarDebate\docs/log\debug_20260625_000907.log, a, 33161)
[00:09:34.474] [ERROR]   16.     [00:09:10] [audit] sys.addaudithook: open (e:\StarDebate\docs/log\debug_20260625_000907.log, a, 33161)
[00:09:34.474] [ERROR]   17.     [00:09:10] [audit] sys.addaudithook: open (e:\StarDebate\workers\speech_editor\speech_editor_manager.py, r, 32896)
[00:09:34.474] [ERROR]   ─── 建议 ───
[00:09:34.475] [ERROR]   → 检查是否有死锁/无限循环/Qt 事件循环阻塞
[00:09:34.475] [ERROR]   → 同一错误反复出现，应在日志中查找最早出现点并追溯根因
[00:09:34.475] [ERROR]   → 多线程状态异常，检查 Worker 生命周期/线程泄露
[00:09:34.476] [ERROR]   → 无声崩溃（无日志前兆）：可能为 kill/硬件/系统级终止
[00:09:34.476] [ERROR] ════════════════════════════════════════════════════════════
[00:09:34.478] [INFO] [SYS] LogService 进程退出
