[00:14:22.551] [INFO] ═══ LogService 已启动 ═══
[00:14:22.552] [INFO] 自动清理: 无过期日志文件
[00:14:22.552] [INFO] 日志文件: e:\StarDebate\docs/log\debug_20260624_001422.log
[00:14:22.553] [INFO] [SYS] 系统健康监视已启动 (监控 PID: 25192)
[00:14:22.554] [INFO] [SYS] 日志服务进入主循环，等待指令...
[00:14:23.761] [INFO] 开发者模式: 关闭 (禁用: ['debug_console'])
[00:14:23.788] [INFO] ═══ StarDebate 启动 ═══
[00:14:23.789] [INFO] 版本: 6.1.6
[00:14:23.790] [INFO] 主题: notion_light
[00:14:23.790] [INFO] 日志文件: e:\StarDebate\docs/log\debug_20260624_001422.log
[00:14:23.790] [INFO] 日志服务: 独立进程 (LogService)
[00:14:23.790] [INFO] [CRON] 起居注自动追踪已启用 (v2.0.0)
[00:14:23.790] [INFO] [CRON] 追踪范围: 插件/API/AI/Qt错误/Worker线程  + traceback + 守护日志环 + 崩溃分析
[00:14:23.795] [INFO] [NATIVE] 底层事件记录系统已启用 (v1.2.0 M3)
[00:14:23.795] [INFO] [NATIVE] 钩子: Qt/excepthook/unraisable/audit/gc/c_exception
[00:14:23.798] [INFO] [NATIVE] 监视: 线程健康/资源跟踪/起居注桥接
[00:14:23.798] [INFO] [NATIVE] SQLite: e:\StarDebate\docs/log/native.db
[00:14:23.798] [INFO] 调试监视已开启: 变量, 函数, 插件, API, AI
[00:14:23.798] [INFO] [CFG] 已加载 log_settings.json，开始同步运行时配置
[00:14:23.798] [ERROR] [NATIVE] [uncaught] <frozen os>:L225: [C_EXCEPTION] builtin_function_or_method
[00:14:23.798] [WARN] [NATIVE] [audit] e:\StarDebate\config\debug_monitor.json: open (e:\StarDebate\config\debug_monitor.json, w, 33665)
[00:14:23.798] [ERROR] [NATIVE] [uncaught] <frozen os>:L225: [C_EXCEPTION] builtin_function_or_method
[00:14:23.798] [WARN] [NATIVE] [audit] e:\StarDebate\config\debug_monitor.json: open (e:\StarDebate\config\debug_monitor.json, w, 33665)
[00:14:23.798] [ERROR] [NATIVE] [uncaught] <frozen os>:L225: [C_EXCEPTION] builtin_function_or_method
[00:14:23.798] [WARN] [NATIVE] [audit] e:\StarDebate\config\debug_monitor.json: open (e:\StarDebate\config\debug_monitor.json, w, 33665)
[00:14:23.798] [ERROR] [NATIVE] [uncaught] <frozen os>:L225: [C_EXCEPTION] builtin_function_or_method
[00:14:23.802] [WARN] [NATIVE] [audit] e:\StarDebate\config\debug_monitor.json: open (e:\StarDebate\config\debug_monitor.json, w, 33665)
[00:14:23.802] [ERROR] [NATIVE] [uncaught] <frozen os>:L225: [C_EXCEPTION] builtin_function_or_method
[00:14:23.802] [WARN] [NATIVE] [audit] e:\StarDebate\config\debug_monitor.json: open (e:\StarDebate\config\debug_monitor.json, w, 33665)
[00:14:23.802] [WARN] [NATIVE] [audit] e:\StarDebate\config\debug_monitor.json: open (e:\StarDebate\config\debug_monitor.json, w, 33665)
[00:14:23.802] [WARN] [NATIVE] [audit] e:\StarDebate\config\debug_monitor.json: open (e:\StarDebate\config\debug_monitor.json, w, 33665)
[00:14:23.802] [INFO] [CFG] 调试监视: 已开启 → 变量, 函数, 插件, API, AI
[00:14:23.802] [WARN] [NATIVE] [audit] e:\StarDebate\config/chronicle_config.json: open (e:\StarDebate\config/chronicle_config.json, w, 33665)
[00:14:23.802] [INFO] [CFG] 起居注: 已开启
[00:14:23.806] [INFO] [CFG] log_settings.json 同步完成
[00:14:23.806] [ERROR] [NATIVE] [uncaught] spawn.py:L175: [C_EXCEPTION] builtin_function_or_method
[00:14:23.807] [WARN] [NATIVE] [audit] 3: open (3, w, 33665)
[00:14:23.815] [INFO] 崩溃监控已启动 (PID: 25192)
[00:14:23.816] [WARN] [NATIVE] [audit] e:\StarDebate\config/keyboard_shortcuts.json: open (e:\StarDebate\config/keyboard_shortcuts.json, r, 32896)
[00:14:23.816] [INFO] [WELCOME] WelcomeGuideManager 初始化
[00:14:23.819] [WARN] [NATIVE] [audit] e:\StarDebate\config/config.json: open (e:\StarDebate\config/config.json, r, 32896)
[00:14:23.819] [WARN] [NATIVE] [audit] e:\StarDebate\config/config.json: open (e:\StarDebate\config/config.json, r, 32896)
[00:14:23.819] [INFO] [WELCOME] 当前版本: 6.1.6, 上次查看引导版本: '6.1.6'
[00:14:23.819] [WARN] [NATIVE] [audit] import components.shadow_container: import (components.shadow_container, None, ['e:\\StarDebate', 'C:\\Users\\Oblivion\\Python\\python312.zip', 'C:\\Users\\Obl)
[00:14:23.819] [ERROR] [NATIVE] [uncaught] <frozen importlib._bootstrap_external>:L147: [C_EXCEPTION] builtin_function_or_method
[00:14:23.819] [ERROR] [NATIVE] [uncaught] <frozen importlib._bootstrap_external>:L147: [C_EXCEPTION] builtin_function_or_method
[00:14:23.819] [WARN] [NATIVE] [audit] e:\StarDebate\components\shadow_container\__pycache__\__init__.cpython-312.pyc: open (e:\StarDebate\components\shadow_container\__pycache__\__init__.cpython-312.pyc, r, 32896)
[00:14:23.823] [WARN] [NATIVE] [audit] import components.shadow_container.shadow_container: import (components.shadow_container.shadow_container, None, ['e:\\StarDebate', 'C:\\Users\\Oblivion\\Python\\python312.zip', 'C:\\Users\\Obl)
[00:14:23.823] [WARN] [NATIVE] [audit] e:\StarDebate\components\shadow_container\__pycache__\shadow_container.cpython-312.pyc: open (e:\StarDebate\components\shadow_container\__pycache__\shadow_container.cpython-3, r, 32896)
[00:14:23.823] [WARN] [NATIVE] [audit] e:\StarDebate\config/config.json: open (e:\StarDebate\config/config.json, r, 32896)
[00:14:23.823] [WARN] [NATIVE] [audit] e:\StarDebate\style\themes\notion_light\theme.json: open (e:\StarDebate\style\themes\notion_light\theme.json, r, 32896)
[00:14:23.866] [WARN] [NATIVE] [audit] e:\StarDebate\config/config.json: open (e:\StarDebate\config/config.json, r, 32896)
[00:14:23.873] [WARN] [NATIVE] [audit] e:\StarDebate\workers\speech_editor\..\..\icon\index\has_material.svg: open (e:\StarDebate\workers\speech_editor\..\..\icon\index\has_material.svg, r, 32896)
[00:14:23.918] [INFO] [WELCOME] WelcomeGuideStepPanel 创建完成
[00:14:23.944] [WARN] [NATIVE] [audit] e:\StarDebate\config/changelog.html: open (e:\StarDebate\config/changelog.html, r, 32896)
[00:14:23.953] [INFO] [WELCOME] 引导面板已注入 centre_stack (索引 10)
[00:14:23.968] [WARN] [NATIVE] [audit] e:\StarDebate\style\themes\notion_light\theme.json: open (e:\StarDebate\style\themes\notion_light\theme.json, r, 32896)
[00:14:23.968] [WARN] [NATIVE] [audit] e:\StarDebate\style\themes\notion_light\theme.json: open (e:\StarDebate\style\themes\notion_light\theme.json, r, 32896)
[00:14:23.980] [ERROR] [NATIVE] [uncaught] <frozen importlib._bootstrap_external>:L147: [C_EXCEPTION] builtin_function_or_method
[00:14:23.980] [ERROR] [NATIVE] [uncaught] <frozen importlib._bootstrap_external>:L147: [C_EXCEPTION] builtin_function_or_method
[00:14:23.981] [WARN] [NATIVE] [audit] e:\StarDebate\workers\training\quick_quiz\__pycache__\__init__.cpython-312.pyc: open (e:\StarDebate\workers\training\quick_quiz\__pycache__\__init__.cpython-312.pyc, r, 32896)
[00:14:23.988] [WARN] [NATIVE] [audit] import workers.training.quick_quiz.quick_quiz_manager: import (workers.training.quick_quiz.quick_quiz_manager, None, ['e:\\StarDebate', 'C:\\Users\\Oblivion\\Python\\python312.zip', 'C:\\Users\\Obl)
[00:14:23.990] [WARN] [NATIVE] [audit] e:\StarDebate\workers\training\quick_quiz\__pycache__\quick_quiz_manager.cpython-312.pyc: open (e:\StarDebate\workers\training\quick_quiz\__pycache__\quick_quiz_manager.cpython, r, 32896)
[00:14:24.003] [WARN] [NATIVE] [audit] import workers.training.exercise.exercise_manager: import (workers.training.exercise.exercise_manager, None, ['e:\\StarDebate', 'C:\\Users\\Oblivion\\Python\\python312.zip', 'C:\\Users\\Obl)
[00:14:24.003] [WARN] [NATIVE] [audit] e:\StarDebate\workers\training\exercise\__pycache__\exercise_manager.cpython-312.pyc: open (e:\StarDebate\workers\training\exercise\__pycache__\exercise_manager.cpython-312, r, 32896)
[00:14:24.061] [INFO] [FUNC] material_pool:build_panel → ✅ 返回(0ms): ''
[00:14:24.065] [WARN] [NATIVE] [audit] e:\StarDebate\style\themes\notion_light\theme.json: open (e:\StarDebate\style\themes\notion_light\theme.json, r, 32896)
[00:14:24.175] [WARN] [NATIVE] [audit] e:\StarDebate\config/config.json: open (e:\StarDebate\config/config.json, r, 32896)
[00:14:24.224] [WARN] [NATIVE] [audit] e:\StarDebate\config/config.json: open (e:\StarDebate\config/config.json, r, 32896)
[00:14:24.225] [WARN] [NATIVE] [audit] e:\StarDebate\style\themes\notion_light\theme.json: open (e:\StarDebate\style\themes\notion_light\theme.json, r, 32896)
[00:14:24.225] [WARN] [NATIVE] [audit] e:\StarDebate\style\themes\notion_light\main.qss: open (e:\StarDebate\style\themes\notion_light\main.qss, r, 32896)
[00:14:24.226] [WARN] [NATIVE] [audit] e:\StarDebate\style\themes\notion_light\title_bar.qss: open (e:\StarDebate\style\themes\notion_light\title_bar.qss, r, 32896)
[00:14:24.226] [WARN] [NATIVE] [audit] e:\StarDebate\style\themes\notion_light\nav_bar.qss: open (e:\StarDebate\style\themes\notion_light\nav_bar.qss, r, 32896)
[00:14:24.228] [WARN] [NATIVE] [audit] e:\StarDebate\style\themes\notion_light\structure.qss: open (e:\StarDebate\style\themes\notion_light\structure.qss, r, 32896)
[00:14:24.228] [WARN] [NATIVE] [audit] e:\StarDebate\style\themes\notion_light\settings.qss: open (e:\StarDebate\style\themes\notion_light\settings.qss, r, 32896)
[00:14:24.228] [WARN] [NATIVE] [audit] e:\StarDebate\style\themes\notion_light\ref_doc.qss: open (e:\StarDebate\style\themes\notion_light\ref_doc.qss, r, 32896)
[00:14:24.229] [WARN] [NATIVE] [audit] e:\StarDebate\style\themes\notion_light\speech_editor.qss: open (e:\StarDebate\style\themes\notion_light\speech_editor.qss, r, 32896)
[00:14:24.229] [WARN] [NATIVE] [audit] e:\StarDebate\style\themes\notion_light\tournament.qss: open (e:\StarDebate\style\themes\notion_light\tournament.qss, r, 32896)
[00:14:24.229] [WARN] [NATIVE] [audit] e:\StarDebate\style\themes\notion_light\framework.qss: open (e:\StarDebate\style\themes\notion_light\framework.qss, r, 32896)
[00:14:24.230] [WARN] [NATIVE] [audit] e:\StarDebate\style\themes\notion_light\speech_writer.qss: open (e:\StarDebate\style\themes\notion_light\speech_writer.qss, r, 32896)
[00:14:24.230] [WARN] [NATIVE] [audit] e:\StarDebate\style\themes\notion_light\ai_expand.qss: open (e:\StarDebate\style\themes\notion_light\ai_expand.qss, r, 32896)
[00:14:24.231] [WARN] [NATIVE] [audit] e:\StarDebate\style\themes\notion_light\notes.qss: open (e:\StarDebate\style\themes\notion_light\notes.qss, r, 32896)
[00:14:24.231] [WARN] [NATIVE] [audit] e:\StarDebate\style\themes\notion_light\training.qss: open (e:\StarDebate\style\themes\notion_light\training.qss, r, 32896)
[00:14:24.232] [WARN] [NATIVE] [audit] e:\StarDebate\style\themes\notion_light\ai_analysis.qss: open (e:\StarDebate\style\themes\notion_light\ai_analysis.qss, r, 32896)
[00:14:24.232] [WARN] [NATIVE] [audit] e:\StarDebate\style\themes\notion_light\cross_examination.qss: open (e:\StarDebate\style\themes\notion_light\cross_examination.qss, r, 32896)
[00:14:24.233] [WARN] [NATIVE] [audit] e:\StarDebate\style\themes\notion_light\new_debate.qss: open (e:\StarDebate\style\themes\notion_light\new_debate.qss, r, 32896)
[00:14:24.233] [WARN] [NATIVE] [audit] e:\StarDebate\style\themes\notion_light\debug_console.qss: open (e:\StarDebate\style\themes\notion_light\debug_console.qss, r, 32896)
[00:14:24.234] [WARN] [NATIVE] [audit] e:\StarDebate\style\themes\notion_light\suggest_popup.qss: open (e:\StarDebate\style\themes\notion_light\suggest_popup.qss, r, 32896)
[00:14:24.234] [WARN] [NATIVE] [audit] e:\StarDebate\style\themes\notion_light\crash_monitor.qss: open (e:\StarDebate\style\themes\notion_light\crash_monitor.qss, r, 32896)
[00:14:24.234] [WARN] [NATIVE] [audit] e:\StarDebate\style\themes\notion_light\popup_dialog.qss: open (e:\StarDebate\style\themes\notion_light\popup_dialog.qss, r, 32896)
[00:14:24.235] [WARN] [NATIVE] [audit] e:\StarDebate\style\themes\notion_light\stardebate_format.qss: open (e:\StarDebate\style\themes\notion_light\stardebate_format.qss, r, 32896)
[00:14:24.235] [WARN] [NATIVE] [audit] e:\StarDebate\style\themes\notion_light\stardebate_editor.qss: open (e:\StarDebate\style\themes\notion_light\stardebate_editor.qss, r, 32896)
[00:14:24.236] [WARN] [NATIVE] [audit] e:\StarDebate\style\themes\notion_light\star_checkbox.qss: open (e:\StarDebate\style\themes\notion_light\star_checkbox.qss, r, 32896)
[00:14:24.236] [WARN] [NATIVE] [audit] e:\StarDebate\style\themes\notion_light\star_spinbox.qss: open (e:\StarDebate\style\themes\notion_light\star_spinbox.qss, r, 32896)
[00:14:24.237] [WARN] [NATIVE] [audit] e:\StarDebate\style\themes\notion_light\log_settings.qss: open (e:\StarDebate\style\themes\notion_light\log_settings.qss, r, 32896)
[00:14:24.237] [WARN] [NATIVE] [audit] e:\StarDebate\style\themes\notion_light\plugins.qss: open (e:\StarDebate\style\themes\notion_light\plugins.qss, r, 32896)
[00:14:24.237] [WARN] [NATIVE] [audit] e:\StarDebate\style\themes\notion_light\svg_renderer.qss: open (e:\StarDebate\style\themes\notion_light\svg_renderer.qss, r, 32896)
[00:14:24.238] [WARN] [NATIVE] [audit] e:\StarDebate\style\themes\notion_light\material_pool.qss: open (e:\StarDebate\style\themes\notion_light\material_pool.qss, r, 32896)
[00:14:24.238] [WARN] [NATIVE] [audit] e:\StarDebate\style\themes\notion_light\shadow_container.qss: open (e:\StarDebate\style\themes\notion_light\shadow_container.qss, r, 32896)
[00:14:24.238] [WARN] [NATIVE] [audit] e:\StarDebate\style\themes\notion_light\bind_source_dialog.qss: open (e:\StarDebate\style\themes\notion_light\bind_source_dialog.qss, r, 32896)
[00:14:24.238] [WARN] [NATIVE] [audit] e:\StarDebate\style\themes\notion_light\welcome_guide.qss: open (e:\StarDebate\style\themes\notion_light\welcome_guide.qss, r, 32896)
[00:14:24.337] [WARN] [NATIVE] [audit] e:\StarDebate\config/config.json: open (e:\StarDebate\config/config.json, r, 32896)
[00:14:24.338] [WARN] [NATIVE] [audit] e:\StarDebate\config/config.json: open (e:\StarDebate\config/config.json, r, 32896)
[00:14:24.341] [WARN] [NATIVE] [audit] e:\StarDebate\custom_formats\123.json: open (e:\StarDebate\custom_formats\123.json, r, 32896)
[00:14:24.342] [WARN] [NATIVE] [audit] e:\StarDebate\custom_formats\新校赛.json: open (e:\StarDebate\custom_formats\新校赛.json, r, 32896)
[00:14:24.342] [WARN] [NATIVE] [audit] e:\StarDebate\custom_formats\校赛.json: open (e:\StarDebate\custom_formats\校赛.json, r, 32896)
[00:14:24.343] [INFO] [SHORTCUT] 快捷键系统已初始化
[00:14:24.343] [INFO] [FUNC] dpapi: load_index
[00:14:24.344] [WARN] [NATIVE] [audit] e:\StarDebate\docs/log\debug_20260624_001422.log: open (e:\StarDebate\docs/log\debug_20260624_001422.log, a, 33161)
[00:14:24.344] [INFO] [VAR] dpapi: load_index → 3 files loaded
bate_index.json: open (e:\StarDebate\config/stardebate_index.json, r, 32896)
[00:14:24.345] [WARN] [NATIVE] [audit] e:\StarDebate\docs/log\debug_20260624_001422.log: open (e:\StarDebate\docs/log\debug_20260624_001422.log, a, 33161)
[00:14:24.345] [INFO] [FUNC] auto_load_saved_files: 3 files in index
[00:14:24.346] [WARN] [NATIVE] [audit] e:\StarDebate\docs/log\debug_20260624_001422.log: open (e:\StarDebate\docs/log\debug_20260624_001422.log, a, 33161)
[00:14:24.346] [WARN] [NATIVE] [audit] e:\StarDebate\docs/log\debug_20260624_001422.log: open (e:\StarDebate\docs/log\debug_20260624_001422.log, a, 33161)
[00:14:24.346] [INFO] [API] auto_load: 跳过不存在的文件 C:/Users/Oblivion/Desktop/1vs2_20260606.stardebate
[00:14:24.347] [INFO] [FUNC] open_file_with_stored_password: 1vs2_20260606.stardebate
[00:14:24.347] [WARN] [NATIVE] [audit] e:\StarDebate\docs/log\debug_20260624_001422.log: open (e:\StarDebate\docs/log\debug_20260624_001422.log, a, 33161)
[00:14:24.347] [INFO] [FUNC] dpapi: get_password_for_file → 1vs2_20260606.stardebate
[00:14:24.348] [WARN] [NATIVE] [audit] e:\StarDebate\docs/log\debug_20260624_001422.log: open (e:\StarDebate\docs/log\debug_20260624_001422.log, a, 33161)
[00:14:24.348] [INFO] [FUNC] dpapi: load_index
bate\docs/log\debug_20260624_001422.log: open (e:\StarDebate\docs/log\debug_20260624_001422.log, a, 33161)
[00:14:24.350] [INFO] [VAR] dpapi: load_index → 3 files loaded
[00:14:24.350] [INFO] [VAR] dpapi: get_password_for_file → no password set
[00:14:24.350] [INFO] [FUNC] open_file: path=1vs2_20260606.stardebate
[00:14:24.352] [INFO] [FUNC] StardebateCompiler.unpack(file_size=8593, has_pwd_input=False)
[00:14:24.380] [INFO] [FUNC] StardebateCompiler: 第1层内置密钥解密成功
[00:14:24.381] [INFO] [FUNC] StardebateCompiler.unpack: 解密成功, modules=6, app_version=2.3.0
[00:14:24.383] [INFO] [FUNC] dpapi: add_file_to_index → 1vs2_20260606.stardebate
[00:14:24.383] [INFO] [FUNC] dpapi: load_index
[00:14:24.384] [INFO] [VAR] dpapi: load_index → 3 files loaded
[00:14:24.384] [INFO] [VAR] dpapi: save_index → 3 files
[00:14:24.385] [ERROR] [NATIVE] [uncaught] <frozen os>:L225: [C_EXCEPTION] builtin_function_or_method
[00:14:24.386] [INFO] [VAR] _add_to_project_tree: 1vs2_20260606.stardebate
[00:14:24.389] [INFO] [VAR] open_file: 解密成功, modules=6, file=1vs2_20260606.stardebate
[00:14:24.390] [INFO] [API] auto_load: 成功加载 1vs2_20260606.stardebate
[00:14:24.391] [INFO] [FUNC] open_file_with_stored_password: 1vs2_20260606_01.stardebate
[00:14:24.391] [INFO] [FUNC] dpapi: get_password_for_file → 1vs2_20260606_01.stardebate
[00:14:24.392] [INFO] [FUNC] dpapi: load_index
[00:14:24.399] [INFO] [VAR] dpapi: load_index → 3 files loaded
[00:14:24.399] [INFO] [FUNC] dpapi: decrypt_password
[00:14:24.401] [INFO] [API] dpapi: decrypt_password → ok
[00:14:24.401] [INFO] [API] dpapi: get_password_for_file → ok
[00:14:24.402] [INFO] [FUNC] open_file: path=1vs2_20260606_01.stardebate
[00:14:24.402] [INFO] [FUNC] StardebateCompiler.unpack(file_size=10782, has_pwd_input=True)
[00:14:24.404] [INFO] [FUNC] StardebateCompiler: 第1层内置密钥解密成功
[00:14:24.431] [INFO] [FUNC] StardebateCompiler: 第2层密码解密成功
[00:14:24.431] [INFO] [FUNC] StardebateCompiler.unpack: 解密成功, modules=8, app_version=2.3.0
[00:14:24.432] [INFO] [FUNC] dpapi: add_file_to_index → 1vs2_20260606_01.stardebate
[00:14:24.433] [INFO] [FUNC] dpapi: load_index
[00:14:24.433] [INFO] [VAR] dpapi: load_index → 3 files loaded
[00:14:24.433] [INFO] [FUNC] dpapi: encrypt_password
[00:14:24.436] [INFO] [API] dpapi: encrypt_password → ok
[00:14:24.436] [INFO] [VAR] dpapi: save_index → 3 files
[00:14:24.437] [ERROR] [NATIVE] [uncaught] <frozen os>:L225: [C_EXCEPTION] builtin_function_or_method
[00:14:24.438] [INFO] [VAR] _add_to_project_tree: 1vs2_20260606_01.stardebate
[00:14:24.442] [INFO] [VAR] open_file: 解密成功, modules=8, file=1vs2_20260606_01.stardebate
[00:14:24.442] [INFO] [API] auto_load: 成功加载 1vs2_20260606_01.stardebate
[00:14:24.443] [INFO] 自动加载 .stardebate: 2 个文件
[00:14:25.207] [WARN] [NATIVE] [audit] e:\StarDebate\icon\top_nav_bar\minimise.svg: open (e:\StarDebate\icon\top_nav_bar\minimise.svg, r, 32896)
[00:14:25.208] [WARN] [NATIVE] [audit] e:\StarDebate\icon\top_nav_bar\full_screen.svg: open (e:\StarDebate\icon\top_nav_bar\full_screen.svg, r, 32896)
[00:14:25.208] [WARN] [NATIVE] [audit] e:\StarDebate\icon\top_nav_bar\close.svg: open (e:\StarDebate\icon\top_nav_bar\close.svg, r, 32896)
[00:14:25.288] [INFO] [WELCOME] 启动检测结果: mode=None, last=6.1.6, current=6.1.6
[00:14:27.351] [INFO] [FUNC] [崩溃模拟器] trigger_crash() 入口
[00:14:27.351] [INFO] [VAR] [崩溃模拟器] 用户点击崩溃测试按钮，随机种子=3
[00:14:27.351] [INFO] [PLUGIN] [崩溃模拟器] 随机选中 [Python] ➗ ZeroDivisionError — 除零错误 (1/0)
[00:14:27.351] [INFO] [VAR] [崩溃模拟器] 选中方式详情: name=ZeroDivisionError, layer=Python, icon=➗
[00:14:27.351] [INFO] [API] [崩溃模拟器] 即将执行: ZeroDivisionError (层级=Python)
[00:14:27.653] [INFO] [FUNC] [崩溃模拟器] 执行进程退出类崩溃: ZeroDivisionError
[00:14:27.654] [ERROR] Traceback (most recent call last):
[00:14:27.654] [INFO] [FUNC] [崩溃模拟器] ZeroDivisionError 入口
[00:14:27.654] [INFO] [VAR] [崩溃模拟器] 触发变量: 1 // 0
[00:14:27.655] [ERROR]   File "e:\StarDebate\plugins\crash_simulator\main.py", line 67, in _crash_div_zero
[00:14:27.655] [WARN] [NATIVE] [audit] e:\StarDebate\plugins\crash_simulator\main.py: open (e:\StarDebate\plugins\crash_simulator\main.py, r, 32896)
[00:14:27.655] [ERROR]     _ = 1 // 0  # noqa: F841
docs/log\debug_20260624_001422.log: open (e:\StarDebate\docs/log\debug_20260624_001422.log, a, 33161)
[00:14:27.656] [ERROR]         ~~^^~~
e:\StarDebate\docs/log\debug_20260624_001422.log: open (e:\StarDebate\docs/log\debug_20260624_001422.log, a, 33161)
[00:14:27.657] [ERROR] ZeroDivisionError: integer division or modulo by zero
01422.log: open (e:\StarDebate\docs/log\debug_20260624_001422.log, a, 33161)
[00:14:27.657] [WARN] [NATIVE] [audit] e:\StarDebate\docs/log\debug_20260624_001422.log: open (e:\StarDebate\docs/log\debug_20260624_001422.log, a, 33161)
[00:14:27.658] [WARN] [NATIVE] [audit] e:\StarDebate\docs/log\debug_20260624_001422.log: open (e:\StarDebate\docs/log\debug_20260624_001422.log, a, 33161)
[00:14:36.566] [ERROR] ════════════════════════════════════════════════════════════
[00:14:36.567] [ERROR] ═══ [SYS] 主进程异常退出 ═══
[00:14:36.568] [ERROR] ════════════════════════════════════════════════════════════
[00:14:36.568] [ERROR]   PID: 25192
[00:14:36.569] [ERROR]   退出时间: 2026-06-24 00:14:36
[00:14:36.570] [ERROR]   队列残留条目（已排空）: 0 条
[00:14:36.570] [ERROR]   应急写入次数: 0
[00:14:36.571] [ERROR]   最后监视心跳: 00:14:27 (9秒前)
[00:14:36.571] [ERROR] ────────────────────────────────────────
[00:14:36.571] [ERROR] ═══ 💡 崩溃自动分析 ═══
[00:14:36.580] [ERROR]   1. ⚪ 起居注未活跃（无 [CRON] 条目）
[00:14:36.581] [ERROR]   2. 🟢 崩溃前无 ERROR 级别日志
[00:14:36.582] [ERROR]   3. 🟡 重复错误模式 (2 类): 
[00:14:36.582] [ERROR]   4.     ↻ 出现 36 次: [NATIVE] [audit] e
[00:14:36.583] [ERROR]   5.     ↻ 出现 2 次: [NATIVE] [uncaught] <frozen os>
[00:14:36.583] [ERROR]   6. 📊 错误类型分布: Python 异常:1
[00:14:36.584] [ERROR]   7. 📁 错误热点文件: main.py:1
[00:14:36.585] [ERROR]   8. 🟡 最后日志距崩溃 57610秒，可能为静默卡死
[00:14:36.586] [ERROR]   9. 📊 底层事件分布: [NATIVE]:38
[00:14:36.586] [ERROR]   10. 📁 SQLite native.db 最近 5 条:
[00:14:36.587] [ERROR]   11.     [00:14:25] [audit] sys.addaudithook: open (e:\StarDebate\icon\top_nav_bar\close.svg, r, 32896)
[00:14:36.588] [ERROR]   12.     [00:14:25] [audit] sys.addaudithook: open (e:\StarDebate\icon\top_nav_bar\full_screen.svg, r, 32896)
[00:14:36.588] [ERROR]   13.     [00:14:25] [audit] sys.addaudithook: open (e:\StarDebate\icon\top_nav_bar\minimise.svg, r, 32896)
[00:14:36.589] [ERROR]   14.     [00:14:24] [uncaught] sys.setprofile: [C_EXCEPTION] builtin_function_or_method
[00:14:36.589] [ERROR]   15.     [00:14:24] [uncaught] sys.setprofile: [C_EXCEPTION] builtin_function_or_method
[00:14:36.591] [ERROR]   ─── 建议 ───
[00:14:36.592] [ERROR]   → 检查是否有死锁/无限循环/Qt 事件循环阻塞
[00:14:36.592] [ERROR]   → 同一错误反复出现，应在日志中查找最早出现点并追溯根因
[00:14:36.593] [ERROR]   → 无声崩溃（无日志前兆）：可能为 kill/硬件/系统级终止
[00:14:36.593] [ERROR] ════════════════════════════════════════════════════════════
[00:14:36.734] [INFO] [SYS] LogService 进程退出
