[21:34:47.440] [INFO] ═══ LogService 已启动 ═══
[21:34:47.441] [INFO] 自动清理: 无过期日志文件
[21:34:47.442] [INFO] 日志文件: e:\StarDebate\docs/log\debug_20260626_213447.log
[21:34:47.443] [INFO] [SYS] 系统健康监视已启动 (监控 PID: 44452)
[21:34:47.444] [INFO] [SYS] 日志服务进入主循环，等待指令...
[21:34:49.209] [INFO] 开发者模式: 开启 (禁用: 无)
[21:34:49.247] [INFO] ═══ StarDebate 启动 ═══
[21:34:49.248] [INFO] 版本: 6.2.11
[21:34:49.249] [INFO] 主题: notion_light
[21:34:49.249] [INFO] 日志文件: e:\StarDebate\docs/log\debug_20260626_213447.log
[21:34:49.249] [INFO] 日志服务: 独立进程 (LogService)
[21:34:49.251] [INFO] [CRON] 起居注自动追踪已启用 (v2.0.0)
[21:34:49.251] [INFO] [CRON] 追踪范围: 插件/API/AI/Qt错误/Worker线程  + traceback + 守护日志环 + 崩溃分析
[21:34:49.261] [INFO] [NATIVE] 底层事件记录系统已启用 (v1.2.0 M3)
[21:34:49.262] [INFO] [NATIVE] 钩子: Qt/excepthook/unraisable/audit/gc/c_exception
[21:34:49.262] [INFO] [NATIVE] 监视: 线程健康/资源跟踪/起居注桥接
[21:34:49.263] [INFO] [NATIVE] SQLite: e:\StarDebate\docs/log/native.db
[21:34:49.263] [INFO] 调试监视已开启: 变量, 函数, 插件, API, AI
[21:34:49.264] [INFO] [CFG] 已加载 log_settings.json，开始同步运行时配置
[21:34:49.264] [ERROR] [NATIVE] [uncaught] <frozen os>:L225: [C_EXCEPTION] builtin_function_or_method
[21:34:49.265] [WARN] [NATIVE] [audit] e:\StarDebate\config\debug_monitor.json: open (e:\StarDebate\config\debug_monitor.json, w, 33665)
[21:34:49.265] [ERROR] [NATIVE] [uncaught] <frozen os>:L225: [C_EXCEPTION] builtin_function_or_method
[21:34:49.266] [WARN] [NATIVE] [audit] e:\StarDebate\config\debug_monitor.json: open (e:\StarDebate\config\debug_monitor.json, w, 33665)
[21:34:49.266] [ERROR] [NATIVE] [uncaught] <frozen os>:L225: [C_EXCEPTION] builtin_function_or_method
[21:34:49.266] [WARN] [NATIVE] [audit] e:\StarDebate\config\debug_monitor.json: open (e:\StarDebate\config\debug_monitor.json, w, 33665)
[21:34:49.267] [ERROR] [NATIVE] [uncaught] <frozen os>:L225: [C_EXCEPTION] builtin_function_or_method
[21:34:49.268] [WARN] [NATIVE] [audit] e:\StarDebate\config\debug_monitor.json: open (e:\StarDebate\config\debug_monitor.json, w, 33665)
[21:34:49.268] [ERROR] [NATIVE] [uncaught] <frozen os>:L225: [C_EXCEPTION] builtin_function_or_method
[21:34:49.268] [WARN] [NATIVE] [audit] e:\StarDebate\config\debug_monitor.json: open (e:\StarDebate\config\debug_monitor.json, w, 33665)
[21:34:49.269] [WARN] [NATIVE] [audit] e:\StarDebate\config\debug_monitor.json: open (e:\StarDebate\config\debug_monitor.json, w, 33665)
[21:34:49.269] [WARN] [NATIVE] [audit] e:\StarDebate\config\debug_monitor.json: open (e:\StarDebate\config\debug_monitor.json, w, 33665)
[21:34:49.270] [INFO] [CFG] 调试监视: 已开启 → 变量, 函数, 插件, API, AI
[21:34:49.270] [WARN] [NATIVE] [audit] e:\StarDebate\config/chronicle_config.json: open (e:\StarDebate\config/chronicle_config.json, w, 33665)
[21:34:49.271] [INFO] [CFG] 起居注: 已开启
[21:34:49.272] [INFO] [CFG] log_settings.json 同步完成
[21:34:49.272] [ERROR] [NATIVE] [uncaught] spawn.py:L175: [C_EXCEPTION] builtin_function_or_method
[21:34:49.272] [WARN] [NATIVE] [audit] 3: open (3, w, 33665)
[21:34:49.285] [INFO] 崩溃监控已启动 (PID: 44452)
[21:34:49.285] [WARN] [NATIVE] [audit] e:\StarDebate\config/keyboard_shortcuts.json: open (e:\StarDebate\config/keyboard_shortcuts.json, r, 32896)
[21:34:49.294] [INFO] [WELCOME] WelcomeGuideManager 初始化
[21:34:49.294] [WARN] [NATIVE] [audit] e:\StarDebate\config/config.json: open (e:\StarDebate\config/config.json, r, 32896)
[21:34:49.295] [WARN] [NATIVE] [audit] e:\StarDebate\config/config.json: open (e:\StarDebate\config/config.json, r, 32896)
[21:34:49.295] [INFO] [WELCOME] 当前版本: 6.2.11, 上次查看引导版本: '6.2.11'
[21:34:49.296] [WARN] [NATIVE] [audit] import components.shadow_container: import (components.shadow_container, None, ['e:\\StarDebate\\components', 'e:\\StarDebate', 'C:\\Users\\Oblivion\\Python\\p)
[21:34:49.297] [ERROR] [NATIVE] [uncaught] <frozen importlib._bootstrap_external>:L147: [C_EXCEPTION] builtin_function_or_method
[21:34:49.297] [ERROR] [NATIVE] [uncaught] <frozen importlib._bootstrap_external>:L147: [C_EXCEPTION] builtin_function_or_method
[21:34:49.298] [WARN] [NATIVE] [audit] e:\StarDebate\components\shadow_container\__pycache__\__init__.cpython-312.pyc: open (e:\StarDebate\components\shadow_container\__pycache__\__init__.cpython-312.pyc, r, 32896)
[21:34:49.298] [WARN] [NATIVE] [audit] import components.shadow_container.shadow_container: import (components.shadow_container.shadow_container, None, ['e:\\StarDebate\\components', 'e:\\StarDebate', 'C:\\Users\\Oblivion\\Python\\p)
[21:34:49.299] [WARN] [NATIVE] [audit] e:\StarDebate\components\shadow_container\__pycache__\shadow_container.cpython-312.pyc: open (e:\StarDebate\components\shadow_container\__pycache__\shadow_container.cpython-3, r, 32896)
[21:34:49.302] [WARN] [NATIVE] [audit] e:\StarDebate\config/config.json: open (e:\StarDebate\config/config.json, r, 32896)
[21:34:49.303] [WARN] [NATIVE] [audit] e:\StarDebate\style\themes\notion_light\theme.json: open (e:\StarDebate\style\themes\notion_light\theme.json, r, 32896)
[21:34:49.359] [WARN] [NATIVE] [audit] e:\StarDebate\config/config.json: open (e:\StarDebate\config/config.json, r, 32896)
[21:34:49.368] [WARN] [NATIVE] [audit] e:\StarDebate\workers\speech_editor\..\..\icon\index\has_material.svg: open (e:\StarDebate\workers\speech_editor\..\..\icon\index\has_material.svg, r, 32896)
[21:34:49.418] [INFO] [WELCOME] WelcomeGuideStepPanel 创建完成
[21:34:49.466] [WARN] [NATIVE] [audit] e:\StarDebate\config/changelog.html: open (e:\StarDebate\config/changelog.html, r, 32896)
[21:34:49.477] [INFO] [WELCOME] 引导面板已注入 centre_stack (索引 10)
[21:34:49.494] [WARN] [NATIVE] [audit] e:\StarDebate\style\themes\notion_light\theme.json: open (e:\StarDebate\style\themes\notion_light\theme.json, r, 32896)
[21:34:49.494] [WARN] [NATIVE] [audit] e:\StarDebate\style\themes\notion_light\theme.json: open (e:\StarDebate\style\themes\notion_light\theme.json, r, 32896)
[21:34:49.509] [ERROR] [NATIVE] [uncaught] <frozen importlib._bootstrap_external>:L147: [C_EXCEPTION] builtin_function_or_method
[21:34:49.509] [ERROR] [NATIVE] [uncaught] <frozen importlib._bootstrap_external>:L147: [C_EXCEPTION] builtin_function_or_method
[21:34:49.510] [WARN] [NATIVE] [audit] e:\StarDebate\workers\training\quick_quiz\__pycache__\__init__.cpython-312.pyc: open (e:\StarDebate\workers\training\quick_quiz\__pycache__\__init__.cpython-312.pyc, r, 32896)
[21:34:49.519] [WARN] [NATIVE] [audit] import workers.training.quick_quiz.quick_quiz_manager: import (workers.training.quick_quiz.quick_quiz_manager, None, ['e:\\StarDebate\\components', 'e:\\StarDebate', 'C:\\Users\\Oblivion\\Python\\p)
[21:34:49.520] [WARN] [NATIVE] [audit] e:\StarDebate\workers\training\quick_quiz\__pycache__\quick_quiz_manager.cpython-312.pyc: open (e:\StarDebate\workers\training\quick_quiz\__pycache__\quick_quiz_manager.cpython, r, 32896)
[21:34:49.537] [WARN] [NATIVE] [audit] import workers.training.exercise.exercise_manager: import (workers.training.exercise.exercise_manager, None, ['e:\\StarDebate\\components', 'e:\\StarDebate', 'C:\\Users\\Oblivion\\Python\\p)
[21:34:49.539] [WARN] [NATIVE] [audit] e:\StarDebate\workers\training\exercise\__pycache__\exercise_manager.cpython-312.pyc: open (e:\StarDebate\workers\training\exercise\__pycache__\exercise_manager.cpython-312, r, 32896)
[21:34:49.604] [INFO] [FUNC] material_pool:build_panel → ✅ 返回(0ms): ''
[21:34:49.611] [WARN] [NATIVE] [audit] e:\StarDebate\style\themes\notion_light\theme.json: open (e:\StarDebate\style\themes\notion_light\theme.json, r, 32896)
[21:34:49.739] [WARN] [NATIVE] [audit] e:\StarDebate\config/config.json: open (e:\StarDebate\config/config.json, r, 32896)
[21:34:49.790] [WARN] [NATIVE] [audit] e:\StarDebate\config/config.json: open (e:\StarDebate\config/config.json, r, 32896)
[21:34:49.791] [WARN] [NATIVE] [audit] e:\StarDebate\style\themes\notion_light\theme.json: open (e:\StarDebate\style\themes\notion_light\theme.json, r, 32896)
[21:34:49.791] [WARN] [NATIVE] [audit] e:\StarDebate\style\qss_templates\ai_analysis.qss: open (e:\StarDebate\style\qss_templates\ai_analysis.qss, r, 32896)
[21:34:49.792] [WARN] [NATIVE] [audit] e:\StarDebate\style\qss_templates\ai_expand.qss: open (e:\StarDebate\style\qss_templates\ai_expand.qss, r, 32896)
[21:34:49.792] [WARN] [NATIVE] [audit] e:\StarDebate\style\qss_templates\bind_source_dialog.qss: open (e:\StarDebate\style\qss_templates\bind_source_dialog.qss, r, 32896)
[21:34:49.793] [WARN] [NATIVE] [audit] e:\StarDebate\style\qss_templates\crash_monitor.qss: open (e:\StarDebate\style\qss_templates\crash_monitor.qss, r, 32896)
[21:34:49.793] [WARN] [NATIVE] [audit] e:\StarDebate\style\qss_templates\cross_examination.qss: open (e:\StarDebate\style\qss_templates\cross_examination.qss, r, 32896)
[21:34:49.793] [WARN] [NATIVE] [audit] e:\StarDebate\style\qss_templates\debug_console.qss: open (e:\StarDebate\style\qss_templates\debug_console.qss, r, 32896)
[21:34:49.794] [WARN] [NATIVE] [audit] e:\StarDebate\style\qss_templates\export_preview.qss: open (e:\StarDebate\style\qss_templates\export_preview.qss, r, 32896)
[21:34:49.794] [WARN] [NATIVE] [audit] e:\StarDebate\style\qss_templates\framework.qss: open (e:\StarDebate\style\qss_templates\framework.qss, r, 32896)
[21:34:49.795] [WARN] [NATIVE] [audit] e:\StarDebate\style\qss_templates\log_settings.qss: open (e:\StarDebate\style\qss_templates\log_settings.qss, r, 32896)
[21:34:49.795] [WARN] [NATIVE] [audit] e:\StarDebate\style\qss_templates\main.qss: open (e:\StarDebate\style\qss_templates\main.qss, r, 32896)
[21:34:49.796] [WARN] [NATIVE] [audit] e:\StarDebate\style\qss_templates\material_pool.qss: open (e:\StarDebate\style\qss_templates\material_pool.qss, r, 32896)
[21:34:49.796] [WARN] [NATIVE] [audit] e:\StarDebate\style\qss_templates\native_log_widget.qss: open (e:\StarDebate\style\qss_templates\native_log_widget.qss, r, 32896)
[21:34:49.797] [WARN] [NATIVE] [audit] e:\StarDebate\style\qss_templates\nav_bar.qss: open (e:\StarDebate\style\qss_templates\nav_bar.qss, r, 32896)
[21:34:49.797] [WARN] [NATIVE] [audit] e:\StarDebate\style\qss_templates\new_debate.qss: open (e:\StarDebate\style\qss_templates\new_debate.qss, r, 32896)
[21:34:49.798] [WARN] [NATIVE] [audit] e:\StarDebate\style\qss_templates\notes.qss: open (e:\StarDebate\style\qss_templates\notes.qss, r, 32896)
[21:34:49.799] [WARN] [NATIVE] [audit] e:\StarDebate\style\qss_templates\plugins.qss: open (e:\StarDebate\style\qss_templates\plugins.qss, r, 32896)
[21:34:49.799] [WARN] [NATIVE] [audit] e:\StarDebate\style\qss_templates\popup_dialog.qss: open (e:\StarDebate\style\qss_templates\popup_dialog.qss, r, 32896)
[21:34:49.800] [WARN] [NATIVE] [audit] e:\StarDebate\style\qss_templates\ref_doc.qss: open (e:\StarDebate\style\qss_templates\ref_doc.qss, r, 32896)
[21:34:49.972] [INFO] [SHORTCUT] 快捷键系统已初始化
[21:34:49.972] [INFO] [FUNC] dpapi: load_index
[21:34:49.981] [INFO] [VAR] dpapi: load_index → 3 files loaded
[21:34:49.982] [INFO] [FUNC] auto_load_saved_files: 3 files in index
[21:34:49.982] [INFO] [API] auto_load: 跳过不存在的文件 C:/Users/Oblivion/Desktop/1vs2_20260606.stardebate
[21:34:49.983] [INFO] [FUNC] open_file_with_stored_password: 1vs2_20260606.stardebate
[21:34:49.983] [INFO] [FUNC] dpapi: get_password_for_file → 1vs2_20260606.stardebate
[21:34:49.984] [INFO] [FUNC] dpapi: load_index
[21:34:49.985] [INFO] [VAR] dpapi: load_index → 3 files loaded
[21:34:49.985] [INFO] [VAR] dpapi: get_password_for_file → no password set
[21:34:49.987] [INFO] [FUNC] open_file: path=1vs2_20260606.stardebate
[21:34:49.993] [INFO] [FUNC] StardebateCompiler.unpack(file_size=8593, has_pwd_input=False)
[21:34:50.031] [WARN] [NATIVE] [audit] e:\StarDebate\docs/log\debug_20260626_213447.log: open (e:\StarDebate\docs/log\debug_20260626_213447.log, a, 33161)
[21:34:50.032] [WARN] [NATIVE] [audit] e:\StarDebate\docs/log\debug_20260626_213447.log: open (e:\StarDebate\docs/log\debug_20260626_213447.log, a, 33161)
[21:34:50.033] [INFO] [FUNC] dpapi: add_file_to_index → 1vs2_20260606.stardebate
log: open (e:\StarDebate\docs/log\debug_20260626_213447.log, a, 33161)
[21:34:50.034] [INFO] [FUNC] dpapi: load_index
[21:34:50.034] [WARN] [NATIVE] [audit] e:\StarDebate\docs/log\debug_20260626_213447.log: open (e:\StarDebate\docs/log\debug_20260626_213447.log, a, 33161)
[21:34:50.035] [WARN] [NATIVE] [audit] e:\StarDebate\config/stardebate_index.json: open (e:\StarDebate\config/stardebate_index.json, r, 32896)
[21:34:50.035] [WARN] [NATIVE] [audit] e:\StarDebate\docs/log\debug_20260626_213447.log: open (e:\StarDebate\docs/log\debug_20260626_213447.log, a, 33161)
[21:34:50.035] [INFO] [VAR] dpapi: load_index → 3 files loaded
[21:34:50.036] [INFO] [VAR] dpapi: save_index → 3 files
[21:34:50.036] [WARN] [NATIVE] [audit] e:\StarDebate\docs/log\debug_20260626_213447.log: open (e:\StarDebate\docs/log\debug_20260626_213447.log, a, 33161)
[21:34:50.036] [ERROR] [NATIVE] [uncaught] <frozen os>:L225: [C_EXCEPTION] builtin_function_or_method
[21:34:50.038] [WARN] [NATIVE] [audit] e:\StarDebate\config/stardebate_index.json: open (e:\StarDebate\config/stardebate_index.json, w, 33665)
[21:34:50.038] [WARN] [NATIVE] [audit] e:\StarDebate\docs/log\debug_20260626_213447.log: open (e:\StarDebate\docs/log\debug_20260626_213447.log, a, 33161)
[21:34:50.038] [INFO] [VAR] _add_to_project_tree: 1vs2_20260606.stardebate
[21:34:50.043] [INFO] [VAR] open_file: 解密成功, modules=6, file=1vs2_20260606.stardebate
e:\StarDebate\docs/log\debug_20260626_213447.log, a, 33161)
[21:34:50.044] [WARN] [NATIVE] [audit] e:\StarDebate\docs/log\debug_20260626_213447.log: open (e:\StarDebate\docs/log\debug_20260626_213447.log, a, 33161)
[21:34:50.045] [INFO] [FUNC] open_file_with_stored_password: 1vs2_20260606_01.stardebate
[21:34:50.045] [WARN] [NATIVE] [audit] e:\StarDebate\docs/log\debug_20260626_213447.log: open (e:\StarDebate\docs/log\debug_20260626_213447.log, a, 33161)
[21:34:50.046] [WARN] [NATIVE] [audit] e:\StarDebate\docs/log\debug_20260626_213447.log: open (e:\StarDebate\docs/log\debug_20260626_213447.log, a, 33161)
[21:34:50.047] [INFO] [FUNC] dpapi: load_index
bate\docs/log\debug_20260626_213447.log: open (e:\StarDebate\docs/log\debug_20260626_213447.log, a, 33161)
[21:34:50.047] [WARN] [NATIVE] [audit] e:\StarDebate\config/stardebate_index.json: open (e:\StarDebate\config/stardebate_index.json, r, 32896)
[21:34:50.054] [INFO] [VAR] dpapi: load_index → 3 files loaded
[21:34:50.054] [WARN] [NATIVE] [audit] e:\StarDebate\docs/log\debug_20260626_213447.log: open (e:\StarDebate\docs/log\debug_20260626_213447.log, a, 33161)
[21:34:50.056] [WARN] [NATIVE] [audit] e:\StarDebate\docs/log\debug_20260626_213447.log: open (e:\StarDebate\docs/log\debug_20260626_213447.log, a, 33161)
[21:34:50.058] [INFO] [API] dpapi: decrypt_password → ok
[21:34:50.058] [WARN] [NATIVE] [audit] e:\StarDebate\docs/log\debug_20260626_213447.log: open (e:\StarDebate\docs/log\debug_20260626_213447.log, a, 33161)
[21:34:50.059] [INFO] [API] dpapi: get_password_for_file → ok
[21:34:50.059] [WARN] [NATIVE] [audit] e:\StarDebate\docs/log\debug_20260626_213447.log: open (e:\StarDebate\docs/log\debug_20260626_213447.log, a, 33161)
[21:34:50.060] [INFO] [FUNC] open_file: path=1vs2_20260606_01.stardebate
26_213447.log: open (e:\StarDebate\docs/log\debug_20260626_213447.log, a, 33161)
[21:34:50.060] [WARN] [NATIVE] [audit] C:/Users/Oblivion/Desktop/辩论赛/1vs2_20260606_01.stardebate: open (C:/Users/Oblivion/Desktop/辩论赛/1vs2_20260606_01.stardebate, r, 32896)
[21:34:50.066] [INFO] [FUNC] StardebateCompiler.unpack(file_size=10782, has_pwd_input=True)
[21:34:50.066] [WARN] [NATIVE] [audit] e:\StarDebate\docs/log\debug_20260626_213447.log: open (e:\StarDebate\docs/log\debug_20260626_213447.log, a, 33161)
[21:34:50.067] [WARN] [NATIVE] [audit] e:\StarDebate\docs/log\debug_20260626_213447.log: open (e:\StarDebate\docs/log\debug_20260626_213447.log, a, 33161)
[21:34:50.067] [INFO] [FUNC] StardebateCompiler: 第1层内置密钥解密成功
[21:34:50.100] [INFO] [FUNC] StardebateCompiler: 第2层密码解密成功
_213447.log: open (e:\StarDebate\docs/log\debug_20260626_213447.log, a, 33161)
[21:34:50.101] [INFO] [FUNC] StardebateCompiler.unpack: 解密成功, modules=8, app_version=2.3.0
[21:34:50.101] [WARN] [NATIVE] [audit] e:\StarDebate\docs/log\debug_20260626_213447.log: open (e:\StarDebate\docs/log\debug_20260626_213447.log, a, 33161)
[21:34:50.102] [WARN] [NATIVE] [audit] e:\StarDebate\docs/log\debug_20260626_213447.log: open (e:\StarDebate\docs/log\debug_20260626_213447.log, a, 33161)
[21:34:50.101] [INFO] [FUNC] dpapi: add_file_to_index → 1vs2_20260606_01.stardebate
[21:34:50.102] [INFO] [FUNC] dpapi: load_index
bate\docs/log\debug_20260626_213447.log: open (e:\StarDebate\docs/log\debug_20260626_213447.log, a, 33161)
[21:34:50.103] [WARN] [NATIVE] [audit] e:\StarDebate\config/stardebate_index.json: open (e:\StarDebate\config/stardebate_index.json, r, 32896)
[21:34:50.104] [INFO] [VAR] dpapi: load_index → 3 files loaded
[21:34:50.104] [INFO] [FUNC] dpapi: encrypt_password
ocs/log\debug_20260626_213447.log: open (e:\StarDebate\docs/log\debug_20260626_213447.log, a, 33161)
[21:34:50.104] [WARN] [NATIVE] [audit] e:\StarDebate\docs/log\debug_20260626_213447.log: open (e:\StarDebate\docs/log\debug_20260626_213447.log, a, 33161)
[21:34:50.105] [INFO] [API] dpapi: encrypt_password → ok
[21:34:50.105] [WARN] [NATIVE] [audit] e:\StarDebate\docs/log\debug_20260626_213447.log: open (e:\StarDebate\docs/log\debug_20260626_213447.log, a, 33161)
[21:34:50.106] [WARN] [NATIVE] [audit] e:\StarDebate\docs/log\debug_20260626_213447.log: open (e:\StarDebate\docs/log\debug_20260626_213447.log, a, 33161)
[21:34:50.106] [INFO] [VAR] dpapi: save_index → 3 files
[21:34:50.108] [ERROR] [NATIVE] [uncaught] <frozen os>:L225: [C_EXCEPTION] builtin_function_or_method
[21:34:50.108] [WARN] [NATIVE] [audit] e:\StarDebate\config/stardebate_index.json: open (e:\StarDebate\config/stardebate_index.json, w, 33665)
[21:34:50.109] [INFO] [VAR] _add_to_project_tree: 1vs2_20260606_01.stardebate
[21:34:50.109] [WARN] [NATIVE] [audit] e:\StarDebate\docs/log\debug_20260626_213447.log: open (e:\StarDebate\docs/log\debug_20260626_213447.log, a, 33161)
[21:34:50.113] [INFO] [VAR] open_file: 解密成功, modules=8, file=1vs2_20260606_01.stardebate
[21:34:50.113] [WARN] [NATIVE] [audit] e:\StarDebate\docs/log\debug_20260626_213447.log: open (e:\StarDebate\docs/log\debug_20260626_213447.log, a, 33161)
[21:34:50.114] [INFO] [API] auto_load: 成功加载 1vs2_20260606_01.stardebate
47.log: open (e:\StarDebate\docs/log\debug_20260626_213447.log, a, 33161)
[21:34:50.115] [INFO] 自动加载 .stardebate: 2 个文件
[21:34:50.115] [WARN] [NATIVE] [audit] e:\StarDebate\config/config.json: open (e:\StarDebate\config/config.json, r, 32896)
[21:34:50.153] [WARN] [NATIVE] [audit] e:\StarDebate\config/config.json: open (e:\StarDebate\config/config.json, r, 32896)
[21:34:50.982] [WARN] [NATIVE] [audit] e:\StarDebate\icon\top_nav_bar\minimise.svg: open (e:\StarDebate\icon\top_nav_bar\minimise.svg, r, 32896)
[21:34:50.982] [WARN] [NATIVE] [audit] e:\StarDebate\icon\top_nav_bar\full_screen.svg: open (e:\StarDebate\icon\top_nav_bar\full_screen.svg, r, 32896)
[21:34:50.983] [WARN] [NATIVE] [audit] e:\StarDebate\icon\top_nav_bar\close.svg: open (e:\StarDebate\icon\top_nav_bar\close.svg, r, 32896)
[21:34:51.061] [INFO] [WELCOME] 启动检测结果: mode=None, last=6.2.11, current=6.2.11
[21:34:51.119] [WARN] [NATIVE] [audit] e:\StarDebate\update_v6.2.8_to_v6.2.10.zip: open (e:\StarDebate\update_v6.2.8_to_v6.2.10.zip, r, 32896)
[21:34:51.120] [ERROR] 补丁不兼容 (update_v6.2.8_to_v6.2.10.zip): 版本不匹配：当前版本为 v6.2.11，此补丁要求基础版本为 v6.2.8
[21:34:51.120] [WARN] [NATIVE] [audit] e:\StarDebate\docs/log\debug_20260626_213447.log: open (e:\StarDebate\docs/log\debug_20260626_213447.log, a, 33161)
[21:35:02.694] [WARN] [NATIVE] [audit] e:\StarDebate\components\siui\templates\application\components\layer\layer_right_message_sidebar\messagebox.py: open (e:\StarDebate\components\siui\templates\application\components\layer\layer_right, r, 32896)
[21:35:02.695] [WARN] [NATIVE] [audit] e:\StarDebate\components\siui\components\widgets\container.py: open (e:\StarDebate\components\siui\components\widgets\container.py, r, 32896)
[21:35:02.695] [ERROR] [NATIVE] [uncaught]: ValueError: Widget <siui.templates.application.components.layer.layer_right_message_sidebar.messagebox.SiSideMessageBox object at 0x000001EC649830B0> is not in this container
[21:35:02.696] [ERROR]   File "e:\StarDebate\components\siui\templates\application\components\layer\layer_right_message_sidebar\messagebox.py", line 158, in closeLater
[21:35:02.696] [WARN] [NATIVE] [audit] e:\StarDebate\docs/log\debug_20260626_213447.log: open (e:\StarDebate\docs/log\debug_20260626_213447.log, a, 33161)
[21:35:02.697] [WARN] [NATIVE] [audit] e:\StarDebate\docs/log\debug_20260626_213447.log: open (e:\StarDebate\docs/log\debug_20260626_213447.log, a, 33161)
[21:35:02.698] [ERROR]     self.parent().removeWidget(self, delete_later=False)
plication\components\layer\layer_right_message_sidebar\messagebox.py: open (e:\StarDebate\components\siui\templates\application\components\layer\layer_right, r, 32896)
[21:35:02.698] [WARN] [NATIVE] [audit] e:\StarDebate\docs/log\debug_20260626_213447.log: open (e:\StarDebate\docs/log\debug_20260626_213447.log, a, 33161)
[21:35:02.699] [ERROR]   File "e:\StarDebate\components\siui\components\widgets\container.py", line 650, in removeWidget
[21:35:02.699] [WARN] [NATIVE] [audit] e:\StarDebate\docs/log\debug_20260626_213447.log: open (e:\StarDebate\docs/log\debug_20260626_213447.log, a, 33161)
[21:35:02.701] [WARN] [NATIVE] [audit] e:\StarDebate\components\siui\components\widgets\container.py: open (e:\StarDebate\components\siui\components\widgets\container.py, r, 32896)
[21:35:02.701] [ERROR]     raise ValueError(f"Widget {widget} is not in this container")
[21:35:02.701] [WARN] [NATIVE] [audit] e:\StarDebate\docs/log\debug_20260626_213447.log: open (e:\StarDebate\docs/log\debug_20260626_213447.log, a, 33161)
[21:35:02.702] [ERROR] ValueError: Widget <siui.templates.application.components.layer.layer_right_message_sidebar.messagebox.SiSideMessageBox object at 0x000001EC649830B0> is not in this container
[21:35:02.702] [WARN] [NATIVE] [audit] e:\StarDebate\docs/log\debug_20260626_213447.log: open (e:\StarDebate\docs/log\debug_20260626_213447.log, a, 33161)
[21:35:02.703] [ERROR] [UNCAUGHT] ValueError: Widget <siui.templates.application.components.layer.layer_right_message_sidebar.messagebox.SiSideMessageBox object at 0x000001EC649830B0> is not in this container
[21:35:02.849] [ERROR] Traceback (most recent call last):
get <siui.templates.application.components.layer.layer_right_message_sidebar.messagebox.SiSideMessageBox object at 0x000001EC6499BD10> is not in this container
[21:35:02.850] [WARN] [NATIVE] [audit] e:\StarDebate\docs/log\debug_20260626_213447.log: open (e:\StarDebate\docs/log\debug_20260626_213447.log, a, 33161)
 closeLater
[21:35:02.851] [WARN] [NATIVE] [audit] e:\StarDebate\docs/log\debug_20260626_213447.log: open (e:\StarDebate\docs/log\debug_20260626_213447.log, a, 33161)
[21:35:02.851] [ERROR]     self.parent().removeWidget(self, delete_later=False)
[21:35:02.851] [WARN] [NATIVE] [audit] e:\StarDebate\components\siui\templates\application\components\layer\layer_right_message_sidebar\messagebox.py: open (e:\StarDebate\components\siui\templates\application\components\layer\layer_right, r, 32896)
[21:35:02.852] [ERROR]   File "e:\StarDebate\components\siui\components\widgets\container.py", line 650, in removeWidget
g_20260626_213447.log, a, 33161)
[21:35:02.852] [WARN] [NATIVE] [audit] e:\StarDebate\docs/log\debug_20260626_213447.log: open (e:\StarDebate\docs/log\debug_20260626_213447.log, a, 33161)
[21:35:02.853] [ERROR]     raise ValueError(f"Widget {widget} is not in this container")
[21:35:02.853] [WARN] [NATIVE] [audit] e:\StarDebate\components\siui\components\widgets\container.py: open (e:\StarDebate\components\siui\components\widgets\container.py, r, 32896)
[21:35:02.854] [WARN] [NATIVE] [audit] e:\StarDebate\docs/log\debug_20260626_213447.log: open (e:\StarDebate\docs/log\debug_20260626_213447.log, a, 33161)
[21:35:02.854] [ERROR] ValueError: Widget <siui.templates.application.components.layer.layer_right_message_sidebar.messagebox.SiSideMessageBox object at 0x000001EC6499BD10> is not in this container
[21:35:02.855] [ERROR] [UNCAUGHT] ValueError: Widget <siui.templates.application.components.layer.layer_right_message_sidebar.messagebox.SiSideMessageBox object at 0x000001EC6499BD10> is not in this container
[21:35:03.005] [ERROR] Traceback (most recent call last):
get <siui.templates.application.components.layer.layer_right_message_sidebar.messagebox.SiSideMessageBox object at 0x000001EC2F4717F0> is not in this container
[21:35:03.006] [WARN] [NATIVE] [audit] e:\StarDebate\docs/log\debug_20260626_213447.log: open (e:\StarDebate\docs/log\debug_20260626_213447.log, a, 33161)
[21:35:03.006] [ERROR]   File "e:\StarDebate\components\siui\templates\application\components\layer\layer_right_message_sidebar\messagebox.py", line 158, in closeLater
[21:35:03.006] [WARN] [NATIVE] [audit] e:\StarDebate\components\siui\templates\application\components\layer\layer_right_message_sidebar\messagebox.py: open (e:\StarDebate\components\siui\templates\application\components\layer\layer_right, r, 32896)
[21:35:03.007] [WARN] [NATIVE] [audit] e:\StarDebate\docs/log\debug_20260626_213447.log: open (e:\StarDebate\docs/log\debug_20260626_213447.log, a, 33161)
[21:35:03.008] [ERROR]   File "e:\StarDebate\components\siui\components\widgets\container.py", line 650, in removeWidget
[21:35:03.008] [WARN] [NATIVE] [audit] e:\StarDebate\docs/log\debug_20260626_213447.log: open (e:\StarDebate\docs/log\debug_20260626_213447.log, a, 33161)
[21:35:03.009] [WARN] [NATIVE] [audit] e:\StarDebate\components\siui\components\widgets\container.py: open (e:\StarDebate\components\siui\components\widgets\container.py, r, 32896)
[21:35:03.009] [ERROR]     raise ValueError(f"Widget {widget} is not in this container")
[21:35:03.010] [WARN] [NATIVE] [audit] e:\StarDebate\docs/log\debug_20260626_213447.log: open (e:\StarDebate\docs/log\debug_20260626_213447.log, a, 33161)
[21:35:03.010] [WARN] [NATIVE] [audit] e:\StarDebate\docs/log\debug_20260626_213447.log: open (e:\StarDebate\docs/log\debug_20260626_213447.log, a, 33161)
[21:35:03.010] [ERROR] ValueError: Widget <siui.templates.application.components.layer.layer_right_message_sidebar.messagebox.SiSideMessageBox object at 0x000001EC2F4717F0> is not in this container
[21:35:03.011] [ERROR] [UNCAUGHT] ValueError: Widget <siui.templates.application.components.layer.layer_right_message_sidebar.messagebox.SiSideMessageBox object at 0x000001EC2F4717F0> is not in this container
[21:35:03.049] [ERROR] Traceback (most recent call last):
get <siui.templates.application.components.layer.layer_right_message_sidebar.messagebox.SiSideMessageBox object at 0x000001EC649BC9E0> is not in this container
[21:35:03.050] [ERROR]   File "e:\StarDebate\components\siui\templates\application\components\layer\layer_right_message_sidebar\messagebox.py", line 158, in closeLater
[21:35:03.050] [WARN] [NATIVE] [audit] e:\StarDebate\docs/log\debug_20260626_213447.log: open (e:\StarDebate\docs/log\debug_20260626_213447.log, a, 33161)
[21:35:03.051] [WARN] [NATIVE] [audit] e:\StarDebate\components\siui\templates\application\components\layer\layer_right_message_sidebar\messagebox.py: open (e:\StarDebate\components\siui\templates\application\components\layer\layer_right, r, 32896)
[21:35:03.051] [ERROR]     self.parent().removeWidget(self, delete_later=False)
[21:35:03.051] [WARN] [NATIVE] [audit] e:\StarDebate\docs/log\debug_20260626_213447.log: open (e:\StarDebate\docs/log\debug_20260626_213447.log, a, 33161)
[21:35:03.052] [ERROR]   File "e:\StarDebate\components\siui\components\widgets\container.py", line 650, in removeWidget
[21:35:03.052] [WARN] [NATIVE] [audit] e:\StarDebate\docs/log\debug_20260626_213447.log: open (e:\StarDebate\docs/log\debug_20260626_213447.log, a, 33161)
[21:35:03.052] [WARN] [NATIVE] [audit] e:\StarDebate\components\siui\components\widgets\container.py: open (e:\StarDebate\components\siui\components\widgets\container.py, r, 32896)
[21:35:03.053] [ERROR]     raise ValueError(f"Widget {widget} is not in this container")
[21:35:03.053] [WARN] [NATIVE] [audit] e:\StarDebate\docs/log\debug_20260626_213447.log: open (e:\StarDebate\docs/log\debug_20260626_213447.log, a, 33161)
[21:35:03.053] [ERROR] ValueError: Widget <siui.templates.application.components.layer.layer_right_message_sidebar.messagebox.SiSideMessageBox object at 0x000001EC649BC9E0> is not in this container
[21:35:03.055] [ERROR] [UNCAUGHT] ValueError: Widget <siui.templates.application.components.layer.layer_right_message_sidebar.messagebox.SiSideMessageBox object at 0x000001EC649BC9E0> is not in this container
[21:35:07.450] [WARN] [SYS] 监视心跳超时: 18秒无新数据 (最后心跳: 21:34:49)
[21:35:19.271] [WARN] [NATIVE] [audit] native_log_manager.py:health_check: NativeEventManager 健康检查通过
[21:35:19.271] [WARN] [THREAD] [thread_stuck]: Thread stuck: NativeThreadMonitor stuck for 30s at native_thread_monitor.py:157:_scan_thread_stuck|native_thread_monitor.py:95:_run|threading.py:989:ru
[21:35:19.272] [WARN] [THREAD] [thread_stuck]: Thread stuck: NativeEventWriter stuck for 30s at threading.py:338:wait|queue.py:180:get|native_log_manager.py:316:_batch_writer_loop|threading.py:989
[21:35:19.272] [WARN] [THREAD] [thread_stuck]: Thread stuck: ChronicleSnapshot stuck for 30s at chronicle_manager.py:273:_snapshot_loop|threading.py:989:run|threading.py:1052:_bootstrap_inner|thre
[21:35:19.274] [ERROR] [NATIVE] [uncaught] functools.py:L52: [C_EXCEPTION] builtin_function_or_method
[21:35:19.274] [ERROR] [NATIVE] [uncaught] functools.py:L52: [C_EXCEPTION] builtin_function_or_method
[21:35:19.275] [ERROR] [NATIVE] [uncaught] functools.py:L52: [C_EXCEPTION] builtin_function_or_method
[21:35:19.275] [ERROR] [NATIVE] [uncaught] functools.py:L52: [C_EXCEPTION] builtin_function_or_method
[21:35:19.280] [ERROR] [NATIVE] [uncaught] functools.py:L52: [C_EXCEPTION] builtin_function_or_method
[21:35:19.283] [WARN] [NATIVE] [audit] e:\StarDebate\docs/log\debug_20260626_213447.log: open (e:\StarDebate\docs/log\debug_20260626_213447.log, a, 33161)
[21:35:19.283] [ERROR] [21:35:19] [ERROR] [NATIVE-MGR] 底层事件 SQLite 自检通过 (137 条测试记录)
[21:35:22.455] [WARN] [SYS] 监视心跳超时: 15秒无新数据 (最后心跳: 21:35:07)
[21:35:25.994] [ERROR] SystemError: deallocated BytesIO object has exported buffers
as exported buffers
[21:35:25.994] [WARN] [NATIVE] [audit] e:\StarDebate\docs/log\debug_20260626_213447.log: open (e:\StarDebate\docs/log\debug_20260626_213447.log, a, 33161)
[21:35:37.460] [WARN] [SYS] 监视心跳超时: 15秒无新数据 (最后心跳: 21:35:22)
[21:35:40.469] [ERROR] ════════════════════════════════════════════════════════════
[21:35:40.469] [ERROR] ═══ [SYS] 主进程异常退出 ═══
[21:35:40.470] [ERROR] ════════════════════════════════════════════════════════════
[21:35:40.470] [ERROR]   PID: 44452
[21:35:40.470] [ERROR]   退出时间: 2026-06-26 21:35:40
[21:35:40.471] [ERROR]   队列残留条目（已排空）: 0 条
[21:35:40.471] [ERROR]   应急写入次数: 0
[21:35:40.471] [ERROR]   最后监视心跳: 21:35:37 (3秒前)
[21:35:40.472] [ERROR] ────────────────────────────────────────
[21:35:40.472] [ERROR] ═══ 💡 崩溃自动分析 ═══
[21:35:40.475] [ERROR]     [ERROR] [NATIVE] [uncaught] functools.py:L52: [C_EXCEPTION] builtin_function_or_method
[21:35:40.476] [ERROR]     [ERROR] [21:35:19] [ERROR] [NATIVE-MGR] 底层事件 SQLite 自检通过 (137 条测试记录)
[21:35:40.476] [ERROR]     [ERROR] SystemError: deallocated BytesIO object has exported buffers
[21:35:40.481] [ERROR]   1. ⚪ 起居注未活跃（无 [CRON] 条目）
[21:35:40.482] [ERROR]   2. 🔴 崩溃前 10.0秒内 ERROR: 35 条
[21:35:40.482] [ERROR]   3. 🟡 崩溃前 10.0秒内 WARN: 50 条
[21:35:40.483] [ERROR]   4. 🟡 重复错误模式 (5 类): 
[21:35:40.483] [ERROR]   5.     ↻ 出现 43 次: [NATIVE] [audit] e
[21:35:40.483] [ERROR]   6.     ↻ 出现 5 次: [NATIVE] [uncaught] functools.py
[21:35:40.484] [ERROR]   7.     ↻ 出现 4 次: raise ValueError
[21:35:40.484] [ERROR]   8. 📊 错误类型分布: Python 异常:14, 超时:3
[21:35:40.485] [ERROR]   9.     ► Python 异常未捕获：检查 Worker 线程的 try/except
[21:35:40.485] [ERROR]   10. 📁 错误热点文件: container.py:4, messagebox.py:3
[21:35:40.485] [ERROR]   11. 📊 底层事件分布: [NATIVE]:51, [THREAD]:3
[21:35:40.485] [ERROR]   12. 📁 SQLite native.db 最近 5 条:
[21:35:40.486] [ERROR]   13.     [21:35:19] [audit] sys.addaudithook: open (e:\StarDebate\docs/log\debug_20260626_213447.log, a, 33161)
[21:35:40.486] [ERROR]   14.     [21:35:19] [uncaught] sys.setprofile: [C_EXCEPTION] builtin_function_or_method
[21:35:40.487] [ERROR]   15.     [21:35:19] [uncaught] sys.setprofile: [C_EXCEPTION] builtin_function_or_method
[21:35:40.487] [ERROR]   16.     [21:35:19] [uncaught] sys.setprofile: [C_EXCEPTION] builtin_function_or_method
[21:35:40.487] [ERROR]   17.     [21:35:19] [uncaught] sys.setprofile: [C_EXCEPTION] builtin_function_or_method
[21:35:40.488] [ERROR]   ─── 建议 ───
[21:35:40.489] [ERROR]   → 同一错误反复出现，应在日志中查找最早出现点并追溯根因
[21:35:40.489] [ERROR]   → 多线程状态异常，检查 Worker 生命周期/线程泄露
[21:35:40.489] [ERROR] ════════════════════════════════════════════════════════════
[21:35:41.128] [INFO] [SYS] LogService 进程退出
