[13:53:09.857] [INFO] ═══ LogService 已启动 ═══
[13:53:09.858] [INFO] 自动清理: 无过期日志文件
[13:53:09.859] [INFO] 日志文件: e:\StarDebate\docs/log\debug_20260622_135309.log
[13:53:09.860] [INFO] [SYS] 系统健康监视已启动 (监控 PID: 62588)
[13:53:09.861] [INFO] [SYS] 日志服务进入主循环，等待指令...
[13:53:11.294] [INFO] ═══ StarDebate 启动 ═══
[13:53:11.294] [INFO] 版本: 5.0.0
[13:53:11.295] [INFO] 主题: notion_dark
[13:53:11.295] [INFO] 日志文件: e:\StarDebate\docs/log\debug_20260622_135309.log
[13:53:11.296] [INFO] 日志服务: 独立进程 (LogService)
[13:53:11.297] [INFO] [CRON] 起居注自动追踪已启用 (v2.0.0)
[13:53:11.298] [INFO] [CRON] 追踪范围: 插件/API/AI/Qt错误/Worker线程  + traceback + 守护日志环 + 崩溃分析
[13:53:11.303] [INFO] [NATIVE] 底层事件记录系统已启用 (v1.2.0 M3)
[13:53:11.303] [INFO] [NATIVE] 钩子: Qt/excepthook/unraisable/audit/gc/c_exception
[13:53:11.304] [INFO] [NATIVE] 监视: 线程健康/资源跟踪/起居注桥接
[13:53:11.304] [INFO] [NATIVE] SQLite: e:\StarDebate\docs/log/native.db
[13:53:11.304] [INFO] 调试监视已开启: 变量, 函数, 插件, API, AI
[13:53:11.304] [INFO] [CFG] 已加载 log_settings.json，开始同步运行时配置
[13:53:11.306] [ERROR] [NATIVE] [uncaught] <frozen os>:L225: [C_EXCEPTION] builtin_function_or_method
[13:53:11.306] [WARN] [NATIVE] [audit] e:\StarDebate\workers\config\debug_monitor.json: open (e:\StarDebate\workers\config\debug_monitor.json, w, 33665)
[13:53:11.307] [ERROR] [NATIVE] [uncaught] <frozen os>:L225: [C_EXCEPTION] builtin_function_or_method
[13:53:11.307] [WARN] [NATIVE] [audit] e:\StarDebate\workers\config\debug_monitor.json: open (e:\StarDebate\workers\config\debug_monitor.json, w, 33665)
[13:53:11.307] [ERROR] [NATIVE] [uncaught] <frozen os>:L225: [C_EXCEPTION] builtin_function_or_method
[13:53:11.308] [WARN] [NATIVE] [audit] e:\StarDebate\workers\config\debug_monitor.json: open (e:\StarDebate\workers\config\debug_monitor.json, w, 33665)
[13:53:11.308] [ERROR] [NATIVE] [uncaught] <frozen os>:L225: [C_EXCEPTION] builtin_function_or_method
[13:53:11.309] [WARN] [NATIVE] [audit] e:\StarDebate\workers\config\debug_monitor.json: open (e:\StarDebate\workers\config\debug_monitor.json, w, 33665)
[13:53:11.309] [ERROR] [NATIVE] [uncaught] <frozen os>:L225: [C_EXCEPTION] builtin_function_or_method
[13:53:11.310] [WARN] [NATIVE] [audit] e:\StarDebate\workers\config\debug_monitor.json: open (e:\StarDebate\workers\config\debug_monitor.json, w, 33665)
[13:53:11.310] [WARN] [NATIVE] [audit] e:\StarDebate\workers\config\debug_monitor.json: open (e:\StarDebate\workers\config\debug_monitor.json, w, 33665)
[13:53:11.310] [WARN] [NATIVE] [audit] e:\StarDebate\workers\config\debug_monitor.json: open (e:\StarDebate\workers\config\debug_monitor.json, w, 33665)
[13:53:11.310] [INFO] [CFG] 调试监视: 已开启 → 变量, 函数, 插件, API, AI
[13:53:11.311] [WARN] [NATIVE] [audit] e:\StarDebate\config\chronicle_config.json: open (e:\StarDebate\config\chronicle_config.json, w, 33665)
[13:53:11.311] [INFO] [CFG] 起居注: 已开启
[13:53:11.313] [INFO] [CFG] log_settings.json 同步完成
[13:53:11.313] [ERROR] [NATIVE] [uncaught] spawn.py:L175: [C_EXCEPTION] builtin_function_or_method
[13:53:11.313] [WARN] [NATIVE] [audit] 3: open (3, w, 33665)
[13:53:11.327] [INFO] 崩溃监控已启动 (PID: 62588)
[13:53:11.328] [WARN] [NATIVE] [audit] e:\StarDebate\config\keyboard_shortcuts.json: open (e:\StarDebate\config\keyboard_shortcuts.json, r, 32896)
[13:53:11.331] [WARN] [NATIVE] [audit] import components.shadow_container: import (components.shadow_container, None, ['e:\\StarDebate', 'C:\\Users\\Oblivion\\Python\\python312.zip', 'C:\\Users\\Obl)
[13:53:11.332] [ERROR] [NATIVE] [uncaught] <frozen importlib._bootstrap_external>:L147: [C_EXCEPTION] builtin_function_or_method
[13:53:11.332] [ERROR] [NATIVE] [uncaught] <frozen importlib._bootstrap_external>:L147: [C_EXCEPTION] builtin_function_or_method
[13:53:11.333] [WARN] [NATIVE] [audit] e:\StarDebate\components\shadow_container\__pycache__\__init__.cpython-312.pyc: open (e:\StarDebate\components\shadow_container\__pycache__\__init__.cpython-312.pyc, r, 32896)
[13:53:11.333] [WARN] [NATIVE] [audit] import components.shadow_container.shadow_container: import (components.shadow_container.shadow_container, None, ['e:\\StarDebate', 'C:\\Users\\Oblivion\\Python\\python312.zip', 'C:\\Users\\Obl)
[13:53:11.333] [WARN] [NATIVE] [audit] e:\StarDebate\components\shadow_container\__pycache__\shadow_container.cpython-312.pyc: open (e:\StarDebate\components\shadow_container\__pycache__\shadow_container.cpython-3, r, 32896)
[13:53:11.334] [WARN] [NATIVE] [audit] e:\StarDebate\config\config.json: open (e:\StarDebate\config\config.json, r, 32896)
[13:53:11.334] [WARN] [NATIVE] [audit] e:\StarDebate\style\themes\notion_dark\theme.json: open (e:\StarDebate\style\themes\notion_dark\theme.json, r, 32896)
[13:53:11.389] [WARN] [NATIVE] [audit] e:\StarDebate\config\config.json: open (e:\StarDebate\config\config.json, r, 32896)
[13:53:11.398] [WARN] [NATIVE] [audit] e:\StarDebate\workers\speech_editor\..\..\icon\index\has_material.svg: open (e:\StarDebate\workers\speech_editor\..\..\icon\index\has_material.svg, r, 32896)
[13:53:11.465] [WARN] [NATIVE] [audit] e:\StarDebate\style\themes\notion_dark\theme.json: open (e:\StarDebate\style\themes\notion_dark\theme.json, r, 32896)
[13:53:11.467] [WARN] [NATIVE] [audit] e:\StarDebate\style\themes\notion_dark\theme.json: open (e:\StarDebate\style\themes\notion_dark\theme.json, r, 32896)
[13:53:11.481] [ERROR] [NATIVE] [uncaught] <frozen importlib._bootstrap_external>:L147: [C_EXCEPTION] builtin_function_or_method
[13:53:11.481] [ERROR] [NATIVE] [uncaught] <frozen importlib._bootstrap_external>:L147: [C_EXCEPTION] builtin_function_or_method
[13:53:11.482] [WARN] [NATIVE] [audit] e:\StarDebate\workers\training\quick_quiz\__pycache__\__init__.cpython-312.pyc: open (e:\StarDebate\workers\training\quick_quiz\__pycache__\__init__.cpython-312.pyc, r, 32896)
[13:53:11.492] [WARN] [NATIVE] [audit] import workers.training.quick_quiz.quick_quiz_manager: import (workers.training.quick_quiz.quick_quiz_manager, None, ['e:\\StarDebate', 'C:\\Users\\Oblivion\\Python\\python312.zip', 'C:\\Users\\Obl)
[13:53:11.493] [WARN] [NATIVE] [audit] e:\StarDebate\workers\training\quick_quiz\__pycache__\quick_quiz_manager.cpython-312.pyc: open (e:\StarDebate\workers\training\quick_quiz\__pycache__\quick_quiz_manager.cpython, r, 32896)
[13:53:11.508] [WARN] [NATIVE] [audit] import workers.training.exercise.exercise_manager: import (workers.training.exercise.exercise_manager, None, ['e:\\StarDebate', 'C:\\Users\\Oblivion\\Python\\python312.zip', 'C:\\Users\\Obl)
[13:53:11.509] [WARN] [NATIVE] [audit] e:\StarDebate\workers\training\exercise\__pycache__\exercise_manager.cpython-312.pyc: open (e:\StarDebate\workers\training\exercise\__pycache__\exercise_manager.cpython-312, r, 32896)
[13:53:11.574] [INFO] [FUNC] material_pool:build_panel → ✅ 返回(0ms): ''
[13:53:11.579] [WARN] [NATIVE] [audit] e:\StarDebate\style\themes\notion_dark\theme.json: open (e:\StarDebate\style\themes\notion_dark\theme.json, r, 32896)
[13:53:11.680] [WARN] [NATIVE] [audit] e:\StarDebate\config\config.json: open (e:\StarDebate\config\config.json, r, 32896)
[13:53:11.728] [WARN] [NATIVE] [audit] e:\StarDebate\config\config.json: open (e:\StarDebate\config\config.json, r, 32896)
[13:53:11.729] [WARN] [NATIVE] [audit] e:\StarDebate\style\themes\notion_dark\theme.json: open (e:\StarDebate\style\themes\notion_dark\theme.json, r, 32896)
[13:53:11.730] [WARN] [NATIVE] [audit] e:\StarDebate\style\themes\notion_dark\main.qss: open (e:\StarDebate\style\themes\notion_dark\main.qss, r, 32896)
[13:53:11.730] [WARN] [NATIVE] [audit] e:\StarDebate\style\themes\notion_dark\title_bar.qss: open (e:\StarDebate\style\themes\notion_dark\title_bar.qss, r, 32896)
[13:53:11.730] [WARN] [NATIVE] [audit] e:\StarDebate\style\themes\notion_dark\nav_bar.qss: open (e:\StarDebate\style\themes\notion_dark\nav_bar.qss, r, 32896)
[13:53:11.731] [WARN] [NATIVE] [audit] e:\StarDebate\style\themes\notion_dark\structure.qss: open (e:\StarDebate\style\themes\notion_dark\structure.qss, r, 32896)
[13:53:11.731] [WARN] [NATIVE] [audit] e:\StarDebate\style\themes\notion_dark\settings.qss: open (e:\StarDebate\style\themes\notion_dark\settings.qss, r, 32896)
[13:53:11.731] [WARN] [NATIVE] [audit] e:\StarDebate\style\themes\notion_dark\ref_doc.qss: open (e:\StarDebate\style\themes\notion_dark\ref_doc.qss, r, 32896)
[13:53:11.732] [WARN] [NATIVE] [audit] e:\StarDebate\style\themes\notion_dark\speech_editor.qss: open (e:\StarDebate\style\themes\notion_dark\speech_editor.qss, r, 32896)
[13:53:11.732] [WARN] [NATIVE] [audit] e:\StarDebate\style\themes\notion_dark\tournament.qss: open (e:\StarDebate\style\themes\notion_dark\tournament.qss, r, 32896)
[13:53:11.733] [WARN] [NATIVE] [audit] e:\StarDebate\style\themes\notion_dark\framework.qss: open (e:\StarDebate\style\themes\notion_dark\framework.qss, r, 32896)
[13:53:11.733] [WARN] [NATIVE] [audit] e:\StarDebate\style\themes\notion_dark\speech_writer.qss: open (e:\StarDebate\style\themes\notion_dark\speech_writer.qss, r, 32896)
[13:53:11.735] [WARN] [NATIVE] [audit] e:\StarDebate\style\themes\notion_dark\ai_expand.qss: open (e:\StarDebate\style\themes\notion_dark\ai_expand.qss, r, 32896)
[13:53:11.735] [WARN] [NATIVE] [audit] e:\StarDebate\style\themes\notion_dark\notes.qss: open (e:\StarDebate\style\themes\notion_dark\notes.qss, r, 32896)
[13:53:11.735] [WARN] [NATIVE] [audit] e:\StarDebate\style\themes\notion_dark\training.qss: open (e:\StarDebate\style\themes\notion_dark\training.qss, r, 32896)
[13:53:11.736] [WARN] [NATIVE] [audit] e:\StarDebate\style\themes\notion_dark\ai_analysis.qss: open (e:\StarDebate\style\themes\notion_dark\ai_analysis.qss, r, 32896)
[13:53:11.736] [WARN] [NATIVE] [audit] e:\StarDebate\style\themes\notion_dark\cross_examination.qss: open (e:\StarDebate\style\themes\notion_dark\cross_examination.qss, r, 32896)
[13:53:11.737] [WARN] [NATIVE] [audit] e:\StarDebate\style\themes\notion_dark\new_debate.qss: open (e:\StarDebate\style\themes\notion_dark\new_debate.qss, r, 32896)
[13:53:11.738] [WARN] [NATIVE] [audit] e:\StarDebate\style\themes\notion_dark\debug_console.qss: open (e:\StarDebate\style\themes\notion_dark\debug_console.qss, r, 32896)
[13:53:11.738] [WARN] [NATIVE] [audit] e:\StarDebate\style\themes\notion_dark\suggest_popup.qss: open (e:\StarDebate\style\themes\notion_dark\suggest_popup.qss, r, 32896)
[13:53:11.739] [WARN] [NATIVE] [audit] e:\StarDebate\style\themes\notion_dark\crash_monitor.qss: open (e:\StarDebate\style\themes\notion_dark\crash_monitor.qss, r, 32896)
[13:53:11.739] [WARN] [NATIVE] [audit] e:\StarDebate\style\themes\notion_dark\popup_dialog.qss: open (e:\StarDebate\style\themes\notion_dark\popup_dialog.qss, r, 32896)
[13:53:11.740] [WARN] [NATIVE] [audit] e:\StarDebate\style\themes\notion_dark\stardebate_format.qss: open (e:\StarDebate\style\themes\notion_dark\stardebate_format.qss, r, 32896)
[13:53:11.838] [INFO] [FUNC] dpapi: load_index
[13:53:11.838] [INFO] [SHORTCUT] 快捷键系统已初始化
[13:53:11.845] [INFO] [VAR] dpapi: load_index → 3 files loaded
[13:53:11.846] [INFO] [FUNC] auto_load_saved_files: 3 files in index
[13:53:11.847] [INFO] [API] auto_load: 跳过不存在的文件 C:/Users/Oblivion/Desktop/1vs2_20260606.stardebate
[13:53:11.847] [INFO] [FUNC] open_file_with_stored_password: 1vs2_20260606.stardebate
[13:53:11.848] [INFO] [FUNC] dpapi: get_password_for_file → 1vs2_20260606.stardebate
[13:53:11.848] [INFO] [FUNC] dpapi: load_index
[13:53:11.850] [INFO] [VAR] dpapi: load_index → 3 files loaded
[13:53:11.850] [INFO] [VAR] dpapi: get_password_for_file → no password set
[13:53:11.851] [INFO] [FUNC] open_file: path=1vs2_20260606.stardebate
[13:53:11.858] [INFO] [FUNC] StardebateCompiler.unpack(file_size=8593, has_pwd_input=False)
[13:53:11.889] [INFO] [FUNC] StardebateCompiler: 第1层内置密钥解密成功
[13:53:11.890] [INFO] [FUNC] StardebateCompiler.unpack: 解密成功, modules=6, app_version=2.3.0
[13:53:11.891] [INFO] [FUNC] dpapi: add_file_to_index → 1vs2_20260606.stardebate
[13:53:11.891] [INFO] [FUNC] dpapi: load_index
[13:53:11.892] [INFO] [VAR] dpapi: load_index → 3 files loaded
[13:53:11.893] [INFO] [VAR] dpapi: save_index → 3 files
[13:53:11.894] [INFO] [VAR] _add_to_project_tree: 1vs2_20260606.stardebate
[13:53:11.898] [INFO] [VAR] open_file: 解密成功, modules=6, file=1vs2_20260606.stardebate
[13:53:11.898] [INFO] [API] auto_load: 成功加载 1vs2_20260606.stardebate
[13:53:11.900] [INFO] [FUNC] open_file_with_stored_password: 1vs2_20260606_01.stardebate
[13:53:11.900] [INFO] [FUNC] dpapi: get_password_for_file → 1vs2_20260606_01.stardebate
[13:53:11.901] [INFO] [FUNC] dpapi: load_index
[13:53:11.908] [INFO] [VAR] dpapi: load_index → 3 files loaded
[13:53:11.908] [INFO] [FUNC] dpapi: decrypt_password
[13:53:11.911] [INFO] [API] dpapi: decrypt_password → ok
[13:53:11.912] [INFO] [API] dpapi: get_password_for_file → ok
[13:53:11.912] [INFO] [FUNC] open_file: path=1vs2_20260606_01.stardebate
[13:53:11.918] [INFO] [FUNC] StardebateCompiler.unpack(file_size=10782, has_pwd_input=True)
[13:53:11.919] [INFO] [FUNC] StardebateCompiler: 第1层内置密钥解密成功
[13:53:11.949] [INFO] [FUNC] StardebateCompiler: 第2层密码解密成功
[13:53:11.950] [INFO] [FUNC] StardebateCompiler.unpack: 解密成功, modules=8, app_version=2.3.0
[13:53:11.951] [INFO] [FUNC] dpapi: add_file_to_index → 1vs2_20260606_01.stardebate
[13:53:11.951] [INFO] [FUNC] dpapi: load_index
[13:53:11.953] [INFO] [VAR] dpapi: load_index → 3 files loaded
[13:53:11.953] [INFO] [FUNC] dpapi: encrypt_password
[13:53:11.955] [INFO] [API] dpapi: encrypt_password → ok
[13:53:11.955] [INFO] [VAR] dpapi: save_index → 3 files
[13:53:11.957] [INFO] [VAR] _add_to_project_tree: 1vs2_20260606_01.stardebate
[13:53:11.960] [INFO] [VAR] open_file: 解密成功, modules=8, file=1vs2_20260606_01.stardebate
[13:53:11.961] [INFO] [API] auto_load: 成功加载 1vs2_20260606_01.stardebate
[13:53:11.962] [INFO] 自动加载 .stardebate: 2 个文件
[13:53:12.399] [WARN] [NATIVE] [audit] e:\StarDebate\icon\top_nav_bar\minimise.svg: open (e:\StarDebate\icon\top_nav_bar\minimise.svg, r, 32896)
[13:53:12.400] [WARN] [NATIVE] [audit] e:\StarDebate\icon\top_nav_bar\full_screen.svg: open (e:\StarDebate\icon\top_nav_bar\full_screen.svg, r, 32896)
[13:53:12.401] [WARN] [NATIVE] [audit] e:\StarDebate\icon\top_nav_bar\close.svg: open (e:\StarDebate\icon\top_nav_bar\close.svg, r, 32896)
[13:53:12.962] [WARN] [NATIVE] [audit] e:\StarDebate\_update_staging\update_state.json: open (e:\StarDebate\_update_staging\update_state.json, r, 32896)
[13:53:14.465] [WARN] [NATIVE] [audit] e:\StarDebate\config\config.json: open (e:\StarDebate\config\config.json, r, 32896)
[13:53:14.465] [WARN] [NATIVE] [audit] e:\StarDebate\style\themes\notion_dark\updater.qss: open (e:\StarDebate\style\themes\notion_dark\updater.qss, r, 32896)
[13:53:18.387] [WARN] [NATIVE] [audit] e:\StarDebate\config\config.json: open (e:\StarDebate\config\config.json, r, 32896)
[13:53:18.391] [WARN] [NATIVE] [audit] e:\StarDebate\config\config.json: open (e:\StarDebate\config\config.json, r, 32896)
[13:53:18.391] [WARN] [NATIVE] [audit] e:\StarDebate\style\themes\notion_dark\settings.qss: open (e:\StarDebate\style\themes\notion_dark\settings.qss, r, 32896)
[13:53:18.392] [WARN] [NATIVE] [audit] e:\StarDebate\style\themes\notion_dark\title_bar.qss: open (e:\StarDebate\style\themes\notion_dark\title_bar.qss, r, 32896)
[13:53:18.393] [WARN] [NATIVE] [audit] e:\StarDebate\style\themes\notion_dark\star_spinbox.qss: open (e:\StarDebate\style\themes\notion_dark\star_spinbox.qss, r, 32896)
[13:53:18.393] [WARN] [NATIVE] [audit] e:\StarDebate\style\themes\notion_dark\svg_renderer.qss: open (e:\StarDebate\style\themes\notion_dark\svg_renderer.qss, r, 32896)
[13:53:18.393] [WARN] [NATIVE] [audit] e:\StarDebate\workers\settings\pages\__pycache__\about_page.cpython-312.pyc: open (e:\StarDebate\workers\settings\pages\__pycache__\about_page.cpython-312.pyc, r, 32896)
[13:53:18.394] [ERROR] [NATIVE] [uncaught] <frozen importlib._bootstrap_external>:L1185: [C_EXCEPTION] builtin_function_or_method
[13:53:18.394] [WARN] [NATIVE] [audit] e:\StarDebate\workers\settings\pages\about_page.py: open (e:\StarDebate\workers\settings\pages\about_page.py, r, 32896)
[13:53:18.395] [ERROR] [NATIVE] [uncaught] <frozen importlib._bootstrap_external>:L147: [C_EXCEPTION] builtin_function_or_method
[13:53:18.395] [WARN] [NATIVE] [audit] e:\StarDebate\workers\settings\pages\__pycache__\about_page.cpython-312.pyc.2987101020976: open (e:\StarDebate\workers\settings\pages\__pycache__\about_page.cpython-312.pyc.2987, None, 1409)
[13:53:18.395] [WARN] [NATIVE] [audit] 3: open (3, wb, 33665)
[13:53:18.397] [WARN] [NATIVE] [audit] e:\StarDebate\workers\settings\pages\__pycache__\api_config.cpython-312.pyc: open (e:\StarDebate\workers\settings\pages\__pycache__\api_config.cpython-312.pyc, r, 32896)
[13:53:18.398] [ERROR] [NATIVE] [uncaught] <frozen importlib._bootstrap_external>:L1185: [C_EXCEPTION] builtin_function_or_method
[13:53:18.398] [WARN] [NATIVE] [audit] e:\StarDebate\workers\settings\pages\api_config.py: open (e:\StarDebate\workers\settings\pages\api_config.py, r, 32896)
[13:53:18.403] [WARN] [NATIVE] [audit] e:\StarDebate\workers\settings\pages\__pycache__\api_config.cpython-312.pyc.2987101022128: open (e:\StarDebate\workers\settings\pages\__pycache__\api_config.cpython-312.pyc.2987, None, 1409)
[13:53:18.403] [WARN] [NATIVE] [audit] 3: open (3, wb, 33665)
[13:53:18.405] [WARN] [NATIVE] [audit] import components.star_spinbox: import (components.star_spinbox, None, ['e:\\StarDebate', 'C:\\Users\\Oblivion\\Python\\python312.zip', 'C:\\Users\\Obl)
[13:53:18.406] [ERROR] [NATIVE] [uncaught] <frozen importlib._bootstrap_external>:L147: [C_EXCEPTION] builtin_function_or_method
[13:53:18.406] [ERROR] [NATIVE] [uncaught] <frozen importlib._bootstrap_external>:L147: [C_EXCEPTION] builtin_function_or_method
[13:53:18.407] [WARN] [NATIVE] [audit] e:\StarDebate\components\star_spinbox\__pycache__\__init__.cpython-312.pyc: open (e:\StarDebate\components\star_spinbox\__pycache__\__init__.cpython-312.pyc, r, 32896)
[13:53:18.407] [ERROR] [NATIVE] [uncaught] <frozen importlib._bootstrap_external>:L1185: [C_EXCEPTION] builtin_function_or_method
[13:53:18.408] [WARN] [NATIVE] [audit] e:\StarDebate\components\star_spinbox\__init__.py: open (e:\StarDebate\components\star_spinbox\__init__.py, r, 32896)
[13:53:18.409] [ERROR] [NATIVE] [uncaught] <frozen importlib._bootstrap_external>:L147: [C_EXCEPTION] builtin_function_or_method
[13:53:18.409] [WARN] [NATIVE] [audit] e:\StarDebate\components\star_spinbox\__pycache__\__init__.cpython-312.pyc.2987101022640: open (e:\StarDebate\components\star_spinbox\__pycache__\__init__.cpython-312.pyc.29871, None, 1409)
[13:53:18.410] [WARN] [NATIVE] [audit] 3: open (3, wb, 33665)
[13:53:18.410] [WARN] [NATIVE] [audit] import components.star_spinbox.star_spinbox: import (components.star_spinbox.star_spinbox, None, ['e:\\StarDebate', 'C:\\Users\\Oblivion\\Python\\python312.zip', 'C:\\Users\\Obl)
[13:53:18.411] [WARN] [NATIVE] [audit] e:\StarDebate\components\star_spinbox\__pycache__\star_spinbox.cpython-312.pyc: open (e:\StarDebate\components\star_spinbox\__pycache__\star_spinbox.cpython-312.pyc, r, 32896)
[13:53:18.411] [ERROR] [NATIVE] [uncaught] <frozen importlib._bootstrap_external>:L1185: [C_EXCEPTION] builtin_function_or_method
[13:53:18.412] [WARN] [NATIVE] [audit] e:\StarDebate\components\star_spinbox\star_spinbox.py: open (e:\StarDebate\components\star_spinbox\star_spinbox.py, r, 32896)
[13:53:18.420] [WARN] [NATIVE] [audit] e:\StarDebate\components\star_spinbox\__pycache__\star_spinbox.cpython-312.pyc.2987101021488: open (e:\StarDebate\components\star_spinbox\__pycache__\star_spinbox.cpython-312.pyc.2, None, 1409)
[13:53:18.420] [WARN] [NATIVE] [audit] 3: open (3, wb, 33665)
[13:53:18.422] [WARN] [NATIVE] [audit] e:\StarDebate\workers\settings\pages\__pycache__\appearance_page.cpython-312.pyc: open (e:\StarDebate\workers\settings\pages\__pycache__\appearance_page.cpython-312.pyc, r, 32896)
[13:53:18.422] [ERROR] [NATIVE] [uncaught] <frozen importlib._bootstrap_external>:L1185: [C_EXCEPTION] builtin_function_or_method
[13:53:18.422] [WARN] [NATIVE] [audit] e:\StarDebate\workers\settings\pages\appearance_page.py: open (e:\StarDebate\workers\settings\pages\appearance_page.py, r, 32896)
[13:53:18.427] [WARN] [NATIVE] [audit] e:\StarDebate\workers\settings\pages\__pycache__\appearance_page.cpython-312.pyc.2987101027760: open (e:\StarDebate\workers\settings\pages\__pycache__\appearance_page.cpython-312.pyc, None, 1409)
[13:53:18.428] [WARN] [NATIVE] [audit] 3: open (3, wb, 33665)
[13:53:18.428] [WARN] [NATIVE] [audit] e:\StarDebate\workers\settings\pages\__pycache__\editor_page.cpython-312.pyc: open (e:\StarDebate\workers\settings\pages\__pycache__\editor_page.cpython-312.pyc, r, 32896)
[13:53:18.429] [WARN] [NATIVE] [audit] e:\StarDebate\workers\settings\pages\editor_page.py: open (e:\StarDebate\workers\settings\pages\editor_page.py, r, 32896)
[13:53:18.431] [WARN] [NATIVE] [audit] e:\StarDebate\workers\settings\pages\__pycache__\editor_page.cpython-312.pyc.2987101024048: open (e:\StarDebate\workers\settings\pages\__pycache__\editor_page.cpython-312.pyc.298, None, 1409)
[13:53:18.432] [WARN] [NATIVE] [audit] 3: open (3, wb, 33665)
[13:53:18.432] [WARN] [NATIVE] [audit] e:\StarDebate\workers\settings\pages\__pycache__\keyboard_shortcuts_page.cpython-312.pyc: open (e:\StarDebate\workers\settings\pages\__pycache__\keyboard_shortcuts_page.cpython, r, 32896)
[13:53:18.433] [WARN] [NATIVE] [audit] e:\StarDebate\workers\settings\pages\keyboard_shortcuts_page.py: open (e:\StarDebate\workers\settings\pages\keyboard_shortcuts_page.py, r, 32896)
[13:53:18.438] [WARN] [NATIVE] [audit] e:\StarDebate\workers\settings\pages\__pycache__\keyboard_shortcuts_page.cpython-312.pyc.2987101087632: open (e:\StarDebate\workers\settings\pages\__pycache__\keyboard_shortcuts_page.cpython, None, 1409)
[13:53:18.438] [WARN] [NATIVE] [audit] 3: open (3, wb, 33665)
[13:53:18.439] [WARN] [NATIVE] [audit] e:\StarDebate\workers\settings\pages\__pycache__\log_settings_page.cpython-312.pyc: open (e:\StarDebate\workers\settings\pages\__pycache__\log_settings_page.cpython-312.p, r, 32896)
[13:53:18.440] [WARN] [NATIVE] [audit] e:\StarDebate\workers\settings\pages\log_settings_page.py: open (e:\StarDebate\workers\settings\pages\log_settings_page.py, r, 32896)
[13:53:18.444] [WARN] [NATIVE] [audit] e:\StarDebate\workers\settings\pages\__pycache__\log_settings_page.cpython-312.pyc.2987101026608: open (e:\StarDebate\workers\settings\pages\__pycache__\log_settings_page.cpython-312.p, None, 1409)
[13:53:18.445] [WARN] [NATIVE] [audit] 3: open (3, wb, 33665)
[13:53:18.447] [WARN] [NATIVE] [audit] e:\StarDebate\workers\settings\pages\__pycache__\native_log_settings_ui.cpython-312.pyc: open (e:\StarDebate\workers\settings\pages\__pycache__\native_log_settings_ui.cpython-, r, 32896)
[13:53:18.447] [WARN] [NATIVE] [audit] e:\StarDebate\workers\settings\pages\native_log_settings_ui.py: open (e:\StarDebate\workers\settings\pages\native_log_settings_ui.py, r, 32896)
[13:53:18.451] [WARN] [NATIVE] [audit] e:\StarDebate\workers\settings\pages\__pycache__\native_log_settings_ui.cpython-312.pyc.2987101024944: open (e:\StarDebate\workers\settings\pages\__pycache__\native_log_settings_ui.cpython-, None, 1409)
[13:53:18.452] [WARN] [NATIVE] [audit] 3: open (3, wb, 33665)
[13:53:18.454] [WARN] [NATIVE] [audit] e:\StarDebate\workers\settings\pages\__pycache__\svg_settings_page.cpython-312.pyc: open (e:\StarDebate\workers\settings\pages\__pycache__\svg_settings_page.cpython-312.p, r, 32896)
[13:53:18.454] [WARN] [NATIVE] [audit] e:\StarDebate\workers\settings\pages\svg_settings_page.py: open (e:\StarDebate\workers\settings\pages\svg_settings_page.py, r, 32896)
[13:53:18.461] [WARN] [NATIVE] [audit] e:\StarDebate\workers\settings\pages\__pycache__\svg_settings_page.cpython-312.pyc.2987101690672: open (e:\StarDebate\workers\settings\pages\__pycache__\svg_settings_page.cpython-312.p, None, 1409)
[13:53:18.461] [WARN] [NATIVE] [audit] 3: open (3, wb, 33665)
[13:53:18.462] [WARN] [NATIVE] [audit] e:\StarDebate\plugins\debate_claw\__pycache__\settings.cpython-312.pyc: open (e:\StarDebate\plugins\debate_claw\__pycache__\settings.cpython-312.pyc, r, 32896)
[13:53:18.465] [WARN] [NATIVE] [audit] e:\StarDebate\workers\settings\pages\__pycache__\api_config.cpython-312.pyc: open (e:\StarDebate\workers\settings\pages\__pycache__\api_config.cpython-312.pyc, r, 32896)
[13:53:19.632] [WARN] [NATIVE] [audit] e:\StarDebate\workers\settings\pages\__pycache__\about_page.cpython-312.pyc: open (e:\StarDebate\workers\settings\pages\__pycache__\about_page.cpython-312.pyc, r, 32896)
[13:53:19.640] [WARN] [NATIVE] [audit] e:\StarDebate\config/config.json: open (e:\StarDebate\config/config.json, r, 32896)
[13:53:24.305] [WARN] [NATIVE] [audit] E:/StarDebate/update_v5.0.0_to_v5.5.0.zip: open (E:/StarDebate/update_v5.0.0_to_v5.5.0.zip, r, 32896)
[13:53:24.307] [WARN] [NATIVE] [audit] e:\StarDebate\config\config.json: open (e:\StarDebate\config\config.json, r, 32896)
[13:53:24.309] [WARN] [NATIVE] [audit] e:\StarDebate\config\config.json: open (e:\StarDebate\config\config.json, r, 32896)
[13:53:24.309] [WARN] [NATIVE] [audit] e:\StarDebate\style\themes\notion_dark\theme.json: open (e:\StarDebate\style\themes\notion_dark\theme.json, r, 32896)
[13:53:24.312] [WARN] [NATIVE] [audit] e:\StarDebate\config\config.json: open (e:\StarDebate\config\config.json, r, 32896)
[13:53:24.312] [WARN] [NATIVE] [audit] e:\StarDebate\style\themes\notion_dark\theme.json: open (e:\StarDebate\style\themes\notion_dark\theme.json, r, 32896)
[13:53:24.314] [WARN] [NATIVE] [audit] e:\StarDebate\config\config.json: open (e:\StarDebate\config\config.json, r, 32896)
[13:53:24.315] [WARN] [NATIVE] [audit] e:\StarDebate\style\themes\notion_dark\theme.json: open (e:\StarDebate\style\themes\notion_dark\theme.json, r, 32896)
[13:53:24.316] [WARN] [NATIVE] [audit] e:\StarDebate\config\config.json: open (e:\StarDebate\config\config.json, r, 32896)
[13:53:24.316] [WARN] [NATIVE] [audit] e:\StarDebate\style\themes\notion_dark\updater.qss: open (e:\StarDebate\style\themes\notion_dark\updater.qss, r, 32896)
[13:53:24.777] [WARN] [NATIVE] [audit] e:\StarDebate\config\config.json: open (e:\StarDebate\config\config.json, r, 32896)
[13:53:24.778] [WARN] [NATIVE] [audit] e:\StarDebate\style\themes\notion_dark\theme.json: open (e:\StarDebate\style\themes\notion_dark\theme.json, r, 32896)
[13:53:25.266] [WARN] [NATIVE] [audit] e:\StarDebate\config\config.json: open (e:\StarDebate\config\config.json, r, 32896)
[13:53:25.266] [WARN] [NATIVE] [audit] e:\StarDebate\style\themes\notion_dark\theme.json: open (e:\StarDebate\style\themes\notion_dark\theme.json, r, 32896)
[13:53:26.870] [WARN] [SYS] 监视心跳超时: 15秒无新数据 (最后心跳: 13:53:11)
[13:53:27.223] [WARN] [NATIVE] [audit] e:\StarDebate\config\config.json: open (e:\StarDebate\config\config.json, r, 32896)
[13:53:27.223] [WARN] [NATIVE] [audit] e:\StarDebate\style\themes\notion_dark\theme.json: open (e:\StarDebate\style\themes\notion_dark\theme.json, r, 32896)
[13:53:27.287] [WARN] [NATIVE] [audit] e:\StarDebate\config\config.json: open (e:\StarDebate\config\config.json, r, 32896)
[13:53:27.288] [WARN] [NATIVE] [audit] e:\StarDebate\style\themes\notion_dark\theme.json: open (e:\StarDebate\style\themes\notion_dark\theme.json, r, 32896)
[13:53:28.040] [WARN] [NATIVE] [audit] e:\StarDebate\config\config.json: open (e:\StarDebate\config\config.json, r, 32896)
[13:53:28.041] [WARN] [NATIVE] [audit] e:\StarDebate\style\themes\notion_dark\updater.qss: open (e:\StarDebate\style\themes\notion_dark\updater.qss, r, 32896)
[13:53:28.042] [INFO] [updater.confirmed] 用户确认更新: v5.0.0 → v5.5.0
[13:53:28.243] [WARN] [NATIVE] [audit] E:/StarDebate/update_v5.0.0_to_v5.5.0.zip: open (E:/StarDebate/update_v5.0.0_to_v5.5.0.zip, r, 32896)
[13:53:28.244] [WARN] [NATIVE] [audit] e:\StarDebate\_update_staging\_tmp_verify\config.json: open (e:\StarDebate\_update_staging\_tmp_verify\config.json, w, 33665)
[13:53:28.245] [WARN] [NATIVE] [audit] e:\StarDebate\_update_staging\_tmp_verify\config.json: open (e:\StarDebate\_update_staging\_tmp_verify\config.json, r, 32896)
[13:53:28.247] [INFO] [updater.validate] 通过，1 个文件
[13:53:28.348] [WARN] [NATIVE] [audit] e:\StarDebate\config\config.json: open (e:\StarDebate\config\config.json, r, 32896)
[13:53:28.348] [ERROR] [NATIVE] [uncaught] <frozen os>:L225: [C_EXCEPTION] builtin_function_or_method
[13:53:28.373] [INFO] [updater.backup] 配置已备份至 v5.0.0_config
[13:53:28.501] [ERROR] [NATIVE] [uncaught] <frozen os>:L225: [C_EXCEPTION] builtin_function_or_method
[13:53:28.502] [WARN] [NATIVE] [audit] E:/StarDebate/update_v5.0.0_to_v5.5.0.zip: open (E:/StarDebate/update_v5.0.0_to_v5.5.0.zip, r, 32896)
[13:53:28.502] [WARN] [NATIVE] [audit] e:\StarDebate\_update_staging\new_files\config\config.json: open (e:\StarDebate\_update_staging\new_files\config\config.json, w, 33665)
[13:53:28.503] [INFO] [updater.extract] 解压完成
[13:53:28.603] [ERROR] [NATIVE] [uncaught] <frozen os>:L373: [C_EXCEPTION] builtin_function_or_method
[13:53:28.604] [ERROR] [NATIVE] [uncaught] <frozen os>:L373: [C_EXCEPTION] builtin_function_or_method
[13:53:28.604] [ERROR] [NATIVE] [uncaught] <frozen os>:L225: [C_EXCEPTION] builtin_function_or_method
[13:53:28.606] [INFO] [updater.file] 覆盖 1 个文件，跳过 0 个
[13:53:28.607] [INFO] [updater.file.op] 覆盖: config/config.json
[13:53:28.608] [INFO] [updater.delete] 无删除操作
[13:53:28.738] [ERROR] [NATIVE] [uncaught] <frozen os>:L373: [C_EXCEPTION] builtin_function_or_method
[13:53:28.740] [ERROR] [NATIVE] [uncaught] <frozen os>:L373: [C_EXCEPTION] builtin_function_or_method
[13:53:28.741] [ERROR] [NATIVE] [uncaught] <frozen os>:L373: [C_EXCEPTION] builtin_function_or_method
[13:53:28.997] [INFO] [updater.pycache] 清理 65 个 __pycache__ 目录
[13:53:29.123] [ERROR] [NATIVE] [uncaught] <frozen os>:L225: [C_EXCEPTION] builtin_function_or_method
[13:53:29.124] [WARN] [NATIVE] [audit] e:\StarDebate\_update_staging\update_state.json: open (e:\StarDebate\_update_staging\update_state.json, w, 33665)
[13:53:29.124] [INFO] [updater.restart] 文件替换完成，准备软重启至 v5.5.0
[13:53:29.924] [WARN] [NATIVE] [audit] e:\StarDebate\_update_staging\update_state.json: open (e:\StarDebate\_update_staging\update_state.json, r, 32896)
[13:53:29.932] [WARN] [NATIVE] [audit] e:\StarDebate\_update_staging\update_state.json: open (e:\StarDebate\_update_staging\update_state.json, r, 32896)
[13:53:29.933] [ERROR] [NATIVE] [uncaught] <frozen os>:L225: [C_EXCEPTION] builtin_function_or_method
[13:53:29.933] [WARN] [NATIVE] [audit] e:\StarDebate\_update_staging\update_state.json: open (e:\StarDebate\_update_staging\update_state.json, w, 33665)
[13:53:29.960] [WARN] [NATIVE] [audit] e:\StarDebate\config\config.json: open (e:\StarDebate\config\config.json, r, 32896)
[13:53:29.961] [WARN] [NATIVE] [audit] e:\StarDebate\config\config.json: open (e:\StarDebate\config\config.json, r, 32896)
[13:53:29.962] [WARN] [NATIVE] [audit] e:\StarDebate\style\themes\notion_dark\theme.json: open (e:\StarDebate\style\themes\notion_dark\theme.json, r, 32896)
[13:53:30.320] [WARN] [NATIVE] [audit] e:\StarDebate\config\chronicle_config.json: open (e:\StarDebate\config\chronicle_config.json, r, 32896)
[13:53:30.321] [INFO] [FUNC] material_pool:__init__ → ✅ 返回(0ms): ''
[13:53:30.322] [WARN] [NATIVE] [audit] config/nav_registry.json: open (config/nav_registry.json, r, 32896)
[13:53:30.322] [WARN] [NATIVE] [audit] config/menu_main_window.json: open (config/menu_main_window.json, r, 32896)
[13:53:30.323] [INFO] [CRON] ▶ plugin·DebateClaw start  [plugin_id=debate_claw]
[13:53:30.323] [INFO] [FUNC] debate_claw:on_enable → ✅ 返回(0ms): None
[13:53:30.323] [WARN] [NATIVE] [audit] e:\StarDebate\plugins\debate_claw\__pycache__\settings.cpython-312.pyc: open (e:\StarDebate\plugins\debate_claw\__pycache__\settings.cpython-312.pyc, r, 32896)
[13:53:30.323] [ERROR] [NATIVE] [uncaught] <frozen importlib._bootstrap_external>:L1185: [C_EXCEPTION] builtin_function_or_method
[13:53:30.325] [WARN] [NATIVE] [audit] e:\StarDebate\plugins\debate_claw\settings.py: open (e:\StarDebate\plugins\debate_claw\settings.py, r, 32896)
[13:53:30.327] [ERROR] [NATIVE] [uncaught] <frozen importlib._bootstrap_external>:L147: [C_EXCEPTION] builtin_function_or_method
[13:53:30.327] [WARN] [NATIVE] [audit] e:\StarDebate\plugins\debate_claw\__pycache__\settings.cpython-312.pyc.2987101639536: open (e:\StarDebate\plugins\debate_claw\__pycache__\settings.cpython-312.pyc.298710163, None, 1409)
[13:53:30.328] [WARN] [NATIVE] [audit] 3: open (3, wb, 33665)
[13:53:30.329] [INFO] [PLUGIN] ▶ DebateClaw 已启用
[13:53:30.329] [INFO] [CRON] ❌ plugin·DebateClaw → failed (7ms): [NATIVE] [audit] e:\StarDebate\plugins\debate_claw\__pycache__\settings.cpython-312.pyc: open (e:\StarDebate\plugins\deb
[13:53:30.329] [INFO] ═══ StarDebate 启动 ═══
[13:53:30.330] [WARN] [NATIVE] [audit] e:\StarDebate\config\config.json: open (e:\StarDebate\config\config.json, r, 32896)
[13:53:30.330] [INFO] 版本: 5.5.0
[13:53:30.332] [WARN] [NATIVE] [audit] e:\StarDebate\config\config.json: open (e:\StarDebate\config\config.json, r, 32896)
[13:53:30.332] [INFO] 主题: notion_dark
[13:53:30.333] [INFO] 日志文件: e:\StarDebate\docs/log\debug_20260622_135309.log
[13:53:30.334] [INFO] 日志服务: 独立进程 (LogService)
[13:53:30.334] [INFO] [CRON] 起居注自动追踪已启用 (v2.0.0)
[13:53:30.335] [INFO] [CRON] 追踪范围: 插件/API/AI/Qt错误/Worker线程  + traceback + 守护日志环 + 崩溃分析
[13:53:30.335] [WARN] [NATIVE] [audit] e:\StarDebate\config\native_log_config.json: open (e:\StarDebate\config\native_log_config.json, r, 32896)
[13:53:30.336] [ERROR] [NATIVE] [uncaught] <frozen os>:L225: [C_EXCEPTION] builtin_function_or_method
[13:53:30.337] [ERROR] [NATIVE] [uncaught] functools.py:L52: [C_EXCEPTION] builtin_function_or_method
[13:53:30.337] [ERROR] [NATIVE] [uncaught] functools.py:L52: [C_EXCEPTION] builtin_function_or_method
[13:53:30.337] [ERROR] [NATIVE] [uncaught] functools.py:L52: [C_EXCEPTION] builtin_function_or_method
[13:53:30.338] [ERROR] [NATIVE] [uncaught] functools.py:L52: [C_EXCEPTION] builtin_function_or_method
[13:53:30.338] [INFO] [NATIVE] 底层事件记录系统已启用 (v1.2.0 M3)
[13:53:30.338] [INFO] [NATIVE] 钩子: Qt/excepthook/unraisable/audit/gc/c_exception
[13:53:30.339] [INFO] [NATIVE] 监视: 线程健康/资源跟踪/起居注桥接
[13:53:30.339] [INFO] [NATIVE] SQLite: e:\StarDebate\docs/log/native.db
[13:53:30.340] [INFO] 调试监视已开启: 变量, 函数, 插件, API, AI
[13:53:30.340] [INFO] [CFG] 已加载 log_settings.json，开始同步运行时配置
[13:53:30.341] [ERROR] [NATIVE] [uncaught] <frozen os>:L225: [C_EXCEPTION] builtin_function_or_method
[13:53:30.341] [ERROR] [NATIVE] [uncaught] <frozen os>:L225: [C_EXCEPTION] builtin_function_or_method
[13:53:30.341] [WARN] [NATIVE] [audit] e:\StarDebate\workers\config\debug_monitor.json: open (e:\StarDebate\workers\config\debug_monitor.json, w, 33665)
[13:53:30.342] [WARN] [NATIVE] [audit] e:\StarDebate\workers\config\debug_monitor.json: open (e:\StarDebate\workers\config\debug_monitor.json, w, 33665)
[13:53:30.342] [ERROR] [NATIVE] [uncaught] <frozen os>:L225: [C_EXCEPTION] builtin_function_or_method
[13:53:30.343] [ERROR] [NATIVE] [uncaught] <frozen os>:L225: [C_EXCEPTION] builtin_function_or_method
[13:53:30.343] [WARN] [NATIVE] [audit] e:\StarDebate\workers\config\debug_monitor.json: open (e:\StarDebate\workers\config\debug_monitor.json, w, 33665)
[13:53:30.345] [WARN] [NATIVE] [audit] e:\StarDebate\workers\config\debug_monitor.json: open (e:\StarDebate\workers\config\debug_monitor.json, w, 33665)
[13:53:30.345] [ERROR] [NATIVE] [uncaught] <frozen os>:L225: [C_EXCEPTION] builtin_function_or_method
[13:53:30.345] [ERROR] [NATIVE] [uncaught] <frozen os>:L225: [C_EXCEPTION] builtin_function_or_method
[13:53:30.346] [WARN] [NATIVE] [audit] e:\StarDebate\workers\config\debug_monitor.json: open (e:\StarDebate\workers\config\debug_monitor.json, w, 33665)
[13:53:30.346] [WARN] [NATIVE] [audit] e:\StarDebate\workers\config\debug_monitor.json: open (e:\StarDebate\workers\config\debug_monitor.json, w, 33665)
[13:53:30.346] [ERROR] [NATIVE] [uncaught] <frozen os>:L225: [C_EXCEPTION] builtin_function_or_method
[13:53:30.347] [ERROR] [NATIVE] [uncaught] <frozen os>:L225: [C_EXCEPTION] builtin_function_or_method
[13:53:30.348] [WARN] [NATIVE] [audit] e:\StarDebate\workers\config\debug_monitor.json: open (e:\StarDebate\workers\config\debug_monitor.json, w, 33665)
[13:53:30.348] [WARN] [NATIVE] [audit] e:\StarDebate\workers\config\debug_monitor.json: open (e:\StarDebate\workers\config\debug_monitor.json, w, 33665)
[13:53:30.348] [ERROR] [NATIVE] [uncaught] <frozen os>:L225: [C_EXCEPTION] builtin_function_or_method
[13:53:30.349] [WARN] [NATIVE] [audit] e:\StarDebate\workers\config\debug_monitor.json: open (e:\StarDebate\workers\config\debug_monitor.json, w, 33665)
[13:53:30.349] [WARN] [NATIVE] [audit] e:\StarDebate\workers\config\debug_monitor.json: open (e:\StarDebate\workers\config\debug_monitor.json, w, 33665)
[13:53:30.350] [WARN] [NATIVE] [audit] e:\StarDebate\workers\config\debug_monitor.json: open (e:\StarDebate\workers\config\debug_monitor.json, w, 33665)
[13:53:30.350] [WARN] [NATIVE] [audit] e:\StarDebate\workers\config\debug_monitor.json: open (e:\StarDebate\workers\config\debug_monitor.json, w, 33665)
[13:53:30.350] [WARN] [NATIVE] [audit] e:\StarDebate\workers\config\debug_monitor.json: open (e:\StarDebate\workers\config\debug_monitor.json, w, 33665)
[13:53:30.351] [WARN] [NATIVE] [audit] e:\StarDebate\workers\config\debug_monitor.json: open (e:\StarDebate\workers\config\debug_monitor.json, w, 33665)
[13:53:30.351] [INFO] [CFG] 调试监视: 已开启 → 变量, 函数, 插件, API, AI
[13:53:30.351] [WARN] [NATIVE] [audit] e:\StarDebate\config\chronicle_config.json: open (e:\StarDebate\config\chronicle_config.json, w, 33665)
[13:53:30.352] [WARN] [NATIVE] [audit] e:\StarDebate\config\chronicle_config.json: open (e:\StarDebate\config\chronicle_config.json, w, 33665)
[13:53:30.352] [INFO] [CFG] 起居注: 已开启
[13:53:30.352] [INFO] [CFG] log_settings.json 同步完成
[13:53:30.354] [ERROR] [NATIVE] [uncaught] spawn.py:L175: [C_EXCEPTION] builtin_function_or_method
[13:53:30.354] [ERROR] [NATIVE] [uncaught] spawn.py:L175: [C_EXCEPTION] builtin_function_or_method
[13:53:30.354] [WARN] [NATIVE] [audit] 3: open (3, w, 33665)
[13:53:30.355] [WARN] [NATIVE] [audit] 3: open (3, w, 33665)
[13:53:30.358] [INFO] 崩溃监控已启动 (PID: 62588)
[13:53:30.375] [WARN] [NATIVE] [audit] e:\StarDebate\config\config.json: open (e:\StarDebate\config\config.json, r, 32896)
[13:53:30.377] [WARN] [NATIVE] [audit] e:\StarDebate\config\config.json: open (e:\StarDebate\config\config.json, r, 32896)
[13:53:30.412] [WARN] [NATIVE] [audit] e:\StarDebate\style\themes\notion_dark\theme.json: open (e:\StarDebate\style\themes\notion_dark\theme.json, r, 32896)
[13:53:30.412] [WARN] [NATIVE] [audit] e:\StarDebate\style\themes\notion_dark\theme.json: open (e:\StarDebate\style\themes\notion_dark\theme.json, r, 32896)
[13:53:30.413] [WARN] [NATIVE] [audit] e:\StarDebate\style\themes\notion_dark\theme.json: open (e:\StarDebate\style\themes\notion_dark\theme.json, r, 32896)
[13:53:30.413] [WARN] [NATIVE] [audit] e:\StarDebate\style\themes\notion_dark\theme.json: open (e:\StarDebate\style\themes\notion_dark\theme.json, r, 32896)
[13:53:30.492] [INFO] [FUNC] material_pool:build_panel → ✅ 返回(0ms): ''
[13:53:30.498] [WARN] [NATIVE] [audit] e:\StarDebate\style\themes\notion_dark\theme.json: open (e:\StarDebate\style\themes\notion_dark\theme.json, r, 32896)
[13:53:30.499] [WARN] [NATIVE] [audit] e:\StarDebate\style\themes\notion_dark\theme.json: open (e:\StarDebate\style\themes\notion_dark\theme.json, r, 32896)
[13:53:30.592] [WARN] [NATIVE] [audit] e:\StarDebate\config\config.json: open (e:\StarDebate\config\config.json, r, 32896)
[13:53:30.593] [WARN] [NATIVE] [audit] e:\StarDebate\config\config.json: open (e:\StarDebate\config\config.json, r, 32896)
[13:53:30.637] [WARN] [NATIVE] [audit] e:\StarDebate\config\config.json: open (e:\StarDebate\config\config.json, r, 32896)
[13:53:30.638] [WARN] [NATIVE] [audit] e:\StarDebate\config\config.json: open (e:\StarDebate\config\config.json, r, 32896)
[13:53:30.639] [WARN] [NATIVE] [audit] e:\StarDebate\style\themes\notion_dark\theme.json: open (e:\StarDebate\style\themes\notion_dark\theme.json, r, 32896)
[13:53:30.639] [WARN] [NATIVE] [audit] e:\StarDebate\style\themes\notion_dark\theme.json: open (e:\StarDebate\style\themes\notion_dark\theme.json, r, 32896)
[13:53:30.640] [WARN] [NATIVE] [audit] e:\StarDebate\style\themes\notion_dark\main.qss: open (e:\StarDebate\style\themes\notion_dark\main.qss, r, 32896)
[13:53:30.640] [WARN] [NATIVE] [audit] e:\StarDebate\style\themes\notion_dark\main.qss: open (e:\StarDebate\style\themes\notion_dark\main.qss, r, 32896)
[13:53:30.641] [WARN] [NATIVE] [audit] e:\StarDebate\style\themes\notion_dark\title_bar.qss: open (e:\StarDebate\style\themes\notion_dark\title_bar.qss, r, 32896)
[13:53:30.641] [WARN] [NATIVE] [audit] e:\StarDebate\style\themes\notion_dark\title_bar.qss: open (e:\StarDebate\style\themes\notion_dark\title_bar.qss, r, 32896)
[13:53:30.642] [WARN] [NATIVE] [audit] e:\StarDebate\style\themes\notion_dark\nav_bar.qss: open (e:\StarDebate\style\themes\notion_dark\nav_bar.qss, r, 32896)
[13:53:30.642] [WARN] [NATIVE] [audit] e:\StarDebate\style\themes\notion_dark\nav_bar.qss: open (e:\StarDebate\style\themes\notion_dark\nav_bar.qss, r, 32896)
[13:53:30.643] [WARN] [NATIVE] [audit] e:\StarDebate\style\themes\notion_dark\structure.qss: open (e:\StarDebate\style\themes\notion_dark\structure.qss, r, 32896)
[13:53:30.643] [WARN] [NATIVE] [audit] e:\StarDebate\style\themes\notion_dark\structure.qss: open (e:\StarDebate\style\themes\notion_dark\structure.qss, r, 32896)
[13:53:30.644] [WARN] [NATIVE] [audit] e:\StarDebate\style\themes\notion_dark\settings.qss: open (e:\StarDebate\style\themes\notion_dark\settings.qss, r, 32896)
[13:53:30.645] [WARN] [NATIVE] [audit] e:\StarDebate\style\themes\notion_dark\settings.qss: open (e:\StarDebate\style\themes\notion_dark\settings.qss, r, 32896)
[13:53:30.645] [WARN] [NATIVE] [audit] e:\StarDebate\style\themes\notion_dark\ref_doc.qss: open (e:\StarDebate\style\themes\notion_dark\ref_doc.qss, r, 32896)
[13:53:30.645] [WARN] [NATIVE] [audit] e:\StarDebate\style\themes\notion_dark\ref_doc.qss: open (e:\StarDebate\style\themes\notion_dark\ref_doc.qss, r, 32896)
[13:53:30.647] [WARN] [NATIVE] [audit] e:\StarDebate\style\themes\notion_dark\speech_editor.qss: open (e:\StarDebate\style\themes\notion_dark\speech_editor.qss, r, 32896)
[13:53:30.647] [WARN] [NATIVE] [audit] e:\StarDebate\style\themes\notion_dark\speech_editor.qss: open (e:\StarDebate\style\themes\notion_dark\speech_editor.qss, r, 32896)
[13:53:30.647] [WARN] [NATIVE] [audit] e:\StarDebate\style\themes\notion_dark\tournament.qss: open (e:\StarDebate\style\themes\notion_dark\tournament.qss, r, 32896)
[13:53:30.648] [WARN] [NATIVE] [audit] e:\StarDebate\style\themes\notion_dark\tournament.qss: open (e:\StarDebate\style\themes\notion_dark\tournament.qss, r, 32896)
[13:53:30.648] [WARN] [NATIVE] [audit] e:\StarDebate\style\themes\notion_dark\framework.qss: open (e:\StarDebate\style\themes\notion_dark\framework.qss, r, 32896)
[13:53:30.648] [WARN] [NATIVE] [audit] e:\StarDebate\style\themes\notion_dark\framework.qss: open (e:\StarDebate\style\themes\notion_dark\framework.qss, r, 32896)
[13:53:30.649] [WARN] [NATIVE] [audit] e:\StarDebate\style\themes\notion_dark\speech_writer.qss: open (e:\StarDebate\style\themes\notion_dark\speech_writer.qss, r, 32896)
[13:53:30.649] [WARN] [NATIVE] [audit] e:\StarDebate\style\themes\notion_dark\speech_writer.qss: open (e:\StarDebate\style\themes\notion_dark\speech_writer.qss, r, 32896)
[13:53:30.649] [WARN] [NATIVE] [audit] e:\StarDebate\style\themes\notion_dark\ai_expand.qss: open (e:\StarDebate\style\themes\notion_dark\ai_expand.qss, r, 32896)
[13:53:30.650] [WARN] [NATIVE] [audit] e:\StarDebate\style\themes\notion_dark\ai_expand.qss: open (e:\StarDebate\style\themes\notion_dark\ai_expand.qss, r, 32896)
[13:53:30.650] [WARN] [NATIVE] [audit] e:\StarDebate\style\themes\notion_dark\notes.qss: open (e:\StarDebate\style\themes\notion_dark\notes.qss, r, 32896)
[13:53:30.651] [WARN] [NATIVE] [audit] e:\StarDebate\style\themes\notion_dark\notes.qss: open (e:\StarDebate\style\themes\notion_dark\notes.qss, r, 32896)
[13:53:30.651] [WARN] [NATIVE] [audit] e:\StarDebate\style\themes\notion_dark\training.qss: open (e:\StarDebate\style\themes\notion_dark\training.qss, r, 32896)
[13:53:30.651] [WARN] [NATIVE] [audit] e:\StarDebate\style\themes\notion_dark\training.qss: open (e:\StarDebate\style\themes\notion_dark\training.qss, r, 32896)
[13:53:30.653] [WARN] [NATIVE] [audit] e:\StarDebate\style\themes\notion_dark\ai_analysis.qss: open (e:\StarDebate\style\themes\notion_dark\ai_analysis.qss, r, 32896)
[13:53:30.653] [WARN] [NATIVE] [audit] e:\StarDebate\style\themes\notion_dark\ai_analysis.qss: open (e:\StarDebate\style\themes\notion_dark\ai_analysis.qss, r, 32896)
[13:53:30.654] [WARN] [NATIVE] [audit] e:\StarDebate\style\themes\notion_dark\cross_examination.qss: open (e:\StarDebate\style\themes\notion_dark\cross_examination.qss, r, 32896)
[13:53:30.654] [WARN] [NATIVE] [audit] e:\StarDebate\style\themes\notion_dark\cross_examination.qss: open (e:\StarDebate\style\themes\notion_dark\cross_examination.qss, r, 32896)
[13:53:30.654] [WARN] [NATIVE] [audit] e:\StarDebate\style\themes\notion_dark\new_debate.qss: open (e:\StarDebate\style\themes\notion_dark\new_debate.qss, r, 32896)
[13:53:30.656] [WARN] [NATIVE] [audit] e:\StarDebate\style\themes\notion_dark\new_debate.qss: open (e:\StarDebate\style\themes\notion_dark\new_debate.qss, r, 32896)
[13:53:30.656] [WARN] [NATIVE] [audit] e:\StarDebate\style\themes\notion_dark\debug_console.qss: open (e:\StarDebate\style\themes\notion_dark\debug_console.qss, r, 32896)
[13:53:30.657] [WARN] [NATIVE] [audit] e:\StarDebate\style\themes\notion_dark\debug_console.qss: open (e:\StarDebate\style\themes\notion_dark\debug_console.qss, r, 32896)
[13:53:30.657] [WARN] [NATIVE] [audit] e:\StarDebate\style\themes\notion_dark\suggest_popup.qss: open (e:\StarDebate\style\themes\notion_dark\suggest_popup.qss, r, 32896)
[13:53:30.658] [WARN] [NATIVE] [audit] e:\StarDebate\style\themes\notion_dark\suggest_popup.qss: open (e:\StarDebate\style\themes\notion_dark\suggest_popup.qss, r, 32896)
[13:53:30.658] [WARN] [NATIVE] [audit] e:\StarDebate\style\themes\notion_dark\crash_monitor.qss: open (e:\StarDebate\style\themes\notion_dark\crash_monitor.qss, r, 32896)
[13:53:30.659] [WARN] [NATIVE] [audit] e:\StarDebate\style\themes\notion_dark\crash_monitor.qss: open (e:\StarDebate\style\themes\notion_dark\crash_monitor.qss, r, 32896)
[13:53:30.659] [WARN] [NATIVE] [audit] e:\StarDebate\style\themes\notion_dark\popup_dialog.qss: open (e:\StarDebate\style\themes\notion_dark\popup_dialog.qss, r, 32896)
[13:53:30.659] [WARN] [NATIVE] [audit] e:\StarDebate\style\themes\notion_dark\popup_dialog.qss: open (e:\StarDebate\style\themes\notion_dark\popup_dialog.qss, r, 32896)
[13:53:30.660] [WARN] [NATIVE] [audit] e:\StarDebate\style\themes\notion_dark\stardebate_format.qss: open (e:\StarDebate\style\themes\notion_dark\stardebate_format.qss, r, 32896)
[13:53:30.660] [WARN] [NATIVE] [audit] e:\StarDebate\style\themes\notion_dark\stardebate_format.qss: open (e:\StarDebate\style\themes\notion_dark\stardebate_format.qss, r, 32896)
[13:53:30.661] [WARN] [NATIVE] [audit] e:\StarDebate\style\themes\notion_dark\stardebate_editor.qss: open (e:\StarDebate\style\themes\notion_dark\stardebate_editor.qss, r, 32896)
[13:53:30.661] [WARN] [NATIVE] [audit] e:\StarDebate\style\themes\notion_dark\stardebate_editor.qss: open (e:\StarDebate\style\themes\notion_dark\stardebate_editor.qss, r, 32896)
[13:53:30.662] [WARN] [NATIVE] [audit] e:\StarDebate\style\themes\notion_dark\star_checkbox.qss: open (e:\StarDebate\style\themes\notion_dark\star_checkbox.qss, r, 32896)
[13:53:30.662] [WARN] [NATIVE] [audit] e:\StarDebate\style\themes\notion_dark\star_checkbox.qss: open (e:\StarDebate\style\themes\notion_dark\star_checkbox.qss, r, 32896)
[13:53:30.662] [WARN] [NATIVE] [audit] e:\StarDebate\style\themes\notion_dark\star_spinbox.qss: open (e:\StarDebate\style\themes\notion_dark\star_spinbox.qss, r, 32896)
[13:53:30.663] [WARN] [NATIVE] [audit] e:\StarDebate\style\themes\notion_dark\star_spinbox.qss: open (e:\StarDebate\style\themes\notion_dark\star_spinbox.qss, r, 32896)
[13:53:30.663] [WARN] [NATIVE] [audit] e:\StarDebate\style\themes\notion_dark\log_settings.qss: open (e:\StarDebate\style\themes\notion_dark\log_settings.qss, r, 32896)
[13:53:30.663] [WARN] [NATIVE] [audit] e:\StarDebate\style\themes\notion_dark\plugins.qss: open (e:\StarDebate\style\themes\notion_dark\plugins.qss, r, 32896)
[13:53:30.664] [WARN] [NATIVE] [audit] e:\StarDebate\style\themes\notion_dark\svg_renderer.qss: open (e:\StarDebate\style\themes\notion_dark\svg_renderer.qss, r, 32896)
[13:53:30.664] [WARN] [NATIVE] [audit] e:\StarDebate\style\themes\notion_dark\material_pool.qss: open (e:\StarDebate\style\themes\notion_dark\material_pool.qss, r, 32896)
[13:53:30.664] [WARN] [NATIVE] [audit] e:\StarDebate\style\themes\notion_dark\shadow_container.qss: open (e:\StarDebate\style\themes\notion_dark\shadow_container.qss, r, 32896)
[13:53:30.665] [WARN] [NATIVE] [audit] e:\StarDebate\style\themes\notion_dark\bind_source_dialog.qss: open (e:\StarDebate\style\themes\notion_dark\bind_source_dialog.qss, r, 32896)
[13:53:30.722] [WARN] [NATIVE] [audit] e:\StarDebate\config\config.json: open (e:\StarDebate\config\config.json, r, 32896)
[13:53:30.723] [WARN] [NATIVE] [audit] e:\StarDebate\custom_formats\123.json: open (e:\StarDebate\custom_formats\123.json, r, 32896)
[13:53:30.724] [WARN] [NATIVE] [audit] e:\StarDebate\custom_formats\新校赛.json: open (e:\StarDebate\custom_formats\新校赛.json, r, 32896)
[13:53:30.724] [WARN] [NATIVE] [audit] e:\StarDebate\custom_formats\校赛.json: open (e:\StarDebate\custom_formats\校赛.json, r, 32896)
[13:53:30.726] [INFO] [SHORTCUT] 快捷键系统已初始化
[13:53:30.726] [INFO] [FUNC] dpapi: load_index
[13:53:30.726] [INFO] [FUNC] dpapi: load_index
[13:53:30.734] [INFO] [VAR] dpapi: load_index → 3 files loaded
[13:53:30.734] [INFO] [VAR] dpapi: load_index → 3 files loaded
[13:53:30.735] [INFO] [FUNC] auto_load_saved_files: 3 files in index
[13:53:30.735] [INFO] [FUNC] auto_load_saved_files: 3 files in index
[13:53:30.737] [INFO] [API] auto_load: 跳过不存在的文件 C:/Users/Oblivion/Desktop/1vs2_20260606.stardebate
[13:53:30.737] [INFO] [API] auto_load: 跳过不存在的文件 C:/Users/Oblivion/Desktop/1vs2_20260606.stardebate
[13:53:30.738] [INFO] [FUNC] open_file_with_stored_password: 1vs2_20260606.stardebate
[13:53:30.738] [INFO] [FUNC] open_file_with_stored_password: 1vs2_20260606.stardebate
[13:53:30.739] [INFO] [FUNC] dpapi: get_password_for_file → 1vs2_20260606.stardebate
[13:53:30.739] [INFO] [FUNC] dpapi: get_password_for_file → 1vs2_20260606.stardebate
[13:53:30.740] [INFO] [FUNC] dpapi: load_index
[13:53:30.740] [INFO] [FUNC] dpapi: load_index
[13:53:30.741] [INFO] [VAR] dpapi: load_index → 3 files loaded
[13:53:30.741] [INFO] [VAR] dpapi: load_index → 3 files loaded
[13:53:30.742] [INFO] [VAR] dpapi: get_password_for_file → no password set
[13:53:30.742] [INFO] [VAR] dpapi: get_password_for_file → no password set
[13:53:30.743] [INFO] [FUNC] open_file: path=1vs2_20260606.stardebate
[13:53:30.743] [INFO] [FUNC] open_file: path=1vs2_20260606.stardebate
[13:53:30.744] [INFO] [FUNC] StardebateCompiler.unpack(file_size=8593, has_pwd_input=False)
[13:53:30.744] [INFO] [FUNC] StardebateCompiler.unpack(file_size=8593, has_pwd_input=False)
[13:53:30.775] [INFO] [FUNC] StardebateCompiler: 第1层内置密钥解密成功
[13:53:30.775] [INFO] [FUNC] StardebateCompiler: 第1层内置密钥解密成功
[13:53:30.778] [INFO] [FUNC] StardebateCompiler.unpack: 解密成功, modules=6, app_version=2.3.0
[13:53:30.778] [INFO] [FUNC] StardebateCompiler.unpack: 解密成功, modules=6, app_version=2.3.0
[13:53:30.778] [INFO] [FUNC] dpapi: add_file_to_index → 1vs2_20260606.stardebate
[13:53:30.778] [INFO] [FUNC] dpapi: add_file_to_index → 1vs2_20260606.stardebate
[13:53:30.779] [INFO] [FUNC] dpapi: load_index
[13:53:30.779] [INFO] [FUNC] dpapi: load_index
[13:53:30.781] [INFO] [VAR] dpapi: load_index → 3 files loaded
[13:53:30.781] [INFO] [VAR] dpapi: load_index → 3 files loaded
[13:53:30.781] [INFO] [VAR] dpapi: save_index → 3 files
[13:53:30.781] [INFO] [VAR] dpapi: save_index → 3 files
[13:53:30.784] [INFO] [VAR] _add_to_project_tree: 1vs2_20260606.stardebate
[13:53:30.784] [INFO] [VAR] _add_to_project_tree: 1vs2_20260606.stardebate
[13:53:30.788] [INFO] [VAR] open_file: 解密成功, modules=6, file=1vs2_20260606.stardebate
[13:53:30.788] [INFO] [VAR] open_file: 解密成功, modules=6, file=1vs2_20260606.stardebate
[13:53:30.789] [INFO] [API] auto_load: 成功加载 1vs2_20260606.stardebate
[13:53:30.789] [INFO] [API] auto_load: 成功加载 1vs2_20260606.stardebate
[13:53:30.790] [INFO] [FUNC] open_file_with_stored_password: 1vs2_20260606_01.stardebate
[13:53:30.790] [INFO] [FUNC] open_file_with_stored_password: 1vs2_20260606_01.stardebate
[13:53:30.792] [INFO] [FUNC] dpapi: get_password_for_file → 1vs2_20260606_01.stardebate
[13:53:30.792] [INFO] [FUNC] dpapi: get_password_for_file → 1vs2_20260606_01.stardebate
[13:53:30.793] [INFO] [FUNC] dpapi: load_index
[13:53:30.793] [INFO] [FUNC] dpapi: load_index
[13:53:30.800] [INFO] [VAR] dpapi: load_index → 3 files loaded
[13:53:30.800] [INFO] [VAR] dpapi: load_index → 3 files loaded
[13:53:30.802] [INFO] [FUNC] dpapi: decrypt_password
[13:53:30.802] [INFO] [FUNC] dpapi: decrypt_password
[13:53:30.803] [INFO] [API] dpapi: decrypt_password → ok
[13:53:30.803] [INFO] [API] dpapi: decrypt_password → ok
[13:53:30.804] [INFO] [API] dpapi: get_password_for_file → ok
[13:53:30.804] [INFO] [API] dpapi: get_password_for_file → ok
[13:53:30.805] [INFO] [FUNC] open_file: path=1vs2_20260606_01.stardebate
[13:53:30.805] [INFO] [FUNC] open_file: path=1vs2_20260606_01.stardebate
[13:53:30.807] [INFO] [FUNC] StardebateCompiler.unpack(file_size=10782, has_pwd_input=True)
[13:53:30.807] [INFO] [FUNC] StardebateCompiler.unpack(file_size=10782, has_pwd_input=True)
[13:53:30.808] [INFO] [FUNC] StardebateCompiler: 第1层内置密钥解密成功
[13:53:30.808] [INFO] [FUNC] StardebateCompiler: 第1层内置密钥解密成功
[13:53:30.839] [INFO] [FUNC] StardebateCompiler: 第2层密码解密成功
[13:53:30.839] [INFO] [FUNC] StardebateCompiler: 第2层密码解密成功
[13:53:30.841] [INFO] [FUNC] StardebateCompiler.unpack: 解密成功, modules=8, app_version=2.3.0
[13:53:30.841] [INFO] [FUNC] StardebateCompiler.unpack: 解密成功, modules=8, app_version=2.3.0
[13:53:30.842] [INFO] [FUNC] dpapi: add_file_to_index → 1vs2_20260606_01.stardebate
[13:53:30.842] [INFO] [FUNC] dpapi: add_file_to_index → 1vs2_20260606_01.stardebate
[13:53:30.843] [INFO] [FUNC] dpapi: load_index
[13:53:30.843] [INFO] [FUNC] dpapi: load_index
[13:53:30.844] [INFO] [VAR] dpapi: load_index → 3 files loaded
[13:53:30.844] [INFO] [VAR] dpapi: load_index → 3 files loaded
[13:53:30.846] [INFO] [FUNC] dpapi: encrypt_password
[13:53:30.846] [INFO] [FUNC] dpapi: encrypt_password
[13:53:30.847] [INFO] [API] dpapi: encrypt_password → ok
[13:53:30.847] [INFO] [API] dpapi: encrypt_password → ok
[13:53:30.849] [INFO] [VAR] dpapi: save_index → 3 files
[13:53:30.849] [INFO] [VAR] dpapi: save_index → 3 files
[13:53:30.851] [INFO] [VAR] _add_to_project_tree: 1vs2_20260606_01.stardebate
[13:53:30.851] [INFO] [VAR] _add_to_project_tree: 1vs2_20260606_01.stardebate
[13:53:30.856] [INFO] [VAR] open_file: 解密成功, modules=8, file=1vs2_20260606_01.stardebate
[13:53:30.856] [INFO] [VAR] open_file: 解密成功, modules=8, file=1vs2_20260606_01.stardebate
[13:53:30.857] [INFO] [API] auto_load: 成功加载 1vs2_20260606_01.stardebate
[13:53:30.857] [INFO] [API] auto_load: 成功加载 1vs2_20260606_01.stardebate
[13:53:30.858] [INFO] 自动加载 .stardebate: 2 个文件
[13:53:31.861] [WARN] [NATIVE] [audit] e:\StarDebate\_update_staging\update_state.json: open (e:\StarDebate\_update_staging\update_state.json, r, 32896)
[13:53:31.862] [WARN] [NATIVE] [audit] e:\StarDebate\_update_staging\update_state.json: open (e:\StarDebate\_update_staging\update_state.json, r, 32896)
[13:53:33.370] [WARN] [NATIVE] [audit] e:\StarDebate\config\config.json: open (e:\StarDebate\config\config.json, r, 32896)
[13:53:33.371] [WARN] [NATIVE] [audit] e:\StarDebate\config\config.json: open (e:\StarDebate\config\config.json, r, 32896)
[13:53:33.371] [WARN] [NATIVE] [audit] e:\StarDebate\style\themes\notion_dark\updater.qss: open (e:\StarDebate\style\themes\notion_dark\updater.qss, r, 32896)
[13:53:33.372] [WARN] [NATIVE] [audit] e:\StarDebate\style\themes\notion_dark\updater.qss: open (e:\StarDebate\style\themes\notion_dark\updater.qss, r, 32896)
[13:53:33.395] [WARN] [NATIVE] [audit] e:\StarDebate\icon\top_nav_bar\full_screen.svg: open (e:\StarDebate\icon\top_nav_bar\full_screen.svg, r, 32896)
[13:53:33.396] [WARN] [NATIVE] [audit] e:\StarDebate\icon\top_nav_bar\full_screen.svg: open (e:\StarDebate\icon\top_nav_bar\full_screen.svg, r, 32896)
[13:53:33.523] [WARN] [NATIVE] [audit] e:\StarDebate\icon\top_nav_bar\close.svg: open (e:\StarDebate\icon\top_nav_bar\close.svg, r, 32896)
[13:53:33.523] [WARN] [NATIVE] [audit] e:\StarDebate\icon\top_nav_bar\close.svg: open (e:\StarDebate\icon\top_nav_bar\close.svg, r, 32896)
[13:53:41.309] [WARN] [NATIVE] [audit] native_log_manager.py:health_check: NativeEventManager 健康检查通过
[13:53:41.311] [ERROR] [NATIVE] [uncaught] functools.py:L52: [C_EXCEPTION] builtin_function_or_method
[13:53:41.312] [ERROR] [NATIVE] [uncaught] functools.py:L52: [C_EXCEPTION] builtin_function_or_method
[13:53:41.312] [ERROR] [NATIVE] [uncaught] functools.py:L52: [C_EXCEPTION] builtin_function_or_method
[13:53:41.313] [ERROR] [NATIVE] [uncaught] functools.py:L52: [C_EXCEPTION] builtin_function_or_method
[13:53:41.314] [ERROR] [NATIVE] [uncaught] functools.py:L52: [C_EXCEPTION] builtin_function_or_method
[13:53:41.314] [ERROR] [NATIVE] [uncaught] functools.py:L52: [C_EXCEPTION] builtin_function_or_method
[13:53:41.315] [ERROR] [NATIVE] [uncaught] functools.py:L52: [C_EXCEPTION] builtin_function_or_method
[13:53:41.315] [ERROR] [NATIVE] [uncaught] functools.py:L52: [C_EXCEPTION] builtin_function_or_method
[13:53:41.318] [WARN] [THREAD] [thread_stuck]: Thread stuck: NativeThreadMonitor stuck for 30s at native_thread_monitor.py:157:_scan_thread_stuck|native_thread_monitor.py:95:_run|threading.py:989:ru
[13:53:41.319] [WARN] [THREAD] [thread_stuck]: Thread stuck: NativeEventWriter stuck for 30s at threading.py:338:wait|queue.py:180:get|native_log_manager.py:316:_batch_writer_loop|threading.py:989
[13:53:41.319] [WARN] [THREAD] [thread_stuck]: Thread stuck: QueueFeederThread stuck for 30s at threading.py:334:wait|queues.py:231:_feed|threading.py:989:run|threading.py:1052:_bootstrap_inner|th
[13:53:41.320] [WARN] [THREAD] [thread_stuck]: Thread stuck: ChronicleSnapshot stuck for 30s at chronicle_manager.py:274:_snapshot_loop|threading.py:989:run|threading.py:1052:_bootstrap_inner|thre
[13:53:41.320] [ERROR] [NATIVE] [uncaught] functools.py:L52: [C_EXCEPTION] builtin_function_or_method
[13:53:41.321] [ERROR] [NATIVE] [uncaught] functools.py:L52: [C_EXCEPTION] builtin_function_or_method
[13:53:41.325] [ERROR] [13:53:41] [ERROR] [NATIVE-MGR] 底层事件 SQLite 自检通过 (46 条测试记录)
[13:53:41.325] [WARN] [NATIVE] [audit] e:\StarDebate\docs/log\debug_20260622_135309.log: open (e:\StarDebate\docs/log\debug_20260622_135309.log, a, 33161)
[13:53:41.325] [ERROR] [13:53:41] [ERROR] [NATIVE-MGR] 底层事件 SQLite 自检通过 (46 条测试记录)
ocs/log\debug_20260622_135309.log, a, 33161)
[13:53:41.327] [WARN] [NATIVE] [audit] e:\StarDebate\docs/log\debug_20260622_135309.log: open (e:\StarDebate\docs/log\debug_20260622_135309.log, a, 33161)
[13:53:41.328] [WARN] [NATIVE] [audit] e:\StarDebate\docs/log\debug_20260622_135309.log: open (e:\StarDebate\docs/log\debug_20260622_135309.log, a, 33161)
[13:53:47.886] [WARN] [SYS] 监视心跳超时: 17秒无新数据 (最后心跳: 13:53:30)
[13:53:51.322] [WARN] [THREAD] [thread_stuck]: Thread stuck: NativeResourceMonitor stuck for 30s at native_resource_monitor.py:81:_run|threading.py:989:run|threading.py:1052:_bootstrap_inner|threading
[13:54:00.331] [WARN] [NATIVE] [audit] native_log_manager.py:health_check: NativeEventManager 健康检查通过
[13:54:00.332] [ERROR] [NATIVE] [uncaught] functools.py:L52: [C_EXCEPTION] builtin_function_or_method
[13:54:00.333] [ERROR] [NATIVE] [uncaught] functools.py:L52: [C_EXCEPTION] builtin_function_or_method
[13:54:00.333] [ERROR] [NATIVE] [uncaught] functools.py:L52: [C_EXCEPTION] builtin_function_or_method
[13:54:00.334] [ERROR] [NATIVE] [uncaught] functools.py:L52: [C_EXCEPTION] builtin_function_or_method
[13:54:00.334] [ERROR] [NATIVE] [uncaught] functools.py:L52: [C_EXCEPTION] builtin_function_or_method
[13:54:00.335] [ERROR] [NATIVE] [uncaught] functools.py:L52: [C_EXCEPTION] builtin_function_or_method
[13:54:00.335] [ERROR] [NATIVE] [uncaught] functools.py:L52: [C_EXCEPTION] builtin_function_or_method
[13:54:00.335] [ERROR] [NATIVE] [uncaught] functools.py:L52: [C_EXCEPTION] builtin_function_or_method
[13:54:00.339] [ERROR] [NATIVE] [uncaught] functools.py:L52: [C_EXCEPTION] builtin_function_or_method
[13:54:00.340] [ERROR] [NATIVE] [uncaught] functools.py:L52: [C_EXCEPTION] builtin_function_or_method
[13:54:00.342] [ERROR] [13:54:00] [ERROR] [NATIVE-MGR] 底层事件 SQLite 自检通过 (47 条测试记录)
[13:54:00.342] [WARN] [NATIVE] [audit] e:\StarDebate\docs/log\debug_20260622_135309.log: open (e:\StarDebate\docs/log\debug_20260622_135309.log, a, 33161)
[13:54:00.342] [ERROR] [13:54:00] [ERROR] [NATIVE-MGR] 底层事件 SQLite 自检通过 (47 条测试记录)
[13:54:00.342] [WARN] [NATIVE] [audit] e:\StarDebate\docs/log\debug_20260622_135309.log: open (e:\StarDebate\docs/log\debug_20260622_135309.log, a, 33161)
[13:54:00.343] [WARN] [NATIVE] [audit] e:\StarDebate\docs/log\debug_20260622_135309.log: open (e:\StarDebate\docs/log\debug_20260622_135309.log, a, 33161)
[13:54:00.344] [WARN] [NATIVE] [audit] e:\StarDebate\docs/log\debug_20260622_135309.log: open (e:\StarDebate\docs/log\debug_20260622_135309.log, a, 33161)
[13:54:00.349] [WARN] [THREAD] [thread_stuck]: Thread stuck: NativeThreadMonitor stuck for 30s at native_thread_monitor.py:157:_scan_thread_stuck|native_thread_monitor.py:95:_run|threading.py:989:ru
[13:54:00.349] [WARN] [THREAD] [thread_stuck]: Thread stuck: NativeEventWriter stuck for 30s at threading.py:338:wait|queue.py:180:get|native_log_manager.py:316:_batch_writer_loop|threading.py:989
[13:54:00.350] [WARN] [THREAD] [thread_stuck]: Thread stuck: ChronicleSnapshot stuck for 30s at chronicle_manager.py:274:_snapshot_loop|threading.py:989:run|threading.py:1052:_bootstrap_inner|thre
[13:54:00.350] [WARN] [THREAD] [thread_stuck]: Thread stuck: NativeResourceMonitor stuck for 30s at native_resource_monitor.py:81:_run|threading.py:989:run|threading.py:1052:_bootstrap_inner|threading
[13:54:00.350] [WARN] [THREAD] [thread_stuck]: Thread stuck: NativeThreadMonitor stuck for 30s at native_thread_monitor.py:106:_run|threading.py:989:run|threading.py:1052:_bootstrap_inner|threading.
[13:54:00.351] [WARN] [THREAD] [thread_stuck]: Thread stuck: NativeEventWriter stuck for 30s at threading.py:338:wait|queue.py:180:get|native_log_manager.py:316:_batch_writer_loop|threading.py:989
[13:54:00.351] [WARN] [THREAD] [thread_stuck]: Thread stuck: QueueFeederThread stuck for 30s at threading.py:334:wait|queues.py:231:_feed|threading.py:989:run|threading.py:1052:_bootstrap_inner|th
[13:54:00.352] [WARN] [THREAD] [thread_stuck]: Thread stuck: ChronicleSnapshot stuck for 30s at chronicle_manager.py:274:_snapshot_loop|threading.py:989:run|threading.py:1052:_bootstrap_inner|thre
[13:54:01.327] [WARN] [THREAD] [thread_stuck]: Thread stuck: NativeResourceMonitor stuck for 30s at native_resource_monitor.py:81:_run|threading.py:989:run|threading.py:1052:_bootstrap_inner|threading
[13:54:01.327] [WARN] [THREAD] [thread_stuck]: Thread stuck: NativeThreadMonitor stuck for 30s at native_thread_monitor.py:106:_run|threading.py:989:run|threading.py:1052:_bootstrap_inner|threading.
[13:54:01.328] [WARN] [THREAD] [thread_stuck]: Thread stuck: NativeEventWriter stuck for 30s at threading.py:338:wait|queue.py:180:get|native_log_manager.py:316:_batch_writer_loop|threading.py:989
[13:54:01.328] [WARN] [THREAD] [thread_stuck]: Thread stuck: ChronicleSnapshot stuck for 30s at chronicle_manager.py:274:_snapshot_loop|threading.py:989:run|threading.py:1052:_bootstrap_inner|thre
[13:54:02.895] [WARN] [SYS] 监视心跳超时: 15秒无新数据 (最后心跳: 13:53:47)
[13:54:10.353] [WARN] [THREAD] [thread_stuck]: Thread stuck: NativeResourceMonitor stuck for 30s at native_resource_monitor.py:81:_run|threading.py:989:run|threading.py:1052:_bootstrap_inner|threading
[13:54:17.905] [WARN] [SYS] 监视心跳超时: 15秒无新数据 (最后心跳: 13:54:02)
[13:54:32.918] [WARN] [SYS] 监视心跳超时: 15秒无新数据 (最后心跳: 13:54:17)
[13:54:47.929] [WARN] [SYS] 监视心跳超时: 15秒无新数据 (最后心跳: 13:54:32)
