[14:03:05.405] [INFO] ═══ LogService 已启动 ═══
[14:03:05.407] [INFO] 自动清理: 无过期日志文件
[14:03:05.407] [INFO] 日志文件: e:\StarDebate\docs/log\debug_20260622_140305.log
[14:03:05.409] [INFO] [SYS] 系统健康监视已启动 (监控 PID: 34708)
[14:03:05.409] [INFO] [SYS] 日志服务进入主循环，等待指令...
[14:03:07.677] [INFO] ═══ StarDebate 启动 ═══
[14:03:07.677] [INFO] 版本: 5.0.0
[14:03:07.678] [INFO] 主题: notion_dark
[14:03:07.679] [INFO] 日志文件: e:\StarDebate\docs/log\debug_20260622_140305.log
[14:03:07.679] [INFO] 日志服务: 独立进程 (LogService)
[14:03:07.680] [INFO] [CRON] 起居注自动追踪已启用 (v2.0.0)
[14:03:07.682] [INFO] [CRON] 追踪范围: 插件/API/AI/Qt错误/Worker线程  + traceback + 守护日志环 + 崩溃分析
[14:03:07.709] [INFO] [NATIVE] 底层事件记录系统已启用 (v1.2.0 M3)
[14:03:07.710] [INFO] [NATIVE] 钩子: Qt/excepthook/unraisable/audit/gc/c_exception
[14:03:07.711] [INFO] [NATIVE] 监视: 线程健康/资源跟踪/起居注桥接
[14:03:07.711] [INFO] [NATIVE] SQLite: e:\StarDebate\docs/log/native.db
[14:03:07.712] [INFO] 调试监视已开启: 变量, 函数, 插件, API, AI
[14:03:07.712] [INFO] [CFG] 已加载 log_settings.json，开始同步运行时配置
[14:03:07.714] [ERROR] [NATIVE] [uncaught] <frozen os>:L225: [C_EXCEPTION] builtin_function_or_method
[14:03:07.714] [WARN] [NATIVE] [audit] e:\StarDebate\workers\config\debug_monitor.json: open (e:\StarDebate\workers\config\debug_monitor.json, w, 33665)
[14:03:07.715] [ERROR] [NATIVE] [uncaught] <frozen os>:L225: [C_EXCEPTION] builtin_function_or_method
[14:03:07.715] [WARN] [NATIVE] [audit] e:\StarDebate\workers\config\debug_monitor.json: open (e:\StarDebate\workers\config\debug_monitor.json, w, 33665)
[14:03:07.715] [ERROR] [NATIVE] [uncaught] <frozen os>:L225: [C_EXCEPTION] builtin_function_or_method
[14:03:07.716] [WARN] [NATIVE] [audit] e:\StarDebate\workers\config\debug_monitor.json: open (e:\StarDebate\workers\config\debug_monitor.json, w, 33665)
[14:03:07.716] [ERROR] [NATIVE] [uncaught] <frozen os>:L225: [C_EXCEPTION] builtin_function_or_method
[14:03:07.717] [WARN] [NATIVE] [audit] e:\StarDebate\workers\config\debug_monitor.json: open (e:\StarDebate\workers\config\debug_monitor.json, w, 33665)
[14:03:07.718] [ERROR] [NATIVE] [uncaught] <frozen os>:L225: [C_EXCEPTION] builtin_function_or_method
[14:03:07.718] [WARN] [NATIVE] [audit] e:\StarDebate\workers\config\debug_monitor.json: open (e:\StarDebate\workers\config\debug_monitor.json, w, 33665)
[14:03:07.719] [WARN] [NATIVE] [audit] e:\StarDebate\workers\config\debug_monitor.json: open (e:\StarDebate\workers\config\debug_monitor.json, w, 33665)
[14:03:07.719] [WARN] [NATIVE] [audit] e:\StarDebate\workers\config\debug_monitor.json: open (e:\StarDebate\workers\config\debug_monitor.json, w, 33665)
[14:03:07.720] [INFO] [CFG] 调试监视: 已开启 → 变量, 函数, 插件, API, AI
[14:03:07.721] [WARN] [NATIVE] [audit] e:\StarDebate\config\chronicle_config.json: open (e:\StarDebate\config\chronicle_config.json, w, 33665)
[14:03:07.721] [INFO] [CFG] 起居注: 已开启
[14:03:07.722] [INFO] [CFG] log_settings.json 同步完成
[14:03:07.723] [ERROR] [NATIVE] [uncaught] spawn.py:L175: [C_EXCEPTION] builtin_function_or_method
[14:03:07.723] [WARN] [NATIVE] [audit] 3: open (3, w, 33665)
[14:03:07.738] [INFO] 崩溃监控已启动 (PID: 34708)
[14:03:07.739] [WARN] [NATIVE] [audit] e:\StarDebate\config\keyboard_shortcuts.json: open (e:\StarDebate\config\keyboard_shortcuts.json, r, 32896)
[14:03:07.742] [WARN] [NATIVE] [audit] import components.shadow_container: import (components.shadow_container, None, ['e:\\StarDebate', 'C:\\Users\\Oblivion\\Python\\python312.zip', 'C:\\Users\\Obl)
[14:03:07.742] [ERROR] [NATIVE] [uncaught] <frozen importlib._bootstrap_external>:L147: [C_EXCEPTION] builtin_function_or_method
[14:03:07.743] [ERROR] [NATIVE] [uncaught] <frozen importlib._bootstrap_external>:L147: [C_EXCEPTION] builtin_function_or_method
[14:03:07.744] [WARN] [NATIVE] [audit] e:\StarDebate\components\shadow_container\__pycache__\__init__.cpython-312.pyc: open (e:\StarDebate\components\shadow_container\__pycache__\__init__.cpython-312.pyc, r, 32896)
[14:03:07.744] [ERROR] [NATIVE] [uncaught] <frozen importlib._bootstrap_external>:L1185: [C_EXCEPTION] builtin_function_or_method
[14:03:07.745] [WARN] [NATIVE] [audit] e:\StarDebate\components\shadow_container\__init__.py: open (e:\StarDebate\components\shadow_container\__init__.py, r, 32896)
[14:03:07.745] [ERROR] [NATIVE] [uncaught] <frozen importlib._bootstrap_external>:L147: [C_EXCEPTION] builtin_function_or_method
[14:03:07.746] [WARN] [NATIVE] [audit] e:\StarDebate\components\shadow_container\__pycache__\__init__.cpython-312.pyc.1792659986352: open (e:\StarDebate\components\shadow_container\__pycache__\__init__.cpython-312.pyc.1, None, 1409)
[14:03:07.746] [WARN] [NATIVE] [audit] 3: open (3, wb, 33665)
[14:03:07.747] [WARN] [NATIVE] [audit] import components.shadow_container.shadow_container: import (components.shadow_container.shadow_container, None, ['e:\\StarDebate', 'C:\\Users\\Oblivion\\Python\\python312.zip', 'C:\\Users\\Obl)
[14:03:07.748] [WARN] [NATIVE] [audit] e:\StarDebate\components\shadow_container\__pycache__\shadow_container.cpython-312.pyc: open (e:\StarDebate\components\shadow_container\__pycache__\shadow_container.cpython-3, r, 32896)
[14:03:07.748] [ERROR] [NATIVE] [uncaught] <frozen importlib._bootstrap_external>:L1185: [C_EXCEPTION] builtin_function_or_method
[14:03:07.748] [WARN] [NATIVE] [audit] e:\StarDebate\components\shadow_container\shadow_container.py: open (e:\StarDebate\components\shadow_container\shadow_container.py, r, 32896)
[14:03:07.749] [WARN] [NATIVE] [audit] e:\StarDebate\components\shadow_container\__pycache__\shadow_container.cpython-312.pyc.1792659985456: open (e:\StarDebate\components\shadow_container\__pycache__\shadow_container.cpython-3, None, 1409)
[14:03:07.749] [WARN] [NATIVE] [audit] 3: open (3, wb, 33665)
[14:03:07.750] [WARN] [NATIVE] [audit] e:\StarDebate\config\config.json: open (e:\StarDebate\config\config.json, r, 32896)
[14:03:07.750] [WARN] [NATIVE] [audit] e:\StarDebate\style\themes\notion_dark\theme.json: open (e:\StarDebate\style\themes\notion_dark\theme.json, r, 32896)
[14:03:07.802] [WARN] [NATIVE] [audit] e:\StarDebate\config\config.json: open (e:\StarDebate\config\config.json, r, 32896)
[14:03:07.811] [WARN] [NATIVE] [audit] e:\StarDebate\workers\speech_editor\..\..\icon\index\has_material.svg: open (e:\StarDebate\workers\speech_editor\..\..\icon\index\has_material.svg, r, 32896)
[14:03:07.872] [WARN] [NATIVE] [audit] e:\StarDebate\style\themes\notion_dark\theme.json: open (e:\StarDebate\style\themes\notion_dark\theme.json, r, 32896)
[14:03:07.873] [WARN] [NATIVE] [audit] e:\StarDebate\style\themes\notion_dark\theme.json: open (e:\StarDebate\style\themes\notion_dark\theme.json, r, 32896)
[14:03:07.886] [ERROR] [NATIVE] [uncaught] <frozen importlib._bootstrap_external>:L147: [C_EXCEPTION] builtin_function_or_method
[14:03:07.886] [ERROR] [NATIVE] [uncaught] <frozen importlib._bootstrap_external>:L147: [C_EXCEPTION] builtin_function_or_method
[14:03:07.888] [WARN] [NATIVE] [audit] e:\StarDebate\workers\training\quick_quiz\__pycache__\__init__.cpython-312.pyc: open (e:\StarDebate\workers\training\quick_quiz\__pycache__\__init__.cpython-312.pyc, r, 32896)
[14:03:07.888] [ERROR] [NATIVE] [uncaught] <frozen importlib._bootstrap_external>:L1185: [C_EXCEPTION] builtin_function_or_method
[14:03:07.889] [WARN] [NATIVE] [audit] e:\StarDebate\workers\training\quick_quiz\__init__.py: open (e:\StarDebate\workers\training\quick_quiz\__init__.py, r, 32896)
[14:03:07.889] [WARN] [NATIVE] [audit] e:\StarDebate\workers\training\quick_quiz\__pycache__\__init__.cpython-312.pyc.1792659984944: open (e:\StarDebate\workers\training\quick_quiz\__pycache__\__init__.cpython-312.pyc.1, None, 1409)
[14:03:07.890] [WARN] [NATIVE] [audit] 3: open (3, wb, 33665)
[14:03:07.900] [WARN] [NATIVE] [audit] import workers.training.quick_quiz.quick_quiz_manager: import (workers.training.quick_quiz.quick_quiz_manager, None, ['e:\\StarDebate', 'C:\\Users\\Oblivion\\Python\\python312.zip', 'C:\\Users\\Obl)
[14:03:07.901] [WARN] [NATIVE] [audit] e:\StarDebate\workers\training\quick_quiz\__pycache__\quick_quiz_manager.cpython-312.pyc: open (e:\StarDebate\workers\training\quick_quiz\__pycache__\quick_quiz_manager.cpython, r, 32896)
[14:03:07.902] [ERROR] [NATIVE] [uncaught] <frozen importlib._bootstrap_external>:L1185: [C_EXCEPTION] builtin_function_or_method
[14:03:07.903] [WARN] [NATIVE] [audit] e:\StarDebate\workers\training\quick_quiz\quick_quiz_manager.py: open (e:\StarDebate\workers\training\quick_quiz\quick_quiz_manager.py, r, 32896)
[14:03:07.910] [WARN] [NATIVE] [audit] e:\StarDebate\workers\training\quick_quiz\__pycache__\quick_quiz_manager.cpython-312.pyc.1792660705120: open (e:\StarDebate\workers\training\quick_quiz\__pycache__\quick_quiz_manager.cpython, None, 1409)
[14:03:07.911] [WARN] [NATIVE] [audit] 3: open (3, wb, 33665)
[14:03:07.928] [WARN] [NATIVE] [audit] import workers.training.exercise.exercise_manager: import (workers.training.exercise.exercise_manager, None, ['e:\\StarDebate', 'C:\\Users\\Oblivion\\Python\\python312.zip', 'C:\\Users\\Obl)
[14:03:07.928] [WARN] [NATIVE] [audit] e:\StarDebate\workers\training\exercise\__pycache__\exercise_manager.cpython-312.pyc: open (e:\StarDebate\workers\training\exercise\__pycache__\exercise_manager.cpython-312, r, 32896)
[14:03:07.929] [ERROR] [NATIVE] [uncaught] <frozen importlib._bootstrap_external>:L1185: [C_EXCEPTION] builtin_function_or_method
[14:03:07.929] [WARN] [NATIVE] [audit] e:\StarDebate\workers\training\exercise\exercise_manager.py: open (e:\StarDebate\workers\training\exercise\exercise_manager.py, r, 32896)
[14:03:07.936] [WARN] [NATIVE] [audit] e:\StarDebate\workers\training\exercise\__pycache__\exercise_manager.cpython-312.pyc.1792659985456: open (e:\StarDebate\workers\training\exercise\__pycache__\exercise_manager.cpython-312, None, 1409)
[14:03:07.937] [WARN] [NATIVE] [audit] 3: open (3, wb, 33665)
[14:03:07.999] [INFO] [FUNC] material_pool:build_panel → ✅ 返回(0ms): ''
[14:03:08.004] [WARN] [NATIVE] [audit] e:\StarDebate\style\themes\notion_dark\theme.json: open (e:\StarDebate\style\themes\notion_dark\theme.json, r, 32896)
[14:03:08.108] [WARN] [NATIVE] [audit] e:\StarDebate\config\config.json: open (e:\StarDebate\config\config.json, r, 32896)
[14:03:08.174] [WARN] [NATIVE] [audit] e:\StarDebate\config\config.json: open (e:\StarDebate\config\config.json, r, 32896)
[14:03:08.175] [WARN] [NATIVE] [audit] e:\StarDebate\style\themes\notion_dark\theme.json: open (e:\StarDebate\style\themes\notion_dark\theme.json, r, 32896)
[14:03:08.177] [WARN] [NATIVE] [audit] e:\StarDebate\style\themes\notion_dark\main.qss: open (e:\StarDebate\style\themes\notion_dark\main.qss, r, 32896)
[14:03:08.178] [WARN] [NATIVE] [audit] e:\StarDebate\style\themes\notion_dark\title_bar.qss: open (e:\StarDebate\style\themes\notion_dark\title_bar.qss, r, 32896)
[14:03:08.179] [WARN] [NATIVE] [audit] e:\StarDebate\style\themes\notion_dark\nav_bar.qss: open (e:\StarDebate\style\themes\notion_dark\nav_bar.qss, r, 32896)
[14:03:08.180] [WARN] [NATIVE] [audit] e:\StarDebate\style\themes\notion_dark\structure.qss: open (e:\StarDebate\style\themes\notion_dark\structure.qss, r, 32896)
[14:03:08.181] [WARN] [NATIVE] [audit] e:\StarDebate\style\themes\notion_dark\settings.qss: open (e:\StarDebate\style\themes\notion_dark\settings.qss, r, 32896)
[14:03:08.181] [WARN] [NATIVE] [audit] e:\StarDebate\style\themes\notion_dark\ref_doc.qss: open (e:\StarDebate\style\themes\notion_dark\ref_doc.qss, r, 32896)
[14:03:08.182] [WARN] [NATIVE] [audit] e:\StarDebate\style\themes\notion_dark\speech_editor.qss: open (e:\StarDebate\style\themes\notion_dark\speech_editor.qss, r, 32896)
[14:03:08.182] [WARN] [NATIVE] [audit] e:\StarDebate\style\themes\notion_dark\tournament.qss: open (e:\StarDebate\style\themes\notion_dark\tournament.qss, r, 32896)
[14:03:08.184] [WARN] [NATIVE] [audit] e:\StarDebate\style\themes\notion_dark\framework.qss: open (e:\StarDebate\style\themes\notion_dark\framework.qss, r, 32896)
[14:03:08.184] [WARN] [NATIVE] [audit] e:\StarDebate\style\themes\notion_dark\speech_writer.qss: open (e:\StarDebate\style\themes\notion_dark\speech_writer.qss, r, 32896)
[14:03:08.185] [WARN] [NATIVE] [audit] e:\StarDebate\style\themes\notion_dark\ai_expand.qss: open (e:\StarDebate\style\themes\notion_dark\ai_expand.qss, r, 32896)
[14:03:08.185] [WARN] [NATIVE] [audit] e:\StarDebate\style\themes\notion_dark\notes.qss: open (e:\StarDebate\style\themes\notion_dark\notes.qss, r, 32896)
[14:03:08.185] [WARN] [NATIVE] [audit] e:\StarDebate\style\themes\notion_dark\training.qss: open (e:\StarDebate\style\themes\notion_dark\training.qss, r, 32896)
[14:03:08.187] [WARN] [NATIVE] [audit] e:\StarDebate\style\themes\notion_dark\ai_analysis.qss: open (e:\StarDebate\style\themes\notion_dark\ai_analysis.qss, r, 32896)
[14:03:08.187] [WARN] [NATIVE] [audit] e:\StarDebate\style\themes\notion_dark\cross_examination.qss: open (e:\StarDebate\style\themes\notion_dark\cross_examination.qss, r, 32896)
[14:03:08.188] [WARN] [NATIVE] [audit] e:\StarDebate\style\themes\notion_dark\new_debate.qss: open (e:\StarDebate\style\themes\notion_dark\new_debate.qss, r, 32896)
[14:03:08.188] [WARN] [NATIVE] [audit] e:\StarDebate\style\themes\notion_dark\debug_console.qss: open (e:\StarDebate\style\themes\notion_dark\debug_console.qss, r, 32896)
[14:03:08.189] [WARN] [NATIVE] [audit] e:\StarDebate\style\themes\notion_dark\suggest_popup.qss: open (e:\StarDebate\style\themes\notion_dark\suggest_popup.qss, r, 32896)
[14:03:08.189] [WARN] [NATIVE] [audit] e:\StarDebate\style\themes\notion_dark\crash_monitor.qss: open (e:\StarDebate\style\themes\notion_dark\crash_monitor.qss, r, 32896)
[14:03:08.190] [WARN] [NATIVE] [audit] e:\StarDebate\style\themes\notion_dark\popup_dialog.qss: open (e:\StarDebate\style\themes\notion_dark\popup_dialog.qss, r, 32896)
[14:03:08.191] [WARN] [NATIVE] [audit] e:\StarDebate\style\themes\notion_dark\stardebate_format.qss: open (e:\StarDebate\style\themes\notion_dark\stardebate_format.qss, r, 32896)
[14:03:08.191] [WARN] [NATIVE] [audit] e:\StarDebate\style\themes\notion_dark\stardebate_editor.qss: open (e:\StarDebate\style\themes\notion_dark\stardebate_editor.qss, r, 32896)
[14:03:08.192] [WARN] [NATIVE] [audit] e:\StarDebate\style\themes\notion_dark\star_checkbox.qss: open (e:\StarDebate\style\themes\notion_dark\star_checkbox.qss, r, 32896)
[14:03:08.192] [WARN] [NATIVE] [audit] e:\StarDebate\style\themes\notion_dark\star_spinbox.qss: open (e:\StarDebate\style\themes\notion_dark\star_spinbox.qss, r, 32896)
[14:03:08.193] [WARN] [NATIVE] [audit] e:\StarDebate\style\themes\notion_dark\log_settings.qss: open (e:\StarDebate\style\themes\notion_dark\log_settings.qss, r, 32896)
[14:03:08.193] [WARN] [NATIVE] [audit] e:\StarDebate\style\themes\notion_dark\plugins.qss: open (e:\StarDebate\style\themes\notion_dark\plugins.qss, r, 32896)
[14:03:08.194] [WARN] [NATIVE] [audit] e:\StarDebate\style\themes\notion_dark\svg_renderer.qss: open (e:\StarDebate\style\themes\notion_dark\svg_renderer.qss, r, 32896)
[14:03:08.194] [WARN] [NATIVE] [audit] e:\StarDebate\style\themes\notion_dark\material_pool.qss: open (e:\StarDebate\style\themes\notion_dark\material_pool.qss, r, 32896)
[14:03:08.195] [WARN] [NATIVE] [audit] e:\StarDebate\style\themes\notion_dark\shadow_container.qss: open (e:\StarDebate\style\themes\notion_dark\shadow_container.qss, r, 32896)
[14:03:08.195] [WARN] [NATIVE] [audit] e:\StarDebate\style\themes\notion_dark\bind_source_dialog.qss: open (e:\StarDebate\style\themes\notion_dark\bind_source_dialog.qss, r, 32896)
[14:03:08.298] [WARN] [NATIVE] [audit] e:\StarDebate\config\config.json: open (e:\StarDebate\config\config.json, r, 32896)
[14:03:08.299] [WARN] [NATIVE] [audit] e:\StarDebate\custom_formats\123.json: open (e:\StarDebate\custom_formats\123.json, r, 32896)
[14:03:08.299] [WARN] [NATIVE] [audit] e:\StarDebate\custom_formats\新校赛.json: open (e:\StarDebate\custom_formats\新校赛.json, r, 32896)
[14:03:08.301] [WARN] [NATIVE] [audit] e:\StarDebate\custom_formats\校赛.json: open (e:\StarDebate\custom_formats\校赛.json, r, 32896)
[14:03:08.301] [INFO] [SHORTCUT] 快捷键系统已初始化
[14:03:08.301] [INFO] [FUNC] dpapi: load_index
[14:03:08.302] [WARN] [NATIVE] [audit] e:\StarDebate\docs/log\debug_20260622_140305.log: open (e:\StarDebate\docs/log\debug_20260622_140305.log, a, 33161)
[14:03:08.302] [WARN] [NATIVE] [audit] e:\StarDebate\config\stardebate_index.json: open (e:\StarDebate\config\stardebate_index.json, r, 32896)
[14:03:08.309] [INFO] [VAR] dpapi: load_index → 3 files loaded
[14:03:08.310] [WARN] [NATIVE] [audit] e:\StarDebate\docs/log\debug_20260622_140305.log: open (e:\StarDebate\docs/log\debug_20260622_140305.log, a, 33161)
[14:03:08.310] [INFO] [FUNC] auto_load_saved_files: 3 files in index
[14:03:08.311] [WARN] [NATIVE] [audit] e:\StarDebate\docs/log\debug_20260622_140305.log: open (e:\StarDebate\docs/log\debug_20260622_140305.log, a, 33161)
[14:03:08.312] [INFO] [API] auto_load: 跳过不存在的文件 C:/Users/Oblivion/Desktop/1vs2_20260606.stardebate
[14:03:08.312] [WARN] [NATIVE] [audit] e:\StarDebate\docs/log\debug_20260622_140305.log: open (e:\StarDebate\docs/log\debug_20260622_140305.log, a, 33161)
[14:03:08.312] [INFO] [FUNC] open_file_with_stored_password: 1vs2_20260606.stardebate
[14:03:08.313] [WARN] [NATIVE] [audit] e:\StarDebate\docs/log\debug_20260622_140305.log: open (e:\StarDebate\docs/log\debug_20260622_140305.log, a, 33161)
[14:03:08.313] [INFO] [FUNC] dpapi: get_password_for_file → 1vs2_20260606.stardebate
[14:03:08.313] [WARN] [NATIVE] [audit] e:\StarDebate\docs/log\debug_20260622_140305.log: open (e:\StarDebate\docs/log\debug_20260622_140305.log, a, 33161)
[14:03:08.314] [INFO] [FUNC] dpapi: load_index
[14:03:08.314] [WARN] [NATIVE] [audit] e:\StarDebate\docs/log\debug_20260622_140305.log: open (e:\StarDebate\docs/log\debug_20260622_140305.log, a, 33161)
[14:03:08.316] [INFO] [VAR] dpapi: load_index → 3 files loaded
bate_index.json: open (e:\StarDebate\config\stardebate_index.json, r, 32896)
[14:03:08.317] [WARN] [NATIVE] [audit] e:\StarDebate\docs/log\debug_20260622_140305.log: open (e:\StarDebate\docs/log\debug_20260622_140305.log, a, 33161)
[14:03:08.317] [INFO] [VAR] dpapi: get_password_for_file → no password set
[14:03:08.317] [WARN] [NATIVE] [audit] e:\StarDebate\docs/log\debug_20260622_140305.log: open (e:\StarDebate\docs/log\debug_20260622_140305.log, a, 33161)
[14:03:08.318] [INFO] [FUNC] open_file: path=1vs2_20260606.stardebate
[14:03:08.318] [WARN] [NATIVE] [audit] e:\StarDebate\docs/log\debug_20260622_140305.log: open (e:\StarDebate\docs/log\debug_20260622_140305.log, a, 33161)
[14:03:08.318] [INFO] [FUNC] StardebateCompiler.unpack(file_size=8593, has_pwd_input=False)
[14:03:08.351] [INFO] [FUNC] StardebateCompiler: 第1层内置密钥解密成功
[14:03:08.354] [INFO] [FUNC] StardebateCompiler.unpack: 解密成功, modules=6, app_version=2.3.0
[14:03:08.354] [INFO] [FUNC] dpapi: add_file_to_index → 1vs2_20260606.stardebate
[14:03:08.355] [INFO] [FUNC] dpapi: load_index
[14:03:08.356] [INFO] [VAR] dpapi: load_index → 3 files loaded
[14:03:08.356] [INFO] [VAR] dpapi: save_index → 3 files
[14:03:08.358] [ERROR] [NATIVE] [uncaught] <frozen os>:L225: [C_EXCEPTION] builtin_function_or_method
[14:03:08.358] [INFO] [VAR] _add_to_project_tree: 1vs2_20260606.stardebate
[14:03:08.362] [INFO] [VAR] open_file: 解密成功, modules=6, file=1vs2_20260606.stardebate
[14:03:08.362] [INFO] [API] auto_load: 成功加载 1vs2_20260606.stardebate
[14:03:08.363] [INFO] [FUNC] open_file_with_stored_password: 1vs2_20260606_01.stardebate
[14:03:08.364] [INFO] [FUNC] dpapi: get_password_for_file → 1vs2_20260606_01.stardebate
[14:03:08.364] [INFO] [FUNC] dpapi: load_index
[14:03:08.373] [INFO] [VAR] dpapi: load_index → 3 files loaded
[14:03:08.374] [INFO] [FUNC] dpapi: decrypt_password
[14:03:08.376] [INFO] [API] dpapi: decrypt_password → ok
[14:03:08.377] [INFO] [API] dpapi: get_password_for_file → ok
[14:03:08.378] [INFO] [FUNC] open_file: path=1vs2_20260606_01.stardebate
[14:03:08.378] [INFO] [FUNC] StardebateCompiler.unpack(file_size=10782, has_pwd_input=True)
[14:03:08.379] [INFO] [FUNC] StardebateCompiler: 第1层内置密钥解密成功
[14:03:08.408] [INFO] [FUNC] StardebateCompiler: 第2层密码解密成功
[14:03:08.409] [INFO] [FUNC] StardebateCompiler.unpack: 解密成功, modules=8, app_version=2.3.0
[14:03:08.410] [INFO] [FUNC] dpapi: add_file_to_index → 1vs2_20260606_01.stardebate
[14:03:08.410] [INFO] [FUNC] dpapi: load_index
[14:03:08.411] [INFO] [VAR] dpapi: load_index → 3 files loaded
[14:03:08.411] [INFO] [FUNC] dpapi: encrypt_password
[14:03:08.412] [INFO] [API] dpapi: encrypt_password → ok
[14:03:08.413] [INFO] [VAR] dpapi: save_index → 3 files
[14:03:08.414] [ERROR] [NATIVE] [uncaught] <frozen os>:L225: [C_EXCEPTION] builtin_function_or_method
[14:03:08.415] [INFO] [VAR] _add_to_project_tree: 1vs2_20260606_01.stardebate
[14:03:08.419] [INFO] [VAR] open_file: 解密成功, modules=8, file=1vs2_20260606_01.stardebate
[14:03:08.419] [INFO] [API] auto_load: 成功加载 1vs2_20260606_01.stardebate
[14:03:08.421] [INFO] 自动加载 .stardebate: 2 个文件
[14:03:09.422] [WARN] [NATIVE] [audit] e:\StarDebate\_update_staging\update_state.json: open (e:\StarDebate\_update_staging\update_state.json, r, 32896)
[14:03:10.063] [WARN] [NATIVE] [audit] e:\StarDebate\config\config.json: open (e:\StarDebate\config\config.json, r, 32896)
[14:03:10.065] [WARN] [NATIVE] [audit] e:\StarDebate\config\config.json: open (e:\StarDebate\config\config.json, r, 32896)
[14:03:10.067] [WARN] [NATIVE] [audit] e:\StarDebate\style\themes\notion_dark\settings.qss: open (e:\StarDebate\style\themes\notion_dark\settings.qss, r, 32896)
[14:03:10.067] [WARN] [NATIVE] [audit] e:\StarDebate\style\themes\notion_dark\title_bar.qss: open (e:\StarDebate\style\themes\notion_dark\title_bar.qss, r, 32896)
[14:03:10.068] [WARN] [NATIVE] [audit] e:\StarDebate\style\themes\notion_dark\star_spinbox.qss: open (e:\StarDebate\style\themes\notion_dark\star_spinbox.qss, r, 32896)
[14:03:10.068] [WARN] [NATIVE] [audit] e:\StarDebate\style\themes\notion_dark\svg_renderer.qss: open (e:\StarDebate\style\themes\notion_dark\svg_renderer.qss, r, 32896)
[14:03:10.069] [WARN] [NATIVE] [audit] e:\StarDebate\workers\settings\pages\__pycache__\about_page.cpython-312.pyc: open (e:\StarDebate\workers\settings\pages\__pycache__\about_page.cpython-312.pyc, r, 32896)
[14:03:10.069] [ERROR] [NATIVE] [uncaught] <frozen importlib._bootstrap_external>:L1185: [C_EXCEPTION] builtin_function_or_method
[14:03:10.070] [WARN] [NATIVE] [audit] e:\StarDebate\workers\settings\pages\about_page.py: open (e:\StarDebate\workers\settings\pages\about_page.py, r, 32896)
[14:03:10.070] [ERROR] [NATIVE] [uncaught] <frozen importlib._bootstrap_external>:L147: [C_EXCEPTION] builtin_function_or_method
[14:03:10.070] [WARN] [NATIVE] [audit] e:\StarDebate\workers\settings\pages\__pycache__\about_page.cpython-312.pyc.1792660087984: open (e:\StarDebate\workers\settings\pages\__pycache__\about_page.cpython-312.pyc.1792, None, 1409)
[14:03:10.072] [WARN] [NATIVE] [audit] 3: open (3, wb, 33665)
[14:03:10.072] [WARN] [NATIVE] [audit] e:\StarDebate\workers\settings\pages\__pycache__\api_config.cpython-312.pyc: open (e:\StarDebate\workers\settings\pages\__pycache__\api_config.cpython-312.pyc, r, 32896)
[14:03:10.072] [ERROR] [NATIVE] [uncaught] <frozen importlib._bootstrap_external>:L1185: [C_EXCEPTION] builtin_function_or_method
[14:03:10.072] [WARN] [NATIVE] [audit] e:\StarDebate\workers\settings\pages\api_config.py: open (e:\StarDebate\workers\settings\pages\api_config.py, r, 32896)
[14:03:10.073] [WARN] [NATIVE] [audit] e:\StarDebate\workers\settings\pages\__pycache__\api_config.cpython-312.pyc.1792660089136: open (e:\StarDebate\workers\settings\pages\__pycache__\api_config.cpython-312.pyc.1792, None, 1409)
[14:03:10.073] [WARN] [NATIVE] [audit] 3: open (3, wb, 33665)
[14:03:10.074] [WARN] [NATIVE] [audit] import components.star_spinbox: import (components.star_spinbox, None, ['e:\\StarDebate', 'C:\\Users\\Oblivion\\Python\\python312.zip', 'C:\\Users\\Obl)
[14:03:10.075] [ERROR] [NATIVE] [uncaught] <frozen importlib._bootstrap_external>:L147: [C_EXCEPTION] builtin_function_or_method
[14:03:10.075] [ERROR] [NATIVE] [uncaught] <frozen importlib._bootstrap_external>:L147: [C_EXCEPTION] builtin_function_or_method
[14:03:10.077] [WARN] [NATIVE] [audit] e:\StarDebate\components\star_spinbox\__pycache__\__init__.cpython-312.pyc: open (e:\StarDebate\components\star_spinbox\__pycache__\__init__.cpython-312.pyc, r, 32896)
[14:03:10.077] [ERROR] [NATIVE] [uncaught] <frozen importlib._bootstrap_external>:L1185: [C_EXCEPTION] builtin_function_or_method
[14:03:10.078] [WARN] [NATIVE] [audit] e:\StarDebate\components\star_spinbox\__init__.py: open (e:\StarDebate\components\star_spinbox\__init__.py, r, 32896)
[14:03:10.078] [ERROR] [NATIVE] [uncaught] <frozen importlib._bootstrap_external>:L147: [C_EXCEPTION] builtin_function_or_method
[14:03:10.078] [WARN] [NATIVE] [audit] e:\StarDebate\components\star_spinbox\__pycache__\__init__.cpython-312.pyc.1792660089648: open (e:\StarDebate\components\star_spinbox\__pycache__\__init__.cpython-312.pyc.17926, None, 1409)
[14:03:10.079] [WARN] [NATIVE] [audit] 3: open (3, wb, 33665)
[14:03:10.079] [WARN] [NATIVE] [audit] import components.star_spinbox.star_spinbox: import (components.star_spinbox.star_spinbox, None, ['e:\\StarDebate', 'C:\\Users\\Oblivion\\Python\\python312.zip', 'C:\\Users\\Obl)
[14:03:10.080] [WARN] [NATIVE] [audit] e:\StarDebate\components\star_spinbox\__pycache__\star_spinbox.cpython-312.pyc: open (e:\StarDebate\components\star_spinbox\__pycache__\star_spinbox.cpython-312.pyc, r, 32896)
[14:03:10.080] [ERROR] [NATIVE] [uncaught] <frozen importlib._bootstrap_external>:L1185: [C_EXCEPTION] builtin_function_or_method
[14:03:10.081] [WARN] [NATIVE] [audit] e:\StarDebate\components\star_spinbox\star_spinbox.py: open (e:\StarDebate\components\star_spinbox\star_spinbox.py, r, 32896)
[14:03:10.084] [WARN] [NATIVE] [audit] e:\StarDebate\components\star_spinbox\__pycache__\star_spinbox.cpython-312.pyc.1792660088496: open (e:\StarDebate\components\star_spinbox\__pycache__\star_spinbox.cpython-312.pyc.1, None, 1409)
[14:03:10.085] [WARN] [NATIVE] [audit] 3: open (3, wb, 33665)
[14:03:10.087] [WARN] [NATIVE] [audit] e:\StarDebate\workers\settings\pages\__pycache__\appearance_page.cpython-312.pyc: open (e:\StarDebate\workers\settings\pages\__pycache__\appearance_page.cpython-312.pyc, r, 32896)
[14:03:10.087] [ERROR] [NATIVE] [uncaught] <frozen importlib._bootstrap_external>:L1185: [C_EXCEPTION] builtin_function_or_method
[14:03:10.088] [WARN] [NATIVE] [audit] e:\StarDebate\workers\settings\pages\appearance_page.py: open (e:\StarDebate\workers\settings\pages\appearance_page.py, r, 32896)
[14:03:10.089] [WARN] [NATIVE] [audit] e:\StarDebate\workers\settings\pages\__pycache__\appearance_page.cpython-312.pyc.1792660094256: open (e:\StarDebate\workers\settings\pages\__pycache__\appearance_page.cpython-312.pyc, None, 1409)
[14:03:10.089] [WARN] [NATIVE] [audit] 3: open (3, wb, 33665)
[14:03:10.091] [WARN] [NATIVE] [audit] e:\StarDebate\workers\settings\pages\__pycache__\editor_page.cpython-312.pyc: open (e:\StarDebate\workers\settings\pages\__pycache__\editor_page.cpython-312.pyc, r, 32896)
[14:03:10.091] [WARN] [NATIVE] [audit] e:\StarDebate\workers\settings\pages\editor_page.py: open (e:\StarDebate\workers\settings\pages\editor_page.py, r, 32896)
[14:03:10.091] [WARN] [NATIVE] [audit] e:\StarDebate\workers\settings\pages\__pycache__\editor_page.cpython-312.pyc.1792660090672: open (e:\StarDebate\workers\settings\pages\__pycache__\editor_page.cpython-312.pyc.179, None, 1409)
[14:03:10.093] [WARN] [NATIVE] [audit] 3: open (3, wb, 33665)
[14:03:10.094] [WARN] [NATIVE] [audit] e:\StarDebate\workers\settings\pages\__pycache__\keyboard_shortcuts_page.cpython-312.pyc: open (e:\StarDebate\workers\settings\pages\__pycache__\keyboard_shortcuts_page.cpython, r, 32896)
[14:03:10.095] [WARN] [NATIVE] [audit] e:\StarDebate\workers\settings\pages\keyboard_shortcuts_page.py: open (e:\StarDebate\workers\settings\pages\keyboard_shortcuts_page.py, r, 32896)
[14:03:10.097] [WARN] [NATIVE] [audit] e:\StarDebate\workers\settings\pages\__pycache__\keyboard_shortcuts_page.cpython-312.pyc.1792660306752: open (e:\StarDebate\workers\settings\pages\__pycache__\keyboard_shortcuts_page.cpython, None, 1409)
[14:03:10.098] [WARN] [NATIVE] [audit] 3: open (3, wb, 33665)
[14:03:10.099] [WARN] [NATIVE] [audit] e:\StarDebate\workers\settings\pages\__pycache__\log_settings_page.cpython-312.pyc: open (e:\StarDebate\workers\settings\pages\__pycache__\log_settings_page.cpython-312.p, r, 32896)
[14:03:10.100] [WARN] [NATIVE] [audit] e:\StarDebate\workers\settings\pages\log_settings_page.py: open (e:\StarDebate\workers\settings\pages\log_settings_page.py, r, 32896)
[14:03:10.102] [WARN] [NATIVE] [audit] e:\StarDebate\workers\settings\pages\__pycache__\log_settings_page.cpython-312.pyc.1792660092592: open (e:\StarDebate\workers\settings\pages\__pycache__\log_settings_page.cpython-312.p, None, 1409)
[14:03:10.102] [WARN] [NATIVE] [audit] 3: open (3, wb, 33665)
[14:03:10.104] [WARN] [NATIVE] [audit] e:\StarDebate\workers\settings\pages\__pycache__\native_log_settings_ui.cpython-312.pyc: open (e:\StarDebate\workers\settings\pages\__pycache__\native_log_settings_ui.cpython-, r, 32896)
[14:03:10.104] [WARN] [NATIVE] [audit] e:\StarDebate\workers\settings\pages\native_log_settings_ui.py: open (e:\StarDebate\workers\settings\pages\native_log_settings_ui.py, r, 32896)
[14:03:10.105] [WARN] [NATIVE] [audit] e:\StarDebate\workers\settings\pages\__pycache__\native_log_settings_ui.cpython-312.pyc.1792661381040: open (e:\StarDebate\workers\settings\pages\__pycache__\native_log_settings_ui.cpython-, None, 1409)
[14:03:10.106] [WARN] [NATIVE] [audit] 3: open (3, wb, 33665)
[14:03:10.107] [WARN] [NATIVE] [audit] e:\StarDebate\workers\settings\pages\__pycache__\svg_settings_page.cpython-312.pyc: open (e:\StarDebate\workers\settings\pages\__pycache__\svg_settings_page.cpython-312.p, r, 32896)
[14:03:10.108] [WARN] [NATIVE] [audit] e:\StarDebate\workers\settings\pages\svg_settings_page.py: open (e:\StarDebate\workers\settings\pages\svg_settings_page.py, r, 32896)
[14:03:10.109] [WARN] [NATIVE] [audit] e:\StarDebate\workers\settings\pages\__pycache__\svg_settings_page.cpython-312.pyc.1792661379888: open (e:\StarDebate\workers\settings\pages\__pycache__\svg_settings_page.cpython-312.p, None, 1409)
[14:03:10.110] [WARN] [NATIVE] [audit] 3: open (3, wb, 33665)
[14:03:10.111] [WARN] [NATIVE] [audit] e:\StarDebate\plugins\debate_claw\__pycache__\settings.cpython-312.pyc: open (e:\StarDebate\plugins\debate_claw\__pycache__\settings.cpython-312.pyc, r, 32896)
[14:03:10.122] [WARN] [NATIVE] [audit] e:\StarDebate\workers\settings\pages\__pycache__\api_config.cpython-312.pyc: open (e:\StarDebate\workers\settings\pages\__pycache__\api_config.cpython-312.pyc, r, 32896)
[14:03:12.369] [WARN] [NATIVE] [audit] e:\StarDebate\workers\settings\pages\__pycache__\about_page.cpython-312.pyc: open (e:\StarDebate\workers\settings\pages\__pycache__\about_page.cpython-312.pyc, r, 32896)
[14:03:12.378] [WARN] [NATIVE] [audit] e:\StarDebate\config/config.json: open (e:\StarDebate\config/config.json, r, 32896)
[14:03:15.988] [WARN] [NATIVE] [audit] E:/StarDebate/update_v5.0.0_to_v5.5.0.zip: open (E:/StarDebate/update_v5.0.0_to_v5.5.0.zip, r, 32896)
[14:03:15.988] [WARN] [NATIVE] [audit] e:\StarDebate\config\config.json: open (e:\StarDebate\config\config.json, r, 32896)
[14:03:15.990] [WARN] [NATIVE] [audit] e:\StarDebate\config\config.json: open (e:\StarDebate\config\config.json, r, 32896)
[14:03:15.991] [WARN] [NATIVE] [audit] e:\StarDebate\style\themes\notion_dark\theme.json: open (e:\StarDebate\style\themes\notion_dark\theme.json, r, 32896)
[14:03:15.991] [WARN] [NATIVE] [audit] e:\StarDebate\config\config.json: open (e:\StarDebate\config\config.json, r, 32896)
[14:03:15.992] [WARN] [NATIVE] [audit] e:\StarDebate\style\themes\notion_dark\theme.json: open (e:\StarDebate\style\themes\notion_dark\theme.json, r, 32896)
[14:03:15.994] [WARN] [NATIVE] [audit] e:\StarDebate\config\config.json: open (e:\StarDebate\config\config.json, r, 32896)
[14:03:15.994] [WARN] [NATIVE] [audit] e:\StarDebate\style\themes\notion_dark\theme.json: open (e:\StarDebate\style\themes\notion_dark\theme.json, r, 32896)
[14:03:15.995] [WARN] [NATIVE] [audit] e:\StarDebate\config\config.json: open (e:\StarDebate\config\config.json, r, 32896)
[14:03:15.995] [WARN] [NATIVE] [audit] e:\StarDebate\style\themes\notion_dark\updater.qss: open (e:\StarDebate\style\themes\notion_dark\updater.qss, r, 32896)
[14:03:16.450] [WARN] [NATIVE] [audit] e:\StarDebate\config\config.json: open (e:\StarDebate\config\config.json, r, 32896)
[14:03:16.451] [WARN] [NATIVE] [audit] e:\StarDebate\style\themes\notion_dark\theme.json: open (e:\StarDebate\style\themes\notion_dark\theme.json, r, 32896)
[14:03:16.740] [WARN] [NATIVE] [audit] e:\StarDebate\config\config.json: open (e:\StarDebate\config\config.json, r, 32896)
[14:03:16.740] [WARN] [NATIVE] [audit] e:\StarDebate\style\themes\notion_dark\theme.json: open (e:\StarDebate\style\themes\notion_dark\theme.json, r, 32896)
[14:03:18.155] [WARN] [NATIVE] [audit] e:\StarDebate\config\config.json: open (e:\StarDebate\config\config.json, r, 32896)
[14:03:18.155] [WARN] [NATIVE] [audit] e:\StarDebate\style\themes\notion_dark\updater.qss: open (e:\StarDebate\style\themes\notion_dark\updater.qss, r, 32896)
[14:03:18.157] [INFO] [updater.confirmed] 用户确认更新: v5.0.0 → v5.5.0
[14:03:18.358] [WARN] [NATIVE] [audit] E:/StarDebate/update_v5.0.0_to_v5.5.0.zip: open (E:/StarDebate/update_v5.0.0_to_v5.5.0.zip, r, 32896)
[14:03:18.359] [WARN] [NATIVE] [audit] e:\StarDebate\_update_staging\_tmp_verify\config.json: open (e:\StarDebate\_update_staging\_tmp_verify\config.json, w, 33665)
[14:03:18.359] [WARN] [NATIVE] [audit] e:\StarDebate\_update_staging\_tmp_verify\config.json: open (e:\StarDebate\_update_staging\_tmp_verify\config.json, r, 32896)
[14:03:18.362] [INFO] [updater.validate] 通过，1 个文件
[14:03:18.462] [WARN] [NATIVE] [audit] e:\StarDebate\config\config.json: open (e:\StarDebate\config\config.json, r, 32896)
[14:03:18.463] [ERROR] [NATIVE] [uncaught] <frozen os>:L225: [C_EXCEPTION] builtin_function_or_method
[14:03:18.487] [INFO] [updater.backup] 配置已备份至 v5.0.0_config
[14:03:18.610] [ERROR] [NATIVE] [uncaught] <frozen os>:L225: [C_EXCEPTION] builtin_function_or_method
[14:03:18.611] [WARN] [NATIVE] [audit] E:/StarDebate/update_v5.0.0_to_v5.5.0.zip: open (E:/StarDebate/update_v5.0.0_to_v5.5.0.zip, r, 32896)
[14:03:18.611] [WARN] [NATIVE] [audit] e:\StarDebate\_update_staging\new_files\config\config.json: open (e:\StarDebate\_update_staging\new_files\config\config.json, w, 33665)
[14:03:18.611] [INFO] [updater.extract] 解压完成
[14:03:18.711] [ERROR] [NATIVE] [uncaught] <frozen os>:L373: [C_EXCEPTION] builtin_function_or_method
[14:03:18.712] [ERROR] [NATIVE] [uncaught] <frozen os>:L373: [C_EXCEPTION] builtin_function_or_method
[14:03:18.712] [ERROR] [NATIVE] [uncaught] <frozen os>:L225: [C_EXCEPTION] builtin_function_or_method
[14:03:18.713] [INFO] [updater.file] 覆盖 1 个文件，跳过 0 个
[14:03:18.713] [INFO] [updater.file.op] 覆盖: config/config.json
[14:03:18.715] [INFO] [updater.delete] 无删除操作
[14:03:18.835] [ERROR] [NATIVE] [uncaught] <frozen os>:L373: [C_EXCEPTION] builtin_function_or_method
[14:03:18.849] [ERROR] [NATIVE] [uncaught] <frozen os>:L373: [C_EXCEPTION] builtin_function_or_method
[14:03:18.849] [ERROR] [NATIVE] [uncaught] <frozen os>:L373: [C_EXCEPTION] builtin_function_or_method
[14:03:19.032] [ERROR] [NATIVE] [uncaught] <frozen os>:L373: [C_EXCEPTION] builtin_function_or_method
[14:03:19.034] [ERROR] [NATIVE] [uncaught] <frozen os>:L373: [C_EXCEPTION] builtin_function_or_method
[14:03:19.035] [ERROR] [NATIVE] [uncaught] <frozen os>:L373: [C_EXCEPTION] builtin_function_or_method
[14:03:19.035] [ERROR] [NATIVE] [uncaught] <frozen os>:L373: [C_EXCEPTION] builtin_function_or_method
[14:03:19.035] [ERROR] [NATIVE] [uncaught] <frozen os>:L373: [C_EXCEPTION] builtin_function_or_method
[14:03:19.925] [INFO] [updater.pycache] 清理 65 个 __pycache__ 目录
[14:03:20.051] [ERROR] [NATIVE] [uncaught] <frozen os>:L225: [C_EXCEPTION] builtin_function_or_method
[14:03:20.051] [WARN] [NATIVE] [audit] e:\StarDebate\_update_staging\update_state.json: open (e:\StarDebate\_update_staging\update_state.json, w, 33665)
[14:03:20.052] [INFO] [updater.restart] 文件替换完成，准备软重启至 v5.5.0
[14:03:20.852] [WARN] [NATIVE] [audit] e:\StarDebate\_update_staging\update_state.json: open (e:\StarDebate\_update_staging\update_state.json, r, 32896)
[14:03:20.858] [WARN] [NATIVE] [audit] e:\StarDebate\_update_staging\update_state.json: open (e:\StarDebate\_update_staging\update_state.json, r, 32896)
[14:03:20.859] [ERROR] [NATIVE] [uncaught] <frozen os>:L225: [C_EXCEPTION] builtin_function_or_method
[14:03:20.860] [WARN] [NATIVE] [audit] e:\StarDebate\_update_staging\update_state.json: open (e:\StarDebate\_update_staging\update_state.json, w, 33665)
[14:03:20.981] [INFO] [NATIVE] 底层事件系统已关闭
[14:03:20.982] [INFO] ═══ StarDebate 正常关闭 ═══
[14:03:20.982] [INFO] ═══ LogService 正常关闭 ═══
[14:03:21.882] [INFO] [FUNC] dpapi: load_index
[14:03:21.891] [INFO] [VAR] dpapi: load_index → 3 files loaded
[14:03:21.892] [INFO] [FUNC] auto_load_saved_files: 3 files in index
[14:03:21.892] [INFO] [API] auto_load: 跳过不存在的文件 C:/Users/Oblivion/Desktop/1vs2_20260606.stardebate
[14:03:21.893] [INFO] [FUNC] open_file_with_stored_password: 1vs2_20260606.stardebate
[14:03:21.894] [INFO] [FUNC] dpapi: get_password_for_file → 1vs2_20260606.stardebate
[14:03:21.894] [INFO] [FUNC] dpapi: load_index
[14:03:21.896] [INFO] [VAR] dpapi: load_index → 3 files loaded
[14:03:21.896] [INFO] [VAR] dpapi: get_password_for_file → no password set
[14:03:21.897] [INFO] [FUNC] open_file: path=1vs2_20260606.stardebate
[14:03:21.904] [INFO] [FUNC] StardebateCompiler.unpack(file_size=8593, has_pwd_input=False)
[14:03:21.934] [INFO] [FUNC] StardebateCompiler: 第1层内置密钥解密成功
[14:03:21.935] [INFO] [FUNC] StardebateCompiler.unpack: 解密成功, modules=6, app_version=2.3.0
[14:03:21.935] [INFO] [FUNC] dpapi: add_file_to_index → 1vs2_20260606.stardebate
[14:03:21.935] [INFO] [FUNC] dpapi: load_index
[14:03:21.937] [INFO] [VAR] dpapi: load_index → 3 files loaded
[14:03:21.938] [INFO] [VAR] dpapi: save_index → 3 files
[14:03:21.939] [INFO] [VAR] _add_to_project_tree: 1vs2_20260606.stardebate
[14:03:21.942] [INFO] [VAR] open_file: 解密成功, modules=6, file=1vs2_20260606.stardebate
[14:03:21.944] [INFO] [API] auto_load: 成功加载 1vs2_20260606.stardebate
[14:03:21.945] [INFO] [FUNC] open_file_with_stored_password: 1vs2_20260606_01.stardebate
[14:03:21.945] [INFO] [FUNC] dpapi: get_password_for_file → 1vs2_20260606_01.stardebate
[14:03:21.946] [INFO] [FUNC] dpapi: load_index
[14:03:21.954] [INFO] [VAR] dpapi: load_index → 3 files loaded
[14:03:21.954] [INFO] [FUNC] dpapi: decrypt_password
[14:03:21.955] [INFO] [API] dpapi: decrypt_password → ok
[14:03:21.956] [INFO] [API] dpapi: get_password_for_file → ok
[14:03:21.957] [INFO] [FUNC] open_file: path=1vs2_20260606_01.stardebate
[14:03:21.964] [INFO] [FUNC] StardebateCompiler.unpack(file_size=10782, has_pwd_input=True)
[14:03:21.965] [INFO] [FUNC] StardebateCompiler: 第1层内置密钥解密成功
[14:03:21.997] [INFO] [FUNC] StardebateCompiler: 第2层密码解密成功
[14:03:21.998] [INFO] [FUNC] StardebateCompiler.unpack: 解密成功, modules=8, app_version=2.3.0
[14:03:21.998] [INFO] [FUNC] dpapi: add_file_to_index → 1vs2_20260606_01.stardebate
[14:03:21.998] [INFO] [FUNC] dpapi: load_index
[14:03:21.999] [INFO] [VAR] dpapi: load_index → 3 files loaded
[14:03:22.000] [INFO] [FUNC] dpapi: encrypt_password
[14:03:22.001] [INFO] [API] dpapi: encrypt_password → ok
[14:03:22.002] [INFO] [VAR] dpapi: save_index → 3 files
[14:03:22.004] [INFO] [VAR] _add_to_project_tree: 1vs2_20260606_01.stardebate
[14:03:22.008] [INFO] [VAR] open_file: 解密成功, modules=8, file=1vs2_20260606_01.stardebate
[14:03:22.009] [INFO] [API] auto_load: 成功加载 1vs2_20260606_01.stardebate
[14:03:22.419] [INFO] [SYS] LogService 进程退出
[14:03:37.709] [ERROR] [14:03:37] [ERROR] [NATIVE-MGR] 底层事件 SQLite 自检通过 (48 条测试记录)
[14:03:51.485] [ERROR] [14:03:51] [ERROR] [NATIVE-MGR] 底层事件 SQLite 自检通过 (49 条测试记录)
