[00:01:36.753] [INFO] ═══ LogService 已启动 ═══
[00:01:36.753] [INFO] 自动清理: 无过期日志文件
[00:01:36.753] [INFO] 日志文件: e:\StarDebate\docs/log\debug_20260624_000136.log
[00:01:36.757] [INFO] [SYS] 系统健康监视已启动 (监控 PID: 26972)
[00:01:36.757] [INFO] [SYS] 日志服务进入主循环，等待指令...
[00:01:38.012] [INFO] 开发者模式: 关闭 (禁用: ['debug_console'])
[00:01:38.052] [INFO] ═══ StarDebate 启动 ═══
[00:01:38.052] [INFO] 版本: 6.1.6
[00:01:38.052] [INFO] 主题: notion_light
[00:01:38.052] [INFO] 日志文件: e:\StarDebate\docs/log\debug_20260624_000136.log
[00:01:38.052] [INFO] 日志服务: 独立进程 (LogService)
[00:01:38.055] [INFO] [CRON] 起居注自动追踪已启用 (v2.0.0)
[00:01:38.057] [INFO] [CRON] 追踪范围: 插件/API/AI/Qt错误/Worker线程  + traceback + 守护日志环 + 崩溃分析
[00:01:38.058] [INFO] [NATIVE] 底层事件记录系统已启用 (v1.2.0 M3)
[00:01:38.062] [INFO] [NATIVE] 钩子: Qt/excepthook/unraisable/audit/gc/c_exception
[00:01:38.062] [INFO] [NATIVE] 监视: 线程健康/资源跟踪/起居注桥接
[00:01:38.062] [INFO] [NATIVE] SQLite: e:\StarDebate\docs/log/native.db
[00:01:38.062] [INFO] 调试监视已开启: 变量, 函数, 插件, API, AI
[00:01:38.062] [INFO] [CFG] 已加载 log_settings.json，开始同步运行时配置
[00:01:38.062] [ERROR] [NATIVE] [uncaught] <frozen os>:L225: [C_EXCEPTION] builtin_function_or_method
[00:01:38.062] [WARN] [NATIVE] [audit] e:\StarDebate\config\debug_monitor.json: open (e:\StarDebate\config\debug_monitor.json, w, 33665)
[00:01:38.062] [ERROR] [NATIVE] [uncaught] <frozen os>:L225: [C_EXCEPTION] builtin_function_or_method
[00:01:38.062] [WARN] [NATIVE] [audit] e:\StarDebate\config\debug_monitor.json: open (e:\StarDebate\config\debug_monitor.json, w, 33665)
[00:01:38.062] [ERROR] [NATIVE] [uncaught] <frozen os>:L225: [C_EXCEPTION] builtin_function_or_method
[00:01:38.062] [WARN] [NATIVE] [audit] e:\StarDebate\config\debug_monitor.json: open (e:\StarDebate\config\debug_monitor.json, w, 33665)
[00:01:38.062] [ERROR] [NATIVE] [uncaught] <frozen os>:L225: [C_EXCEPTION] builtin_function_or_method
[00:01:38.062] [WARN] [NATIVE] [audit] e:\StarDebate\config\debug_monitor.json: open (e:\StarDebate\config\debug_monitor.json, w, 33665)
[00:01:38.062] [ERROR] [NATIVE] [uncaught] <frozen os>:L225: [C_EXCEPTION] builtin_function_or_method
[00:01:38.062] [WARN] [NATIVE] [audit] e:\StarDebate\config\debug_monitor.json: open (e:\StarDebate\config\debug_monitor.json, w, 33665)
[00:01:38.062] [WARN] [NATIVE] [audit] e:\StarDebate\config\debug_monitor.json: open (e:\StarDebate\config\debug_monitor.json, w, 33665)
[00:01:38.062] [WARN] [NATIVE] [audit] e:\StarDebate\config\debug_monitor.json: open (e:\StarDebate\config\debug_monitor.json, w, 33665)
[00:01:38.062] [INFO] [CFG] 调试监视: 已开启 → 变量, 函数, 插件, API, AI
[00:01:38.062] [WARN] [NATIVE] [audit] e:\StarDebate\config/chronicle_config.json: open (e:\StarDebate\config/chronicle_config.json, w, 33665)
[00:01:38.062] [INFO] [CFG] 起居注: 已开启
[00:01:38.062] [INFO] [CFG] log_settings.json 同步完成
[00:01:38.062] [ERROR] [NATIVE] [uncaught] spawn.py:L175: [C_EXCEPTION] builtin_function_or_method
[00:01:38.072] [WARN] [NATIVE] [audit] 3: open (3, w, 33665)
[00:01:38.080] [INFO] 崩溃监控已启动 (PID: 26972)
[00:01:38.080] [WARN] [NATIVE] [audit] e:\StarDebate\config/keyboard_shortcuts.json: open (e:\StarDebate\config/keyboard_shortcuts.json, r, 32896)
[00:01:38.083] [INFO] [WELCOME] WelcomeGuideManager 初始化
[00:01:38.084] [WARN] [NATIVE] [audit] e:\StarDebate\config/config.json: open (e:\StarDebate\config/config.json, r, 32896)
[00:01:38.084] [WARN] [NATIVE] [audit] e:\StarDebate\config/config.json: open (e:\StarDebate\config/config.json, r, 32896)
[00:01:38.084] [INFO] [WELCOME] 当前版本: 6.1.6, 上次查看引导版本: '6.1.6'
[00:01:38.086] [WARN] [NATIVE] [audit] import components.shadow_container: import (components.shadow_container, None, ['e:\\StarDebate', 'C:\\Users\\Oblivion\\Python\\python312.zip', 'C:\\Users\\Obl)
[00:01:38.086] [ERROR] [NATIVE] [uncaught] <frozen importlib._bootstrap_external>:L147: [C_EXCEPTION] builtin_function_or_method
[00:01:38.086] [ERROR] [NATIVE] [uncaught] <frozen importlib._bootstrap_external>:L147: [C_EXCEPTION] builtin_function_or_method
[00:01:38.086] [WARN] [NATIVE] [audit] e:\StarDebate\components\shadow_container\__pycache__\__init__.cpython-312.pyc: open (e:\StarDebate\components\shadow_container\__pycache__\__init__.cpython-312.pyc, r, 32896)
[00:01:38.086] [WARN] [NATIVE] [audit] import components.shadow_container.shadow_container: import (components.shadow_container.shadow_container, None, ['e:\\StarDebate', 'C:\\Users\\Oblivion\\Python\\python312.zip', 'C:\\Users\\Obl)
[00:01:38.086] [WARN] [NATIVE] [audit] e:\StarDebate\components\shadow_container\__pycache__\shadow_container.cpython-312.pyc: open (e:\StarDebate\components\shadow_container\__pycache__\shadow_container.cpython-3, r, 32896)
[00:01:38.086] [WARN] [NATIVE] [audit] e:\StarDebate\config/config.json: open (e:\StarDebate\config/config.json, r, 32896)
[00:01:38.086] [WARN] [NATIVE] [audit] e:\StarDebate\style\themes\notion_light\theme.json: open (e:\StarDebate\style\themes\notion_light\theme.json, r, 32896)
[00:01:38.126] [WARN] [NATIVE] [audit] e:\StarDebate\config/config.json: open (e:\StarDebate\config/config.json, r, 32896)
[00:01:38.135] [WARN] [NATIVE] [audit] e:\StarDebate\workers\speech_editor\..\..\icon\index\has_material.svg: open (e:\StarDebate\workers\speech_editor\..\..\icon\index\has_material.svg, r, 32896)
[00:01:38.172] [INFO] [WELCOME] WelcomeGuideStepPanel 创建完成
[00:01:38.201] [WARN] [NATIVE] [audit] e:\StarDebate\config/changelog.html: open (e:\StarDebate\config/changelog.html, r, 32896)
[00:01:38.206] [INFO] [WELCOME] 引导面板已注入 centre_stack (索引 10)
[00:01:38.222] [WARN] [NATIVE] [audit] e:\StarDebate\style\themes\notion_light\theme.json: open (e:\StarDebate\style\themes\notion_light\theme.json, r, 32896)
[00:01:38.222] [WARN] [NATIVE] [audit] e:\StarDebate\style\themes\notion_light\theme.json: open (e:\StarDebate\style\themes\notion_light\theme.json, r, 32896)
[00:01:38.232] [ERROR] [NATIVE] [uncaught] <frozen importlib._bootstrap_external>:L147: [C_EXCEPTION] builtin_function_or_method
[00:01:38.232] [ERROR] [NATIVE] [uncaught] <frozen importlib._bootstrap_external>:L147: [C_EXCEPTION] builtin_function_or_method
[00:01:38.232] [WARN] [NATIVE] [audit] e:\StarDebate\workers\training\quick_quiz\__pycache__\__init__.cpython-312.pyc: open (e:\StarDebate\workers\training\quick_quiz\__pycache__\__init__.cpython-312.pyc, r, 32896)
[00:01:38.242] [WARN] [NATIVE] [audit] import workers.training.quick_quiz.quick_quiz_manager: import (workers.training.quick_quiz.quick_quiz_manager, None, ['e:\\StarDebate', 'C:\\Users\\Oblivion\\Python\\python312.zip', 'C:\\Users\\Obl)
[00:01:38.242] [WARN] [NATIVE] [audit] e:\StarDebate\workers\training\quick_quiz\__pycache__\quick_quiz_manager.cpython-312.pyc: open (e:\StarDebate\workers\training\quick_quiz\__pycache__\quick_quiz_manager.cpython, r, 32896)
[00:01:38.256] [WARN] [NATIVE] [audit] import workers.training.exercise.exercise_manager: import (workers.training.exercise.exercise_manager, None, ['e:\\StarDebate', 'C:\\Users\\Oblivion\\Python\\python312.zip', 'C:\\Users\\Obl)
[00:01:38.257] [WARN] [NATIVE] [audit] e:\StarDebate\workers\training\exercise\__pycache__\exercise_manager.cpython-312.pyc: open (e:\StarDebate\workers\training\exercise\__pycache__\exercise_manager.cpython-312, r, 32896)
[00:01:38.308] [INFO] [FUNC] material_pool:build_panel → ✅ 返回(0ms): ''
[00:01:38.312] [WARN] [NATIVE] [audit] e:\StarDebate\style\themes\notion_light\theme.json: open (e:\StarDebate\style\themes\notion_light\theme.json, r, 32896)
[00:01:38.406] [WARN] [NATIVE] [audit] e:\StarDebate\config/config.json: open (e:\StarDebate\config/config.json, r, 32896)
[00:01:38.452] [WARN] [NATIVE] [audit] e:\StarDebate\config/config.json: open (e:\StarDebate\config/config.json, r, 32896)
[00:01:38.453] [WARN] [NATIVE] [audit] e:\StarDebate\style\themes\notion_light\theme.json: open (e:\StarDebate\style\themes\notion_light\theme.json, r, 32896)
[00:01:38.453] [WARN] [NATIVE] [audit] e:\StarDebate\style\themes\notion_light\main.qss: open (e:\StarDebate\style\themes\notion_light\main.qss, r, 32896)
[00:01:38.454] [WARN] [NATIVE] [audit] e:\StarDebate\style\themes\notion_light\title_bar.qss: open (e:\StarDebate\style\themes\notion_light\title_bar.qss, r, 32896)
[00:01:38.454] [WARN] [NATIVE] [audit] e:\StarDebate\style\themes\notion_light\nav_bar.qss: open (e:\StarDebate\style\themes\notion_light\nav_bar.qss, r, 32896)
[00:01:38.455] [WARN] [NATIVE] [audit] e:\StarDebate\style\themes\notion_light\structure.qss: open (e:\StarDebate\style\themes\notion_light\structure.qss, r, 32896)
[00:01:38.455] [WARN] [NATIVE] [audit] e:\StarDebate\style\themes\notion_light\settings.qss: open (e:\StarDebate\style\themes\notion_light\settings.qss, r, 32896)
[00:01:38.455] [WARN] [NATIVE] [audit] e:\StarDebate\style\themes\notion_light\ref_doc.qss: open (e:\StarDebate\style\themes\notion_light\ref_doc.qss, r, 32896)
[00:01:38.456] [WARN] [NATIVE] [audit] e:\StarDebate\style\themes\notion_light\speech_editor.qss: open (e:\StarDebate\style\themes\notion_light\speech_editor.qss, r, 32896)
[00:01:38.456] [WARN] [NATIVE] [audit] e:\StarDebate\style\themes\notion_light\tournament.qss: open (e:\StarDebate\style\themes\notion_light\tournament.qss, r, 32896)
[00:01:38.457] [WARN] [NATIVE] [audit] e:\StarDebate\style\themes\notion_light\framework.qss: open (e:\StarDebate\style\themes\notion_light\framework.qss, r, 32896)
[00:01:38.457] [WARN] [NATIVE] [audit] e:\StarDebate\style\themes\notion_light\speech_writer.qss: open (e:\StarDebate\style\themes\notion_light\speech_writer.qss, r, 32896)
[00:01:38.457] [WARN] [NATIVE] [audit] e:\StarDebate\style\themes\notion_light\ai_expand.qss: open (e:\StarDebate\style\themes\notion_light\ai_expand.qss, r, 32896)
[00:01:38.458] [WARN] [NATIVE] [audit] e:\StarDebate\style\themes\notion_light\notes.qss: open (e:\StarDebate\style\themes\notion_light\notes.qss, r, 32896)
[00:01:38.458] [WARN] [NATIVE] [audit] e:\StarDebate\style\themes\notion_light\training.qss: open (e:\StarDebate\style\themes\notion_light\training.qss, r, 32896)
[00:01:38.458] [WARN] [NATIVE] [audit] e:\StarDebate\style\themes\notion_light\ai_analysis.qss: open (e:\StarDebate\style\themes\notion_light\ai_analysis.qss, r, 32896)
[00:01:38.459] [WARN] [NATIVE] [audit] e:\StarDebate\style\themes\notion_light\cross_examination.qss: open (e:\StarDebate\style\themes\notion_light\cross_examination.qss, r, 32896)
[00:01:38.459] [WARN] [NATIVE] [audit] e:\StarDebate\style\themes\notion_light\new_debate.qss: open (e:\StarDebate\style\themes\notion_light\new_debate.qss, r, 32896)
[00:01:38.459] [WARN] [NATIVE] [audit] e:\StarDebate\style\themes\notion_light\debug_console.qss: open (e:\StarDebate\style\themes\notion_light\debug_console.qss, r, 32896)
[00:01:38.459] [WARN] [NATIVE] [audit] e:\StarDebate\style\themes\notion_light\suggest_popup.qss: open (e:\StarDebate\style\themes\notion_light\suggest_popup.qss, r, 32896)
[00:01:38.564] [INFO] [FUNC] dpapi: load_index
[00:01:38.564] [INFO] [SHORTCUT] 快捷键系统已初始化
[00:01:38.571] [INFO] [VAR] dpapi: load_index → 3 files loaded
[00:01:38.571] [INFO] [FUNC] auto_load_saved_files: 3 files in index
[00:01:38.572] [INFO] [API] auto_load: 跳过不存在的文件 C:/Users/Oblivion/Desktop/1vs2_20260606.stardebate
[00:01:38.572] [INFO] [FUNC] open_file_with_stored_password: 1vs2_20260606.stardebate
[00:01:38.574] [INFO] [FUNC] dpapi: get_password_for_file → 1vs2_20260606.stardebate
[00:01:38.574] [INFO] [FUNC] dpapi: load_index
[00:01:38.575] [INFO] [VAR] dpapi: load_index → 3 files loaded
[00:01:38.575] [INFO] [VAR] dpapi: get_password_for_file → no password set
[00:01:38.575] [INFO] [FUNC] open_file: path=1vs2_20260606.stardebate
[00:01:38.576] [INFO] [FUNC] StardebateCompiler.unpack(file_size=8593, has_pwd_input=False)
[00:01:38.606] [INFO] [FUNC] StardebateCompiler: 第1层内置密钥解密成功
[00:01:38.607] [INFO] [FUNC] StardebateCompiler.unpack: 解密成功, modules=6, app_version=2.3.0
[00:01:38.608] [INFO] [FUNC] dpapi: add_file_to_index → 1vs2_20260606.stardebate
[00:01:38.608] [INFO] [FUNC] dpapi: load_index
[00:01:38.609] [INFO] [VAR] dpapi: load_index → 3 files loaded
[00:01:38.609] [INFO] [VAR] dpapi: save_index → 3 files
[00:01:38.611] [INFO] [VAR] _add_to_project_tree: 1vs2_20260606.stardebate
[00:01:38.614] [INFO] [VAR] open_file: 解密成功, modules=6, file=1vs2_20260606.stardebate
[00:01:38.614] [INFO] [API] auto_load: 成功加载 1vs2_20260606.stardebate
[00:01:38.615] [INFO] [FUNC] open_file_with_stored_password: 1vs2_20260606_01.stardebate
[00:01:38.615] [INFO] [FUNC] dpapi: get_password_for_file → 1vs2_20260606_01.stardebate
[00:01:38.616] [INFO] [FUNC] dpapi: load_index
[00:01:38.622] [INFO] [VAR] dpapi: load_index → 3 files loaded
[00:01:38.622] [INFO] [FUNC] dpapi: decrypt_password
[00:01:38.625] [INFO] [API] dpapi: decrypt_password → ok
[00:01:38.626] [INFO] [API] dpapi: get_password_for_file → ok
[00:01:38.626] [INFO] [FUNC] open_file: path=1vs2_20260606_01.stardebate
[00:01:38.627] [INFO] [FUNC] StardebateCompiler.unpack(file_size=10782, has_pwd_input=True)
[00:01:38.627] [INFO] [FUNC] StardebateCompiler: 第1层内置密钥解密成功
[00:01:38.656] [INFO] [FUNC] StardebateCompiler: 第2层密码解密成功
[00:01:38.658] [INFO] [FUNC] StardebateCompiler.unpack: 解密成功, modules=8, app_version=2.3.0
[00:01:38.659] [INFO] [FUNC] dpapi: add_file_to_index → 1vs2_20260606_01.stardebate
[00:01:38.659] [INFO] [FUNC] dpapi: load_index
[00:01:38.660] [INFO] [VAR] dpapi: load_index → 3 files loaded
[00:01:38.660] [INFO] [FUNC] dpapi: encrypt_password
[00:01:38.662] [INFO] [API] dpapi: encrypt_password → ok
[00:01:38.662] [INFO] [VAR] dpapi: save_index → 3 files
[00:01:38.663] [INFO] [VAR] _add_to_project_tree: 1vs2_20260606_01.stardebate
[00:01:38.666] [INFO] [VAR] open_file: 解密成功, modules=8, file=1vs2_20260606_01.stardebate
[00:01:38.667] [INFO] [API] auto_load: 成功加载 1vs2_20260606_01.stardebate
[00:01:38.668] [INFO] 自动加载 .stardebate: 2 个文件
[00:01:39.423] [WARN] [NATIVE] [audit] e:\StarDebate\icon\top_nav_bar\minimise.svg: open (e:\StarDebate\icon\top_nav_bar\minimise.svg, r, 32896)
[00:01:39.424] [WARN] [NATIVE] [audit] e:\StarDebate\icon\top_nav_bar\full_screen.svg: open (e:\StarDebate\icon\top_nav_bar\full_screen.svg, r, 32896)
[00:01:39.424] [WARN] [NATIVE] [audit] e:\StarDebate\icon\top_nav_bar\close.svg: open (e:\StarDebate\icon\top_nav_bar\close.svg, r, 32896)
[00:01:39.498] [INFO] [WELCOME] 启动检测结果: mode=None, last=6.1.6, current=6.1.6
[00:01:40.466] [INFO] [FUNC] [崩溃模拟器] trigger_crash() 入口
[00:01:40.470] [INFO] [VAR] [崩溃模拟器] 用户点击崩溃测试按钮，随机种子=3
[00:01:40.470] [INFO] [PLUGIN] [崩溃模拟器] 随机选中 [Python] ➗ ZeroDivisionError — 除零错误 (1/0)
[00:01:40.471] [INFO] [VAR] [崩溃模拟器] 选中方式详情: name=ZeroDivisionError, layer=Python, icon=➗
[00:01:40.472] [INFO] [API] [崩溃模拟器] 即将执行: ZeroDivisionError (层级=Python)
[00:01:40.769] [INFO] [FUNC] [崩溃模拟器] 执行进程退出类崩溃: ZeroDivisionError
[00:01:40.770] [INFO] [FUNC] [崩溃模拟器] ZeroDivisionError 入口
[00:01:40.770] [ERROR] Traceback (most recent call last):
[00:01:40.770] [INFO] [VAR] [崩溃模拟器] 触发变量: 1 // 0
[00:01:40.771] [WARN] [NATIVE] [audit] e:\StarDebate\plugins\crash_simulator\main.py: open (e:\StarDebate\plugins\crash_simulator\main.py, r, 32896)
[00:01:40.771] [ERROR]   File "e:\StarDebate\plugins\crash_simulator\main.py", line 67, in _crash_div_zero
[00:01:40.772] [WARN] [NATIVE] [audit] e:\StarDebate\docs/log\debug_20260624_000136.log: open (e:\StarDebate\docs/log\debug_20260624_000136.log, a, 33161)
[00:01:40.772] [ERROR]     _ = 1 // 0  # noqa: F841
[00:01:40.772] [WARN] [NATIVE] [audit] e:\StarDebate\docs/log\debug_20260624_000136.log: open (e:\StarDebate\docs/log\debug_20260624_000136.log, a, 33161)
[00:01:40.772] [ERROR]         ~~^^~~
[00:01:40.772] [WARN] [NATIVE] [audit] e:\StarDebate\docs/log\debug_20260624_000136.log: open (e:\StarDebate\docs/log\debug_20260624_000136.log, a, 33161)
[00:01:40.774] [ERROR] ZeroDivisionError: integer division or modulo by zero
[00:01:40.774] [WARN] [NATIVE] [audit] e:\StarDebate\docs/log\debug_20260624_000136.log: open (e:\StarDebate\docs/log\debug_20260624_000136.log, a, 33161)
[00:01:40.775] [WARN] [NATIVE] [audit] e:\StarDebate\docs/log\debug_20260624_000136.log: open (e:\StarDebate\docs/log\debug_20260624_000136.log, a, 33161)
[00:01:47.766] [ERROR] ════════════════════════════════════════════════════════════
[00:01:47.767] [ERROR] ═══ [SYS] 主进程异常退出 ═══
[00:01:47.767] [ERROR] ════════════════════════════════════════════════════════════
[00:01:47.767] [ERROR]   PID: 26972
[00:01:47.767] [ERROR]   退出时间: 2026-06-24 00:01:47
[00:01:47.767] [ERROR]   队列残留条目（已排空）: 0 条
[00:01:47.770] [ERROR]   应急写入次数: 0
[00:01:47.771] [ERROR]   最后监视心跳: 00:01:40 (7秒前)
[00:01:47.771] [ERROR] ────────────────────────────────────────
[00:01:47.772] [ERROR] ═══ 💡 崩溃自动分析 ═══
[00:01:47.781] [ERROR]   1. ⚪ 起居注未活跃（无 [CRON] 条目）
[00:01:47.782] [ERROR]   2. 🟢 崩溃前无 ERROR 级别日志
[00:01:47.782] [ERROR]   3. 🟡 重复错误模式 (2 类): 
[00:01:47.783] [ERROR]   4.     ↻ 出现 37 次: [NATIVE] [audit] e
[00:01:47.783] [ERROR]   5.     ↻ 出现 2 次: [NATIVE] [uncaught] <frozen importlib._bootstrap_external>
[00:01:47.783] [ERROR]   6. 📊 错误类型分布: Python 异常:1
[00:01:47.783] [ERROR]   7. 📁 错误热点文件: main.py:1
[00:01:47.783] [ERROR]   8. 🟡 最后日志距崩溃 57608秒，可能为静默卡死
[00:01:47.783] [ERROR]   9. 📊 底层事件分布: [NATIVE]:41
[00:01:47.783] [ERROR]   10. 📁 SQLite native.db 最近 5 条:
[00:01:47.786] [ERROR]   11.     [00:01:39] [audit] sys.addaudithook: open (e:\StarDebate\icon\top_nav_bar\close.svg, r, 32896)
[00:01:47.786] [ERROR]   12.     [00:01:39] [audit] sys.addaudithook: open (e:\StarDebate\icon\top_nav_bar\full_screen.svg, r, 32896)
[00:01:47.786] [ERROR]   13.     [00:01:39] [audit] sys.addaudithook: open (e:\StarDebate\icon\top_nav_bar\minimise.svg, r, 32896)
[00:01:47.786] [ERROR]   14.     [00:01:38] [audit] sys.addaudithook: open (e:\StarDebate\style\themes\notion_light\suggest_popup.qss, r, 32896)
[00:01:47.786] [ERROR]   15.     [00:01:38] [audit] sys.addaudithook: open (e:\StarDebate\style\themes\notion_light\debug_console.qss, r, 32896)
[00:01:47.786] [ERROR]   ─── 建议 ───
[00:01:47.789] [ERROR]   → 检查是否有死锁/无限循环/Qt 事件循环阻塞
[00:01:47.789] [ERROR]   → 同一错误反复出现，应在日志中查找最早出现点并追溯根因
[00:01:47.789] [ERROR]   → 无声崩溃（无日志前兆）：可能为 kill/硬件/系统级终止
[00:01:47.791] [ERROR] ════════════════════════════════════════════════════════════
[00:01:47.799] [INFO] [SYS] LogService 进程退出
