[21:48:10.385] [INFO] ═══ LogService 已启动 ═══
[21:48:10.386] [INFO] 自动清理: 无过期日志文件
[21:48:10.387] [INFO] 日志文件: e:\StarDebate\docs/log\debug_20260625_214810.log
[21:48:10.388] [INFO] [SYS] 系统健康监视已启动 (监控 PID: 61760)
[21:48:10.389] [INFO] [SYS] 日志服务进入主循环，等待指令...
[21:48:11.765] [INFO] 开发者模式: 关闭 (禁用: ['debug_console'])
[21:48:11.784] [INFO] ═══ StarDebate 启动 ═══
[21:48:11.784] [INFO] 版本: 6.2.8
[21:48:11.784] [INFO] 主题: notion_dark
[21:48:11.786] [INFO] 日志文件: e:\StarDebate\docs/log\debug_20260625_214810.log
[21:48:11.786] [INFO] 日志服务: 独立进程 (LogService)
[21:48:11.788] [INFO] [CRON] 起居注自动追踪已启用 (v2.0.0)
[21:48:11.788] [INFO] [CRON] 追踪范围: 插件/API/AI/Qt错误/Worker线程  + traceback + 守护日志环 + 崩溃分析
[21:48:11.791] [INFO] [NATIVE] 底层事件记录系统已启用 (v1.2.0 M3)
[21:48:11.791] [INFO] [NATIVE] 钩子: Qt/excepthook/unraisable/audit/gc/c_exception
[21:48:11.794] [INFO] [NATIVE] 监视: 线程健康/资源跟踪/起居注桥接
[21:48:11.794] [INFO] [NATIVE] SQLite: e:\StarDebate\docs/log/native.db
[21:48:11.794] [INFO] 调试监视已开启: 变量, 函数, 插件, API, AI
[21:48:11.794] [INFO] [CFG] 已加载 log_settings.json，开始同步运行时配置
[21:48:11.794] [ERROR] [NATIVE] [uncaught] <frozen os>:L225: [C_EXCEPTION] builtin_function_or_method
[21:48:11.794] [WARN] [NATIVE] [audit] e:\StarDebate\config\debug_monitor.json: open (e:\StarDebate\config\debug_monitor.json, w, 33665)
[21:48:11.794] [ERROR] [NATIVE] [uncaught] <frozen os>:L225: [C_EXCEPTION] builtin_function_or_method
[21:48:11.794] [WARN] [NATIVE] [audit] e:\StarDebate\config\debug_monitor.json: open (e:\StarDebate\config\debug_monitor.json, w, 33665)
[21:48:11.794] [ERROR] [NATIVE] [uncaught] <frozen os>:L225: [C_EXCEPTION] builtin_function_or_method
[21:48:11.798] [WARN] [NATIVE] [audit] e:\StarDebate\config\debug_monitor.json: open (e:\StarDebate\config\debug_monitor.json, w, 33665)
[21:48:11.798] [ERROR] [NATIVE] [uncaught] <frozen os>:L225: [C_EXCEPTION] builtin_function_or_method
[21:48:11.798] [WARN] [NATIVE] [audit] e:\StarDebate\config\debug_monitor.json: open (e:\StarDebate\config\debug_monitor.json, w, 33665)
[21:48:11.798] [ERROR] [NATIVE] [uncaught] <frozen os>:L225: [C_EXCEPTION] builtin_function_or_method
[21:48:11.799] [WARN] [NATIVE] [audit] e:\StarDebate\config\debug_monitor.json: open (e:\StarDebate\config\debug_monitor.json, w, 33665)
[21:48:11.799] [WARN] [NATIVE] [audit] e:\StarDebate\config\debug_monitor.json: open (e:\StarDebate\config\debug_monitor.json, w, 33665)
[21:48:11.799] [WARN] [NATIVE] [audit] e:\StarDebate\config\debug_monitor.json: open (e:\StarDebate\config\debug_monitor.json, w, 33665)
[21:48:11.799] [INFO] [CFG] 调试监视: 已开启 → 变量, 函数, 插件, API, AI
[21:48:11.799] [WARN] [NATIVE] [audit] e:\StarDebate\config/chronicle_config.json: open (e:\StarDebate\config/chronicle_config.json, w, 33665)
[21:48:11.801] [INFO] [CFG] 起居注: 已开启
[21:48:11.801] [INFO] [CFG] log_settings.json 同步完成
[21:48:11.801] [ERROR] [NATIVE] [uncaught] spawn.py:L175: [C_EXCEPTION] builtin_function_or_method
[21:48:11.801] [WARN] [NATIVE] [audit] 3: open (3, w, 33665)
[21:48:11.808] [INFO] 崩溃监控已启动 (PID: 61760)
[21:48:11.808] [WARN] [NATIVE] [audit] e:\StarDebate\config/keyboard_shortcuts.json: open (e:\StarDebate\config/keyboard_shortcuts.json, r, 32896)
[21:48:11.808] [INFO] [WELCOME] WelcomeGuideManager 初始化
[21:48:11.808] [WARN] [NATIVE] [audit] e:\StarDebate\config/config.json: open (e:\StarDebate\config/config.json, r, 32896)
[21:48:11.808] [WARN] [NATIVE] [audit] e:\StarDebate\config/config.json: open (e:\StarDebate\config/config.json, r, 32896)
[21:48:11.814] [INFO] [WELCOME] 当前版本: 6.2.8, 上次查看引导版本: '6.2.8'
[21:48:11.814] [WARN] [NATIVE] [audit] import components.shadow_container: import (components.shadow_container, None, ['e:\\StarDebate', 'C:\\Users\\Oblivion\\Python\\python312.zip', 'C:\\Users\\Obl)
[21:48:11.814] [ERROR] [NATIVE] [uncaught] <frozen importlib._bootstrap_external>:L147: [C_EXCEPTION] builtin_function_or_method
[21:48:11.814] [ERROR] [NATIVE] [uncaught] <frozen importlib._bootstrap_external>:L147: [C_EXCEPTION] builtin_function_or_method
[21:48:11.814] [WARN] [NATIVE] [audit] e:\StarDebate\components\shadow_container\__pycache__\__init__.cpython-312.pyc: open (e:\StarDebate\components\shadow_container\__pycache__\__init__.cpython-312.pyc, r, 32896)
[21:48:11.814] [WARN] [NATIVE] [audit] import components.shadow_container.shadow_container: import (components.shadow_container.shadow_container, None, ['e:\\StarDebate', 'C:\\Users\\Oblivion\\Python\\python312.zip', 'C:\\Users\\Obl)
[21:48:11.814] [WARN] [NATIVE] [audit] e:\StarDebate\components\shadow_container\__pycache__\shadow_container.cpython-312.pyc: open (e:\StarDebate\components\shadow_container\__pycache__\shadow_container.cpython-3, r, 32896)
[21:48:11.814] [WARN] [NATIVE] [audit] e:\StarDebate\config/config.json: open (e:\StarDebate\config/config.json, r, 32896)
[21:48:11.819] [WARN] [NATIVE] [audit] e:\StarDebate\style\themes\notion_dark\theme.json: open (e:\StarDebate\style\themes\notion_dark\theme.json, r, 32896)
[21:48:11.857] [WARN] [NATIVE] [audit] e:\StarDebate\config/config.json: open (e:\StarDebate\config/config.json, r, 32896)
[21:48:11.863] [WARN] [NATIVE] [audit] e:\StarDebate\workers\speech_editor\..\..\icon\index\has_material.svg: open (e:\StarDebate\workers\speech_editor\..\..\icon\index\has_material.svg, r, 32896)
[21:48:11.891] [INFO] [WELCOME] WelcomeGuideStepPanel 创建完成
[21:48:11.918] [WARN] [NATIVE] [audit] e:\StarDebate\config/changelog.html: open (e:\StarDebate\config/changelog.html, r, 32896)
[21:48:11.926] [INFO] [WELCOME] 引导面板已注入 centre_stack (索引 10)
[21:48:11.940] [WARN] [NATIVE] [audit] e:\StarDebate\style\themes\notion_dark\theme.json: open (e:\StarDebate\style\themes\notion_dark\theme.json, r, 32896)
[21:48:11.941] [WARN] [NATIVE] [audit] e:\StarDebate\style\themes\notion_dark\theme.json: open (e:\StarDebate\style\themes\notion_dark\theme.json, r, 32896)
[21:48:11.951] [ERROR] [NATIVE] [uncaught] <frozen importlib._bootstrap_external>:L147: [C_EXCEPTION] builtin_function_or_method
[21:48:11.951] [ERROR] [NATIVE] [uncaught] <frozen importlib._bootstrap_external>:L147: [C_EXCEPTION] builtin_function_or_method
[21:48:11.952] [WARN] [NATIVE] [audit] e:\StarDebate\workers\training\quick_quiz\__pycache__\__init__.cpython-312.pyc: open (e:\StarDebate\workers\training\quick_quiz\__pycache__\__init__.cpython-312.pyc, r, 32896)
[21:48:11.961] [WARN] [NATIVE] [audit] import workers.training.quick_quiz.quick_quiz_manager: import (workers.training.quick_quiz.quick_quiz_manager, None, ['e:\\StarDebate', 'C:\\Users\\Oblivion\\Python\\python312.zip', 'C:\\Users\\Obl)
[21:48:11.962] [WARN] [NATIVE] [audit] e:\StarDebate\workers\training\quick_quiz\__pycache__\quick_quiz_manager.cpython-312.pyc: open (e:\StarDebate\workers\training\quick_quiz\__pycache__\quick_quiz_manager.cpython, r, 32896)
[21:48:11.976] [WARN] [NATIVE] [audit] import workers.training.exercise.exercise_manager: import (workers.training.exercise.exercise_manager, None, ['e:\\StarDebate', 'C:\\Users\\Oblivion\\Python\\python312.zip', 'C:\\Users\\Obl)
[21:48:11.976] [WARN] [NATIVE] [audit] e:\StarDebate\workers\training\exercise\__pycache__\exercise_manager.cpython-312.pyc: open (e:\StarDebate\workers\training\exercise\__pycache__\exercise_manager.cpython-312, r, 32896)
[21:48:12.034] [INFO] [FUNC] material_pool:build_panel → ✅ 返回(0ms): ''
[21:48:12.041] [WARN] [NATIVE] [audit] e:\StarDebate\style\themes\notion_dark\theme.json: open (e:\StarDebate\style\themes\notion_dark\theme.json, r, 32896)
[21:48:12.144] [WARN] [NATIVE] [audit] e:\StarDebate\config/config.json: open (e:\StarDebate\config/config.json, r, 32896)
[21:48:12.191] [WARN] [NATIVE] [audit] e:\StarDebate\config/config.json: open (e:\StarDebate\config/config.json, r, 32896)
[21:48:12.191] [WARN] [NATIVE] [audit] e:\StarDebate\style\themes\notion_dark\theme.json: open (e:\StarDebate\style\themes\notion_dark\theme.json, r, 32896)
[21:48:12.192] [WARN] [NATIVE] [audit] e:\StarDebate\style\qss_templates\ai_analysis.qss: open (e:\StarDebate\style\qss_templates\ai_analysis.qss, r, 32896)
[21:48:12.193] [WARN] [NATIVE] [audit] e:\StarDebate\style\qss_templates\ai_expand.qss: open (e:\StarDebate\style\qss_templates\ai_expand.qss, r, 32896)
[21:48:12.193] [WARN] [NATIVE] [audit] e:\StarDebate\style\qss_templates\bind_source_dialog.qss: open (e:\StarDebate\style\qss_templates\bind_source_dialog.qss, r, 32896)
[21:48:12.194] [WARN] [NATIVE] [audit] e:\StarDebate\style\qss_templates\crash_monitor.qss: open (e:\StarDebate\style\qss_templates\crash_monitor.qss, r, 32896)
[21:48:12.194] [WARN] [NATIVE] [audit] e:\StarDebate\style\qss_templates\cross_examination.qss: open (e:\StarDebate\style\qss_templates\cross_examination.qss, r, 32896)
[21:48:12.195] [WARN] [NATIVE] [audit] e:\StarDebate\style\qss_templates\debug_console.qss: open (e:\StarDebate\style\qss_templates\debug_console.qss, r, 32896)
[21:48:12.195] [WARN] [NATIVE] [audit] e:\StarDebate\style\qss_templates\export_preview.qss: open (e:\StarDebate\style\qss_templates\export_preview.qss, r, 32896)
[21:48:12.195] [WARN] [NATIVE] [audit] e:\StarDebate\style\qss_templates\framework.qss: open (e:\StarDebate\style\qss_templates\framework.qss, r, 32896)
[21:48:12.196] [WARN] [NATIVE] [audit] e:\StarDebate\style\qss_templates\log_settings.qss: open (e:\StarDebate\style\qss_templates\log_settings.qss, r, 32896)
[21:48:12.196] [WARN] [NATIVE] [audit] e:\StarDebate\style\qss_templates\main.qss: open (e:\StarDebate\style\qss_templates\main.qss, r, 32896)
[21:48:12.197] [WARN] [NATIVE] [audit] e:\StarDebate\style\qss_templates\material_pool.qss: open (e:\StarDebate\style\qss_templates\material_pool.qss, r, 32896)
[21:48:12.197] [WARN] [NATIVE] [audit] e:\StarDebate\style\qss_templates\native_log_widget.qss: open (e:\StarDebate\style\qss_templates\native_log_widget.qss, r, 32896)
[21:48:12.197] [WARN] [NATIVE] [audit] e:\StarDebate\style\qss_templates\nav_bar.qss: open (e:\StarDebate\style\qss_templates\nav_bar.qss, r, 32896)
[21:48:12.197] [WARN] [NATIVE] [audit] e:\StarDebate\style\qss_templates\new_debate.qss: open (e:\StarDebate\style\qss_templates\new_debate.qss, r, 32896)
[21:48:12.198] [WARN] [NATIVE] [audit] e:\StarDebate\style\qss_templates\notes.qss: open (e:\StarDebate\style\qss_templates\notes.qss, r, 32896)
[21:48:12.198] [WARN] [NATIVE] [audit] e:\StarDebate\style\qss_templates\plugins.qss: open (e:\StarDebate\style\qss_templates\plugins.qss, r, 32896)
[21:48:12.199] [WARN] [NATIVE] [audit] e:\StarDebate\style\qss_templates\popup_dialog.qss: open (e:\StarDebate\style\qss_templates\popup_dialog.qss, r, 32896)
[21:48:12.199] [WARN] [NATIVE] [audit] e:\StarDebate\style\qss_templates\ref_doc.qss: open (e:\StarDebate\style\qss_templates\ref_doc.qss, r, 32896)
[21:48:12.199] [WARN] [NATIVE] [audit] e:\StarDebate\style\qss_templates\settings.qss: open (e:\StarDebate\style\qss_templates\settings.qss, r, 32896)
[21:48:12.200] [WARN] [NATIVE] [audit] e:\StarDebate\style\qss_templates\shadow_container.qss: open (e:\StarDebate\style\qss_templates\shadow_container.qss, r, 32896)
[21:48:12.200] [WARN] [NATIVE] [audit] e:\StarDebate\style\qss_templates\speech_editor.qss: open (e:\StarDebate\style\qss_templates\speech_editor.qss, r, 32896)
[21:48:12.201] [WARN] [NATIVE] [audit] e:\StarDebate\style\qss_templates\speech_writer.qss: open (e:\StarDebate\style\qss_templates\speech_writer.qss, r, 32896)
[21:48:12.201] [WARN] [NATIVE] [audit] e:\StarDebate\style\qss_templates\star_checkbox.qss: open (e:\StarDebate\style\qss_templates\star_checkbox.qss, r, 32896)
[21:48:12.201] [WARN] [NATIVE] [audit] e:\StarDebate\style\qss_templates\star_spinbox.qss: open (e:\StarDebate\style\qss_templates\star_spinbox.qss, r, 32896)
[21:48:12.202] [WARN] [NATIVE] [audit] e:\StarDebate\style\qss_templates\stardebate_editor.qss: open (e:\StarDebate\style\qss_templates\stardebate_editor.qss, r, 32896)
[21:48:12.202] [WARN] [NATIVE] [audit] e:\StarDebate\style\qss_templates\stardebate_format.qss: open (e:\StarDebate\style\qss_templates\stardebate_format.qss, r, 32896)
[21:48:12.202] [WARN] [NATIVE] [audit] e:\StarDebate\style\qss_templates\structure.qss: open (e:\StarDebate\style\qss_templates\structure.qss, r, 32896)
[21:48:12.202] [ERROR] QSS 模板中存在未定义的 @key@ 占位符: @key@
[21:48:12.202] [WARN] [NATIVE] [audit] e:\StarDebate\style\qss_templates\suggest_popup.qss: open (e:\StarDebate\style\qss_templates\suggest_popup.qss, r, 32896)
[21:48:12.204] [WARN] [NATIVE] [audit] e:\StarDebate\style\qss_templates\svg_renderer.qss: open (e:\StarDebate\style\qss_templates\svg_renderer.qss, r, 32896)
[21:48:12.204] [WARN] [NATIVE] [audit] e:\StarDebate\style\qss_templates\title_bar.qss: open (e:\StarDebate\style\qss_templates\title_bar.qss, r, 32896)
[21:48:12.205] [WARN] [NATIVE] [audit] e:\StarDebate\style\qss_templates\tournament.qss: open (e:\StarDebate\style\qss_templates\tournament.qss, r, 32896)
[21:48:12.205] [WARN] [NATIVE] [audit] e:\StarDebate\style\qss_templates\training.qss: open (e:\StarDebate\style\qss_templates\training.qss, r, 32896)
[21:48:12.206] [WARN] [NATIVE] [audit] e:\StarDebate\style\qss_templates\updater.qss: open (e:\StarDebate\style\qss_templates\updater.qss, r, 32896)
[21:48:12.206] [WARN] [NATIVE] [audit] e:\StarDebate\docs/log\debug_20260625_214810.log: open (e:\StarDebate\docs/log\debug_20260625_214810.log, a, 33161)
[21:48:12.206] [WARN] [NATIVE] [audit] e:\StarDebate\style\qss_templates\welcome_guide.qss: open (e:\StarDebate\style\qss_templates\welcome_guide.qss, r, 32896)
[21:48:12.300] [WARN] [NATIVE] [audit] e:\StarDebate\config/config.json: open (e:\StarDebate\config/config.json, r, 32896)
[21:48:12.301] [WARN] [NATIVE] [audit] e:\StarDebate\config/config.json: open (e:\StarDebate\config/config.json, r, 32896)
[21:48:12.321] [WARN] [NATIVE] [audit] e:\StarDebate\custom_formats\123.json: open (e:\StarDebate\custom_formats\123.json, r, 32896)
[21:48:12.321] [WARN] [NATIVE] [audit] e:\StarDebate\custom_formats\新校赛.json: open (e:\StarDebate\custom_formats\新校赛.json, r, 32896)
[21:48:12.322] [WARN] [NATIVE] [audit] e:\StarDebate\custom_formats\校赛.json: open (e:\StarDebate\custom_formats\校赛.json, r, 32896)
[21:48:12.323] [INFO] [SHORTCUT] 快捷键系统已初始化
[21:48:12.322] [INFO] [FUNC] dpapi: load_index
[21:48:12.323] [WARN] [NATIVE] [audit] e:\StarDebate\docs/log\debug_20260625_214810.log: open (e:\StarDebate\docs/log\debug_20260625_214810.log, a, 33161)
[21:48:12.323] [WARN] [NATIVE] [audit] e:\StarDebate\config/stardebate_index.json: open (e:\StarDebate\config/stardebate_index.json, r, 32896)
[21:48:12.329] [INFO] [VAR] dpapi: load_index → 3 files loaded
[21:48:12.329] [WARN] [NATIVE] [audit] e:\StarDebate\docs/log\debug_20260625_214810.log: open (e:\StarDebate\docs/log\debug_20260625_214810.log, a, 33161)
[21:48:12.329] [WARN] [NATIVE] [audit] e:\StarDebate\docs/log\debug_20260625_214810.log: open (e:\StarDebate\docs/log\debug_20260625_214810.log, a, 33161)
[21:48:12.330] [INFO] [API] auto_load: 跳过不存在的文件 C:/Users/Oblivion/Desktop/1vs2_20260606.stardebate
[21:48:12.330] [WARN] [NATIVE] [audit] e:\StarDebate\docs/log\debug_20260625_214810.log: open (e:\StarDebate\docs/log\debug_20260625_214810.log, a, 33161)
[21:48:12.330] [INFO] [FUNC] open_file_with_stored_password: 1vs2_20260606.stardebate
[21:48:12.331] [WARN] [NATIVE] [audit] e:\StarDebate\docs/log\debug_20260625_214810.log: open (e:\StarDebate\docs/log\debug_20260625_214810.log, a, 33161)
[21:48:12.331] [INFO] [FUNC] dpapi: get_password_for_file → 1vs2_20260606.stardebate
[21:48:12.331] [INFO] [FUNC] dpapi: load_index
[21:48:12.332] [INFO] [VAR] dpapi: load_index → 3 files loaded
[21:48:12.334] [INFO] [VAR] dpapi: get_password_for_file → no password set
[21:48:12.335] [INFO] [FUNC] open_file: path=1vs2_20260606.stardebate
[21:48:12.342] [INFO] [FUNC] StardebateCompiler.unpack(file_size=8593, has_pwd_input=False)
[21:48:12.371] [INFO] [FUNC] StardebateCompiler: 第1层内置密钥解密成功
[21:48:12.372] [INFO] [FUNC] StardebateCompiler.unpack: 解密成功, modules=6, app_version=2.3.0
[21:48:12.372] [INFO] [FUNC] dpapi: add_file_to_index → 1vs2_20260606.stardebate
[21:48:12.373] [INFO] [FUNC] dpapi: load_index
[21:48:12.374] [INFO] [VAR] dpapi: load_index → 3 files loaded
[21:48:12.374] [INFO] [VAR] dpapi: save_index → 3 files
[21:48:12.375] [ERROR] [NATIVE] [uncaught] <frozen os>:L225: [C_EXCEPTION] builtin_function_or_method
[21:48:12.376] [INFO] [VAR] _add_to_project_tree: 1vs2_20260606.stardebate
[21:48:12.380] [INFO] [VAR] open_file: 解密成功, modules=6, file=1vs2_20260606.stardebate
[21:48:12.380] [INFO] [API] auto_load: 成功加载 1vs2_20260606.stardebate
[21:48:12.380] [INFO] [FUNC] open_file_with_stored_password: 1vs2_20260606_01.stardebate
[21:48:12.381] [INFO] [FUNC] dpapi: get_password_for_file → 1vs2_20260606_01.stardebate
[21:48:12.381] [INFO] [FUNC] dpapi: load_index
[21:48:12.388] [INFO] [VAR] dpapi: load_index → 3 files loaded
[21:48:12.389] [INFO] [FUNC] dpapi: decrypt_password
[21:48:12.390] [INFO] [API] dpapi: decrypt_password → ok
[21:48:12.391] [INFO] [API] dpapi: get_password_for_file → ok
[21:48:12.391] [INFO] [FUNC] open_file: path=1vs2_20260606_01.stardebate
[21:48:12.397] [INFO] [FUNC] StardebateCompiler.unpack(file_size=10782, has_pwd_input=True)
[21:48:12.398] [INFO] [FUNC] StardebateCompiler: 第1层内置密钥解密成功
[21:48:12.424] [INFO] [FUNC] StardebateCompiler: 第2层密码解密成功
[21:48:12.425] [INFO] [FUNC] StardebateCompiler.unpack: 解密成功, modules=8, app_version=2.3.0
[21:48:12.426] [INFO] [FUNC] dpapi: add_file_to_index → 1vs2_20260606_01.stardebate
[21:48:12.426] [INFO] [FUNC] dpapi: load_index
[21:48:12.427] [INFO] [VAR] dpapi: load_index → 3 files loaded
[21:48:12.427] [INFO] [FUNC] dpapi: encrypt_password
[21:48:12.430] [INFO] [API] dpapi: encrypt_password → ok
[21:48:12.430] [INFO] [VAR] dpapi: save_index → 3 files
[21:48:12.431] [ERROR] [NATIVE] [uncaught] <frozen os>:L225: [C_EXCEPTION] builtin_function_or_method
[21:48:12.432] [INFO] [VAR] _add_to_project_tree: 1vs2_20260606_01.stardebate
[21:48:12.436] [INFO] [VAR] open_file: 解密成功, modules=8, file=1vs2_20260606_01.stardebate
[21:48:12.436] [INFO] [API] auto_load: 成功加载 1vs2_20260606_01.stardebate
[21:48:12.436] [INFO] 自动加载 .stardebate: 2 个文件
[21:48:13.223] [WARN] [NATIVE] [audit] e:\StarDebate\icon\top_nav_bar\minimise.svg: open (e:\StarDebate\icon\top_nav_bar\minimise.svg, r, 32896)
[21:48:13.223] [WARN] [NATIVE] [audit] e:\StarDebate\icon\top_nav_bar\full_screen.svg: open (e:\StarDebate\icon\top_nav_bar\full_screen.svg, r, 32896)
[21:48:13.224] [WARN] [NATIVE] [audit] e:\StarDebate\icon\top_nav_bar\close.svg: open (e:\StarDebate\icon\top_nav_bar\close.svg, r, 32896)
[21:48:13.298] [INFO] [WELCOME] 启动检测结果: mode=None, last=6.2.8, current=6.2.8
[21:48:13.438] [WARN] [NATIVE] [audit] e:\StarDebate\update_v6.1.7_to_v6.1.8.zip: open (e:\StarDebate\update_v6.1.7_to_v6.1.8.zip, r, 32896)
[21:48:13.438] [ERROR] 补丁不兼容 (update_v6.1.7_to_v6.1.8.zip): 版本不匹配：当前版本为 v6.2.8，此补丁要求基础版本为 v6.1.7
[21:48:13.438] [WARN] [NATIVE] [audit] e:\StarDebate\docs/log\debug_20260625_214810.log: open (e:\StarDebate\docs/log\debug_20260625_214810.log, a, 33161)
[21:48:13.438] [WARN] [NATIVE] [audit] e:\StarDebate\update_v6.1.8_to_v6.1.9.zip: open (e:\StarDebate\update_v6.1.8_to_v6.1.9.zip, r, 32896)
[21:48:13.438] [ERROR] 补丁不兼容 (update_v6.1.8_to_v6.1.9.zip): 版本不匹配：当前版本为 v6.2.8，此补丁要求基础版本为 v6.1.8
[21:48:13.438] [WARN] [NATIVE] [audit] e:\StarDebate\docs/log\debug_20260625_214810.log: open (e:\StarDebate\docs/log\debug_20260625_214810.log, a, 33161)
[21:48:13.442] [WARN] [NATIVE] [audit] e:\StarDebate\update_v6.1.9_to_v6.2.0.zip: open (e:\StarDebate\update_v6.1.9_to_v6.2.0.zip, r, 32896)
[21:48:13.442] [WARN] [NATIVE] [audit] e:\StarDebate\docs/log\debug_20260625_214810.log: open (e:\StarDebate\docs/log\debug_20260625_214810.log, a, 33161)
[21:48:13.442] [WARN] [NATIVE] [audit] e:\StarDebate\update_v6.2.0_to_v6.2.1.zip: open (e:\StarDebate\update_v6.2.0_to_v6.2.1.zip, r, 32896)
[21:48:13.444] [ERROR] 补丁不兼容 (update_v6.2.0_to_v6.2.1.zip): 版本不匹配：当前版本为 v6.2.8，此补丁要求基础版本为 v6.2.0
[21:48:13.444] [WARN] [NATIVE] [audit] e:\StarDebate\docs/log\debug_20260625_214810.log: open (e:\StarDebate\docs/log\debug_20260625_214810.log, a, 33161)
[21:48:13.444] [WARN] [NATIVE] [audit] e:\StarDebate\update_v6.2.1_to_v6.2.2.zip: open (e:\StarDebate\update_v6.2.1_to_v6.2.2.zip, r, 32896)
[21:48:13.444] [ERROR] 补丁不兼容 (update_v6.2.1_to_v6.2.2.zip): 版本不匹配：当前版本为 v6.2.8，此补丁要求基础版本为 v6.2.1
[21:48:13.445] [WARN] [NATIVE] [audit] e:\StarDebate\docs/log\debug_20260625_214810.log: open (e:\StarDebate\docs/log\debug_20260625_214810.log, a, 33161)
[21:48:13.445] [WARN] [NATIVE] [audit] e:\StarDebate\update_v6.2.2_to_v6.2.3.zip: open (e:\StarDebate\update_v6.2.2_to_v6.2.3.zip, r, 32896)
[21:48:13.445] [ERROR] 补丁不兼容 (update_v6.2.2_to_v6.2.3.zip): 版本不匹配：当前版本为 v6.2.8，此补丁要求基础版本为 v6.2.2
[21:48:13.447] [WARN] [NATIVE] [audit] e:\StarDebate\docs/log\debug_20260625_214810.log: open (e:\StarDebate\docs/log\debug_20260625_214810.log, a, 33161)
[21:48:13.447] [WARN] [NATIVE] [audit] e:\StarDebate\update_v6.2.3_to_v6.2.4.zip: open (e:\StarDebate\update_v6.2.3_to_v6.2.4.zip, r, 32896)
[21:48:13.447] [ERROR] 补丁不兼容 (update_v6.2.3_to_v6.2.4.zip): 版本不匹配：当前版本为 v6.2.8，此补丁要求基础版本为 v6.2.3
1)
[21:48:13.448] [WARN] [NATIVE] [audit] e:\StarDebate\update_v6.2.4_to_v6.2.5.zip: open (e:\StarDebate\update_v6.2.4_to_v6.2.5.zip, r, 32896)
[21:48:13.449] [WARN] [NATIVE] [audit] e:\StarDebate\docs/log\debug_20260625_214810.log: open (e:\StarDebate\docs/log\debug_20260625_214810.log, a, 33161)
[21:48:13.449] [WARN] [NATIVE] [audit] e:\StarDebate\update_v6.2.5_to_v6.2.6.zip: open (e:\StarDebate\update_v6.2.5_to_v6.2.6.zip, r, 32896)
[21:48:13.450] [ERROR] 补丁不兼容 (update_v6.2.5_to_v6.2.6.zip): 版本不匹配：当前版本为 v6.2.8，此补丁要求基础版本为 v6.2.5
1)
[21:48:13.450] [WARN] [NATIVE] [audit] e:\StarDebate\update_v6.2.6_to_v6.2.7.zip: open (e:\StarDebate\update_v6.2.6_to_v6.2.7.zip, r, 32896)
[21:48:13.450] [ERROR] 补丁不兼容 (update_v6.2.6_to_v6.2.7.zip): 版本不匹配：当前版本为 v6.2.8，此补丁要求基础版本为 v6.2.6
[21:48:13.451] [WARN] [NATIVE] [audit] e:\StarDebate\docs/log\debug_20260625_214810.log: open (e:\StarDebate\docs/log\debug_20260625_214810.log, a, 33161)
[21:48:13.451] [WARN] [NATIVE] [audit] e:\StarDebate\update_v6.2.7_to_v6.2.8.zip: open (e:\StarDebate\update_v6.2.7_to_v6.2.8.zip, r, 32896)
[21:48:13.451] [ERROR] 补丁不兼容 (update_v6.2.7_to_v6.2.8.zip): 版本不匹配：当前版本为 v6.2.8，此补丁要求基础版本为 v6.2.7
[21:48:13.451] [WARN] [NATIVE] [audit] e:\StarDebate\docs/log\debug_20260625_214810.log: open (e:\StarDebate\docs/log\debug_20260625_214810.log, a, 33161)
[21:48:15.474] [WARN] [NATIVE] [audit] e:\StarDebate\config/config.json: open (e:\StarDebate\config/config.json, r, 32896)
[21:48:15.477] [WARN] [NATIVE] [audit] e:\StarDebate\config/config.json: open (e:\StarDebate\config/config.json, r, 32896)
[21:48:15.477] [WARN] [NATIVE] [audit] e:\StarDebate\workers\settings\pages\__pycache__\about_page.cpython-312.pyc: open (e:\StarDebate\workers\settings\pages\__pycache__\about_page.cpython-312.pyc, r, 32896)
[21:48:15.477] [WARN] [NATIVE] [audit] e:\StarDebate\workers\settings\pages\__pycache__\api_config.cpython-312.pyc: open (e:\StarDebate\workers\settings\pages\__pycache__\api_config.cpython-312.pyc, r, 32896)
[21:48:15.480] [WARN] [NATIVE] [audit] import components.star_spinbox: import (components.star_spinbox, None, ['e:\\StarDebate', 'C:\\Users\\Oblivion\\Python\\python312.zip', 'C:\\Users\\Obl)
[21:48:15.480] [ERROR] [NATIVE] [uncaught] <frozen importlib._bootstrap_external>:L147: [C_EXCEPTION] builtin_function_or_method
[21:48:15.480] [ERROR] [NATIVE] [uncaught] <frozen importlib._bootstrap_external>:L147: [C_EXCEPTION] builtin_function_or_method
[21:48:15.480] [WARN] [NATIVE] [audit] e:\StarDebate\components\star_spinbox\__pycache__\__init__.cpython-312.pyc: open (e:\StarDebate\components\star_spinbox\__pycache__\__init__.cpython-312.pyc, r, 32896)
[21:48:15.480] [WARN] [NATIVE] [audit] import components.star_spinbox.star_spinbox: import (components.star_spinbox.star_spinbox, None, ['e:\\StarDebate', 'C:\\Users\\Oblivion\\Python\\python312.zip', 'C:\\Users\\Obl)
[21:48:15.480] [WARN] [NATIVE] [audit] e:\StarDebate\components\star_spinbox\__pycache__\star_spinbox.cpython-312.pyc: open (e:\StarDebate\components\star_spinbox\__pycache__\star_spinbox.cpython-312.pyc, r, 32896)
[21:48:15.480] [WARN] [NATIVE] [audit] e:\StarDebate\workers\settings\pages\__pycache__\appearance_page.cpython-312.pyc: open (e:\StarDebate\workers\settings\pages\__pycache__\appearance_page.cpython-312.pyc, r, 32896)
[21:48:15.480] [WARN] [NATIVE] [audit] e:\StarDebate\workers\settings\pages\__pycache__\editor_page.cpython-312.pyc: open (e:\StarDebate\workers\settings\pages\__pycache__\editor_page.cpython-312.pyc, r, 32896)
[21:48:15.480] [WARN] [NATIVE] [audit] e:\StarDebate\workers\settings\pages\__pycache__\keyboard_shortcuts_page.cpython-312.pyc: open (e:\StarDebate\workers\settings\pages\__pycache__\keyboard_shortcuts_page.cpython, r, 32896)
[21:48:15.480] [WARN] [NATIVE] [audit] e:\StarDebate\workers\settings\pages\__pycache__\log_settings_page.cpython-312.pyc: open (e:\StarDebate\workers\settings\pages\__pycache__\log_settings_page.cpython-312.p, r, 32896)
[21:48:15.484] [WARN] [NATIVE] [audit] e:\StarDebate\workers\settings\pages\__pycache__\native_log_settings_ui.cpython-312.pyc: open (e:\StarDebate\workers\settings\pages\__pycache__\native_log_settings_ui.cpython-, r, 32896)
[21:48:15.484] [WARN] [NATIVE] [audit] e:\StarDebate\workers\settings\pages\__pycache__\svg_settings_page.cpython-312.pyc: open (e:\StarDebate\workers\settings\pages\__pycache__\svg_settings_page.cpython-312.p, r, 32896)
[21:48:15.484] [WARN] [NATIVE] [audit] e:\StarDebate\plugins\debate_claw\__pycache__\settings.cpython-312.pyc: open (e:\StarDebate\plugins\debate_claw\__pycache__\settings.cpython-312.pyc, r, 32896)
[21:48:15.484] [WARN] [NATIVE] [audit] e:\StarDebate\workers\settings\pages\__pycache__\api_config.cpython-312.pyc: open (e:\StarDebate\workers\settings\pages\__pycache__\api_config.cpython-312.pyc, r, 32896)
[21:48:15.484] [WARN] [NATIVE] [audit] e:\StarDebate\config/api_config.json: open (e:\StarDebate\config/api_config.json, r, 32896)
[21:48:15.489] [WARN] [NATIVE] [audit] e:\StarDebate\config/config.json: open (e:\StarDebate\config/config.json, r, 32896)
[21:48:15.489] [WARN] [NATIVE] [audit] e:\StarDebate\style\themes\notion_dark\theme.json: open (e:\StarDebate\style\themes\notion_dark\theme.json, r, 32896)
[21:48:15.494] [WARN] [NATIVE] [audit] e:\StarDebate\config/config.json: open (e:\StarDebate\config/config.json, r, 32896)
[21:48:15.494] [WARN] [NATIVE] [audit] e:\StarDebate\style\themes\notion_dark\theme.json: open (e:\StarDebate\style\themes\notion_dark\theme.json, r, 32896)
[21:48:15.494] [WARN] [NATIVE] [audit] e:\StarDebate\config/config.json: open (e:\StarDebate\config/config.json, r, 32896)
[21:48:15.494] [WARN] [NATIVE] [audit] e:\StarDebate\style\themes\notion_dark\theme.json: open (e:\StarDebate\style\themes\notion_dark\theme.json, r, 32896)
[21:48:15.494] [WARN] [NATIVE] [audit] e:\StarDebate\config/config.json: open (e:\StarDebate\config/config.json, r, 32896)
[21:48:15.494] [WARN] [NATIVE] [audit] e:\StarDebate\style\themes\notion_dark\theme.json: open (e:\StarDebate\style\themes\notion_dark\theme.json, r, 32896)
[21:48:15.499] [WARN] [NATIVE] [audit] e:\StarDebate\config/config.json: open (e:\StarDebate\config/config.json, r, 32896)
[21:48:15.499] [WARN] [NATIVE] [audit] e:\StarDebate\style\themes\notion_dark\theme.json: open (e:\StarDebate\style\themes\notion_dark\theme.json, r, 32896)
[21:48:15.499] [WARN] [NATIVE] [audit] e:\StarDebate\config/config.json: open (e:\StarDebate\config/config.json, r, 32896)
[21:48:15.504] [WARN] [NATIVE] [audit] e:\StarDebate\style\themes\notion_dark\theme.json: open (e:\StarDebate\style\themes\notion_dark\theme.json, r, 32896)
[21:48:15.504] [WARN] [NATIVE] [audit] e:\StarDebate\config/config.json: open (e:\StarDebate\config/config.json, r, 32896)
[21:48:15.504] [WARN] [NATIVE] [audit] e:\StarDebate\style\themes\notion_dark\theme.json: open (e:\StarDebate\style\themes\notion_dark\theme.json, r, 32896)
[21:48:17.727] [WARN] [NATIVE] [audit] e:\StarDebate\workers\settings\pages\__pycache__\appearance_page.cpython-312.pyc: open (e:\StarDebate\workers\settings\pages\__pycache__\appearance_page.cpython-312.pyc, r, 32896)
[21:48:17.728] [WARN] [NATIVE] [audit] e:\StarDebate\config/config.json: open (e:\StarDebate\config/config.json, r, 32896)
[21:48:17.729] [WARN] [NATIVE] [audit] e:\StarDebate\style\themes\notion_dark\theme.json: open (e:\StarDebate\style\themes\notion_dark\theme.json, r, 32896)
[21:48:17.729] [WARN] [NATIVE] [audit] e:\StarDebate\style\themes\notion_light\theme.json: open (e:\StarDebate\style\themes\notion_light\theme.json, r, 32896)
[21:48:17.746] [WARN] [NATIVE] [audit] e:\StarDebate\config/config.json: open (e:\StarDebate\config/config.json, r, 32896)
[21:48:17.747] [WARN] [NATIVE] [audit] e:\StarDebate\style\themes\notion_dark\theme.json: open (e:\StarDebate\style\themes\notion_dark\theme.json, r, 32896)
[21:48:17.747] [WARN] [NATIVE] [audit] e:\StarDebate\config/config.json: open (e:\StarDebate\config/config.json, r, 32896)
[21:48:17.748] [WARN] [NATIVE] [audit] e:\StarDebate\style\themes\notion_dark\theme.json: open (e:\StarDebate\style\themes\notion_dark\theme.json, r, 32896)
[21:48:17.752] [WARN] [NATIVE] [audit] e:\StarDebate\config/config.json: open (e:\StarDebate\config/config.json, r, 32896)
[21:48:17.752] [WARN] [NATIVE] [audit] e:\StarDebate\style\themes\notion_dark\theme.json: open (e:\StarDebate\style\themes\notion_dark\theme.json, r, 32896)
[21:48:18.822] [ERROR] [NATIVE] [uncaught] <frozen os>:L225: [C_EXCEPTION] builtin_function_or_method
[21:48:18.823] [WARN] [NATIVE] [audit] e:\StarDebate\config/api_config.json: open (e:\StarDebate\config/api_config.json, w, 33665)
[21:48:18.823] [WARN] [NATIVE] [audit] e:\StarDebate\icon\message_box\exclamationmark_circle.svg: open (e:\StarDebate\icon\message_box\exclamationmark_circle.svg, r, 32896)
[21:48:18.823] [WARN] [NATIVE] [audit] e:\StarDebate\icon\message_box\exclamationmark_circle.svg: open (e:\StarDebate\icon\message_box\exclamationmark_circle.svg, r, 32896)
[21:48:18.826] [WARN] [NATIVE] [audit] e:\StarDebate\config/config.json: open (e:\StarDebate\config/config.json, r, 32896)
[21:48:18.843] [WARN] [NATIVE] [qt_warning]: QWindowsWindow::setGeometry: Unable to set geometry 420x346+1093+586 (frame: 420x346+1093+586) on QWidgetWindow/"popupDialogWindow" on "\\.\DISPLAY1". Resulting geometry: 420x348+1093+586 (frame: 420x348+1093+586) margins: 0, 0, 0, 0 minimum size: 420x346 maximum size: 420x346 MINMAXINFO maxSize=0,0
[21:48:18.843] [WARN] [Qt WARN#1] QWindowsWindow::setGeometry: Unable to set geometry 420x346+1093+586 (frame: 420x346+1093+586) on QWidgetWindow/"popupDialogWindow" on "\\.\DISPLAY1". Resulting geometry: 420x348+1093+586 (frame: 420x
[21:48:19.777] [WARN] [NATIVE] [audit] e:\StarDebate\config/config.json: open (e:\StarDebate\config/config.json, r, 32896)
[21:48:19.777] [WARN] [NATIVE] [audit] e:\StarDebate\config/config.json: open (e:\StarDebate\config/config.json, w, 33665)
[21:48:19.777] [WARN] [NATIVE] [audit] e:\StarDebate\style\themes\notion_light\theme.json: open (e:\StarDebate\style\themes\notion_light\theme.json, r, 32896)
[21:48:19.777] [WARN] [NATIVE] [audit] e:\StarDebate\style\themes\notion_light\theme.json: open (e:\StarDebate\style\themes\notion_light\theme.json, r, 32896)
[21:48:19.777] [WARN] [NATIVE] [audit] e:\StarDebate\style\qss_templates\ai_analysis.qss: open (e:\StarDebate\style\qss_templates\ai_analysis.qss, r, 32896)
[21:48:19.777] [WARN] [NATIVE] [audit] e:\StarDebate\style\qss_templates\ai_expand.qss: open (e:\StarDebate\style\qss_templates\ai_expand.qss, r, 32896)
[21:48:19.777] [WARN] [NATIVE] [audit] e:\StarDebate\style\qss_templates\bind_source_dialog.qss: open (e:\StarDebate\style\qss_templates\bind_source_dialog.qss, r, 32896)
[21:48:19.777] [WARN] [NATIVE] [audit] e:\StarDebate\style\qss_templates\crash_monitor.qss: open (e:\StarDebate\style\qss_templates\crash_monitor.qss, r, 32896)
[21:48:19.777] [WARN] [NATIVE] [audit] e:\StarDebate\style\qss_templates\cross_examination.qss: open (e:\StarDebate\style\qss_templates\cross_examination.qss, r, 32896)
[21:48:19.777] [WARN] [NATIVE] [audit] e:\StarDebate\style\qss_templates\debug_console.qss: open (e:\StarDebate\style\qss_templates\debug_console.qss, r, 32896)
[21:48:19.777] [WARN] [NATIVE] [audit] e:\StarDebate\style\qss_templates\export_preview.qss: open (e:\StarDebate\style\qss_templates\export_preview.qss, r, 32896)
[21:48:19.777] [WARN] [NATIVE] [audit] e:\StarDebate\style\qss_templates\framework.qss: open (e:\StarDebate\style\qss_templates\framework.qss, r, 32896)
[21:48:19.777] [WARN] [NATIVE] [audit] e:\StarDebate\style\qss_templates\log_settings.qss: open (e:\StarDebate\style\qss_templates\log_settings.qss, r, 32896)
[21:48:19.777] [WARN] [NATIVE] [audit] e:\StarDebate\style\qss_templates\main.qss: open (e:\StarDebate\style\qss_templates\main.qss, r, 32896)
[21:48:19.777] [WARN] [NATIVE] [audit] e:\StarDebate\style\qss_templates\material_pool.qss: open (e:\StarDebate\style\qss_templates\material_pool.qss, r, 32896)
[21:48:19.777] [WARN] [NATIVE] [audit] e:\StarDebate\style\qss_templates\native_log_widget.qss: open (e:\StarDebate\style\qss_templates\native_log_widget.qss, r, 32896)
[21:48:19.777] [WARN] [NATIVE] [audit] e:\StarDebate\style\qss_templates\nav_bar.qss: open (e:\StarDebate\style\qss_templates\nav_bar.qss, r, 32896)
[21:48:19.777] [WARN] [NATIVE] [audit] e:\StarDebate\style\qss_templates\new_debate.qss: open (e:\StarDebate\style\qss_templates\new_debate.qss, r, 32896)
[21:48:19.777] [WARN] [NATIVE] [audit] e:\StarDebate\style\qss_templates\notes.qss: open (e:\StarDebate\style\qss_templates\notes.qss, r, 32896)
[21:48:19.777] [WARN] [NATIVE] [audit] e:\StarDebate\style\qss_templates\plugins.qss: open (e:\StarDebate\style\qss_templates\plugins.qss, r, 32896)
[21:48:19.777] [WARN] [NATIVE] [audit] e:\StarDebate\style\qss_templates\popup_dialog.qss: open (e:\StarDebate\style\qss_templates\popup_dialog.qss, r, 32896)
[21:48:19.777] [WARN] [NATIVE] [audit] e:\StarDebate\style\qss_templates\ref_doc.qss: open (e:\StarDebate\style\qss_templates\ref_doc.qss, r, 32896)
[21:48:19.777] [WARN] [NATIVE] [audit] e:\StarDebate\style\qss_templates\settings.qss: open (e:\StarDebate\style\qss_templates\settings.qss, r, 32896)
[21:48:19.790] [WARN] [NATIVE] [audit] e:\StarDebate\style\qss_templates\shadow_container.qss: open (e:\StarDebate\style\qss_templates\shadow_container.qss, r, 32896)
[21:48:19.790] [WARN] [NATIVE] [audit] e:\StarDebate\style\qss_templates\speech_editor.qss: open (e:\StarDebate\style\qss_templates\speech_editor.qss, r, 32896)
[21:48:19.790] [WARN] [NATIVE] [audit] e:\StarDebate\style\qss_templates\speech_writer.qss: open (e:\StarDebate\style\qss_templates\speech_writer.qss, r, 32896)
[21:48:19.790] [WARN] [NATIVE] [audit] e:\StarDebate\style\qss_templates\star_checkbox.qss: open (e:\StarDebate\style\qss_templates\star_checkbox.qss, r, 32896)
[21:48:19.790] [WARN] [NATIVE] [audit] e:\StarDebate\style\qss_templates\star_spinbox.qss: open (e:\StarDebate\style\qss_templates\star_spinbox.qss, r, 32896)
[21:48:19.790] [WARN] [NATIVE] [audit] e:\StarDebate\style\qss_templates\stardebate_editor.qss: open (e:\StarDebate\style\qss_templates\stardebate_editor.qss, r, 32896)
[21:48:19.790] [WARN] [NATIVE] [audit] e:\StarDebate\style\qss_templates\stardebate_format.qss: open (e:\StarDebate\style\qss_templates\stardebate_format.qss, r, 32896)
[21:48:19.790] [WARN] [NATIVE] [audit] e:\StarDebate\style\qss_templates\structure.qss: open (e:\StarDebate\style\qss_templates\structure.qss, r, 32896)
[21:48:19.790] [WARN] [NATIVE] [audit] e:\StarDebate\style\qss_templates\suggest_popup.qss: open (e:\StarDebate\style\qss_templates\suggest_popup.qss, r, 32896)
[21:48:19.790] [WARN] [NATIVE] [audit] e:\StarDebate\style\qss_templates\svg_renderer.qss: open (e:\StarDebate\style\qss_templates\svg_renderer.qss, r, 32896)
[21:48:19.790] [WARN] [NATIVE] [audit] e:\StarDebate\style\qss_templates\title_bar.qss: open (e:\StarDebate\style\qss_templates\title_bar.qss, r, 32896)
[21:48:19.790] [WARN] [NATIVE] [audit] e:\StarDebate\style\qss_templates\tournament.qss: open (e:\StarDebate\style\qss_templates\tournament.qss, r, 32896)
[21:48:19.790] [WARN] [NATIVE] [audit] e:\StarDebate\style\qss_templates\training.qss: open (e:\StarDebate\style\qss_templates\training.qss, r, 32896)
[21:48:19.790] [WARN] [NATIVE] [audit] e:\StarDebate\style\qss_templates\updater.qss: open (e:\StarDebate\style\qss_templates\updater.qss, r, 32896)
[21:48:19.790] [WARN] [NATIVE] [audit] e:\StarDebate\docs/log\debug_20260625_214810.log: open (e:\StarDebate\docs/log\debug_20260625_214810.log, a, 33161)
[21:48:19.797] [WARN] [NATIVE] [audit] e:\StarDebate\style\qss_templates\welcome_guide.qss: open (e:\StarDebate\style\qss_templates\welcome_guide.qss, r, 32896)
[21:48:19.841] [WARN] [NATIVE] [audit] e:\StarDebate\config/config.json: open (e:\StarDebate\config/config.json, r, 32896)
[21:48:19.850] [WARN] [NATIVE] [audit] e:\StarDebate\style\themes\notion_light\theme.json: open (e:\StarDebate\style\themes\notion_light\theme.json, r, 32896)
[21:48:19.852] [WARN] [NATIVE] [audit] e:\StarDebate\config/config.json: open (e:\StarDebate\config/config.json, r, 32896)
[21:48:19.853] [WARN] [NATIVE] [audit] e:\StarDebate\style\themes\notion_light\theme.json: open (e:\StarDebate\style\themes\notion_light\theme.json, r, 32896)
[21:48:19.856] [WARN] [NATIVE] [audit] e:\StarDebate\config/config.json: open (e:\StarDebate\config/config.json, r, 32896)
[21:48:19.856] [WARN] [NATIVE] [audit] e:\StarDebate\style\themes\notion_light\theme.json: open (e:\StarDebate\style\themes\notion_light\theme.json, r, 32896)
[21:48:19.926] [WARN] [NATIVE] [audit] e:\StarDebate\config/config.json: open (e:\StarDebate\config/config.json, r, 32896)
[21:48:19.927] [WARN] [NATIVE] [audit] e:\StarDebate\style\themes\notion_light\theme.json: open (e:\StarDebate\style\themes\notion_light\theme.json, r, 32896)
[21:48:19.928] [WARN] [NATIVE] [audit] e:\StarDebate\config/config.json: open (e:\StarDebate\config/config.json, r, 32896)
[21:48:19.929] [WARN] [NATIVE] [audit] e:\StarDebate\style\themes\notion_light\theme.json: open (e:\StarDebate\style\themes\notion_light\theme.json, r, 32896)
[21:48:19.931] [WARN] [NATIVE] [audit] e:\StarDebate\config/config.json: open (e:\StarDebate\config/config.json, r, 32896)
[21:48:20.608] [WARN] [NATIVE] [audit] e:\StarDebate\config/config.json: open (e:\StarDebate\config/config.json, r, 32896)
[21:48:20.611] [WARN] [NATIVE] [audit] e:\StarDebate\config/config.json: open (e:\StarDebate\config/config.json, r, 32896)
[21:48:20.611] [WARN] [NATIVE] [audit] e:\StarDebate\workers\settings\pages\__pycache__\about_page.cpython-312.pyc: open (e:\StarDebate\workers\settings\pages\__pycache__\about_page.cpython-312.pyc, r, 32896)
[21:48:20.612] [WARN] [NATIVE] [audit] e:\StarDebate\workers\settings\pages\__pycache__\api_config.cpython-312.pyc: open (e:\StarDebate\workers\settings\pages\__pycache__\api_config.cpython-312.pyc, r, 32896)
[21:48:20.612] [WARN] [NATIVE] [audit] e:\StarDebate\workers\settings\pages\__pycache__\appearance_page.cpython-312.pyc: open (e:\StarDebate\workers\settings\pages\__pycache__\appearance_page.cpython-312.pyc, r, 32896)
[21:48:20.613] [WARN] [NATIVE] [audit] e:\StarDebate\workers\settings\pages\__pycache__\editor_page.cpython-312.pyc: open (e:\StarDebate\workers\settings\pages\__pycache__\editor_page.cpython-312.pyc, r, 32896)
[21:48:20.613] [WARN] [NATIVE] [audit] e:\StarDebate\workers\settings\pages\__pycache__\keyboard_shortcuts_page.cpython-312.pyc: open (e:\StarDebate\workers\settings\pages\__pycache__\keyboard_shortcuts_page.cpython, r, 32896)
[21:48:20.613] [WARN] [NATIVE] [audit] e:\StarDebate\workers\settings\pages\__pycache__\log_settings_page.cpython-312.pyc: open (e:\StarDebate\workers\settings\pages\__pycache__\log_settings_page.cpython-312.p, r, 32896)
[21:48:20.613] [WARN] [NATIVE] [audit] e:\StarDebate\workers\settings\pages\__pycache__\native_log_settings_ui.cpython-312.pyc: open (e:\StarDebate\workers\settings\pages\__pycache__\native_log_settings_ui.cpython-, r, 32896)
[21:48:20.613] [WARN] [NATIVE] [audit] e:\StarDebate\workers\settings\pages\__pycache__\svg_settings_page.cpython-312.pyc: open (e:\StarDebate\workers\settings\pages\__pycache__\svg_settings_page.cpython-312.p, r, 32896)
[21:48:20.613] [WARN] [NATIVE] [audit] e:\StarDebate\plugins\debate_claw\__pycache__\settings.cpython-312.pyc: open (e:\StarDebate\plugins\debate_claw\__pycache__\settings.cpython-312.pyc, r, 32896)
[21:48:20.613] [WARN] [NATIVE] [audit] e:\StarDebate\workers\settings\pages\__pycache__\api_config.cpython-312.pyc: open (e:\StarDebate\workers\settings\pages\__pycache__\api_config.cpython-312.pyc, r, 32896)
[21:48:20.613] [WARN] [NATIVE] [audit] e:\StarDebate\config/api_config.json: open (e:\StarDebate\config/api_config.json, r, 32896)
[21:48:20.613] [WARN] [NATIVE] [audit] e:\StarDebate\config/config.json: open (e:\StarDebate\config/config.json, r, 32896)
[21:48:20.613] [WARN] [NATIVE] [audit] e:\StarDebate\style\themes\notion_light\theme.json: open (e:\StarDebate\style\themes\notion_light\theme.json, r, 32896)
[21:48:20.628] [WARN] [NATIVE] [audit] e:\StarDebate\config/config.json: open (e:\StarDebate\config/config.json, r, 32896)
[21:48:20.628] [WARN] [NATIVE] [audit] e:\StarDebate\style\themes\notion_light\theme.json: open (e:\StarDebate\style\themes\notion_light\theme.json, r, 32896)
[21:48:20.628] [WARN] [NATIVE] [audit] e:\StarDebate\config/config.json: open (e:\StarDebate\config/config.json, r, 32896)
[21:48:20.628] [WARN] [NATIVE] [audit] e:\StarDebate\style\themes\notion_light\theme.json: open (e:\StarDebate\style\themes\notion_light\theme.json, r, 32896)
[21:48:20.628] [WARN] [NATIVE] [audit] e:\StarDebate\config/config.json: open (e:\StarDebate\config/config.json, r, 32896)
[21:48:20.628] [WARN] [NATIVE] [audit] e:\StarDebate\style\themes\notion_light\theme.json: open (e:\StarDebate\style\themes\notion_light\theme.json, r, 32896)
[21:48:20.628] [WARN] [NATIVE] [audit] e:\StarDebate\config/config.json: open (e:\StarDebate\config/config.json, r, 32896)
[21:48:20.628] [WARN] [NATIVE] [audit] e:\StarDebate\style\themes\notion_light\theme.json: open (e:\StarDebate\style\themes\notion_light\theme.json, r, 32896)
[21:48:20.628] [WARN] [NATIVE] [audit] e:\StarDebate\config/config.json: open (e:\StarDebate\config/config.json, r, 32896)
[21:48:20.628] [WARN] [NATIVE] [audit] e:\StarDebate\style\themes\notion_light\theme.json: open (e:\StarDebate\style\themes\notion_light\theme.json, r, 32896)
[21:48:21.389] [WARN] [NATIVE] [audit] e:\StarDebate\workers\settings\pages\__pycache__\appearance_page.cpython-312.pyc: open (e:\StarDebate\workers\settings\pages\__pycache__\appearance_page.cpython-312.pyc, r, 32896)
[21:48:21.390] [WARN] [NATIVE] [audit] e:\StarDebate\config/config.json: open (e:\StarDebate\config/config.json, r, 32896)
[21:48:21.391] [WARN] [NATIVE] [audit] e:\StarDebate\style\themes\notion_dark\theme.json: open (e:\StarDebate\style\themes\notion_dark\theme.json, r, 32896)
[21:48:21.391] [WARN] [NATIVE] [audit] e:\StarDebate\style\themes\notion_light\theme.json: open (e:\StarDebate\style\themes\notion_light\theme.json, r, 32896)
[21:48:21.404] [WARN] [NATIVE] [audit] e:\StarDebate\config/config.json: open (e:\StarDebate\config/config.json, r, 32896)
[21:48:21.404] [WARN] [NATIVE] [audit] e:\StarDebate\style\themes\notion_light\theme.json: open (e:\StarDebate\style\themes\notion_light\theme.json, r, 32896)
[21:48:21.409] [WARN] [NATIVE] [audit] e:\StarDebate\config/config.json: open (e:\StarDebate\config/config.json, r, 32896)
[21:48:21.410] [WARN] [NATIVE] [audit] e:\StarDebate\style\themes\notion_light\theme.json: open (e:\StarDebate\style\themes\notion_light\theme.json, r, 32896)
[21:48:22.496] [WARN] [NATIVE] [audit] e:\StarDebate\workers\settings\pages\__pycache__\keyboard_shortcuts_page.cpython-312.pyc: open (e:\StarDebate\workers\settings\pages\__pycache__\keyboard_shortcuts_page.cpython, r, 32896)
[21:48:23.515] [WARN] [NATIVE] [audit] e:\StarDebate\config/config.json: open (e:\StarDebate\config/config.json, r, 32896)
[21:48:23.515] [WARN] [NATIVE] [audit] e:\StarDebate\style\themes\notion_light\theme.json: open (e:\StarDebate\style\themes\notion_light\theme.json, r, 32896)
[21:48:23.708] [WARN] [NATIVE] [audit] e:\StarDebate\config/config.json: open (e:\StarDebate\config/config.json, r, 32896)
[21:48:23.708] [WARN] [NATIVE] [audit] e:\StarDebate\config/config.json: open (e:\StarDebate\config/config.json, w, 33665)
[21:48:24.107] [WARN] [NATIVE] [audit] e:\StarDebate\config/config.json: open (e:\StarDebate\config/config.json, r, 32896)
[21:48:24.107] [WARN] [NATIVE] [audit] e:\StarDebate\config/config.json: open (e:\StarDebate\config/config.json, w, 33665)
[21:48:24.645] [WARN] [NATIVE] [audit] e:\StarDebate\config/config.json: open (e:\StarDebate\config/config.json, r, 32896)
[21:48:24.645] [WARN] [NATIVE] [audit] e:\StarDebate\style\themes\notion_light\theme.json: open (e:\StarDebate\style\themes\notion_light\theme.json, r, 32896)
[21:48:25.534] [WARN] [NATIVE] [audit] e:\StarDebate\config/config.json: open (e:\StarDebate\config/config.json, r, 32896)
[21:48:25.534] [WARN] [NATIVE] [audit] e:\StarDebate\style\themes\notion_light\theme.json: open (e:\StarDebate\style\themes\notion_light\theme.json, r, 32896)
[21:48:25.565] [WARN] [NATIVE] [audit] e:\StarDebate\config/config.json: open (e:\StarDebate\config/config.json, r, 32896)
[21:48:25.565] [WARN] [NATIVE] [audit] e:\StarDebate\style\themes\notion_light\theme.json: open (e:\StarDebate\style\themes\notion_light\theme.json, r, 32896)
[21:48:25.748] [WARN] [NATIVE] [audit] e:\StarDebate\config/config.json: open (e:\StarDebate\config/config.json, r, 32896)
[21:48:25.748] [WARN] [NATIVE] [audit] e:\StarDebate\style\themes\notion_light\theme.json: open (e:\StarDebate\style\themes\notion_light\theme.json, r, 32896)
[21:48:25.893] [WARN] [NATIVE] [audit] e:\StarDebate\config/config.json: open (e:\StarDebate\config/config.json, r, 32896)
[21:48:25.893] [WARN] [NATIVE] [audit] e:\StarDebate\config/config.json: open (e:\StarDebate\config/config.json, w, 33665)
[21:48:26.043] [WARN] [NATIVE] [audit] e:\StarDebate\config/config.json: open (e:\StarDebate\config/config.json, r, 32896)
[21:48:26.044] [WARN] [NATIVE] [audit] e:\StarDebate\style\themes\notion_light\theme.json: open (e:\StarDebate\style\themes\notion_light\theme.json, r, 32896)
[21:48:26.629] [ERROR] [NATIVE] [uncaught] <frozen os>:L225: [C_EXCEPTION] builtin_function_or_method
[21:48:26.630] [WARN] [NATIVE] [audit] e:\StarDebate\config/api_config.json: open (e:\StarDebate\config/api_config.json, w, 33665)
[21:48:26.630] [WARN] [NATIVE] [audit] e:\StarDebate\icon\message_box\exclamationmark_circle.svg: open (e:\StarDebate\icon\message_box\exclamationmark_circle.svg, r, 32896)
[21:48:26.630] [WARN] [NATIVE] [audit] e:\StarDebate\icon\message_box\exclamationmark_circle.svg: open (e:\StarDebate\icon\message_box\exclamationmark_circle.svg, r, 32896)
[21:48:26.632] [WARN] [NATIVE] [audit] e:\StarDebate\config/config.json: open (e:\StarDebate\config/config.json, r, 32896)
[21:48:26.647] [WARN] [NATIVE] [qt_warning]: QWindowsWindow::setGeometry: Unable to set geometry 420x346+1093+586 (frame: 420x346+1093+586) on QWidgetWindow/"popupDialogWindow" on "\\.\DISPLAY1". Resulting geometry: 420x348+1093+586 (frame: 420x348+1093+586) margins: 0, 0, 0, 0 minimum size: 420x346 maximum size: 420x346 MINMAXINFO maxSize=0,0
[21:48:26.647] [WARN] [Qt WARN#1] QWindowsWindow::setGeometry: Unable to set geometry 420x346+1093+586 (frame: 420x346+1093+586) on QWidgetWindow/"popupDialogWindow" on "\\.\DISPLAY1". Resulting geometry: 420x348+1093+586 (frame: 420x
[21:48:27.395] [WARN] [SYS] 监视心跳超时: 15秒无新数据 (最后心跳: 21:48:12)
[21:48:27.512] [WARN] [NATIVE] [audit] e:\StarDebate\config/config.json: open (e:\StarDebate\config/config.json, r, 32896)
[21:48:27.512] [WARN] [NATIVE] [audit] e:\StarDebate\config/config.json: open (e:\StarDebate\config/config.json, w, 33665)
[21:48:27.512] [WARN] [NATIVE] [audit] e:\StarDebate\style\themes\notion_light\theme.json: open (e:\StarDebate\style\themes\notion_light\theme.json, r, 32896)
[21:48:27.512] [WARN] [NATIVE] [audit] e:\StarDebate\style\qss_templates\ai_analysis.qss: open (e:\StarDebate\style\qss_templates\ai_analysis.qss, r, 32896)
[21:48:27.515] [WARN] [NATIVE] [audit] e:\StarDebate\style\qss_templates\ai_expand.qss: open (e:\StarDebate\style\qss_templates\ai_expand.qss, r, 32896)
[21:48:27.515] [WARN] [NATIVE] [audit] e:\StarDebate\style\qss_templates\bind_source_dialog.qss: open (e:\StarDebate\style\qss_templates\bind_source_dialog.qss, r, 32896)
[21:48:27.515] [WARN] [NATIVE] [audit] e:\StarDebate\style\qss_templates\crash_monitor.qss: open (e:\StarDebate\style\qss_templates\crash_monitor.qss, r, 32896)
[21:48:27.515] [WARN] [NATIVE] [audit] e:\StarDebate\style\qss_templates\cross_examination.qss: open (e:\StarDebate\style\qss_templates\cross_examination.qss, r, 32896)
[21:48:27.515] [WARN] [NATIVE] [audit] e:\StarDebate\style\qss_templates\debug_console.qss: open (e:\StarDebate\style\qss_templates\debug_console.qss, r, 32896)
[21:48:27.515] [WARN] [NATIVE] [audit] e:\StarDebate\style\qss_templates\export_preview.qss: open (e:\StarDebate\style\qss_templates\export_preview.qss, r, 32896)
[21:48:27.518] [WARN] [NATIVE] [audit] e:\StarDebate\style\qss_templates\framework.qss: open (e:\StarDebate\style\qss_templates\framework.qss, r, 32896)
[21:48:27.518] [WARN] [NATIVE] [audit] e:\StarDebate\style\qss_templates\log_settings.qss: open (e:\StarDebate\style\qss_templates\log_settings.qss, r, 32896)
[21:48:27.518] [WARN] [NATIVE] [audit] e:\StarDebate\style\qss_templates\main.qss: open (e:\StarDebate\style\qss_templates\main.qss, r, 32896)
[21:48:27.518] [WARN] [NATIVE] [audit] e:\StarDebate\style\qss_templates\material_pool.qss: open (e:\StarDebate\style\qss_templates\material_pool.qss, r, 32896)
[21:48:27.520] [WARN] [NATIVE] [audit] e:\StarDebate\style\qss_templates\native_log_widget.qss: open (e:\StarDebate\style\qss_templates\native_log_widget.qss, r, 32896)
[21:48:27.520] [WARN] [NATIVE] [audit] e:\StarDebate\style\qss_templates\nav_bar.qss: open (e:\StarDebate\style\qss_templates\nav_bar.qss, r, 32896)
[21:48:27.520] [WARN] [NATIVE] [audit] e:\StarDebate\style\qss_templates\new_debate.qss: open (e:\StarDebate\style\qss_templates\new_debate.qss, r, 32896)
[21:48:27.520] [WARN] [NATIVE] [audit] e:\StarDebate\style\qss_templates\notes.qss: open (e:\StarDebate\style\qss_templates\notes.qss, r, 32896)
[21:48:27.520] [WARN] [NATIVE] [audit] e:\StarDebate\style\qss_templates\plugins.qss: open (e:\StarDebate\style\qss_templates\plugins.qss, r, 32896)
[21:48:27.522] [WARN] [NATIVE] [audit] e:\StarDebate\style\qss_templates\popup_dialog.qss: open (e:\StarDebate\style\qss_templates\popup_dialog.qss, r, 32896)
[21:48:27.522] [WARN] [NATIVE] [audit] e:\StarDebate\style\qss_templates\ref_doc.qss: open (e:\StarDebate\style\qss_templates\ref_doc.qss, r, 32896)
[21:48:27.522] [WARN] [NATIVE] [audit] e:\StarDebate\style\qss_templates\settings.qss: open (e:\StarDebate\style\qss_templates\settings.qss, r, 32896)
[21:48:27.522] [WARN] [NATIVE] [audit] e:\StarDebate\style\qss_templates\shadow_container.qss: open (e:\StarDebate\style\qss_templates\shadow_container.qss, r, 32896)
[21:48:27.522] [WARN] [NATIVE] [audit] e:\StarDebate\style\qss_templates\speech_editor.qss: open (e:\StarDebate\style\qss_templates\speech_editor.qss, r, 32896)
[21:48:27.524] [WARN] [NATIVE] [audit] e:\StarDebate\style\qss_templates\speech_writer.qss: open (e:\StarDebate\style\qss_templates\speech_writer.qss, r, 32896)
[21:48:27.524] [WARN] [NATIVE] [audit] e:\StarDebate\style\qss_templates\star_checkbox.qss: open (e:\StarDebate\style\qss_templates\star_checkbox.qss, r, 32896)
[21:48:27.524] [WARN] [NATIVE] [audit] e:\StarDebate\style\qss_templates\star_spinbox.qss: open (e:\StarDebate\style\qss_templates\star_spinbox.qss, r, 32896)
[21:48:27.525] [WARN] [NATIVE] [audit] e:\StarDebate\style\qss_templates\stardebate_editor.qss: open (e:\StarDebate\style\qss_templates\stardebate_editor.qss, r, 32896)
[21:48:27.525] [ERROR] QSS 模板中存在未定义的 @key@ 占位符: @key@
[21:48:27.525] [WARN] [NATIVE] [audit] e:\StarDebate\style\qss_templates\stardebate_format.qss: open (e:\StarDebate\style\qss_templates\stardebate_format.qss, r, 32896)
[21:48:27.525] [WARN] [NATIVE] [audit] e:\StarDebate\style\qss_templates\structure.qss: open (e:\StarDebate\style\qss_templates\structure.qss, r, 32896)
[21:48:27.526] [WARN] [NATIVE] [audit] e:\StarDebate\style\qss_templates\suggest_popup.qss: open (e:\StarDebate\style\qss_templates\suggest_popup.qss, r, 32896)
[21:48:27.526] [WARN] [NATIVE] [audit] e:\StarDebate\style\qss_templates\svg_renderer.qss: open (e:\StarDebate\style\qss_templates\svg_renderer.qss, r, 32896)
[21:48:27.526] [WARN] [NATIVE] [audit] e:\StarDebate\style\qss_templates\title_bar.qss: open (e:\StarDebate\style\qss_templates\title_bar.qss, r, 32896)
[21:48:27.527] [WARN] [NATIVE] [audit] e:\StarDebate\style\qss_templates\tournament.qss: open (e:\StarDebate\style\qss_templates\tournament.qss, r, 32896)
[21:48:27.527] [WARN] [NATIVE] [audit] e:\StarDebate\style\qss_templates\training.qss: open (e:\StarDebate\style\qss_templates\training.qss, r, 32896)
[21:48:27.527] [WARN] [NATIVE] [audit] e:\StarDebate\style\qss_templates\updater.qss: open (e:\StarDebate\style\qss_templates\updater.qss, r, 32896)
[21:48:27.527] [WARN] [NATIVE] [audit] e:\StarDebate\docs/log\debug_20260625_214810.log: open (e:\StarDebate\docs/log\debug_20260625_214810.log, a, 33161)
[21:48:27.527] [WARN] [NATIVE] [audit] e:\StarDebate\style\qss_templates\welcome_guide.qss: open (e:\StarDebate\style\qss_templates\welcome_guide.qss, r, 32896)
[21:48:27.577] [WARN] [NATIVE] [audit] e:\StarDebate\config/config.json: open (e:\StarDebate\config/config.json, r, 32896)
[21:48:27.578] [WARN] [NATIVE] [audit] e:\StarDebate\style\themes\notion_light\theme.json: open (e:\StarDebate\style\themes\notion_light\theme.json, r, 32896)
[21:48:27.581] [WARN] [NATIVE] [audit] e:\StarDebate\config/config.json: open (e:\StarDebate\config/config.json, r, 32896)
[21:48:27.581] [WARN] [NATIVE] [audit] e:\StarDebate\style\themes\notion_light\theme.json: open (e:\StarDebate\style\themes\notion_light\theme.json, r, 32896)
[21:48:27.584] [WARN] [NATIVE] [audit] e:\StarDebate\config/config.json: open (e:\StarDebate\config/config.json, r, 32896)
[21:48:27.585] [WARN] [NATIVE] [audit] e:\StarDebate\style\themes\notion_light\theme.json: open (e:\StarDebate\style\themes\notion_light\theme.json, r, 32896)
[21:48:27.588] [WARN] [NATIVE] [audit] e:\StarDebate\config/config.json: open (e:\StarDebate\config/config.json, r, 32896)
[21:48:27.589] [WARN] [NATIVE] [audit] e:\StarDebate\style\themes\notion_light\theme.json: open (e:\StarDebate\style\themes\notion_light\theme.json, r, 32896)
[21:48:27.590] [WARN] [NATIVE] [audit] e:\StarDebate\config/config.json: open (e:\StarDebate\config/config.json, r, 32896)
[21:48:27.590] [WARN] [NATIVE] [audit] e:\StarDebate\style\themes\notion_light\theme.json: open (e:\StarDebate\style\themes\notion_light\theme.json, r, 32896)
[21:48:27.599] [WARN] [NATIVE] [audit] e:\StarDebate\config/config.json: open (e:\StarDebate\config/config.json, r, 32896)
[21:48:27.599] [WARN] [NATIVE] [audit] e:\StarDebate\style\themes\notion_light\theme.json: open (e:\StarDebate\style\themes\notion_light\theme.json, r, 32896)
[21:48:42.409] [ERROR] ════════════════════════════════════════════════════════════
[21:48:42.410] [ERROR] ═══ [SYS] 主进程异常退出 ═══
[21:48:42.410] [ERROR] ════════════════════════════════════════════════════════════
[21:48:42.411] [ERROR]   PID: 61760
[21:48:42.411] [ERROR]   退出时间: 2026-06-25 21:48:42
[21:48:42.412] [ERROR]   队列残留条目（已排空）: 0 条
[21:48:42.412] [ERROR]   应急写入次数: 0
[21:48:42.413] [ERROR]   最后监视心跳: 21:48:27 (15秒前)
[21:48:42.413] [ERROR] ────────────────────────────────────────
[21:48:42.414] [ERROR] ═══ 💡 崩溃自动分析 ═══
[21:48:42.428] [ERROR]     [ERROR] [NATIVE] [uncaught] <frozen os>:L225: [C_EXCEPTION] builtin_function_or_method
[21:48:42.429] [ERROR]     [ERROR] QSS 模板中存在未定义的 @key@ 占位符: @key@
[21:48:42.433] [ERROR]   1. ⚪ 起居注未活跃（无 [CRON] 条目）
[21:48:42.434] [ERROR]   2. 🔴 崩溃前 10.0秒内 ERROR: 2 条
[21:48:42.434] [ERROR]   3. 🟡 崩溃前 10.0秒内 WARN: 98 条
[21:48:42.435] [ERROR]   4. 🟡 重复错误模式 (1 类): 
[21:48:42.435] [ERROR]   5.     ↻ 出现 95 次: [NATIVE] [audit] e
[21:48:42.435] [ERROR]   6. 📊 错误类型分布: Qt 内部错误:2, 超时:1
[21:48:42.435] [ERROR]   7. 📊 底层事件分布: [NATIVE]:97
[21:48:42.435] [ERROR]   8. 📁 SQLite native.db 最近 5 条:
[21:48:42.435] [ERROR]   9.     [21:48:27] [audit] sys.addaudithook: open (e:\StarDebate\style\themes\notion_light\theme.json, r, 32896)
[21:48:42.435] [ERROR]   10.     [21:48:27] [audit] sys.addaudithook: open (e:\StarDebate\config/config.json, r, 32896)
[21:48:42.435] [ERROR]   11.     [21:48:27] [audit] sys.addaudithook: open (e:\StarDebate\style\themes\notion_light\theme.json, r, 32896)
[21:48:42.435] [ERROR]   12.     [21:48:27] [audit] sys.addaudithook: open (e:\StarDebate\config/config.json, r, 32896)
[21:48:42.435] [ERROR]   13.     [21:48:27] [audit] sys.addaudithook: open (e:\StarDebate\style\themes\notion_light\theme.json, r, 32896)
[21:48:42.435] [ERROR]   ─── 建议 ───
[21:48:42.435] [ERROR]   → Qt 层错误频繁：检查控件生命周期/布局冲突
[21:48:42.435] [ERROR]   → 同一错误反复出现，应在日志中查找最早出现点并追溯根因
[21:48:42.435] [ERROR] ════════════════════════════════════════════════════════════
[21:48:42.681] [INFO] [SYS] LogService 进程退出
