[14:00:06.151] [INFO] ═══ LogService 已启动 ═══
[14:00:06.152] [INFO] 自动清理: 无过期日志文件
[14:00:06.152] [INFO] 日志文件: e:\StarDebate\docs/log\debug_20260622_140006.log
[14:00:06.153] [INFO] [SYS] 系统健康监视已启动 (监控 PID: 61104)
[14:00:06.154] [INFO] [SYS] 日志服务进入主循环，等待指令...
[14:00:08.399] [INFO] ═══ StarDebate 启动 ═══
[14:00:08.399] [INFO] 版本: 5.0.0
[14:00:08.401] [INFO] 主题: notion_dark
[14:00:08.401] [INFO] 日志文件: e:\StarDebate\docs/log\debug_20260622_140006.log
[14:00:08.401] [INFO] 日志服务: 独立进程 (LogService)
[14:00:08.402] [INFO] [CRON] 起居注自动追踪已启用 (v2.0.0)
[14:00:08.403] [INFO] [CRON] 追踪范围: 插件/API/AI/Qt错误/Worker线程  + traceback + 守护日志环 + 崩溃分析
[14:00:08.438] [INFO] [NATIVE] 底层事件记录系统已启用 (v1.2.0 M3)
[14:00:08.439] [INFO] [NATIVE] 钩子: Qt/excepthook/unraisable/audit/gc/c_exception
[14:00:08.440] [INFO] [NATIVE] 监视: 线程健康/资源跟踪/起居注桥接
[14:00:08.440] [INFO] [NATIVE] SQLite: e:\StarDebate\docs/log/native.db
[14:00:08.440] [INFO] 调试监视已开启: 变量, 函数, 插件, API, AI
[14:00:08.441] [INFO] [CFG] 已加载 log_settings.json，开始同步运行时配置
[14:00:08.441] [ERROR] [NATIVE] [uncaught] <frozen os>:L225: [C_EXCEPTION] builtin_function_or_method
[14:00:08.442] [WARN] [NATIVE] [audit] e:\StarDebate\workers\config\debug_monitor.json: open (e:\StarDebate\workers\config\debug_monitor.json, w, 33665)
[14:00:08.442] [ERROR] [NATIVE] [uncaught] <frozen os>:L225: [C_EXCEPTION] builtin_function_or_method
[14:00:08.442] [WARN] [NATIVE] [audit] e:\StarDebate\workers\config\debug_monitor.json: open (e:\StarDebate\workers\config\debug_monitor.json, w, 33665)
[14:00:08.443] [ERROR] [NATIVE] [uncaught] <frozen os>:L225: [C_EXCEPTION] builtin_function_or_method
[14:00:08.443] [WARN] [NATIVE] [audit] e:\StarDebate\workers\config\debug_monitor.json: open (e:\StarDebate\workers\config\debug_monitor.json, w, 33665)
[14:00:08.444] [ERROR] [NATIVE] [uncaught] <frozen os>:L225: [C_EXCEPTION] builtin_function_or_method
[14:00:08.444] [WARN] [NATIVE] [audit] e:\StarDebate\workers\config\debug_monitor.json: open (e:\StarDebate\workers\config\debug_monitor.json, w, 33665)
[14:00:08.444] [ERROR] [NATIVE] [uncaught] <frozen os>:L225: [C_EXCEPTION] builtin_function_or_method
[14:00:08.445] [WARN] [NATIVE] [audit] e:\StarDebate\workers\config\debug_monitor.json: open (e:\StarDebate\workers\config\debug_monitor.json, w, 33665)
[14:00:08.445] [WARN] [NATIVE] [audit] e:\StarDebate\workers\config\debug_monitor.json: open (e:\StarDebate\workers\config\debug_monitor.json, w, 33665)
[14:00:08.445] [WARN] [NATIVE] [audit] e:\StarDebate\workers\config\debug_monitor.json: open (e:\StarDebate\workers\config\debug_monitor.json, w, 33665)
[14:00:08.445] [INFO] [CFG] 调试监视: 已开启 → 变量, 函数, 插件, API, AI
[14:00:08.447] [WARN] [NATIVE] [audit] e:\StarDebate\config\chronicle_config.json: open (e:\StarDebate\config\chronicle_config.json, w, 33665)
[14:00:08.447] [INFO] [CFG] 起居注: 已开启
[14:00:08.448] [INFO] [CFG] log_settings.json 同步完成
[14:00:08.448] [ERROR] [NATIVE] [uncaught] spawn.py:L175: [C_EXCEPTION] builtin_function_or_method
[14:00:08.448] [WARN] [NATIVE] [audit] 3: open (3, w, 33665)
[14:00:08.462] [INFO] 崩溃监控已启动 (PID: 61104)
[14:00:08.462] [WARN] [NATIVE] [audit] e:\StarDebate\config\keyboard_shortcuts.json: open (e:\StarDebate\config\keyboard_shortcuts.json, r, 32896)
[14:00:08.467] [WARN] [NATIVE] [audit] import components.shadow_container: import (components.shadow_container, None, ['e:\\StarDebate', 'C:\\Users\\Oblivion\\Python\\python312.zip', 'C:\\Users\\Obl)
[14:00:08.467] [ERROR] [NATIVE] [uncaught] <frozen importlib._bootstrap_external>:L147: [C_EXCEPTION] builtin_function_or_method
[14:00:08.468] [ERROR] [NATIVE] [uncaught] <frozen importlib._bootstrap_external>:L147: [C_EXCEPTION] builtin_function_or_method
[14:00:08.468] [WARN] [NATIVE] [audit] e:\StarDebate\components\shadow_container\__pycache__\__init__.cpython-312.pyc: open (e:\StarDebate\components\shadow_container\__pycache__\__init__.cpython-312.pyc, r, 32896)
[14:00:08.470] [WARN] [NATIVE] [audit] import components.shadow_container.shadow_container: import (components.shadow_container.shadow_container, None, ['e:\\StarDebate', 'C:\\Users\\Oblivion\\Python\\python312.zip', 'C:\\Users\\Obl)
[14:00:08.470] [WARN] [NATIVE] [audit] e:\StarDebate\components\shadow_container\__pycache__\shadow_container.cpython-312.pyc: open (e:\StarDebate\components\shadow_container\__pycache__\shadow_container.cpython-3, r, 32896)
[14:00:08.480] [WARN] [NATIVE] [audit] e:\StarDebate\config\config.json: open (e:\StarDebate\config\config.json, r, 32896)
[14:00:08.480] [WARN] [NATIVE] [audit] e:\StarDebate\style\themes\notion_dark\theme.json: open (e:\StarDebate\style\themes\notion_dark\theme.json, r, 32896)
[14:00:08.545] [WARN] [NATIVE] [audit] e:\StarDebate\config\config.json: open (e:\StarDebate\config\config.json, r, 32896)
[14:00:08.554] [WARN] [NATIVE] [audit] e:\StarDebate\workers\speech_editor\..\..\icon\index\has_material.svg: open (e:\StarDebate\workers\speech_editor\..\..\icon\index\has_material.svg, r, 32896)
[14:00:08.607] [WARN] [NATIVE] [audit] e:\StarDebate\style\themes\notion_dark\theme.json: open (e:\StarDebate\style\themes\notion_dark\theme.json, r, 32896)
[14:00:08.608] [WARN] [NATIVE] [audit] e:\StarDebate\style\themes\notion_dark\theme.json: open (e:\StarDebate\style\themes\notion_dark\theme.json, r, 32896)
[14:00:08.618] [ERROR] [NATIVE] [uncaught] <frozen importlib._bootstrap_external>:L147: [C_EXCEPTION] builtin_function_or_method
[14:00:08.619] [ERROR] [NATIVE] [uncaught] <frozen importlib._bootstrap_external>:L147: [C_EXCEPTION] builtin_function_or_method
[14:00:08.619] [WARN] [NATIVE] [audit] e:\StarDebate\workers\training\quick_quiz\__pycache__\__init__.cpython-312.pyc: open (e:\StarDebate\workers\training\quick_quiz\__pycache__\__init__.cpython-312.pyc, r, 32896)
[14:00:08.631] [WARN] [NATIVE] [audit] import workers.training.quick_quiz.quick_quiz_manager: import (workers.training.quick_quiz.quick_quiz_manager, None, ['e:\\StarDebate', 'C:\\Users\\Oblivion\\Python\\python312.zip', 'C:\\Users\\Obl)
[14:00:08.632] [WARN] [NATIVE] [audit] e:\StarDebate\workers\training\quick_quiz\__pycache__\quick_quiz_manager.cpython-312.pyc: open (e:\StarDebate\workers\training\quick_quiz\__pycache__\quick_quiz_manager.cpython, r, 32896)
[14:00:08.654] [WARN] [NATIVE] [audit] import workers.training.exercise.exercise_manager: import (workers.training.exercise.exercise_manager, None, ['e:\\StarDebate', 'C:\\Users\\Oblivion\\Python\\python312.zip', 'C:\\Users\\Obl)
[14:00:08.655] [WARN] [NATIVE] [audit] e:\StarDebate\workers\training\exercise\__pycache__\exercise_manager.cpython-312.pyc: open (e:\StarDebate\workers\training\exercise\__pycache__\exercise_manager.cpython-312, r, 32896)
[14:00:08.721] [INFO] [FUNC] material_pool:build_panel → ✅ 返回(0ms): ''
[14:00:08.726] [WARN] [NATIVE] [audit] e:\StarDebate\style\themes\notion_dark\theme.json: open (e:\StarDebate\style\themes\notion_dark\theme.json, r, 32896)
[14:00:08.822] [WARN] [NATIVE] [audit] e:\StarDebate\config\config.json: open (e:\StarDebate\config\config.json, r, 32896)
[14:00:08.868] [WARN] [NATIVE] [audit] e:\StarDebate\config\config.json: open (e:\StarDebate\config\config.json, r, 32896)
[14:00:08.868] [WARN] [NATIVE] [audit] e:\StarDebate\style\themes\notion_dark\theme.json: open (e:\StarDebate\style\themes\notion_dark\theme.json, r, 32896)
[14:00:08.869] [WARN] [NATIVE] [audit] e:\StarDebate\style\themes\notion_dark\main.qss: open (e:\StarDebate\style\themes\notion_dark\main.qss, r, 32896)
[14:00:08.869] [WARN] [NATIVE] [audit] e:\StarDebate\style\themes\notion_dark\title_bar.qss: open (e:\StarDebate\style\themes\notion_dark\title_bar.qss, r, 32896)
[14:00:08.869] [WARN] [NATIVE] [audit] e:\StarDebate\style\themes\notion_dark\nav_bar.qss: open (e:\StarDebate\style\themes\notion_dark\nav_bar.qss, r, 32896)
[14:00:08.870] [WARN] [NATIVE] [audit] e:\StarDebate\style\themes\notion_dark\structure.qss: open (e:\StarDebate\style\themes\notion_dark\structure.qss, r, 32896)
[14:00:08.870] [WARN] [NATIVE] [audit] e:\StarDebate\style\themes\notion_dark\settings.qss: open (e:\StarDebate\style\themes\notion_dark\settings.qss, r, 32896)
[14:00:08.870] [WARN] [NATIVE] [audit] e:\StarDebate\style\themes\notion_dark\ref_doc.qss: open (e:\StarDebate\style\themes\notion_dark\ref_doc.qss, r, 32896)
[14:00:08.871] [WARN] [NATIVE] [audit] e:\StarDebate\style\themes\notion_dark\speech_editor.qss: open (e:\StarDebate\style\themes\notion_dark\speech_editor.qss, r, 32896)
[14:00:08.871] [WARN] [NATIVE] [audit] e:\StarDebate\style\themes\notion_dark\tournament.qss: open (e:\StarDebate\style\themes\notion_dark\tournament.qss, r, 32896)
[14:00:08.871] [WARN] [NATIVE] [audit] e:\StarDebate\style\themes\notion_dark\framework.qss: open (e:\StarDebate\style\themes\notion_dark\framework.qss, r, 32896)
[14:00:08.873] [WARN] [NATIVE] [audit] e:\StarDebate\style\themes\notion_dark\speech_writer.qss: open (e:\StarDebate\style\themes\notion_dark\speech_writer.qss, r, 32896)
[14:00:08.873] [WARN] [NATIVE] [audit] e:\StarDebate\style\themes\notion_dark\ai_expand.qss: open (e:\StarDebate\style\themes\notion_dark\ai_expand.qss, r, 32896)
[14:00:08.874] [WARN] [NATIVE] [audit] e:\StarDebate\style\themes\notion_dark\notes.qss: open (e:\StarDebate\style\themes\notion_dark\notes.qss, r, 32896)
[14:00:08.874] [WARN] [NATIVE] [audit] e:\StarDebate\style\themes\notion_dark\training.qss: open (e:\StarDebate\style\themes\notion_dark\training.qss, r, 32896)
[14:00:08.875] [WARN] [NATIVE] [audit] e:\StarDebate\style\themes\notion_dark\ai_analysis.qss: open (e:\StarDebate\style\themes\notion_dark\ai_analysis.qss, r, 32896)
[14:00:08.875] [WARN] [NATIVE] [audit] e:\StarDebate\style\themes\notion_dark\cross_examination.qss: open (e:\StarDebate\style\themes\notion_dark\cross_examination.qss, r, 32896)
[14:00:08.875] [WARN] [NATIVE] [audit] e:\StarDebate\style\themes\notion_dark\new_debate.qss: open (e:\StarDebate\style\themes\notion_dark\new_debate.qss, r, 32896)
[14:00:08.876] [WARN] [NATIVE] [audit] e:\StarDebate\style\themes\notion_dark\debug_console.qss: open (e:\StarDebate\style\themes\notion_dark\debug_console.qss, r, 32896)
[14:00:08.876] [WARN] [NATIVE] [audit] e:\StarDebate\style\themes\notion_dark\suggest_popup.qss: open (e:\StarDebate\style\themes\notion_dark\suggest_popup.qss, r, 32896)
[14:00:08.876] [WARN] [NATIVE] [audit] e:\StarDebate\style\themes\notion_dark\crash_monitor.qss: open (e:\StarDebate\style\themes\notion_dark\crash_monitor.qss, r, 32896)
[14:00:08.877] [WARN] [NATIVE] [audit] e:\StarDebate\style\themes\notion_dark\popup_dialog.qss: open (e:\StarDebate\style\themes\notion_dark\popup_dialog.qss, r, 32896)
[14:00:08.877] [WARN] [NATIVE] [audit] e:\StarDebate\style\themes\notion_dark\stardebate_format.qss: open (e:\StarDebate\style\themes\notion_dark\stardebate_format.qss, r, 32896)
[14:00:08.978] [INFO] [SHORTCUT] 快捷键系统已初始化
[14:00:08.985] [INFO] [VAR] dpapi: load_index → 3 files loaded
[14:00:08.985] [INFO] [FUNC] auto_load_saved_files: 3 files in index
[14:00:08.987] [INFO] [API] auto_load: 跳过不存在的文件 C:/Users/Oblivion/Desktop/1vs2_20260606.stardebate
[14:00:08.988] [INFO] [FUNC] open_file_with_stored_password: 1vs2_20260606.stardebate
[14:00:08.988] [INFO] [FUNC] dpapi: get_password_for_file → 1vs2_20260606.stardebate
[14:00:08.988] [INFO] [FUNC] dpapi: load_index
[14:00:08.989] [INFO] [VAR] dpapi: load_index → 3 files loaded
[14:00:08.990] [INFO] [VAR] dpapi: get_password_for_file → no password set
[14:00:08.990] [INFO] [FUNC] open_file: path=1vs2_20260606.stardebate
[14:00:08.997] [INFO] [FUNC] StardebateCompiler.unpack(file_size=8593, has_pwd_input=False)
[14:00:09.025] [INFO] [FUNC] StardebateCompiler: 第1层内置密钥解密成功
[14:00:09.025] [WARN] [NATIVE] [audit] e:\StarDebate\docs/log\debug_20260622_140006.log: open (e:\StarDebate\docs/log\debug_20260622_140006.log, a, 33161)
[14:00:09.027] [INFO] [FUNC] StardebateCompiler.unpack: 解密成功, modules=6, app_version=2.3.0
[14:00:09.027] [WARN] [NATIVE] [audit] e:\StarDebate\docs/log\debug_20260622_140006.log: open (e:\StarDebate\docs/log\debug_20260622_140006.log, a, 33161)
[14:00:09.027] [INFO] [FUNC] dpapi: add_file_to_index → 1vs2_20260606.stardebate
[14:00:09.028] [WARN] [NATIVE] [audit] e:\StarDebate\docs/log\debug_20260622_140006.log: open (e:\StarDebate\docs/log\debug_20260622_140006.log, a, 33161)
[14:00:09.028] [INFO] [FUNC] dpapi: load_index
[14:00:09.028] [WARN] [NATIVE] [audit] e:\StarDebate\docs/log\debug_20260622_140006.log: open (e:\StarDebate\docs/log\debug_20260622_140006.log, a, 33161)
[14:00:09.029] [WARN] [NATIVE] [audit] e:\StarDebate\config\stardebate_index.json: open (e:\StarDebate\config\stardebate_index.json, r, 32896)
[14:00:09.029] [WARN] [NATIVE] [audit] e:\StarDebate\docs/log\debug_20260622_140006.log: open (e:\StarDebate\docs/log\debug_20260622_140006.log, a, 33161)
[14:00:09.030] [WARN] [NATIVE] [audit] e:\StarDebate\docs/log\debug_20260622_140006.log: open (e:\StarDebate\docs/log\debug_20260622_140006.log, a, 33161)
[14:00:09.031] [ERROR] [NATIVE] [uncaught] <frozen os>:L225: [C_EXCEPTION] builtin_function_or_method
[14:00:09.031] [WARN] [NATIVE] [audit] e:\StarDebate\config\stardebate_index.json: open (e:\StarDebate\config\stardebate_index.json, w, 33665)
[14:00:09.031] [INFO] [VAR] _add_to_project_tree: 1vs2_20260606.stardebate
[14:00:09.032] [WARN] [NATIVE] [audit] e:\StarDebate\docs/log\debug_20260622_140006.log: open (e:\StarDebate\docs/log\debug_20260622_140006.log, a, 33161)
[14:00:09.035] [INFO] [VAR] open_file: 解密成功, modules=6, file=1vs2_20260606.stardebate
[14:00:09.035] [WARN] [NATIVE] [audit] e:\StarDebate\docs/log\debug_20260622_140006.log: open (e:\StarDebate\docs/log\debug_20260622_140006.log, a, 33161)
[14:00:09.036] [INFO] [API] auto_load: 成功加载 1vs2_20260606.stardebate
40006.log: open (e:\StarDebate\docs/log\debug_20260622_140006.log, a, 33161)
[14:00:09.036] [INFO] [FUNC] open_file_with_stored_password: 1vs2_20260606_01.stardebate
pen (e:\StarDebate\docs/log\debug_20260622_140006.log, a, 33161)
[14:00:09.038] [INFO] [FUNC] dpapi: get_password_for_file → 1vs2_20260606_01.stardebate
[14:00:09.038] [WARN] [NATIVE] [audit] e:\StarDebate\docs/log\debug_20260622_140006.log: open (e:\StarDebate\docs/log\debug_20260622_140006.log, a, 33161)
[14:00:09.038] [INFO] [FUNC] dpapi: load_index
[14:00:09.038] [WARN] [NATIVE] [audit] e:\StarDebate\docs/log\debug_20260622_140006.log: open (e:\StarDebate\docs/log\debug_20260622_140006.log, a, 33161)
[14:00:09.039] [WARN] [NATIVE] [audit] e:\StarDebate\config\stardebate_index.json: open (e:\StarDebate\config\stardebate_index.json, r, 32896)
[14:00:09.044] [INFO] [VAR] dpapi: load_index → 3 files loaded
[14:00:09.045] [INFO] [FUNC] dpapi: decrypt_password
ocs/log\debug_20260622_140006.log: open (e:\StarDebate\docs/log\debug_20260622_140006.log, a, 33161)
[14:00:09.045] [WARN] [NATIVE] [audit] e:\StarDebate\docs/log\debug_20260622_140006.log: open (e:\StarDebate\docs/log\debug_20260622_140006.log, a, 33161)
[14:00:09.047] [INFO] [API] dpapi: decrypt_password → ok
[14:00:09.047] [WARN] [NATIVE] [audit] e:\StarDebate\docs/log\debug_20260622_140006.log: open (e:\StarDebate\docs/log\debug_20260622_140006.log, a, 33161)
[14:00:09.047] [INFO] [API] dpapi: get_password_for_file → ok
ug_20260622_140006.log: open (e:\StarDebate\docs/log\debug_20260622_140006.log, a, 33161)
[14:00:09.048] [INFO] [FUNC] open_file: path=1vs2_20260606_01.stardebate
[14:00:09.048] [WARN] [NATIVE] [audit] e:\StarDebate\docs/log\debug_20260622_140006.log: open (e:\StarDebate\docs/log\debug_20260622_140006.log, a, 33161)
[14:00:09.049] [WARN] [NATIVE] [audit] C:/Users/Oblivion/Desktop/辩论赛/1vs2_20260606_01.stardebate: open (C:/Users/Oblivion/Desktop/辩论赛/1vs2_20260606_01.stardebate, r, 32896)
[14:00:09.054] [INFO] [FUNC] StardebateCompiler.unpack(file_size=10782, has_pwd_input=True)
[14:00:09.054] [WARN] [NATIVE] [audit] e:\StarDebate\docs/log\debug_20260622_140006.log: open (e:\StarDebate\docs/log\debug_20260622_140006.log, a, 33161)
[14:00:09.055] [WARN] [NATIVE] [audit] e:\StarDebate\docs/log\debug_20260622_140006.log: open (e:\StarDebate\docs/log\debug_20260622_140006.log, a, 33161)
[14:00:09.082] [INFO] [FUNC] StardebateCompiler: 第2层密码解密成功
[14:00:09.083] [WARN] [NATIVE] [audit] e:\StarDebate\docs/log\debug_20260622_140006.log: open (e:\StarDebate\docs/log\debug_20260622_140006.log, a, 33161)
[14:00:09.084] [WARN] [NATIVE] [audit] e:\StarDebate\docs/log\debug_20260622_140006.log: open (e:\StarDebate\docs/log\debug_20260622_140006.log, a, 33161)
[14:00:09.084] [INFO] [FUNC] dpapi: add_file_to_index → 1vs2_20260606_01.stardebate
[14:00:09.084] [WARN] [NATIVE] [audit] e:\StarDebate\docs/log\debug_20260622_140006.log: open (e:\StarDebate\docs/log\debug_20260622_140006.log, a, 33161)
[14:00:09.085] [INFO] [FUNC] dpapi: load_index
[14:00:09.085] [WARN] [NATIVE] [audit] e:\StarDebate\docs/log\debug_20260622_140006.log: open (e:\StarDebate\docs/log\debug_20260622_140006.log, a, 33161)
[14:00:09.085] [INFO] [VAR] dpapi: load_index → 3 files loaded
bate_index.json: open (e:\StarDebate\config\stardebate_index.json, r, 32896)
[14:00:09.087] [WARN] [NATIVE] [audit] e:\StarDebate\docs/log\debug_20260622_140006.log: open (e:\StarDebate\docs/log\debug_20260622_140006.log, a, 33161)
[14:00:09.087] [INFO] [FUNC] dpapi: encrypt_password
[14:00:09.087] [WARN] [NATIVE] [audit] e:\StarDebate\docs/log\debug_20260622_140006.log: open (e:\StarDebate\docs/log\debug_20260622_140006.log, a, 33161)
[14:00:09.088] [INFO] [API] dpapi: encrypt_password → ok
[14:00:09.088] [WARN] [NATIVE] [audit] e:\StarDebate\docs/log\debug_20260622_140006.log: open (e:\StarDebate\docs/log\debug_20260622_140006.log, a, 33161)
[14:00:09.088] [INFO] [VAR] dpapi: save_index → 3 files
[14:00:09.088] [WARN] [NATIVE] [audit] e:\StarDebate\docs/log\debug_20260622_140006.log: open (e:\StarDebate\docs/log\debug_20260622_140006.log, a, 33161)
[14:00:09.088] [ERROR] [NATIVE] [uncaught] <frozen os>:L225: [C_EXCEPTION] builtin_function_or_method
[14:00:09.090] [WARN] [NATIVE] [audit] e:\StarDebate\config\stardebate_index.json: open (e:\StarDebate\config\stardebate_index.json, w, 33665)
[14:00:09.090] [WARN] [NATIVE] [audit] e:\StarDebate\docs/log\debug_20260622_140006.log: open (e:\StarDebate\docs/log\debug_20260622_140006.log, a, 33161)
[14:00:09.095] [INFO] [VAR] open_file: 解密成功, modules=8, file=1vs2_20260606_01.stardebate
StarDebate\docs/log\debug_20260622_140006.log, a, 33161)
[14:00:09.096] [INFO] [API] auto_load: 成功加载 1vs2_20260606_01.stardebate
06.log: open (e:\StarDebate\docs/log\debug_20260622_140006.log, a, 33161)
[14:00:09.096] [INFO] 自动加载 .stardebate: 2 个文件
[14:00:09.097] [WARN] [NATIVE] [audit] e:\StarDebate\config\config.json: open (e:\StarDebate\config\config.json, r, 32896)
[14:00:09.539] [WARN] [NATIVE] [audit] e:\StarDebate\icon\top_nav_bar\minimise.svg: open (e:\StarDebate\icon\top_nav_bar\minimise.svg, r, 32896)
[14:00:09.540] [WARN] [NATIVE] [audit] e:\StarDebate\icon\top_nav_bar\full_screen.svg: open (e:\StarDebate\icon\top_nav_bar\full_screen.svg, r, 32896)
[14:00:09.541] [WARN] [NATIVE] [audit] e:\StarDebate\icon\top_nav_bar\close.svg: open (e:\StarDebate\icon\top_nav_bar\close.svg, r, 32896)
[14:00:10.098] [WARN] [NATIVE] [audit] e:\StarDebate\_update_staging\update_state.json: open (e:\StarDebate\_update_staging\update_state.json, r, 32896)
[14:00:10.939] [WARN] [NATIVE] [audit] e:\StarDebate\config\config.json: open (e:\StarDebate\config\config.json, r, 32896)
[14:00:10.944] [WARN] [NATIVE] [audit] e:\StarDebate\config\config.json: open (e:\StarDebate\config\config.json, r, 32896)
[14:00:10.944] [WARN] [NATIVE] [audit] e:\StarDebate\style\themes\notion_dark\settings.qss: open (e:\StarDebate\style\themes\notion_dark\settings.qss, r, 32896)
[14:00:10.944] [WARN] [NATIVE] [audit] e:\StarDebate\style\themes\notion_dark\title_bar.qss: open (e:\StarDebate\style\themes\notion_dark\title_bar.qss, r, 32896)
[14:00:10.945] [WARN] [NATIVE] [audit] e:\StarDebate\style\themes\notion_dark\star_spinbox.qss: open (e:\StarDebate\style\themes\notion_dark\star_spinbox.qss, r, 32896)
[14:00:10.946] [WARN] [NATIVE] [audit] e:\StarDebate\style\themes\notion_dark\svg_renderer.qss: open (e:\StarDebate\style\themes\notion_dark\svg_renderer.qss, r, 32896)
[14:00:10.946] [WARN] [NATIVE] [audit] e:\StarDebate\workers\settings\pages\__pycache__\about_page.cpython-312.pyc: open (e:\StarDebate\workers\settings\pages\__pycache__\about_page.cpython-312.pyc, r, 32896)
[14:00:10.947] [ERROR] [NATIVE] [uncaught] <frozen importlib._bootstrap_external>:L1185: [C_EXCEPTION] builtin_function_or_method
[14:00:10.947] [WARN] [NATIVE] [audit] e:\StarDebate\workers\settings\pages\about_page.py: open (e:\StarDebate\workers\settings\pages\about_page.py, r, 32896)
[14:00:10.947] [ERROR] [NATIVE] [uncaught] <frozen importlib._bootstrap_external>:L147: [C_EXCEPTION] builtin_function_or_method
[14:00:10.948] [WARN] [NATIVE] [audit] e:\StarDebate\workers\settings\pages\__pycache__\about_page.cpython-312.pyc.2714733667376: open (e:\StarDebate\workers\settings\pages\__pycache__\about_page.cpython-312.pyc.2714, None, 1409)
[14:00:10.949] [WARN] [NATIVE] [audit] 3: open (3, wb, 33665)
[14:00:10.949] [WARN] [NATIVE] [audit] e:\StarDebate\workers\settings\pages\__pycache__\api_config.cpython-312.pyc: open (e:\StarDebate\workers\settings\pages\__pycache__\api_config.cpython-312.pyc, r, 32896)
[14:00:10.949] [ERROR] [NATIVE] [uncaught] <frozen importlib._bootstrap_external>:L1185: [C_EXCEPTION] builtin_function_or_method
[14:00:10.950] [WARN] [NATIVE] [audit] e:\StarDebate\workers\settings\pages\api_config.py: open (e:\StarDebate\workers\settings\pages\api_config.py, r, 32896)
[14:00:10.950] [WARN] [NATIVE] [audit] e:\StarDebate\workers\settings\pages\__pycache__\api_config.cpython-312.pyc.2714733668528: open (e:\StarDebate\workers\settings\pages\__pycache__\api_config.cpython-312.pyc.2714, None, 1409)
[14:00:10.950] [WARN] [NATIVE] [audit] 3: open (3, wb, 33665)
[14:00:10.951] [WARN] [NATIVE] [audit] import components.star_spinbox: import (components.star_spinbox, None, ['e:\\StarDebate', 'C:\\Users\\Oblivion\\Python\\python312.zip', 'C:\\Users\\Obl)
[14:00:10.951] [ERROR] [NATIVE] [uncaught] <frozen importlib._bootstrap_external>:L147: [C_EXCEPTION] builtin_function_or_method
[14:00:10.951] [ERROR] [NATIVE] [uncaught] <frozen importlib._bootstrap_external>:L147: [C_EXCEPTION] builtin_function_or_method
[14:00:10.952] [WARN] [NATIVE] [audit] e:\StarDebate\components\star_spinbox\__pycache__\__init__.cpython-312.pyc: open (e:\StarDebate\components\star_spinbox\__pycache__\__init__.cpython-312.pyc, r, 32896)
[14:00:10.952] [ERROR] [NATIVE] [uncaught] <frozen importlib._bootstrap_external>:L1185: [C_EXCEPTION] builtin_function_or_method
[14:00:10.952] [WARN] [NATIVE] [audit] e:\StarDebate\components\star_spinbox\__init__.py: open (e:\StarDebate\components\star_spinbox\__init__.py, r, 32896)
[14:00:10.954] [ERROR] [NATIVE] [uncaught] <frozen importlib._bootstrap_external>:L147: [C_EXCEPTION] builtin_function_or_method
[14:00:10.954] [WARN] [NATIVE] [audit] e:\StarDebate\components\star_spinbox\__pycache__\__init__.cpython-312.pyc.2714733669040: open (e:\StarDebate\components\star_spinbox\__pycache__\__init__.cpython-312.pyc.27147, None, 1409)
[14:00:10.954] [WARN] [NATIVE] [audit] 3: open (3, wb, 33665)
[14:00:10.954] [WARN] [NATIVE] [audit] import components.star_spinbox.star_spinbox: import (components.star_spinbox.star_spinbox, None, ['e:\\StarDebate', 'C:\\Users\\Oblivion\\Python\\python312.zip', 'C:\\Users\\Obl)
[14:00:10.956] [WARN] [NATIVE] [audit] e:\StarDebate\components\star_spinbox\__pycache__\star_spinbox.cpython-312.pyc: open (e:\StarDebate\components\star_spinbox\__pycache__\star_spinbox.cpython-312.pyc, r, 32896)
[14:00:10.956] [ERROR] [NATIVE] [uncaught] <frozen importlib._bootstrap_external>:L1185: [C_EXCEPTION] builtin_function_or_method
[14:00:10.956] [WARN] [NATIVE] [audit] e:\StarDebate\components\star_spinbox\star_spinbox.py: open (e:\StarDebate\components\star_spinbox\star_spinbox.py, r, 32896)
[14:00:10.960] [WARN] [NATIVE] [audit] e:\StarDebate\components\star_spinbox\__pycache__\star_spinbox.cpython-312.pyc.2714733667888: open (e:\StarDebate\components\star_spinbox\__pycache__\star_spinbox.cpython-312.pyc.2, None, 1409)
[14:00:10.960] [WARN] [NATIVE] [audit] 3: open (3, wb, 33665)
[14:00:10.962] [WARN] [NATIVE] [audit] e:\StarDebate\workers\settings\pages\__pycache__\appearance_page.cpython-312.pyc: open (e:\StarDebate\workers\settings\pages\__pycache__\appearance_page.cpython-312.pyc, r, 32896)
[14:00:10.962] [ERROR] [NATIVE] [uncaught] <frozen importlib._bootstrap_external>:L1185: [C_EXCEPTION] builtin_function_or_method
[14:00:10.962] [WARN] [NATIVE] [audit] e:\StarDebate\workers\settings\pages\appearance_page.py: open (e:\StarDebate\workers\settings\pages\appearance_page.py, r, 32896)
[14:00:10.964] [WARN] [NATIVE] [audit] e:\StarDebate\workers\settings\pages\__pycache__\appearance_page.cpython-312.pyc.2714733673776: open (e:\StarDebate\workers\settings\pages\__pycache__\appearance_page.cpython-312.pyc, None, 1409)
[14:00:10.965] [WARN] [NATIVE] [audit] 3: open (3, wb, 33665)
[14:00:10.966] [WARN] [NATIVE] [audit] e:\StarDebate\workers\settings\pages\__pycache__\editor_page.cpython-312.pyc: open (e:\StarDebate\workers\settings\pages\__pycache__\editor_page.cpython-312.pyc, r, 32896)
[14:00:10.966] [WARN] [NATIVE] [audit] e:\StarDebate\workers\settings\pages\editor_page.py: open (e:\StarDebate\workers\settings\pages\editor_page.py, r, 32896)
[14:00:10.967] [WARN] [NATIVE] [audit] e:\StarDebate\workers\settings\pages\__pycache__\editor_page.cpython-312.pyc.2714733670192: open (e:\StarDebate\workers\settings\pages\__pycache__\editor_page.cpython-312.pyc.271, None, 1409)
[14:00:10.967] [WARN] [NATIVE] [audit] 3: open (3, wb, 33665)
[14:00:10.968] [WARN] [NATIVE] [audit] e:\StarDebate\workers\settings\pages\__pycache__\keyboard_shortcuts_page.cpython-312.pyc: open (e:\StarDebate\workers\settings\pages\__pycache__\keyboard_shortcuts_page.cpython, r, 32896)
[14:00:10.969] [WARN] [NATIVE] [audit] e:\StarDebate\workers\settings\pages\keyboard_shortcuts_page.py: open (e:\StarDebate\workers\settings\pages\keyboard_shortcuts_page.py, r, 32896)
[14:00:10.971] [WARN] [NATIVE] [audit] e:\StarDebate\workers\settings\pages\__pycache__\keyboard_shortcuts_page.cpython-312.pyc.2714733731616: open (e:\StarDebate\workers\settings\pages\__pycache__\keyboard_shortcuts_page.cpython, None, 1409)
[14:00:10.972] [WARN] [NATIVE] [audit] 3: open (3, wb, 33665)
[14:00:10.973] [WARN] [NATIVE] [audit] e:\StarDebate\workers\settings\pages\__pycache__\log_settings_page.cpython-312.pyc: open (e:\StarDebate\workers\settings\pages\__pycache__\log_settings_page.cpython-312.p, r, 32896)
[14:00:10.973] [WARN] [NATIVE] [audit] e:\StarDebate\workers\settings\pages\log_settings_page.py: open (e:\StarDebate\workers\settings\pages\log_settings_page.py, r, 32896)
[14:00:10.976] [WARN] [NATIVE] [audit] e:\StarDebate\workers\settings\pages\__pycache__\log_settings_page.cpython-312.pyc.2714733672112: open (e:\StarDebate\workers\settings\pages\__pycache__\log_settings_page.cpython-312.p, None, 1409)
[14:00:10.977] [WARN] [NATIVE] [audit] 3: open (3, wb, 33665)
[14:00:10.978] [WARN] [NATIVE] [audit] e:\StarDebate\workers\settings\pages\__pycache__\native_log_settings_ui.cpython-312.pyc: open (e:\StarDebate\workers\settings\pages\__pycache__\native_log_settings_ui.cpython-, r, 32896)
[14:00:10.978] [WARN] [NATIVE] [audit] e:\StarDebate\workers\settings\pages\native_log_settings_ui.py: open (e:\StarDebate\workers\settings\pages\native_log_settings_ui.py, r, 32896)
[14:00:10.979] [WARN] [NATIVE] [audit] e:\StarDebate\workers\settings\pages\__pycache__\native_log_settings_ui.cpython-312.pyc.2714734337968: open (e:\StarDebate\workers\settings\pages\__pycache__\native_log_settings_ui.cpython-, None, 1409)
[14:00:10.979] [WARN] [NATIVE] [audit] 3: open (3, wb, 33665)
[14:00:10.980] [WARN] [NATIVE] [audit] e:\StarDebate\workers\settings\pages\__pycache__\svg_settings_page.cpython-312.pyc: open (e:\StarDebate\workers\settings\pages\__pycache__\svg_settings_page.cpython-312.p, r, 32896)
[14:00:10.980] [WARN] [NATIVE] [audit] e:\StarDebate\workers\settings\pages\svg_settings_page.py: open (e:\StarDebate\workers\settings\pages\svg_settings_page.py, r, 32896)
[14:00:10.983] [WARN] [NATIVE] [audit] e:\StarDebate\workers\settings\pages\__pycache__\svg_settings_page.cpython-312.pyc.2714734336816: open (e:\StarDebate\workers\settings\pages\__pycache__\svg_settings_page.cpython-312.p, None, 1409)
[14:00:10.983] [WARN] [NATIVE] [audit] 3: open (3, wb, 33665)
[14:00:10.984] [WARN] [NATIVE] [audit] e:\StarDebate\plugins\debate_claw\__pycache__\settings.cpython-312.pyc: open (e:\StarDebate\plugins\debate_claw\__pycache__\settings.cpython-312.pyc, r, 32896)
[14:00:11.002] [WARN] [NATIVE] [audit] e:\StarDebate\config\config.json: open (e:\StarDebate\config\config.json, r, 32896)
[14:00:11.002] [WARN] [NATIVE] [audit] e:\StarDebate\style\themes\notion_dark\theme.json: open (e:\StarDebate\style\themes\notion_dark\theme.json, r, 32896)
[14:00:11.004] [WARN] [NATIVE] [audit] e:\StarDebate\config\config.json: open (e:\StarDebate\config\config.json, r, 32896)
[14:00:11.004] [WARN] [NATIVE] [audit] e:\StarDebate\style\themes\notion_dark\theme.json: open (e:\StarDebate\style\themes\notion_dark\theme.json, r, 32896)
[14:00:11.006] [WARN] [NATIVE] [audit] e:\StarDebate\config\config.json: open (e:\StarDebate\config\config.json, r, 32896)
[14:00:11.007] [WARN] [NATIVE] [audit] e:\StarDebate\style\themes\notion_dark\theme.json: open (e:\StarDebate\style\themes\notion_dark\theme.json, r, 32896)
[14:00:11.007] [WARN] [NATIVE] [audit] e:\StarDebate\config\config.json: open (e:\StarDebate\config\config.json, r, 32896)
[14:00:11.007] [WARN] [NATIVE] [audit] e:\StarDebate\style\themes\notion_dark\theme.json: open (e:\StarDebate\style\themes\notion_dark\theme.json, r, 32896)
[14:00:11.010] [WARN] [NATIVE] [audit] e:\StarDebate\config\config.json: open (e:\StarDebate\config\config.json, r, 32896)
[14:00:11.010] [WARN] [NATIVE] [audit] e:\StarDebate\style\themes\notion_dark\theme.json: open (e:\StarDebate\style\themes\notion_dark\theme.json, r, 32896)
[14:00:11.011] [WARN] [NATIVE] [audit] e:\StarDebate\config\config.json: open (e:\StarDebate\config\config.json, r, 32896)
[14:00:11.012] [WARN] [NATIVE] [audit] e:\StarDebate\style\themes\notion_dark\theme.json: open (e:\StarDebate\style\themes\notion_dark\theme.json, r, 32896)
[14:00:11.600] [WARN] [NATIVE] [audit] e:\StarDebate\config\config.json: open (e:\StarDebate\config\config.json, r, 32896)
[14:00:11.601] [WARN] [NATIVE] [audit] e:\StarDebate\style\themes\notion_dark\updater.qss: open (e:\StarDebate\style\themes\notion_dark\updater.qss, r, 32896)
[14:00:12.759] [WARN] [NATIVE] [audit] e:\StarDebate\workers\settings\pages\__pycache__\about_page.cpython-312.pyc: open (e:\StarDebate\workers\settings\pages\__pycache__\about_page.cpython-312.pyc, r, 32896)
[14:00:12.769] [WARN] [NATIVE] [audit] e:\StarDebate\config/config.json: open (e:\StarDebate\config/config.json, r, 32896)
[14:00:17.541] [WARN] [NATIVE] [audit] E:/StarDebate/update_v5.0.0_to_v5.5.0.zip: open (E:/StarDebate/update_v5.0.0_to_v5.5.0.zip, r, 32896)
[14:00:17.542] [WARN] [NATIVE] [audit] e:\StarDebate\config\config.json: open (e:\StarDebate\config\config.json, r, 32896)
[14:00:17.545] [WARN] [NATIVE] [audit] e:\StarDebate\config\config.json: open (e:\StarDebate\config\config.json, r, 32896)
[14:00:17.545] [WARN] [NATIVE] [audit] e:\StarDebate\style\themes\notion_dark\theme.json: open (e:\StarDebate\style\themes\notion_dark\theme.json, r, 32896)
[14:00:17.546] [WARN] [NATIVE] [audit] e:\StarDebate\config\config.json: open (e:\StarDebate\config\config.json, r, 32896)
[14:00:17.546] [WARN] [NATIVE] [audit] e:\StarDebate\style\themes\notion_dark\theme.json: open (e:\StarDebate\style\themes\notion_dark\theme.json, r, 32896)
[14:00:17.548] [WARN] [NATIVE] [audit] e:\StarDebate\config\config.json: open (e:\StarDebate\config\config.json, r, 32896)
[14:00:17.549] [WARN] [NATIVE] [audit] e:\StarDebate\style\themes\notion_dark\theme.json: open (e:\StarDebate\style\themes\notion_dark\theme.json, r, 32896)
[14:00:17.549] [WARN] [NATIVE] [audit] e:\StarDebate\config\config.json: open (e:\StarDebate\config\config.json, r, 32896)
[14:00:17.550] [WARN] [NATIVE] [audit] e:\StarDebate\style\themes\notion_dark\updater.qss: open (e:\StarDebate\style\themes\notion_dark\updater.qss, r, 32896)
[14:00:17.647] [WARN] [NATIVE] [audit] e:\StarDebate\config\config.json: open (e:\StarDebate\config\config.json, r, 32896)
[14:00:17.648] [WARN] [NATIVE] [audit] e:\StarDebate\style\themes\notion_dark\theme.json: open (e:\StarDebate\style\themes\notion_dark\theme.json, r, 32896)
[14:00:17.658] [WARN] [NATIVE] [audit] e:\StarDebate\config\config.json: open (e:\StarDebate\config\config.json, r, 32896)
[14:00:17.658] [WARN] [NATIVE] [audit] e:\StarDebate\style\themes\notion_dark\theme.json: open (e:\StarDebate\style\themes\notion_dark\theme.json, r, 32896)
[14:00:19.099] [WARN] [NATIVE] [audit] e:\StarDebate\config\config.json: open (e:\StarDebate\config\config.json, r, 32896)
[14:00:19.100] [WARN] [NATIVE] [audit] e:\StarDebate\style\themes\notion_dark\updater.qss: open (e:\StarDebate\style\themes\notion_dark\updater.qss, r, 32896)
[14:00:19.101] [INFO] [updater.confirmed] 用户确认更新: v5.0.0 → v5.5.0
[14:00:19.301] [WARN] [NATIVE] [audit] E:/StarDebate/update_v5.0.0_to_v5.5.0.zip: open (E:/StarDebate/update_v5.0.0_to_v5.5.0.zip, r, 32896)
[14:00:19.302] [WARN] [NATIVE] [audit] e:\StarDebate\_update_staging\_tmp_verify\config.json: open (e:\StarDebate\_update_staging\_tmp_verify\config.json, w, 33665)
[14:00:19.303] [WARN] [NATIVE] [audit] e:\StarDebate\_update_staging\_tmp_verify\config.json: open (e:\StarDebate\_update_staging\_tmp_verify\config.json, r, 32896)
[14:00:19.304] [INFO] [updater.validate] 通过，1 个文件
[14:00:19.404] [WARN] [NATIVE] [audit] e:\StarDebate\config\config.json: open (e:\StarDebate\config\config.json, r, 32896)
[14:00:19.406] [ERROR] [NATIVE] [uncaught] <frozen os>:L225: [C_EXCEPTION] builtin_function_or_method
[14:00:19.433] [INFO] [updater.backup] 配置已备份至 v5.0.0_config
[14:00:19.555] [ERROR] [NATIVE] [uncaught] <frozen os>:L225: [C_EXCEPTION] builtin_function_or_method
[14:00:19.555] [WARN] [NATIVE] [audit] E:/StarDebate/update_v5.0.0_to_v5.5.0.zip: open (E:/StarDebate/update_v5.0.0_to_v5.5.0.zip, r, 32896)
[14:00:19.556] [WARN] [NATIVE] [audit] e:\StarDebate\_update_staging\new_files\config\config.json: open (e:\StarDebate\_update_staging\new_files\config\config.json, w, 33665)
[14:00:19.556] [INFO] [updater.extract] 解压完成
[14:00:19.656] [ERROR] [NATIVE] [uncaught] <frozen os>:L373: [C_EXCEPTION] builtin_function_or_method
[14:00:19.657] [ERROR] [NATIVE] [uncaught] <frozen os>:L373: [C_EXCEPTION] builtin_function_or_method
[14:00:19.658] [ERROR] [NATIVE] [uncaught] <frozen os>:L225: [C_EXCEPTION] builtin_function_or_method
[14:00:19.659] [INFO] [updater.file] 覆盖 1 个文件，跳过 0 个
[14:00:19.660] [INFO] [updater.file.op] 覆盖: config/config.json
[14:00:19.660] [INFO] [updater.delete] 无删除操作
[14:00:19.779] [ERROR] [NATIVE] [uncaught] <frozen os>:L373: [C_EXCEPTION] builtin_function_or_method
[14:00:19.782] [ERROR] [NATIVE] [uncaught] <frozen os>:L373: [C_EXCEPTION] builtin_function_or_method
[14:00:19.782] [ERROR] [NATIVE] [uncaught] <frozen os>:L373: [C_EXCEPTION] builtin_function_or_method
[14:00:20.001] [ERROR] [NATIVE] [uncaught] <frozen os>:L373: [C_EXCEPTION] builtin_function_or_method
[14:00:20.002] [ERROR] [NATIVE] [uncaught] <frozen os>:L373: [C_EXCEPTION] builtin_function_or_method
[14:00:20.006] [ERROR] [NATIVE] [uncaught] <frozen os>:L373: [C_EXCEPTION] builtin_function_or_method
[14:00:20.008] [ERROR] [NATIVE] [uncaught] <frozen os>:L373: [C_EXCEPTION] builtin_function_or_method
[14:00:20.012] [ERROR] [NATIVE] [uncaught] <frozen os>:L373: [C_EXCEPTION] builtin_function_or_method
[14:00:20.030] [INFO] [updater.pycache] 清理 65 个 __pycache__ 目录
[14:00:20.160] [ERROR] [NATIVE] [uncaught] <frozen os>:L225: [C_EXCEPTION] builtin_function_or_method
[14:00:20.160] [WARN] [NATIVE] [audit] e:\StarDebate\_update_staging\update_state.json: open (e:\StarDebate\_update_staging\update_state.json, w, 33665)
[14:00:20.161] [INFO] [updater.restart] 文件替换完成，准备软重启至 v5.5.0
[14:00:20.961] [WARN] [NATIVE] [audit] e:\StarDebate\_update_staging\update_state.json: open (e:\StarDebate\_update_staging\update_state.json, r, 32896)
[14:00:20.968] [WARN] [NATIVE] [audit] e:\StarDebate\_update_staging\update_state.json: open (e:\StarDebate\_update_staging\update_state.json, r, 32896)
[14:00:20.968] [ERROR] [NATIVE] [uncaught] <frozen os>:L225: [C_EXCEPTION] builtin_function_or_method
[14:00:20.969] [WARN] [NATIVE] [audit] e:\StarDebate\_update_staging\update_state.json: open (e:\StarDebate\_update_staging\update_state.json, w, 33665)
[14:00:21.084] [INFO] [NATIVE] 底层事件系统已关闭
[14:00:21.085] [INFO] ═══ StarDebate 正常关闭 ═══
[14:00:21.085] [INFO] ═══ LogService 正常关闭 ═══
[14:00:21.962] [INFO] [FUNC] dpapi: load_index
[14:00:21.969] [INFO] [VAR] dpapi: load_index → 3 files loaded
[14:00:21.969] [INFO] [FUNC] auto_load_saved_files: 3 files in index
[14:00:21.971] [INFO] [API] auto_load: 跳过不存在的文件 C:/Users/Oblivion/Desktop/1vs2_20260606.stardebate
[14:00:21.972] [INFO] [FUNC] open_file_with_stored_password: 1vs2_20260606.stardebate
[14:00:21.972] [INFO] [FUNC] dpapi: get_password_for_file → 1vs2_20260606.stardebate
[14:00:21.973] [INFO] [FUNC] dpapi: load_index
[14:00:21.974] [INFO] [VAR] dpapi: load_index → 3 files loaded
[14:00:21.974] [INFO] [VAR] dpapi: get_password_for_file → no password set
[14:00:21.974] [INFO] [FUNC] open_file: path=1vs2_20260606.stardebate
[14:00:21.980] [INFO] [FUNC] StardebateCompiler.unpack(file_size=8593, has_pwd_input=False)
[14:00:22.009] [INFO] [FUNC] StardebateCompiler: 第1层内置密钥解密成功
[14:00:22.010] [INFO] [FUNC] StardebateCompiler.unpack: 解密成功, modules=6, app_version=2.3.0
[14:00:22.011] [INFO] [FUNC] dpapi: add_file_to_index → 1vs2_20260606.stardebate
[14:00:22.012] [INFO] [FUNC] dpapi: load_index
[14:00:22.012] [INFO] [VAR] dpapi: load_index → 3 files loaded
[14:00:22.014] [INFO] [VAR] dpapi: save_index → 3 files
[14:00:22.015] [INFO] [VAR] _add_to_project_tree: 1vs2_20260606.stardebate
[14:00:22.018] [INFO] [VAR] open_file: 解密成功, modules=6, file=1vs2_20260606.stardebate
[14:00:22.018] [INFO] [API] auto_load: 成功加载 1vs2_20260606.stardebate
[14:00:22.019] [INFO] [FUNC] open_file_with_stored_password: 1vs2_20260606_01.stardebate
[14:00:22.019] [INFO] [FUNC] dpapi: get_password_for_file → 1vs2_20260606_01.stardebate
[14:00:22.020] [INFO] [FUNC] dpapi: load_index
[14:00:22.028] [INFO] [VAR] dpapi: load_index → 3 files loaded
[14:00:22.028] [INFO] [FUNC] dpapi: decrypt_password
[14:00:22.029] [INFO] [API] dpapi: decrypt_password → ok
[14:00:22.029] [INFO] [API] dpapi: get_password_for_file → ok
[14:00:22.030] [INFO] [FUNC] open_file: path=1vs2_20260606_01.stardebate
[14:00:22.037] [INFO] [FUNC] StardebateCompiler.unpack(file_size=10782, has_pwd_input=True)
[14:00:22.038] [INFO] [FUNC] StardebateCompiler: 第1层内置密钥解密成功
[14:00:22.065] [INFO] [FUNC] StardebateCompiler: 第2层密码解密成功
[14:00:22.067] [INFO] [FUNC] StardebateCompiler.unpack: 解密成功, modules=8, app_version=2.3.0
[14:00:22.067] [INFO] [FUNC] dpapi: add_file_to_index → 1vs2_20260606_01.stardebate
[14:00:22.068] [INFO] [FUNC] dpapi: load_index
[14:00:22.068] [INFO] [VAR] dpapi: load_index → 3 files loaded
[14:00:22.069] [INFO] [FUNC] dpapi: encrypt_password
[14:00:22.071] [INFO] [API] dpapi: encrypt_password → ok
[14:00:22.071] [INFO] [VAR] dpapi: save_index → 3 files
[14:00:22.072] [INFO] [VAR] _add_to_project_tree: 1vs2_20260606_01.stardebate
[14:00:22.077] [INFO] [VAR] open_file: 解密成功, modules=8, file=1vs2_20260606_01.stardebate
[14:00:22.077] [INFO] [API] auto_load: 成功加载 1vs2_20260606_01.stardebate
[14:00:23.163] [INFO] [SYS] LogService 进程退出
[14:00:38.454] [ERROR] [14:00:38] [ERROR] [NATIVE-MGR] 底层事件 SQLite 自检通过 (47 条测试记录)
[14:00:51.568] [ERROR] [14:00:51] [ERROR] [NATIVE-MGR] 底层事件 SQLite 自检通过 (48 条测试记录)
