[16:27:26.888] [INFO] ═══ LogService 已启动 ═══
[16:27:26.889] [INFO] 自动清理: 无过期日志文件
[16:27:26.890] [INFO] 日志文件: e:\StarDebate\docs/log\debug_20260627_162726.log
[16:27:26.891] [INFO] [SYS] 系统健康监视已启动 (监控 PID: 21928)
[16:27:26.891] [INFO] [SYS] 日志服务进入主循环，等待指令...
[16:27:28.726] [INFO] 开发者模式: 开启 (禁用: 无)
[16:27:28.784] [INFO] ═══ StarDebate 启动 ═══
[16:27:28.784] [INFO] 版本: 6.3.0
[16:27:28.785] [INFO] 主题: notion_light
[16:27:28.786] [INFO] 日志文件: e:\StarDebate\docs/log\debug_20260627_162726.log
[16:27:28.787] [INFO] 日志服务: 独立进程 (LogService)
[16:27:28.788] [INFO] [CRON] 起居注自动追踪已启用 (v2.0.0)
[16:27:28.788] [INFO] [CRON] 追踪范围: 插件/API/AI/Qt错误/Worker线程  + traceback + 守护日志环 + 崩溃分析
[16:27:28.796] [INFO] [NATIVE] 底层事件记录系统已启用 (v1.2.0 M3)
[16:27:28.796] [INFO] [NATIVE] 钩子: Qt/excepthook/unraisable/audit/gc/c_exception
[16:27:28.796] [INFO] [NATIVE] 监视: 线程健康/资源跟踪/起居注桥接
[16:27:28.797] [INFO] [NATIVE] SQLite: e:\StarDebate\docs/log/native.db
[16:27:28.797] [INFO] 调试监视已开启: 变量, 函数, 插件, API, AI
[16:27:28.798] [INFO] [CFG] 已加载 log_settings.json，开始同步运行时配置
[16:27:28.798] [ERROR] [NATIVE] [uncaught] <frozen os>:L225: [C_EXCEPTION] builtin_function_or_method
[16:27:28.799] [WARN] [NATIVE] [audit] e:\StarDebate\config\debug_monitor.json: open (e:\StarDebate\config\debug_monitor.json, w, 33665)
[16:27:28.799] [ERROR] [NATIVE] [uncaught] <frozen os>:L225: [C_EXCEPTION] builtin_function_or_method
[16:27:28.799] [WARN] [NATIVE] [audit] e:\StarDebate\config\debug_monitor.json: open (e:\StarDebate\config\debug_monitor.json, w, 33665)
[16:27:28.799] [ERROR] [NATIVE] [uncaught] <frozen os>:L225: [C_EXCEPTION] builtin_function_or_method
[16:27:28.801] [WARN] [NATIVE] [audit] e:\StarDebate\config\debug_monitor.json: open (e:\StarDebate\config\debug_monitor.json, w, 33665)
[16:27:28.801] [ERROR] [NATIVE] [uncaught] <frozen os>:L225: [C_EXCEPTION] builtin_function_or_method
[16:27:28.802] [WARN] [NATIVE] [audit] e:\StarDebate\config\debug_monitor.json: open (e:\StarDebate\config\debug_monitor.json, w, 33665)
[16:27:28.802] [ERROR] [NATIVE] [uncaught] <frozen os>:L225: [C_EXCEPTION] builtin_function_or_method
[16:27:28.803] [WARN] [NATIVE] [audit] e:\StarDebate\config\debug_monitor.json: open (e:\StarDebate\config\debug_monitor.json, w, 33665)
[16:27:28.803] [WARN] [NATIVE] [audit] e:\StarDebate\config\debug_monitor.json: open (e:\StarDebate\config\debug_monitor.json, w, 33665)
[16:27:28.803] [WARN] [NATIVE] [audit] e:\StarDebate\config\debug_monitor.json: open (e:\StarDebate\config\debug_monitor.json, w, 33665)
[16:27:28.805] [INFO] [CFG] 调试监视: 已开启 → 变量, 函数, 插件, API, AI
[16:27:28.805] [WARN] [NATIVE] [audit] e:\StarDebate\config/chronicle_config.json: open (e:\StarDebate\config/chronicle_config.json, w, 33665)
[16:27:28.805] [INFO] [CFG] 起居注: 已开启
[16:27:28.805] [INFO] [CFG] log_settings.json 同步完成
[16:27:28.807] [ERROR] [NATIVE] [uncaught] spawn.py:L175: [C_EXCEPTION] builtin_function_or_method
[16:27:28.807] [WARN] [NATIVE] [audit] 3: open (3, w, 33665)
[16:27:28.819] [INFO] 崩溃监控已启动 (PID: 21928)
[16:27:28.820] [WARN] [NATIVE] [audit] e:\StarDebate\config/keyboard_shortcuts.json: open (e:\StarDebate\config/keyboard_shortcuts.json, r, 32896)
[16:27:28.820] [WARN] [NATIVE] [audit] e:\StarDebate\extensions\test_extension\__pycache__\main.cpython-312.pyc: open (e:\StarDebate\extensions\test_extension\__pycache__\main.cpython-312.pyc, r, 32896)
[16:27:28.821] [WARN] [NATIVE] [audit] e:\StarDebate\config/config.json: open (e:\StarDebate\config/config.json, r, 32896)
[16:27:28.822] [INFO] [EXT] 已加载 1 个扩展包
[16:27:28.827] [INFO] [WELCOME] WelcomeGuideManager 初始化
[16:27:28.828] [WARN] [NATIVE] [audit] e:\StarDebate\config/config.json: open (e:\StarDebate\config/config.json, r, 32896)
[16:27:28.828] [WARN] [NATIVE] [audit] e:\StarDebate\config/config.json: open (e:\StarDebate\config/config.json, r, 32896)
[16:27:28.829] [INFO] [WELCOME] 当前版本: 6.3.0, 上次查看引导版本: '6.3.0'
[16:27:28.829] [WARN] [NATIVE] [audit] import components.shadow_container: import (components.shadow_container, None, ['e:\\StarDebate\\components', 'e:\\StarDebate', 'C:\\Users\\Oblivion\\Python\\p)
[16:27:28.830] [ERROR] [NATIVE] [uncaught] <frozen importlib._bootstrap_external>:L147: [C_EXCEPTION] builtin_function_or_method
[16:27:28.831] [ERROR] [NATIVE] [uncaught] <frozen importlib._bootstrap_external>:L147: [C_EXCEPTION] builtin_function_or_method
[16:27:28.831] [WARN] [NATIVE] [audit] e:\StarDebate\components\shadow_container\__pycache__\__init__.cpython-312.pyc: open (e:\StarDebate\components\shadow_container\__pycache__\__init__.cpython-312.pyc, r, 32896)
[16:27:28.832] [WARN] [NATIVE] [audit] import components.shadow_container.shadow_container: import (components.shadow_container.shadow_container, None, ['e:\\StarDebate\\components', 'e:\\StarDebate', 'C:\\Users\\Oblivion\\Python\\p)
[16:27:28.832] [WARN] [NATIVE] [audit] e:\StarDebate\components\shadow_container\__pycache__\shadow_container.cpython-312.pyc: open (e:\StarDebate\components\shadow_container\__pycache__\shadow_container.cpython-3, r, 32896)
[16:27:28.835] [WARN] [NATIVE] [audit] e:\StarDebate\config/config.json: open (e:\StarDebate\config/config.json, r, 32896)
[16:27:28.835] [WARN] [NATIVE] [audit] e:\StarDebate\style\themes\notion_light\theme.json: open (e:\StarDebate\style\themes\notion_light\theme.json, r, 32896)
[16:27:28.890] [WARN] [NATIVE] [audit] e:\StarDebate\config/config.json: open (e:\StarDebate\config/config.json, r, 32896)
[16:27:28.901] [WARN] [NATIVE] [audit] e:\StarDebate\icon\index\has_material.svg: open (e:\StarDebate\icon\index\has_material.svg, r, 32896)
[16:27:28.934] [INFO] [WELCOME] WelcomeGuideStepPanel 创建完成
[16:27:28.965] [WARN] [NATIVE] [audit] e:\StarDebate\config/changelog.html: open (e:\StarDebate\config/changelog.html, r, 32896)
[16:27:28.976] [INFO] [WELCOME] 引导面板已注入 centre_stack (索引 10)
[16:27:28.989] [WARN] [NATIVE] [audit] e:\StarDebate\style\themes\notion_light\theme.json: open (e:\StarDebate\style\themes\notion_light\theme.json, r, 32896)
[16:27:28.989] [WARN] [NATIVE] [audit] e:\StarDebate\style\themes\notion_light\theme.json: open (e:\StarDebate\style\themes\notion_light\theme.json, r, 32896)
[16:27:29.001] [ERROR] [NATIVE] [uncaught] <frozen importlib._bootstrap_external>:L147: [C_EXCEPTION] builtin_function_or_method
[16:27:29.002] [ERROR] [NATIVE] [uncaught] <frozen importlib._bootstrap_external>:L147: [C_EXCEPTION] builtin_function_or_method
[16:27:29.002] [WARN] [NATIVE] [audit] e:\StarDebate\workers\training\quick_quiz\__pycache__\__init__.cpython-312.pyc: open (e:\StarDebate\workers\training\quick_quiz\__pycache__\__init__.cpython-312.pyc, r, 32896)
[16:27:29.011] [WARN] [NATIVE] [audit] import workers.training.quick_quiz.quick_quiz_manager: import (workers.training.quick_quiz.quick_quiz_manager, None, ['e:\\StarDebate\\components', 'e:\\StarDebate', 'C:\\Users\\Oblivion\\Python\\p)
[16:27:29.011] [WARN] [NATIVE] [audit] e:\StarDebate\workers\training\quick_quiz\__pycache__\quick_quiz_manager.cpython-312.pyc: open (e:\StarDebate\workers\training\quick_quiz\__pycache__\quick_quiz_manager.cpython, r, 32896)
[16:27:29.087] [WARN] [NATIVE] [audit] import workers.training.exercise.exercise_manager: import (workers.training.exercise.exercise_manager, None, ['e:\\StarDebate\\components', 'e:\\StarDebate', 'C:\\Users\\Oblivion\\Python\\p)
[16:27:29.088] [WARN] [NATIVE] [audit] e:\StarDebate\workers\training\exercise\__pycache__\exercise_manager.cpython-312.pyc: open (e:\StarDebate\workers\training\exercise\__pycache__\exercise_manager.cpython-312, r, 32896)
[16:27:29.164] [WARN] [NATIVE] [audit] e:\StarDebate\style\themes\notion_light\theme.json: open (e:\StarDebate\style\themes\notion_light\theme.json, r, 32896)
[16:27:29.275] [WARN] [NATIVE] [audit] e:\StarDebate\config/config.json: open (e:\StarDebate\config/config.json, r, 32896)
[16:27:29.337] [WARN] [NATIVE] [audit] e:\StarDebate\config/config.json: open (e:\StarDebate\config/config.json, r, 32896)
[16:27:29.338] [WARN] [NATIVE] [audit] e:\StarDebate\style\themes\notion_light\theme.json: open (e:\StarDebate\style\themes\notion_light\theme.json, r, 32896)
[16:27:29.339] [WARN] [NATIVE] [audit] e:\StarDebate\style\qss_templates\ai_analysis.qss: open (e:\StarDebate\style\qss_templates\ai_analysis.qss, r, 32896)
[16:27:29.339] [WARN] [NATIVE] [audit] e:\StarDebate\style\qss_templates\ai_expand.qss: open (e:\StarDebate\style\qss_templates\ai_expand.qss, r, 32896)
[16:27:29.340] [WARN] [NATIVE] [audit] e:\StarDebate\style\qss_templates\bind_source_dialog.qss: open (e:\StarDebate\style\qss_templates\bind_source_dialog.qss, r, 32896)
[16:27:29.341] [WARN] [NATIVE] [audit] e:\StarDebate\style\qss_templates\crash_monitor.qss: open (e:\StarDebate\style\qss_templates\crash_monitor.qss, r, 32896)
[16:27:29.342] [WARN] [NATIVE] [audit] e:\StarDebate\style\qss_templates\cross_examination.qss: open (e:\StarDebate\style\qss_templates\cross_examination.qss, r, 32896)
[16:27:29.342] [WARN] [NATIVE] [audit] e:\StarDebate\style\qss_templates\debug_console.qss: open (e:\StarDebate\style\qss_templates\debug_console.qss, r, 32896)
[16:27:29.343] [WARN] [NATIVE] [audit] e:\StarDebate\style\qss_templates\export_preview.qss: open (e:\StarDebate\style\qss_templates\export_preview.qss, r, 32896)
[16:27:29.344] [WARN] [NATIVE] [audit] e:\StarDebate\style\qss_templates\framework.qss: open (e:\StarDebate\style\qss_templates\framework.qss, r, 32896)
[16:27:29.344] [WARN] [NATIVE] [audit] e:\StarDebate\style\qss_templates\log_settings.qss: open (e:\StarDebate\style\qss_templates\log_settings.qss, r, 32896)
[16:27:29.345] [WARN] [NATIVE] [audit] e:\StarDebate\style\qss_templates\main.qss: open (e:\StarDebate\style\qss_templates\main.qss, r, 32896)
[16:27:29.346] [WARN] [NATIVE] [audit] e:\StarDebate\style\qss_templates\material_pool.qss: open (e:\StarDebate\style\qss_templates\material_pool.qss, r, 32896)
[16:27:29.347] [WARN] [NATIVE] [audit] e:\StarDebate\style\qss_templates\native_log_widget.qss: open (e:\StarDebate\style\qss_templates\native_log_widget.qss, r, 32896)
[16:27:29.348] [WARN] [NATIVE] [audit] e:\StarDebate\style\qss_templates\nav_bar.qss: open (e:\StarDebate\style\qss_templates\nav_bar.qss, r, 32896)
[16:27:29.348] [WARN] [NATIVE] [audit] e:\StarDebate\style\qss_templates\new_debate.qss: open (e:\StarDebate\style\qss_templates\new_debate.qss, r, 32896)
[16:27:29.349] [WARN] [NATIVE] [audit] e:\StarDebate\style\qss_templates\notes.qss: open (e:\StarDebate\style\qss_templates\notes.qss, r, 32896)
[16:27:29.349] [WARN] [NATIVE] [audit] e:\StarDebate\style\qss_templates\plugins.qss: open (e:\StarDebate\style\qss_templates\plugins.qss, r, 32896)
[16:27:29.350] [WARN] [NATIVE] [audit] e:\StarDebate\style\qss_templates\popup_dialog.qss: open (e:\StarDebate\style\qss_templates\popup_dialog.qss, r, 32896)
[16:27:29.351] [WARN] [NATIVE] [audit] e:\StarDebate\style\qss_templates\ref_doc.qss: open (e:\StarDebate\style\qss_templates\ref_doc.qss, r, 32896)
[16:27:29.351] [WARN] [NATIVE] [audit] e:\StarDebate\style\qss_templates\settings.qss: open (e:\StarDebate\style\qss_templates\settings.qss, r, 32896)
[16:27:29.352] [WARN] [NATIVE] [audit] e:\StarDebate\style\qss_templates\shadow_container.qss: open (e:\StarDebate\style\qss_templates\shadow_container.qss, r, 32896)
[16:27:29.352] [WARN] [NATIVE] [audit] e:\StarDebate\style\qss_templates\speech_editor.qss: open (e:\StarDebate\style\qss_templates\speech_editor.qss, r, 32896)
[16:27:29.353] [WARN] [NATIVE] [audit] e:\StarDebate\style\qss_templates\speech_writer.qss: open (e:\StarDebate\style\qss_templates\speech_writer.qss, r, 32896)
[16:27:29.354] [WARN] [NATIVE] [audit] e:\StarDebate\style\qss_templates\star_checkbox.qss: open (e:\StarDebate\style\qss_templates\star_checkbox.qss, r, 32896)
[16:27:29.355] [WARN] [NATIVE] [audit] e:\StarDebate\style\qss_templates\star_spinbox.qss: open (e:\StarDebate\style\qss_templates\star_spinbox.qss, r, 32896)
[16:27:29.355] [WARN] [NATIVE] [audit] e:\StarDebate\style\qss_templates\stardebate_editor.qss: open (e:\StarDebate\style\qss_templates\stardebate_editor.qss, r, 32896)
[16:27:29.356] [WARN] [NATIVE] [audit] e:\StarDebate\style\qss_templates\stardebate_format.qss: open (e:\StarDebate\style\qss_templates\stardebate_format.qss, r, 32896)
[16:27:29.356] [WARN] [NATIVE] [audit] e:\StarDebate\style\qss_templates\structure.qss: open (e:\StarDebate\style\qss_templates\structure.qss, r, 32896)
[16:27:29.357] [WARN] [NATIVE] [audit] e:\StarDebate\style\qss_templates\suggest_popup.qss: open (e:\StarDebate\style\qss_templates\suggest_popup.qss, r, 32896)
[16:27:29.358] [WARN] [NATIVE] [audit] e:\StarDebate\style\qss_templates\svg_renderer.qss: open (e:\StarDebate\style\qss_templates\svg_renderer.qss, r, 32896)
[16:27:29.359] [WARN] [NATIVE] [audit] e:\StarDebate\style\qss_templates\title_bar.qss: open (e:\StarDebate\style\qss_templates\title_bar.qss, r, 32896)
[16:27:29.359] [WARN] [NATIVE] [audit] e:\StarDebate\style\qss_templates\tournament.qss: open (e:\StarDebate\style\qss_templates\tournament.qss, r, 32896)
[16:27:29.359] [WARN] [NATIVE] [audit] e:\StarDebate\style\qss_templates\training.qss: open (e:\StarDebate\style\qss_templates\training.qss, r, 32896)
[16:27:29.360] [WARN] [NATIVE] [audit] e:\StarDebate\style\qss_templates\updater.qss: open (e:\StarDebate\style\qss_templates\updater.qss, r, 32896)
[16:27:29.361] [WARN] [NATIVE] [audit] e:\StarDebate\style\qss_templates\welcome_guide.qss: open (e:\StarDebate\style\qss_templates\welcome_guide.qss, r, 32896)
[16:27:29.468] [WARN] [NATIVE] [audit] e:\StarDebate\config/config.json: open (e:\StarDebate\config/config.json, r, 32896)
[16:27:29.469] [WARN] [NATIVE] [audit] e:\StarDebate\config/config.json: open (e:\StarDebate\config/config.json, r, 32896)
[16:27:29.496] [WARN] [NATIVE] [audit] e:\StarDebate\custom_formats\123.json: open (e:\StarDebate\custom_formats\123.json, r, 32896)
[16:27:29.496] [WARN] [NATIVE] [audit] e:\StarDebate\custom_formats\新校赛.json: open (e:\StarDebate\custom_formats\新校赛.json, r, 32896)
[16:27:29.496] [WARN] [NATIVE] [audit] e:\StarDebate\custom_formats\校赛.json: open (e:\StarDebate\custom_formats\校赛.json, r, 32896)
[16:27:29.497] [INFO] [SHORTCUT] 快捷键系统已初始化
[16:27:29.497] [INFO] [FUNC] dpapi: load_index
[16:27:29.499] [WARN] [NATIVE] [audit] e:\StarDebate\docs/log\debug_20260627_162726.log: open (e:\StarDebate\docs/log\debug_20260627_162726.log, a, 33161)
[16:27:29.499] [WARN] [NATIVE] [audit] e:\StarDebate\config/stardebate_index.json: open (e:\StarDebate\config/stardebate_index.json, r, 32896)
[16:27:29.506] [INFO] [VAR] dpapi: load_index → 3 files loaded
[16:27:29.507] [INFO] [FUNC] auto_load_saved_files: 3 files in index
[16:27:29.509] [INFO] [API] auto_load: 跳过不存在的文件 C:/Users/Oblivion/Desktop/1vs2_20260606.stardebate
[16:27:29.509] [INFO] [FUNC] open_file_with_stored_password: 1vs2_20260606.stardebate
[16:27:29.510] [INFO] [FUNC] dpapi: get_password_for_file → 1vs2_20260606.stardebate
[16:27:29.511] [INFO] [FUNC] dpapi: load_index
[16:27:29.511] [INFO] [VAR] dpapi: load_index → 3 files loaded
[16:27:29.512] [INFO] [VAR] dpapi: get_password_for_file → no password set
[16:27:29.512] [INFO] [FUNC] open_file: path=1vs2_20260606.stardebate
[16:27:29.519] [INFO] [FUNC] StardebateCompiler.unpack(file_size=8593, has_pwd_input=False)
[16:27:29.547] [INFO] [FUNC] StardebateCompiler: 第1层内置密钥解密成功
[16:27:29.549] [INFO] [FUNC] StardebateCompiler.unpack: 解密成功, modules=6, app_version=2.3.0
[16:27:29.550] [INFO] [FUNC] dpapi: add_file_to_index → 1vs2_20260606.stardebate
[16:27:29.550] [INFO] [FUNC] dpapi: load_index
[16:27:29.551] [INFO] [VAR] dpapi: load_index → 3 files loaded
[16:27:29.552] [INFO] [VAR] dpapi: save_index → 3 files
[16:27:29.553] [ERROR] [NATIVE] [uncaught] <frozen os>:L225: [C_EXCEPTION] builtin_function_or_method
[16:27:29.555] [INFO] [VAR] _add_to_project_tree: 1vs2_20260606.stardebate
[16:27:29.559] [INFO] [VAR] open_file: 解密成功, modules=6, file=1vs2_20260606.stardebate
[16:27:29.559] [INFO] [API] auto_load: 成功加载 1vs2_20260606.stardebate
[16:27:29.560] [INFO] [FUNC] open_file_with_stored_password: 1vs2_20260606_01.stardebate
[16:27:29.560] [INFO] [FUNC] dpapi: get_password_for_file → 1vs2_20260606_01.stardebate
[16:27:29.561] [INFO] [FUNC] dpapi: load_index
[16:27:29.568] [INFO] [VAR] dpapi: load_index → 3 files loaded
[16:27:29.568] [INFO] [FUNC] dpapi: decrypt_password
[16:27:29.572] [INFO] [API] dpapi: decrypt_password → ok
[16:27:29.572] [INFO] [API] dpapi: get_password_for_file → ok
[16:27:29.573] [INFO] [FUNC] open_file: path=1vs2_20260606_01.stardebate
[16:27:29.579] [INFO] [FUNC] StardebateCompiler.unpack(file_size=10782, has_pwd_input=True)
[16:27:29.580] [INFO] [FUNC] StardebateCompiler: 第1层内置密钥解密成功
[16:27:29.608] [INFO] [FUNC] StardebateCompiler: 第2层密码解密成功
[16:27:29.609] [INFO] [FUNC] StardebateCompiler.unpack: 解密成功, modules=8, app_version=2.3.0
[16:27:29.610] [INFO] [FUNC] dpapi: add_file_to_index → 1vs2_20260606_01.stardebate
[16:27:29.611] [INFO] [FUNC] dpapi: load_index
[16:27:29.612] [INFO] [VAR] dpapi: load_index → 3 files loaded
[16:27:29.612] [INFO] [FUNC] dpapi: encrypt_password
[16:27:29.614] [INFO] [API] dpapi: encrypt_password → ok
[16:27:29.615] [INFO] [VAR] dpapi: save_index → 3 files
[16:27:29.616] [ERROR] [NATIVE] [uncaught] <frozen os>:L225: [C_EXCEPTION] builtin_function_or_method
[16:27:29.617] [INFO] [VAR] _add_to_project_tree: 1vs2_20260606_01.stardebate
[16:27:29.620] [INFO] [VAR] open_file: 解密成功, modules=8, file=1vs2_20260606_01.stardebate
[16:27:29.621] [INFO] [API] auto_load: 成功加载 1vs2_20260606_01.stardebate
[16:27:29.622] [INFO] 自动加载 .stardebate: 2 个文件
[16:27:30.650] [WARN] [NATIVE] [audit] e:\StarDebate\icon\top_nav_bar\minimise.svg: open (e:\StarDebate\icon\top_nav_bar\minimise.svg, r, 32896)
[16:27:30.650] [WARN] [NATIVE] [audit] e:\StarDebate\icon\top_nav_bar\full_screen.svg: open (e:\StarDebate\icon\top_nav_bar\full_screen.svg, r, 32896)
[16:27:30.651] [WARN] [NATIVE] [audit] e:\StarDebate\icon\top_nav_bar\close.svg: open (e:\StarDebate\icon\top_nav_bar\close.svg, r, 32896)
[16:27:30.728] [INFO] [WELCOME] 启动检测结果: mode=None, last=6.3.0, current=6.3.0
[16:27:30.730] [WARN] [NATIVE] [audit] e:\StarDebate\update_v6.2.8_to_v6.2.10.zip: open (e:\StarDebate\update_v6.2.8_to_v6.2.10.zip, r, 32896)
[16:27:30.732] [ERROR] 补丁不兼容 (update_v6.2.8_to_v6.2.10.zip): 版本不匹配：当前版本为 v6.3.0，此补丁要求基础版本为 v6.2.8
[16:27:30.732] [WARN] [NATIVE] [audit] e:\StarDebate\docs/log\debug_20260627_162726.log: open (e:\StarDebate\docs/log\debug_20260627_162726.log, a, 33161)
[16:27:31.946] [INFO] [FUNC] [崩溃模拟器] trigger_crash() 入口
[16:27:31.948] [INFO] [VAR] [崩溃模拟器] 用户点击崩溃测试按钮，随机种子=3
[16:27:31.948] [INFO] [PLUGIN] [崩溃模拟器] 随机选中 [Native] 👻 unraisable — 触发 __del__ 异常 → [NATIVE] [unraisable]
[16:27:31.948] [INFO] [VAR] [崩溃模拟器] 选中方式详情: name=unraisable, layer=Native, icon=👻
[16:27:31.949] [INFO] [API] [崩溃模拟器] 即将执行: unraisable (层级=Native)
[16:27:32.247] [INFO] [FUNC] [崩溃模拟器] 执行 Qt 层测试: unraisable
[16:27:32.247] [INFO] [FUNC] [崩溃模拟器] unraisable 入口
[16:27:32.248] [WARN] [NATIVE] [audit] e:\StarDebate\plugins\crash_simulator\main.py: open (e:\StarDebate\plugins\crash_simulator\main.py, r, 32896)
[16:27:32.253] [ERROR] [NATIVE] [unraisable] object=<function _crash_native_unraisable.<locals>._DelRaiser.__del__ at 0x0000028150664180>: [unraisable] ZeroDivisionError: integer division or modulo by zero
[16:27:32.253] [ERROR] Exception ignored in: <function _crash_native_unraisable.<locals>._DelRaiser.__del__ at 0x0000028150664180>
_162726.log, a, 33161)
[16:27:32.254] [ERROR] Traceback (most recent call last):
[16:27:32.254] [WARN] [NATIVE] [audit] e:\StarDebate\docs/log\debug_20260627_162726.log: open (e:\StarDebate\docs/log\debug_20260627_162726.log, a, 33161)
[16:27:32.255] [ERROR]   File "e:\StarDebate\plugins\crash_simulator\main.py", line 312, in __del__
[16:27:32.255] [WARN] [NATIVE] [audit] e:\StarDebate\docs/log\debug_20260627_162726.log: open (e:\StarDebate\docs/log\debug_20260627_162726.log, a, 33161)
[16:27:32.256] [WARN] [NATIVE] [audit] e:\StarDebate\plugins\crash_simulator\main.py: open (e:\StarDebate\plugins\crash_simulator\main.py, r, 32896)
[16:27:32.256] [ERROR]     _ = 1 // 0  # noqa: F841
[16:27:32.256] [WARN] [NATIVE] [audit] e:\StarDebate\docs/log\debug_20260627_162726.log: open (e:\StarDebate\docs/log\debug_20260627_162726.log, a, 33161)
[16:27:32.257] [ERROR]         ~~^^~~
e:\StarDebate\docs/log\debug_20260627_162726.log: open (e:\StarDebate\docs/log\debug_20260627_162726.log, a, 33161)
[16:27:32.258] [ERROR] ZeroDivisionError: integer division or modulo by zero
62726.log: open (e:\StarDebate\docs/log\debug_20260627_162726.log, a, 33161)
[16:27:32.288] [INFO] [FUNC] [崩溃模拟器] Qt 层测试完成: unraisable
[16:27:32.289] [WARN] [NATIVE] [audit] e:\StarDebate\icon\message_box\info_circle.svg: open (e:\StarDebate\icon\message_box\info_circle.svg, r, 32896)
[16:27:32.290] [WARN] [NATIVE] [audit] e:\StarDebate\icon\message_box\info_circle.svg: open (e:\StarDebate\icon\message_box\info_circle.svg, r, 32896)
[16:27:32.292] [WARN] [NATIVE] [audit] e:\StarDebate\config/config.json: open (e:\StarDebate\config/config.json, r, 32896)
[16:27:32.316] [WARN] [NATIVE] [qt_warning]: QWindowsWindow::setGeometry: Unable to set geometry 556x288+991+616 (frame: 556x288+991+616) on QWidgetWindow/"popupDialogWindow" on "\\.\DISPLAY1". Resulting geometry: 556x313+991+616 (frame: 556x313+991+616) margins: 0, 0, 0, 0 minimum size: 556x288 maximum size: 556x16777215 MINMAXINFO maxSize=0,
[16:27:32.317] [WARN] [Qt WARN#1] QWindowsWindow::setGeometry: Unable to set geometry 556x288+991+616 (frame: 556x288+991+616) on QWidgetWindow/"popupDialogWindow" on "\\.\DISPLAY1". Resulting geometry: 556x313+991+616 (frame: 556x313
[16:27:32.317] [WARN] [NATIVE] [qt_warning]: QWindowsWindow::setGeometry: Unable to set geometry 556x286+991+616 (frame: 556x286+991+616) on QWidgetWindow/"popupDialogWindow" on "\\.\DISPLAY1". Resulting geometry: 556x313+991+616 (frame: 556x313+991+616) margins: 0, 0, 0, 0 minimum size: 556x286 maximum size: 556x286 MINMAXINFO maxSize=0,0 max
[16:27:32.318] [WARN] [Qt WARN#1] QWindowsWindow::setGeometry: Unable to set geometry 556x286+991+616 (frame: 556x286+991+616) on QWidgetWindow/"popupDialogWindow" on "\\.\DISPLAY1". Resulting geometry: 556x313+991+616 (frame: 556x313
[16:27:38.864] [INFO] [FUNC] crash_simulator:trigger_crash → ✅ 返回(6918ms): None
[16:27:39.949] [INFO] [FUNC] [崩溃模拟器] trigger_crash() 入口
[16:27:39.949] [INFO] [VAR] [崩溃模拟器] 用户点击崩溃测试按钮，随机种子=3
[16:27:39.949] [INFO] [PLUGIN] [崩溃模拟器] 随机选中 [Native] 🟡 qWarning — 触发 Qt qWarning → [NATIVE] [qt_warning]
[16:27:39.951] [INFO] [VAR] [崩溃模拟器] 选中方式详情: name=qWarning, layer=Native, icon=🟡
[16:27:39.951] [INFO] [API] [崩溃模拟器] 即将执行: qWarning (层级=Native)
[16:27:40.250] [INFO] [FUNC] [崩溃模拟器] 执行 Qt 层测试: qWarning
[16:27:40.251] [INFO] [FUNC] [崩溃模拟器] qWarning 入口
[16:27:40.251] [ERROR] [NATIVE] [uncaught] main.py:L298: [C_EXCEPTION] builtin_function_or_method
[16:27:40.252] [INFO] [FUNC] [崩溃模拟器] qWarning 异常: 'ascii' codec can't encode characters in position 0-6: ordinal not in range(128)
[16:27:40.252] [INFO] [FUNC] [崩溃模拟器] Qt 层测试完成: qWarning
[16:27:40.253] [WARN] [NATIVE] [audit] e:\StarDebate\config/config.json: open (e:\StarDebate\config/config.json, r, 32896)
[16:27:40.276] [WARN] [NATIVE] [qt_warning]: QWindowsWindow::setGeometry: Unable to set geometry 559x288+990+616 (frame: 559x288+990+616) on QWidgetWindow/"popupDialogWindow" on "\\.\DISPLAY1". Resulting geometry: 559x313+990+616 (frame: 559x313+990+616) margins: 0, 0, 0, 0 minimum size: 559x288 maximum size: 559x16777215 MINMAXINFO maxSize=0,
[16:27:40.277] [WARN] [Qt WARN#1] QWindowsWindow::setGeometry: Unable to set geometry 559x288+990+616 (frame: 559x288+990+616) on QWidgetWindow/"popupDialogWindow" on "\\.\DISPLAY1". Resulting geometry: 559x313+990+616 (frame: 559x313
[16:27:40.278] [WARN] [NATIVE] [qt_warning]: QWindowsWindow::setGeometry: Unable to set geometry 559x286+990+616 (frame: 559x286+990+616) on QWidgetWindow/"popupDialogWindow" on "\\.\DISPLAY1". Resulting geometry: 559x313+990+616 (frame: 559x313+990+616) margins: 0, 0, 0, 0 minimum size: 559x286 maximum size: 559x286 MINMAXINFO maxSize=0,0 max
[16:27:40.278] [WARN] [Qt WARN#1] QWindowsWindow::setGeometry: Unable to set geometry 559x286+990+616 (frame: 559x286+990+616) on QWidgetWindow/"popupDialogWindow" on "\\.\DISPLAY1". Resulting geometry: 559x313+990+616 (frame: 559x313
[16:27:41.280] [INFO] [FUNC] crash_simulator:trigger_crash → ✅ 返回(1331ms): None
[16:27:42.367] [INFO] [FUNC] [崩溃模拟器] trigger_crash() 入口
[16:27:42.369] [INFO] [VAR] [崩溃模拟器] 用户点击崩溃测试按钮，随机种子=3
[16:27:42.369] [INFO] [PLUGIN] [崩溃模拟器] 随机选中 [Python] 🚪 sys.exit(1) — 非零退出码 (exit 1)
[16:27:42.369] [INFO] [VAR] [崩溃模拟器] 选中方式详情: name=sys.exit(1), layer=Python, icon=🚪
[16:27:42.370] [INFO] [API] [崩溃模拟器] 即将执行: sys.exit(1) (层级=Python)
[16:27:42.668] [INFO] [FUNC] [崩溃模拟器] 执行进程退出类崩溃: sys.exit(1)
[16:27:42.669] [INFO] [FUNC] [崩溃模拟器] sys.exit(1) 入口
[16:27:42.669] [INFO] [VAR] [崩溃模拟器] exit_code=1
[16:27:42.670] [ERROR] [NATIVE] [uncaught] main.py:L139: [C_EXCEPTION] builtin_function_or_method
[16:27:42.670] [ERROR] [NATIVE] [uncaught] functools.py:L52: [C_EXCEPTION] builtin_function_or_method
[16:27:42.671] [ERROR] [NATIVE] [uncaught] functools.py:L52: [C_EXCEPTION] builtin_function_or_method
[16:27:42.671] [ERROR] [NATIVE] [uncaught] functools.py:L52: [C_EXCEPTION] builtin_function_or_method
[16:27:42.672] [ERROR] [NATIVE] [uncaught] functools.py:L52: [C_EXCEPTION] builtin_function_or_method
[16:27:42.675] [ERROR] [NATIVE] [uncaught] contextlib.py:L144: [C_EXCEPTION] builtin_function_or_method
[16:27:58.904] [WARN] [SYS] 监视心跳超时: 16秒无新数据 (最后心跳: 16:27:42)
[16:28:01.915] [ERROR] ════════════════════════════════════════════════════════════
[16:28:01.915] [ERROR] ═══ [SYS] 主进程异常退出 ═══
[16:28:01.916] [ERROR] ════════════════════════════════════════════════════════════
[16:28:01.917] [ERROR]   PID: 21928
[16:28:01.917] [ERROR]   退出时间: 2026-06-27 16:28:01
[16:28:01.917] [ERROR]   队列残留条目（已排空）: 0 条
[16:28:01.918] [ERROR]   应急写入次数: 0
[16:28:01.919] [ERROR]   最后监视心跳: 16:27:58 (3秒前)
[16:28:01.919] [ERROR] ────────────────────────────────────────
[16:28:01.919] [ERROR] ═══ 💡 崩溃自动分析 ═══
[16:28:01.938] [ERROR]     [ERROR] [NATIVE] [uncaught] functools.py:L52: [C_EXCEPTION] builtin_function_or_method
[16:28:01.938] [ERROR]     [ERROR] [NATIVE] [uncaught] functools.py:L52: [C_EXCEPTION] builtin_function_or_method
[16:28:01.939] [ERROR]     [ERROR] [NATIVE] [uncaught] contextlib.py:L144: [C_EXCEPTION] builtin_function_or_method
[16:28:01.945] [ERROR]   1. ⚪ 起居注未活跃（无 [CRON] 条目）
[16:28:01.945] [ERROR]   2. 🔴 崩溃前 10.0秒内 ERROR: 17 条
[16:28:01.946] [ERROR]   3. 🟡 崩溃前 10.0秒内 WARN: 23 条
[16:28:01.946] [ERROR]   4. 🟡 重复错误模式 (5 类): 
[16:28:01.947] [ERROR]   5.     ↻ 出现 14 次: [NATIVE] [audit] e
[16:28:01.947] [ERROR]   6.     ↻ 出现 4 次: [NATIVE] [qt_warning]
[16:28:01.947] [ERROR]   7.     ↻ 出现 4 次: [Qt WARN#1] QWindowsWindow
[16:28:01.948] [ERROR]   8. 📊 错误类型分布: Qt 内部错误:8, Python 异常:3, 超时:1
[16:28:01.949] [ERROR]   9.     ► Qt 错误频繁：检查控件生命周期/布局/setParent 调用
[16:28:01.949] [ERROR]   10. 📁 错误热点文件: main.py:1
[16:28:01.950] [ERROR]   11. 📊 底层事件分布: [NATIVE]:30
[16:28:01.950] [ERROR]   12. 📁 SQLite native.db 最近 5 条:
[16:28:01.951] [ERROR]   13.     [16:27:42] [uncaught] sys.setprofile: [C_EXCEPTION] builtin_function_or_method
[16:28:01.951] [ERROR]   14.     [16:27:42] [uncaught] sys.setprofile: [C_EXCEPTION] builtin_function_or_method
[16:28:01.952] [ERROR]   15.     [16:27:42] [uncaught] sys.setprofile: [C_EXCEPTION] builtin_function_or_method
[16:28:01.952] [ERROR]   16.     [16:27:42] [uncaught] sys.setprofile: [C_EXCEPTION] builtin_function_or_method
[16:28:01.953] [ERROR]   17.     [16:27:42] [uncaught] sys.setprofile: [C_EXCEPTION] builtin_function_or_method
[16:28:01.954] [ERROR]   ─── 建议 ───
[16:28:01.955] [ERROR]   → Qt 层错误频繁：检查控件生命周期/布局冲突
[16:28:01.955] [ERROR]   → 同一错误反复出现，应在日志中查找最早出现点并追溯根因
[16:28:01.956] [ERROR] ════════════════════════════════════════════════════════════
[16:28:02.823] [INFO] [SYS] LogService 进程退出
